********************************************************************************
product = Open Liberty 24.0.0.2 (wlp-1.0.86.cl240220240212-1928)
wlp.install.dir = D:/mine/JEE/authentication/project/target/liberty/wlp/
java.home = C:\Program Files\Java\jdk-21
java.version = 21.0.2
java.runtime = Java(TM) SE Runtime Environment (21.0.2+13-LTS-58)
os = Windows 11 (10.0; amd64) (en_US)
process = 10304@Android
Classpath = D:\mine\JEE\authentication\project\target\liberty\wlp\bin\tools\ws-server.jar
Java Library path = C:\Program Files\Java\jdk-21\bin;C:\WINDOWS\Sun\Java\bin;C:\WINDOWS\system32;C:\WINDOWS;C:\Users\21269\bin;C:\Program Files\Git\mingw64\bin;C:\Program Files\Git\usr\local\bin;C:\Program Files\Git\usr\bin;C:\Program Files\Git\usr\bin;C:\Program Files\Git\mingw64\bin;C:\Program Files\Git\usr\bin;C:\Users\21269\bin;C:\oraclexe\app\oracle\product\11.2.0\server\bin;D:\app\OumNou\product\11.2.0\dbhome_1\bin;C:\Program Files\Common Files\Oracle\Java\javapath;C:\Program Files (x86)\Common Files\Oracle\Java\javapath;C:\Python310\Scripts;C:\Python310;C:\Windows\System32\HWAudioDriverLibs;C:\Windows\system32;C:\Windows;C:\Windows\System32\Wbem;C:\Windows\System32\WindowsPowerShell\v1.0;C:\Windows\System32\OpenSSH;C:\Users\Administrator\AppData\Local\Microsoft\WindowsApps;C:\composer;C:\php-8.1.10;C:\ProgramData\chocolatey\bin;C:\WINDOWS\system32;C:\WINDOWS;C:\WINDOWS\System32\Wbem;C:\WINDOWS\System32\WindowsPowerShell\v1.0;C:\WINDOWS\System32\OpenSSH;C:\Program Files\Git\cmd;C:\Program Files\Microsoft SQL Server\150\Tools\Binn;C:\Program Files\Microsoft SQL Server\Client SDK\ODBC\170\Tools\Binn;C:\Program Files\dotnet;C:\Program Files\apache-maven-3.9.6\bin;C:\Program Files\Java\jre-1.8\bin;C:\Program Files\Java\jdk-21\bin;C:\Program Files\Docker\Docker\resources\bin;C:\Users\21269\AppData\Local\Microsoft\WindowsApps;C:\Users\21269\AppData\Local\Programs\Microsoft VS Code\bin;C:\Users\21269;C:\php-8.1.10;C:\MinGW\bin;C:\Users\21269\AppData\Roaming\Composer\vendor\bin;C:\Users\21269\AppData\Local\ComposerSetup\bin;C:\Program Files\JetBrains\IntelliJ IDEA Community Edition 2022.2.2\bin;C:\Users\21269\AppData\Local\GitHubDesktop\bin;C:\Swift\bin;C:\Users\21269\flutter\bin;C:\Users\21269\AppData\Local\Android\Sdk;JAVA_HOME%\bin;C:\Program Files\Java\jdk-20;C:\Program Files\Java\jdk-20\bin;C:\Program Files\Java\jre-1.8;C:\Users\21269\.dotnet\tools;C:\Program Files\apache-maven-3.9.6\bin;C:\Program Files\Java\jre-1.8\bin;C:\Program Files\Java\jdk-21\bin;C:\Program Files\Git\usr\bin\vendor_perl;C:\Program Files\Git\usr\bin\core_perl;.
********************************************************************************
[2/28/24, 9:35:20:848 WEST] 00000001 com.ibm.ws.kernel.launch.internal.FrameworkManager           A CWWKE0001I: The server projectServer has been launched.
[2/28/24, 9:35:21:830 WEST] 00000001 com.ibm.ws.kernel.launch.internal.FrameworkManager           I CWWKE0002I: The kernel started after 1.341 seconds
[2/28/24, 9:35:21:920 WEST] 00000036 com.ibm.ws.kernel.feature.internal.FeatureManager            I CWWKF0007I: Feature update started.
[2/28/24, 9:35:22:256 WEST] 0000002a com.ibm.ws.app.manager.internal.monitor.DropinMonitor        A CWWKZ0058I: Monitoring dropins for applications.
[2/28/24, 9:35:22:842 WEST] 00000043 com.ibm.ws.app.manager.AppMessageHelper                      I CWWKZ0018I: Starting application project.
[2/28/24, 9:35:22:844 WEST] 00000043 bm.ws.app.manager.war.internal.WARDeployedAppInfoFactoryImpl I CWWKZ0134I: The project application is using the loose application definition at the D:\mine\JEE\authentication\project\target\liberty\wlp\usr\servers\projectServer\apps\project.war.xml location.
[2/28/24, 9:35:23:628 WEST] 00000043 org.jboss.weld.Version                                       I WELD-000900: 5.1.1 (SP1)
[2/28/24, 9:35:24:694 WEST] 00000043 com.ibm.ws.session.WASSessionCore                            I SESN8501I: The session manager did not find a persistent storage location; HttpSession objects will be stored in the local application server's memory.
[2/28/24, 9:35:24:709 WEST] 00000043 com.ibm.ws.webcontainer.osgi.webapp.WebGroup                 I SRVE0169I: Loading Web Module: Hello Servlet.
[2/28/24, 9:35:24:713 WEST] 00000043 com.ibm.ws.webcontainer                                      I SRVE0250I: Web Module Hello Servlet has been bound to default_host.
[2/28/24, 9:35:24:714 WEST] 00000043 com.ibm.ws.http.internal.VirtualHostImpl                     A CWWKT0016I: Web application available (default_host): http://localhost:9010/project/
[2/28/24, 9:35:24:746 WEST] 00000041 com.ibm.ws.session.WASSessionCore                            I SESN0176I: A new session context will be created for application key default_host/project
[2/28/24, 9:35:24:762 WEST] 00000041 com.ibm.ws.util                                              I SESN0172I: The session manager is using the Java default SecureRandom implementation for session ID generation.
[2/28/24, 9:35:24:773 WEST] 00000043 com.ibm.ws.webcontainer.osgi.mbeans.PluginGenerator          I SRVE9103I: A configuration file for a web server plugin was automatically generated for this server at D:\mine\JEE\authentication\project\target\liberty\wlp\usr\servers\projectServer\logs\state\plugin-cfg.xml.
[2/28/24, 9:35:24:883 WEST] 00000041 com.ibm.ws.app.manager.AppMessageHelper                      A CWWKZ0001I: Application project started in 2.040 seconds.
[2/28/24, 9:35:24:904 WEST] 00000036 com.ibm.ws.tcpchannel.internal.TCPPort                       I CWWKO0219I: TCP Channel defaultHttpEndpoint has been started and is now listening for requests on host kubernetes.docker.internal  (IPv4: 127.0.0.1) port 9010.
[2/28/24, 9:35:24:926 WEST] 00000036 com.ibm.ws.kernel.feature.internal.FeatureManager            A CWWKF0012I: The server installed the following features: [cdi-4.0, expressionLanguage-5.0, jdbc-4.3, pages-3.1, servlet-6.0].
[2/28/24, 9:35:24:928 WEST] 00000036 com.ibm.ws.kernel.feature.internal.FeatureManager            I CWWKF0008I: Feature update completed in 3.098 seconds.
[2/28/24, 9:35:24:928 WEST] 00000036 com.ibm.ws.kernel.feature.internal.FeatureManager            A CWWKF0011I: The projectServer server is ready to run a smarter planet. The projectServer server started in 4.440 seconds.
[2/28/24, 9:35:27:526 WEST] 0000004a com.ibm.ws.http.internal.VirtualHostImpl                     A CWWKT0017I: Web application removed (default_host): http://localhost:9010/project/
[2/28/24, 9:35:27:552 WEST] 0000004a com.ibm.ws.app.manager.AppMessageHelper                      A CWWKZ0009I: The application project has stopped successfully.
[2/28/24, 9:35:27:560 WEST] 0000004a com.ibm.ws.app.manager.AppMessageHelper                      I CWWKZ0018I: Starting application project.
[2/28/24, 9:35:27:561 WEST] 0000004a bm.ws.app.manager.war.internal.WARDeployedAppInfoFactoryImpl I CWWKZ0134I: The project application is using the loose application definition at the D:\mine\JEE\authentication\project\target\liberty\wlp\usr\servers\projectServer\apps\project.war.xml location.
[2/28/24, 9:35:27:867 WEST] 00000040 com.ibm.ws.webcontainer.osgi.mbeans.PluginGenerator          I SRVE9103I: A configuration file for a web server plugin was automatically generated for this server at D:\mine\JEE\authentication\project\target\liberty\wlp\usr\servers\projectServer\logs\state\plugin-cfg.xml.
[2/28/24, 9:35:28:100 WEST] 0000004a com.ibm.ws.webcontainer.osgi.webapp.WebGroup                 I SRVE0169I: Loading Web Module: Hello Servlet.
[2/28/24, 9:35:28:100 WEST] 0000004a com.ibm.ws.webcontainer                                      I SRVE0250I: Web Module Hello Servlet has been bound to default_host.
[2/28/24, 9:35:28:101 WEST] 0000004a com.ibm.ws.http.internal.VirtualHostImpl                     A CWWKT0016I: Web application available (default_host): http://localhost:9010/project/
[2/28/24, 9:35:28:102 WEST] 0000003a com.ibm.ws.session.WASSessionCore                            I SESN0176I: A new session context will be created for application key default_host/project
[2/28/24, 9:35:28:102 WEST] 0000003a com.ibm.ws.util                                              I SESN0172I: The session manager is using the Java default SecureRandom implementation for session ID generation.
[2/28/24, 9:35:28:137 WEST] 0000004a com.ibm.ws.webcontainer.osgi.mbeans.PluginGenerator          I SRVE9103I: A configuration file for a web server plugin was automatically generated for this server at D:\mine\JEE\authentication\project\target\liberty\wlp\usr\servers\projectServer\logs\state\plugin-cfg.xml.
[2/28/24, 9:35:28:146 WEST] 0000003a com.ibm.ws.app.manager.AppMessageHelper                      A CWWKZ0003I: The application project updated in 0.584 seconds.
[2/28/24, 9:35:37:368 WEST] 0000004e com.ibm.ws.webcontainer.servlet                              I SRVE0242I: [project] [/project] [/index.jsp]: Initialization successful.
[2/28/24, 9:35:39:323 WEST] 0000004b com.ibm.ws.jca.cm.ConnectorService                           I J2CA8050I: An authentication alias should be used instead of defining a user name and password on dataSource[default-0].
[2/28/24, 9:35:39:807 WEST] 0000004b com.ibm.ws.recoverylog.spi.RecoveryDirectorImpl              I CWRLS0010I: Performing recovery processing for local WebSphere server (projectServer).
[2/28/24, 9:35:39:912 WEST] 0000004b com.ibm.ws.recoverylog.spi.RecoveryDirectorImpl              I CWRLS0012I: All persistent services have been directed to perform recovery processing for this WebSphere server (projectServer).
[2/28/24, 9:35:39:912 WEST] 00000051 com.ibm.tx.jta.impl.RecoveryManager                          I WTRN0135I: Transaction service recovering no transactions.
[2/28/24, 9:35:40:319 WEST] 0000004b com.ibm.ws.rsadapter.impl.DatabaseHelper                     I DSRA8203I: Database product name : MySQL
[2/28/24, 9:35:40:321 WEST] 0000004b com.ibm.ws.rsadapter.impl.DatabaseHelper                     I DSRA8204I: Database product version : 5.5.5-10.4.32-MariaDB
[2/28/24, 9:35:40:321 WEST] 0000004b com.ibm.ws.rsadapter.impl.DatabaseHelper                     I DSRA8205I: JDBC driver name  : MySQL Connector/J
[2/28/24, 9:35:40:321 WEST] 0000004b com.ibm.ws.rsadapter.impl.DatabaseHelper                     I DSRA8206I: JDBC driver version  : mysql-connector-java-8.0.28 (Revision: 7ff2161da3899f379fb3171b6538b191b1c5c7e2)
[2/28/24, 9:35:40:337 WEST] 0000004b com.ibm.ws.webcontainer.servlet                              I SRVE0242I: [project] [/project] [oumnou.lp.HelloServlet]: Initialization successful.
[2/28/24, 9:35:53:009 WEST] 00000043 com.ibm.ws.webcontainer.servlet                              I SRVE0242I: [project] [/project] [/signup.jsp]: Initialization successful.
[2/28/24, 9:36:05:671 WEST] 00000038 com.ibm.ws.webcontainer.servlet                              I SRVE0242I: [project] [/project] [/page2.jsp]: Initialization successful.
[2/28/24, 9:36:45:258 WEST] 0000004c com.ibm.ws.http.internal.VirtualHostImpl                     A CWWKT0017I: Web application removed (default_host): http://localhost:9010/project/
[2/28/24, 9:36:45:261 WEST] 0000004c com.ibm.ws.webcontainer.servlet                              I SRVE0253I: [project] [/project] [oumnou.lp.HelloServlet]: Destroy successful.
[2/28/24, 9:36:45:263 WEST] 0000004c com.ibm.ws.webcontainer.servlet                              I SRVE0253I: [project] [/project] [/index.jsp]: Destroy successful.
[2/28/24, 9:36:45:264 WEST] 0000004c com.ibm.ws.webcontainer.servlet                              I SRVE0253I: [project] [/project] [/page2.jsp]: Destroy successful.
[2/28/24, 9:36:45:264 WEST] 0000004c com.ibm.ws.webcontainer.servlet                              I SRVE0253I: [project] [/project] [/signup.jsp]: Destroy successful.
[2/28/24, 9:36:45:272 WEST] 0000004c com.ibm.ws.app.manager.AppMessageHelper                      A CWWKZ0009I: The application project has stopped successfully.
[2/28/24, 9:36:45:289 WEST] 0000004c com.ibm.ws.app.manager.AppMessageHelper                      I CWWKZ0018I: Starting application project.
[2/28/24, 9:36:45:289 WEST] 0000004c bm.ws.app.manager.war.internal.WARDeployedAppInfoFactoryImpl I CWWKZ0134I: The project application is using the loose application definition at the D:\mine\JEE\authentication\project\target\liberty\wlp\usr\servers\projectServer\apps\project.war.xml location.
[2/28/24, 9:36:45:310 WEST] 0000004e com.ibm.ws.webcontainer.osgi.mbeans.PluginGenerator          I SRVE9103I: A configuration file for a web server plugin was automatically generated for this server at D:\mine\JEE\authentication\project\target\liberty\wlp\usr\servers\projectServer\logs\state\plugin-cfg.xml.
[2/28/24, 9:36:45:868 WEST] 0000004c com.ibm.ws.webcontainer.osgi.webapp.WebGroup                 I SRVE0169I: Loading Web Module: Hello Servlet.
[2/28/24, 9:36:45:869 WEST] 0000004c com.ibm.ws.webcontainer                                      I SRVE0250I: Web Module Hello Servlet has been bound to default_host.
[2/28/24, 9:36:45:869 WEST] 0000004c com.ibm.ws.http.internal.VirtualHostImpl                     A CWWKT0016I: Web application available (default_host): http://localhost:9010/project/
[2/28/24, 9:36:45:871 WEST] 0000003a com.ibm.ws.session.WASSessionCore                            I SESN0176I: A new session context will be created for application key default_host/project
[2/28/24, 9:36:45:871 WEST] 0000003a com.ibm.ws.util                                              I SESN0172I: The session manager is using the Java default SecureRandom implementation for session ID generation.
[2/28/24, 9:36:45:905 WEST] 00000039 com.ibm.ws.webcontainer.osgi.mbeans.PluginGenerator          I SRVE9103I: A configuration file for a web server plugin was automatically generated for this server at D:\mine\JEE\authentication\project\target\liberty\wlp\usr\servers\projectServer\logs\state\plugin-cfg.xml.
[2/28/24, 9:36:45:911 WEST] 0000003a com.ibm.ws.app.manager.AppMessageHelper                      A CWWKZ0003I: The application project updated in 0.621 seconds.
[2/28/24, 9:36:46:290 WEST] 00000036 com.ibm.ws.http.internal.VirtualHostImpl                     A CWWKT0017I: Web application removed (default_host): http://localhost:9010/project/
[2/28/24, 9:36:46:295 WEST] 00000036 com.ibm.ws.app.manager.AppMessageHelper                      A CWWKZ0009I: The application project has stopped successfully.
[2/28/24, 9:36:46:304 WEST] 00000036 com.ibm.ws.app.manager.AppMessageHelper                      I CWWKZ0018I: Starting application project.
[2/28/24, 9:36:46:305 WEST] 00000036 bm.ws.app.manager.war.internal.WARDeployedAppInfoFactoryImpl I CWWKZ0134I: The project application is using the loose application definition at the D:\mine\JEE\authentication\project\target\liberty\wlp\usr\servers\projectServer\apps\project.war.xml location.
[2/28/24, 9:36:46:323 WEST] 00000047 com.ibm.ws.webcontainer.osgi.mbeans.PluginGenerator          I SRVE9103I: A configuration file for a web server plugin was automatically generated for this server at D:\mine\JEE\authentication\project\target\liberty\wlp\usr\servers\projectServer\logs\state\plugin-cfg.xml.
[2/28/24, 9:36:46:899 WEST] 00000036 com.ibm.ws.webcontainer.osgi.webapp.WebGroup                 I SRVE0169I: Loading Web Module: Hello Servlet.
[2/28/24, 9:36:46:900 WEST] 00000036 com.ibm.ws.webcontainer                                      I SRVE0250I: Web Module Hello Servlet has been bound to default_host.
[2/28/24, 9:36:46:900 WEST] 00000036 com.ibm.ws.http.internal.VirtualHostImpl                     A CWWKT0016I: Web application available (default_host): http://localhost:9010/project/
[2/28/24, 9:36:46:901 WEST] 0000003a com.ibm.ws.session.WASSessionCore                            I SESN0176I: A new session context will be created for application key default_host/project
[2/28/24, 9:36:46:902 WEST] 0000003a com.ibm.ws.util                                              I SESN0172I: The session manager is using the Java default SecureRandom implementation for session ID generation.
[2/28/24, 9:36:46:933 WEST] 00000036 com.ibm.ws.webcontainer.osgi.mbeans.PluginGenerator          I SRVE9103I: A configuration file for a web server plugin was automatically generated for this server at D:\mine\JEE\authentication\project\target\liberty\wlp\usr\servers\projectServer\logs\state\plugin-cfg.xml.
[2/28/24, 9:36:46:947 WEST] 0000003a com.ibm.ws.app.manager.AppMessageHelper                      A CWWKZ0003I: The application project updated in 0.643 seconds.
[2/28/24, 9:36:47:297 WEST] 00000047 com.ibm.ws.http.internal.VirtualHostImpl                     A CWWKT0017I: Web application removed (default_host): http://localhost:9010/project/
[2/28/24, 9:36:47:302 WEST] 00000047 com.ibm.ws.app.manager.AppMessageHelper                      A CWWKZ0009I: The application project has stopped successfully.
[2/28/24, 9:36:47:310 WEST] 00000047 com.ibm.ws.app.manager.AppMessageHelper                      I CWWKZ0018I: Starting application project.
[2/28/24, 9:36:47:310 WEST] 00000047 bm.ws.app.manager.war.internal.WARDeployedAppInfoFactoryImpl I CWWKZ0134I: The project application is using the loose application definition at the D:\mine\JEE\authentication\project\target\liberty\wlp\usr\servers\projectServer\apps\project.war.xml location.
[2/28/24, 9:36:47:331 WEST] 0000004d com.ibm.ws.webcontainer.osgi.mbeans.PluginGenerator          I SRVE9103I: A configuration file for a web server plugin was automatically generated for this server at D:\mine\JEE\authentication\project\target\liberty\wlp\usr\servers\projectServer\logs\state\plugin-cfg.xml.
[2/28/24, 9:36:47:699 WEST] 00000047 com.ibm.ws.webcontainer.osgi.webapp.WebGroup                 I SRVE0169I: Loading Web Module: Hello Servlet.
[2/28/24, 9:36:47:699 WEST] 00000047 com.ibm.ws.webcontainer                                      I SRVE0250I: Web Module Hello Servlet has been bound to default_host.
[2/28/24, 9:36:47:700 WEST] 00000047 com.ibm.ws.http.internal.VirtualHostImpl                     A CWWKT0016I: Web application available (default_host): http://localhost:9010/project/
[2/28/24, 9:36:47:701 WEST] 0000004c com.ibm.ws.session.WASSessionCore                            I SESN0176I: A new session context will be created for application key default_host/project
[2/28/24, 9:36:47:701 WEST] 0000004c com.ibm.ws.util                                              I SESN0172I: The session manager is using the Java default SecureRandom implementation for session ID generation.
[2/28/24, 9:36:47:726 WEST] 00000049 com.ibm.ws.webcontainer.osgi.mbeans.PluginGenerator          I SRVE9103I: A configuration file for a web server plugin was automatically generated for this server at D:\mine\JEE\authentication\project\target\liberty\wlp\usr\servers\projectServer\logs\state\plugin-cfg.xml.
[2/28/24, 9:36:47:740 WEST] 0000004c com.ibm.ws.app.manager.AppMessageHelper                      A CWWKZ0003I: The application project updated in 0.430 seconds.
[2/28/24, 9:36:49:319 WEST] 0000004b com.ibm.ws.http.internal.VirtualHostImpl                     A CWWKT0017I: Web application removed (default_host): http://localhost:9010/project/
[2/28/24, 9:36:49:328 WEST] 0000004b com.ibm.ws.app.manager.AppMessageHelper                      A CWWKZ0009I: The application project has stopped successfully.
[2/28/24, 9:36:49:346 WEST] 0000004b com.ibm.ws.app.manager.AppMessageHelper                      I CWWKZ0018I: Starting application project.
[2/28/24, 9:36:49:346 WEST] 0000004b bm.ws.app.manager.war.internal.WARDeployedAppInfoFactoryImpl I CWWKZ0134I: The project application is using the loose application definition at the D:\mine\JEE\authentication\project\target\liberty\wlp\usr\servers\projectServer\apps\project.war.xml location.
[2/28/24, 9:36:49:368 WEST] 00000043 com.ibm.ws.webcontainer.osgi.mbeans.PluginGenerator          I SRVE9103I: A configuration file for a web server plugin was automatically generated for this server at D:\mine\JEE\authentication\project\target\liberty\wlp\usr\servers\projectServer\logs\state\plugin-cfg.xml.
[2/28/24, 9:36:49:715 WEST] 0000004b com.ibm.ws.webcontainer.osgi.webapp.WebGroup                 I SRVE0169I: Loading Web Module: Hello Servlet.
[2/28/24, 9:36:49:716 WEST] 0000004b com.ibm.ws.webcontainer                                      I SRVE0250I: Web Module Hello Servlet has been bound to default_host.
[2/28/24, 9:36:49:716 WEST] 0000004b com.ibm.ws.http.internal.VirtualHostImpl                     A CWWKT0016I: Web application available (default_host): http://localhost:9010/project/
[2/28/24, 9:36:49:717 WEST] 00000038 com.ibm.ws.session.WASSessionCore                            I SESN0176I: A new session context will be created for application key default_host/project
[2/28/24, 9:36:49:717 WEST] 00000038 com.ibm.ws.util                                              I SESN0172I: The session manager is using the Java default SecureRandom implementation for session ID generation.
[2/28/24, 9:36:49:750 WEST] 0000004b com.ibm.ws.webcontainer.osgi.mbeans.PluginGenerator          I SRVE9103I: A configuration file for a web server plugin was automatically generated for this server at D:\mine\JEE\authentication\project\target\liberty\wlp\usr\servers\projectServer\logs\state\plugin-cfg.xml.
[2/28/24, 9:36:49:756 WEST] 00000038 com.ibm.ws.app.manager.AppMessageHelper                      A CWWKZ0003I: The application project updated in 0.410 seconds.
[2/28/24, 9:52:05:076 WEST] 00000038 com.ibm.ws.http.internal.VirtualHostImpl                     A CWWKT0017I: Web application removed (default_host): http://localhost:9010/project/
[2/28/24, 9:52:05:082 WEST] 00000038 com.ibm.ws.app.manager.AppMessageHelper                      A CWWKZ0009I: The application project has stopped successfully.
[2/28/24, 9:52:05:089 WEST] 00000038 com.ibm.ws.app.manager.AppMessageHelper                      I CWWKZ0018I: Starting application project.
[2/28/24, 9:52:05:089 WEST] 00000038 bm.ws.app.manager.war.internal.WARDeployedAppInfoFactoryImpl I CWWKZ0134I: The project application is using the loose application definition at the D:\mine\JEE\authentication\project\target\liberty\wlp\usr\servers\projectServer\apps\project.war.xml location.
[2/28/24, 9:52:05:102 WEST] 0000006e com.ibm.ws.webcontainer.osgi.mbeans.PluginGenerator          I SRVE9103I: A configuration file for a web server plugin was automatically generated for this server at D:\mine\JEE\authentication\project\target\liberty\wlp\usr\servers\projectServer\logs\state\plugin-cfg.xml.
[2/28/24, 9:52:05:488 WEST] 00000038 com.ibm.ws.webcontainer.osgi.webapp.WebGroup                 I SRVE0169I: Loading Web Module: Hello Servlet.
[2/28/24, 9:52:05:488 WEST] 00000038 com.ibm.ws.webcontainer                                      I SRVE0250I: Web Module Hello Servlet has been bound to default_host.
[2/28/24, 9:52:05:488 WEST] 00000038 com.ibm.ws.http.internal.VirtualHostImpl                     A CWWKT0016I: Web application available (default_host): http://localhost:9010/project/
[2/28/24, 9:52:05:489 WEST] 00000075 com.ibm.ws.session.WASSessionCore                            I SESN0176I: A new session context will be created for application key default_host/project
[2/28/24, 9:52:05:489 WEST] 00000075 com.ibm.ws.util                                              I SESN0172I: The session manager is using the Java default SecureRandom implementation for session ID generation.
[2/28/24, 9:52:05:503 WEST] 00000038 com.ibm.ws.webcontainer.osgi.mbeans.PluginGenerator          I SRVE9103I: A configuration file for a web server plugin was automatically generated for this server at D:\mine\JEE\authentication\project\target\liberty\wlp\usr\servers\projectServer\logs\state\plugin-cfg.xml.
[2/28/24, 9:52:05:516 WEST] 00000075 com.ibm.ws.app.manager.AppMessageHelper                      A CWWKZ0003I: The application project updated in 0.426 seconds.
[2/28/24, 9:52:06:052 WEST] 00000084 com.ibm.ws.http.internal.VirtualHostImpl                     A CWWKT0017I: Web application removed (default_host): http://localhost:9010/project/
[2/28/24, 9:52:06:055 WEST] 00000084 com.ibm.ws.app.manager.AppMessageHelper                      A CWWKZ0009I: The application project has stopped successfully.
[2/28/24, 9:52:06:061 WEST] 00000084 com.ibm.ws.app.manager.AppMessageHelper                      I CWWKZ0018I: Starting application project.
[2/28/24, 9:52:06:061 WEST] 00000084 bm.ws.app.manager.war.internal.WARDeployedAppInfoFactoryImpl I CWWKZ0134I: The project application is using the loose application definition at the D:\mine\JEE\authentication\project\target\liberty\wlp\usr\servers\projectServer\apps\project.war.xml location.
[2/28/24, 9:52:06:068 WEST] 00000081 com.ibm.ws.webcontainer.osgi.mbeans.PluginGenerator          I SRVE9103I: A configuration file for a web server plugin was automatically generated for this server at D:\mine\JEE\authentication\project\target\liberty\wlp\usr\servers\projectServer\logs\state\plugin-cfg.xml.
[2/28/24, 9:52:06:338 WEST] 00000084 com.ibm.ws.webcontainer.osgi.webapp.WebGroup                 I SRVE0169I: Loading Web Module: Hello Servlet.
[2/28/24, 9:52:06:338 WEST] 00000084 com.ibm.ws.webcontainer                                      I SRVE0250I: Web Module Hello Servlet has been bound to default_host.
[2/28/24, 9:52:06:338 WEST] 00000084 com.ibm.ws.http.internal.VirtualHostImpl                     A CWWKT0016I: Web application available (default_host): http://localhost:9010/project/
[2/28/24, 9:52:06:339 WEST] 0000004c com.ibm.ws.session.WASSessionCore                            I SESN0176I: A new session context will be created for application key default_host/project
[2/28/24, 9:52:06:340 WEST] 0000004c com.ibm.ws.util                                              I SESN0172I: The session manager is using the Java default SecureRandom implementation for session ID generation.
[2/28/24, 9:52:06:353 WEST] 00000084 com.ibm.ws.webcontainer.osgi.mbeans.PluginGenerator          I SRVE9103I: A configuration file for a web server plugin was automatically generated for this server at D:\mine\JEE\authentication\project\target\liberty\wlp\usr\servers\projectServer\logs\state\plugin-cfg.xml.
[2/28/24, 9:52:06:366 WEST] 0000004c com.ibm.ws.app.manager.AppMessageHelper                      A CWWKZ0003I: The application project updated in 0.304 seconds.
[2/28/24, 9:52:08:052 WEST] 00000038 com.ibm.ws.http.internal.VirtualHostImpl                     A CWWKT0017I: Web application removed (default_host): http://localhost:9010/project/
[2/28/24, 9:52:08:052 WEST] 00000038 com.ibm.ws.app.manager.AppMessageHelper                      A CWWKZ0009I: The application project has stopped successfully.
[2/28/24, 9:52:08:052 WEST] 00000038 com.ibm.ws.app.manager.AppMessageHelper                      I CWWKZ0018I: Starting application project.
[2/28/24, 9:52:08:052 WEST] 00000038 bm.ws.app.manager.war.internal.WARDeployedAppInfoFactoryImpl I CWWKZ0134I: The project application is using the loose application definition at the D:\mine\JEE\authentication\project\target\liberty\wlp\usr\servers\projectServer\apps\project.war.xml location.
[2/28/24, 9:52:08:069 WEST] 00000091 com.ibm.ws.webcontainer.osgi.mbeans.PluginGenerator          I SRVE9103I: A configuration file for a web server plugin was automatically generated for this server at D:\mine\JEE\authentication\project\target\liberty\wlp\usr\servers\projectServer\logs\state\plugin-cfg.xml.
[2/28/24, 9:52:08:278 WEST] 00000038 com.ibm.ws.webcontainer.osgi.webapp.WebGroup                 I SRVE0169I: Loading Web Module: Hello Servlet.
[2/28/24, 9:52:08:278 WEST] 00000038 com.ibm.ws.webcontainer                                      I SRVE0250I: Web Module Hello Servlet has been bound to default_host.
[2/28/24, 9:52:08:278 WEST] 00000038 com.ibm.ws.http.internal.VirtualHostImpl                     A CWWKT0016I: Web application available (default_host): http://localhost:9010/project/
[2/28/24, 9:52:08:278 WEST] 00000064 com.ibm.ws.session.WASSessionCore                            I SESN0176I: A new session context will be created for application key default_host/project
[2/28/24, 9:52:08:278 WEST] 00000064 com.ibm.ws.util                                              I SESN0172I: The session manager is using the Java default SecureRandom implementation for session ID generation.
[2/28/24, 9:52:08:285 WEST] 00000081 com.ibm.ws.webcontainer.osgi.mbeans.PluginGenerator          I SRVE9103I: A configuration file for a web server plugin was automatically generated for this server at D:\mine\JEE\authentication\project\target\liberty\wlp\usr\servers\projectServer\logs\state\plugin-cfg.xml.
[2/28/24, 9:52:08:303 WEST] 00000064 com.ibm.ws.app.manager.AppMessageHelper                      A CWWKZ0003I: The application project updated in 0.241 seconds.
[2/28/24, 9:54:00:167 WEST] 00000081 com.ibm.ws.http.internal.VirtualHostImpl                     A CWWKT0017I: Web application removed (default_host): http://localhost:9010/project/
[2/28/24, 9:54:00:171 WEST] 00000081 com.ibm.ws.app.manager.AppMessageHelper                      A CWWKZ0009I: The application project has stopped successfully.
[2/28/24, 9:54:00:175 WEST] 00000081 com.ibm.ws.app.manager.AppMessageHelper                      I CWWKZ0018I: Starting application project.
[2/28/24, 9:54:00:175 WEST] 00000081 bm.ws.app.manager.war.internal.WARDeployedAppInfoFactoryImpl I CWWKZ0134I: The project application is using the loose application definition at the D:\mine\JEE\authentication\project\target\liberty\wlp\usr\servers\projectServer\apps\project.war.xml location.
[2/28/24, 9:54:00:186 WEST] 00000036 com.ibm.ws.webcontainer.osgi.mbeans.PluginGenerator          I SRVE9103I: A configuration file for a web server plugin was automatically generated for this server at D:\mine\JEE\authentication\project\target\liberty\wlp\usr\servers\projectServer\logs\state\plugin-cfg.xml.
[2/28/24, 9:54:00:459 WEST] 00000081 com.ibm.ws.logging.internal.impl.IncidentImpl                I FFDC1015I: An FFDC Incident has been created: "java.lang.NoClassDefFoundError: Database com.ibm.ws.injectionengine.InjectionProcessorManager.getAllDeclaredFields 249" at ffdc_24.02.28_09.54.00.0.log
[2/28/24, 9:54:00:463 WEST] 00000081 com.ibm.ws.injectionengine.InjectionProcessorManager         W CWNEN0047W: Resource annotations on the fields of the oumnou.lp.HelloServlet class will be ignored. The annotations could not be obtained because of the exception : java.lang.NoClassDefFoundError: Database
[2/28/24, 9:54:00:660 WEST] 00000081 com.ibm.ws.logging.internal.impl.IncidentImpl                I FFDC1015I: An FFDC Incident has been created: "org.jboss.weld.resources.spi.ResourceLoadingException: Error while loading class oumnou.lp.HelloServlet com.ibm.ws.cdi.impl.weld.BeanDeploymentArchiveImpl 987" at ffdc_24.02.28_09.54.00.1.log
[2/28/24, 9:54:00:683 WEST] 00000081 com.ibm.ws.webcontainer.osgi.webapp.WebGroup                 I SRVE0169I: Loading Web Module: Hello Servlet.
[2/28/24, 9:54:00:684 WEST] 00000081 com.ibm.ws.webcontainer                                      I SRVE0250I: Web Module Hello Servlet has been bound to default_host.
[2/28/24, 9:54:00:684 WEST] 00000081 com.ibm.ws.http.internal.VirtualHostImpl                     A CWWKT0016I: Web application available (default_host): http://localhost:9010/project/
[2/28/24, 9:54:00:685 WEST] 00000066 com.ibm.ws.session.WASSessionCore                            I SESN0176I: A new session context will be created for application key default_host/project
[2/28/24, 9:54:00:685 WEST] 00000066 com.ibm.ws.util                                              I SESN0172I: The session manager is using the Java default SecureRandom implementation for session ID generation.
[2/28/24, 9:54:00:700 WEST] 00000047 com.ibm.ws.webcontainer.osgi.mbeans.PluginGenerator          I SRVE9103I: A configuration file for a web server plugin was automatically generated for this server at D:\mine\JEE\authentication\project\target\liberty\wlp\usr\servers\projectServer\logs\state\plugin-cfg.xml.
[2/28/24, 9:54:00:711 WEST] 00000066 com.ibm.ws.app.manager.AppMessageHelper                      A CWWKZ0003I: The application project updated in 0.534 seconds.
[2/28/24, 9:54:03:210 WEST] 00000091 com.ibm.ws.http.internal.VirtualHostImpl                     A CWWKT0017I: Web application removed (default_host): http://localhost:9010/project/
[2/28/24, 9:54:03:215 WEST] 00000091 com.ibm.ws.app.manager.AppMessageHelper                      A CWWKZ0009I: The application project has stopped successfully.
[2/28/24, 9:54:03:223 WEST] 00000091 com.ibm.ws.app.manager.AppMessageHelper                      I CWWKZ0018I: Starting application project.
[2/28/24, 9:54:03:224 WEST] 00000091 bm.ws.app.manager.war.internal.WARDeployedAppInfoFactoryImpl I CWWKZ0134I: The project application is using the loose application definition at the D:\mine\JEE\authentication\project\target\liberty\wlp\usr\servers\projectServer\apps\project.war.xml location.
[2/28/24, 9:54:03:261 WEST] 00000062 com.ibm.ws.webcontainer.osgi.mbeans.PluginGenerator          I SRVE9103I: A configuration file for a web server plugin was automatically generated for this server at D:\mine\JEE\authentication\project\target\liberty\wlp\usr\servers\projectServer\logs\state\plugin-cfg.xml.
[2/28/24, 9:54:03:471 WEST] 00000091 com.ibm.ws.injectionengine.InjectionProcessorManager         W CWNEN0047W: Resource annotations on the fields of the oumnou.lp.HelloServlet class will be ignored. The annotations could not be obtained because of the exception : java.lang.NoClassDefFoundError: Database
[2/28/24, 9:54:03:543 WEST] 00000091 com.ibm.ws.webcontainer.osgi.webapp.WebGroup                 I SRVE0169I: Loading Web Module: Hello Servlet.
[2/28/24, 9:54:03:543 WEST] 00000091 com.ibm.ws.webcontainer                                      I SRVE0250I: Web Module Hello Servlet has been bound to default_host.
[2/28/24, 9:54:03:543 WEST] 00000091 com.ibm.ws.http.internal.VirtualHostImpl                     A CWWKT0016I: Web application available (default_host): http://localhost:9010/project/
[2/28/24, 9:54:03:546 WEST] 00000036 com.ibm.ws.session.WASSessionCore                            I SESN0176I: A new session context will be created for application key default_host/project
[2/28/24, 9:54:03:546 WEST] 00000036 com.ibm.ws.util                                              I SESN0172I: The session manager is using the Java default SecureRandom implementation for session ID generation.
[2/28/24, 9:54:03:560 WEST] 00000091 com.ibm.ws.webcontainer.osgi.mbeans.PluginGenerator          I SRVE9103I: A configuration file for a web server plugin was automatically generated for this server at D:\mine\JEE\authentication\project\target\liberty\wlp\usr\servers\projectServer\logs\state\plugin-cfg.xml.
[2/28/24, 9:54:03:569 WEST] 00000036 com.ibm.ws.app.manager.AppMessageHelper                      A CWWKZ0003I: The application project updated in 0.346 seconds.
[2/28/24, 9:54:08:321 WEST] 0000004c com.ibm.ws.http.internal.VirtualHostImpl                     A CWWKT0017I: Web application removed (default_host): http://localhost:9010/project/
[2/28/24, 9:54:08:325 WEST] 0000004c com.ibm.ws.app.manager.AppMessageHelper                      A CWWKZ0009I: The application project has stopped successfully.
[2/28/24, 9:54:08:329 WEST] 0000004c com.ibm.ws.app.manager.AppMessageHelper                      I CWWKZ0018I: Starting application project.
[2/28/24, 9:54:08:330 WEST] 0000004c bm.ws.app.manager.war.internal.WARDeployedAppInfoFactoryImpl I CWWKZ0134I: The project application is using the loose application definition at the D:\mine\JEE\authentication\project\target\liberty\wlp\usr\servers\projectServer\apps\project.war.xml location.
[2/28/24, 9:54:08:336 WEST] 00000064 com.ibm.ws.webcontainer.osgi.mbeans.PluginGenerator          I SRVE9103I: A configuration file for a web server plugin was automatically generated for this server at D:\mine\JEE\authentication\project\target\liberty\wlp\usr\servers\projectServer\logs\state\plugin-cfg.xml.
[2/28/24, 9:54:08:574 WEST] 0000004c com.ibm.ws.injectionengine.InjectionProcessorManager         W CWNEN0047W: Resource annotations on the fields of the oumnou.lp.HelloServlet class will be ignored. The annotations could not be obtained because of the exception : java.lang.NoClassDefFoundError: Database
[2/28/24, 9:54:08:632 WEST] 0000004c com.ibm.ws.webcontainer.osgi.webapp.WebGroup                 I SRVE0169I: Loading Web Module: Hello Servlet.
[2/28/24, 9:54:08:632 WEST] 0000004c com.ibm.ws.webcontainer                                      I SRVE0250I: Web Module Hello Servlet has been bound to default_host.
[2/28/24, 9:54:08:632 WEST] 0000004c com.ibm.ws.http.internal.VirtualHostImpl                     A CWWKT0016I: Web application available (default_host): http://localhost:9010/project/
[2/28/24, 9:54:08:633 WEST] 00000081 com.ibm.ws.session.WASSessionCore                            I SESN0176I: A new session context will be created for application key default_host/project
[2/28/24, 9:54:08:633 WEST] 00000081 com.ibm.ws.util                                              I SESN0172I: The session manager is using the Java default SecureRandom implementation for session ID generation.
[2/28/24, 9:54:08:649 WEST] 00000038 com.ibm.ws.webcontainer.osgi.mbeans.PluginGenerator          I SRVE9103I: A configuration file for a web server plugin was automatically generated for this server at D:\mine\JEE\authentication\project\target\liberty\wlp\usr\servers\projectServer\logs\state\plugin-cfg.xml.
[2/28/24, 9:54:08:661 WEST] 00000081 com.ibm.ws.app.manager.AppMessageHelper                      A CWWKZ0003I: The application project updated in 0.331 seconds.
[2/28/24, 9:54:18:045 WEST] 00000066 com.ibm.ws.http.internal.VirtualHostImpl                     A CWWKT0017I: Web application removed (default_host): http://localhost:9010/project/
[2/28/24, 9:54:18:049 WEST] 00000066 com.ibm.ws.app.manager.AppMessageHelper                      A CWWKZ0009I: The application project has stopped successfully.
[2/28/24, 9:54:18:053 WEST] 00000066 com.ibm.ws.app.manager.AppMessageHelper                      I CWWKZ0018I: Starting application project.
[2/28/24, 9:54:18:053 WEST] 00000066 bm.ws.app.manager.war.internal.WARDeployedAppInfoFactoryImpl I CWWKZ0134I: The project application is using the loose application definition at the D:\mine\JEE\authentication\project\target\liberty\wlp\usr\servers\projectServer\apps\project.war.xml location.
[2/28/24, 9:54:18:063 WEST] 000000ad com.ibm.ws.webcontainer.osgi.mbeans.PluginGenerator          I SRVE9103I: A configuration file for a web server plugin was automatically generated for this server at D:\mine\JEE\authentication\project\target\liberty\wlp\usr\servers\projectServer\logs\state\plugin-cfg.xml.
[2/28/24, 9:54:18:217 WEST] 00000066 com.ibm.ws.injectionengine.InjectionProcessorManager         W CWNEN0047W: Resource annotations on the fields of the oumnou.lp.HelloServlet class will be ignored. The annotations could not be obtained because of the exception : java.lang.NoClassDefFoundError: Database
[2/28/24, 9:54:18:256 WEST] 00000066 com.ibm.ws.webcontainer.osgi.webapp.WebGroup                 I SRVE0169I: Loading Web Module: Hello Servlet.
[2/28/24, 9:54:18:256 WEST] 00000066 com.ibm.ws.webcontainer                                      I SRVE0250I: Web Module Hello Servlet has been bound to default_host.
[2/28/24, 9:54:18:256 WEST] 00000066 com.ibm.ws.http.internal.VirtualHostImpl                     A CWWKT0016I: Web application available (default_host): http://localhost:9010/project/
[2/28/24, 9:54:18:257 WEST] 000000aa com.ibm.ws.session.WASSessionCore                            I SESN0176I: A new session context will be created for application key default_host/project
[2/28/24, 9:54:18:257 WEST] 000000aa com.ibm.ws.util                                              I SESN0172I: The session manager is using the Java default SecureRandom implementation for session ID generation.
[2/28/24, 9:54:18:269 WEST] 000000ad com.ibm.ws.webcontainer.osgi.mbeans.PluginGenerator          I SRVE9103I: A configuration file for a web server plugin was automatically generated for this server at D:\mine\JEE\authentication\project\target\liberty\wlp\usr\servers\projectServer\logs\state\plugin-cfg.xml.
[2/28/24, 9:54:18:280 WEST] 000000aa com.ibm.ws.app.manager.AppMessageHelper                      A CWWKZ0003I: The application project updated in 0.226 seconds.
[2/28/24, 9:54:20:569 WEST] 000000b1 com.ibm.ws.http.internal.VirtualHostImpl                     A CWWKT0017I: Web application removed (default_host): http://localhost:9010/project/
[2/28/24, 9:54:20:573 WEST] 000000b1 com.ibm.ws.app.manager.AppMessageHelper                      A CWWKZ0009I: The application project has stopped successfully.
[2/28/24, 9:54:20:577 WEST] 000000b1 com.ibm.ws.app.manager.AppMessageHelper                      I CWWKZ0018I: Starting application project.
[2/28/24, 9:54:20:578 WEST] 000000b1 bm.ws.app.manager.war.internal.WARDeployedAppInfoFactoryImpl I CWWKZ0134I: The project application is using the loose application definition at the D:\mine\JEE\authentication\project\target\liberty\wlp\usr\servers\projectServer\apps\project.war.xml location.
[2/28/24, 9:54:20:596 WEST] 000000a4 com.ibm.ws.webcontainer.osgi.mbeans.PluginGenerator          I SRVE9103I: A configuration file for a web server plugin was automatically generated for this server at D:\mine\JEE\authentication\project\target\liberty\wlp\usr\servers\projectServer\logs\state\plugin-cfg.xml.
[2/28/24, 9:54:20:761 WEST] 000000b1 com.ibm.ws.injectionengine.InjectionProcessorManager         W CWNEN0047W: Resource annotations on the fields of the oumnou.lp.HelloServlet class will be ignored. The annotations could not be obtained because of the exception : java.lang.NoClassDefFoundError: Database
[2/28/24, 9:54:20:813 WEST] 000000b1 com.ibm.ws.webcontainer.osgi.webapp.WebGroup                 I SRVE0169I: Loading Web Module: Hello Servlet.
[2/28/24, 9:54:20:813 WEST] 000000b1 com.ibm.ws.webcontainer                                      I SRVE0250I: Web Module Hello Servlet has been bound to default_host.
[2/28/24, 9:54:20:813 WEST] 000000b1 com.ibm.ws.http.internal.VirtualHostImpl                     A CWWKT0016I: Web application available (default_host): http://localhost:9010/project/
[2/28/24, 9:54:20:813 WEST] 00000075 com.ibm.ws.session.WASSessionCore                            I SESN0176I: A new session context will be created for application key default_host/project
[2/28/24, 9:54:20:813 WEST] 00000075 com.ibm.ws.util                                              I SESN0172I: The session manager is using the Java default SecureRandom implementation for session ID generation.
[2/28/24, 9:54:20:826 WEST] 000000a4 com.ibm.ws.webcontainer.osgi.mbeans.PluginGenerator          I SRVE9103I: A configuration file for a web server plugin was automatically generated for this server at D:\mine\JEE\authentication\project\target\liberty\wlp\usr\servers\projectServer\logs\state\plugin-cfg.xml.
[2/28/24, 9:54:20:826 WEST] 00000075 com.ibm.ws.app.manager.AppMessageHelper                      A CWWKZ0003I: The application project updated in 0.262 seconds.
[2/28/24, 9:54:25:166 WEST] 000000ae com.ibm.ws.http.internal.VirtualHostImpl                     A CWWKT0017I: Web application removed (default_host): http://localhost:9010/project/
[2/28/24, 9:54:25:169 WEST] 000000ae com.ibm.ws.app.manager.AppMessageHelper                      A CWWKZ0009I: The application project has stopped successfully.
[2/28/24, 9:54:25:172 WEST] 000000ae com.ibm.ws.app.manager.AppMessageHelper                      I CWWKZ0018I: Starting application project.
[2/28/24, 9:54:25:172 WEST] 000000ae bm.ws.app.manager.war.internal.WARDeployedAppInfoFactoryImpl I CWWKZ0134I: The project application is using the loose application definition at the D:\mine\JEE\authentication\project\target\liberty\wlp\usr\servers\projectServer\apps\project.war.xml location.
[2/28/24, 9:54:25:182 WEST] 00000085 com.ibm.ws.webcontainer.osgi.mbeans.PluginGenerator          I SRVE9103I: A configuration file for a web server plugin was automatically generated for this server at D:\mine\JEE\authentication\project\target\liberty\wlp\usr\servers\projectServer\logs\state\plugin-cfg.xml.
[2/28/24, 9:54:25:364 WEST] 000000ae com.ibm.ws.injectionengine.InjectionProcessorManager         W CWNEN0047W: Resource annotations on the fields of the oumnou.lp.HelloServlet class will be ignored. The annotations could not be obtained because of the exception : java.lang.NoClassDefFoundError: Database
[2/28/24, 9:54:25:407 WEST] 000000ae com.ibm.ws.webcontainer.osgi.webapp.WebGroup                 I SRVE0169I: Loading Web Module: Hello Servlet.
[2/28/24, 9:54:25:407 WEST] 000000ae com.ibm.ws.webcontainer                                      I SRVE0250I: Web Module Hello Servlet has been bound to default_host.
[2/28/24, 9:54:25:407 WEST] 000000ae com.ibm.ws.http.internal.VirtualHostImpl                     A CWWKT0016I: Web application available (default_host): http://localhost:9010/project/
[2/28/24, 9:54:25:408 WEST] 0000009b com.ibm.ws.session.WASSessionCore                            I SESN0176I: A new session context will be created for application key default_host/project
[2/28/24, 9:54:25:408 WEST] 0000009b com.ibm.ws.util                                              I SESN0172I: The session manager is using the Java default SecureRandom implementation for session ID generation.
[2/28/24, 9:54:25:422 WEST] 00000085 com.ibm.ws.webcontainer.osgi.mbeans.PluginGenerator          I SRVE9103I: A configuration file for a web server plugin was automatically generated for this server at D:\mine\JEE\authentication\project\target\liberty\wlp\usr\servers\projectServer\logs\state\plugin-cfg.xml.
[2/28/24, 9:54:25:433 WEST] 0000009b com.ibm.ws.app.manager.AppMessageHelper                      A CWWKZ0003I: The application project updated in 0.260 seconds.
[2/28/24, 9:54:29:213 WEST] 000000a8 com.ibm.ws.http.internal.VirtualHostImpl                     A CWWKT0017I: Web application removed (default_host): http://localhost:9010/project/
[2/28/24, 9:54:29:217 WEST] 000000a8 com.ibm.ws.app.manager.AppMessageHelper                      A CWWKZ0009I: The application project has stopped successfully.
[2/28/24, 9:54:29:221 WEST] 000000a8 com.ibm.ws.app.manager.AppMessageHelper                      I CWWKZ0018I: Starting application project.
[2/28/24, 9:54:29:221 WEST] 000000a8 bm.ws.app.manager.war.internal.WARDeployedAppInfoFactoryImpl I CWWKZ0134I: The project application is using the loose application definition at the D:\mine\JEE\authentication\project\target\liberty\wlp\usr\servers\projectServer\apps\project.war.xml location.
[2/28/24, 9:54:29:231 WEST] 0000006e com.ibm.ws.webcontainer.osgi.mbeans.PluginGenerator          I SRVE9103I: A configuration file for a web server plugin was automatically generated for this server at D:\mine\JEE\authentication\project\target\liberty\wlp\usr\servers\projectServer\logs\state\plugin-cfg.xml.
[2/28/24, 9:54:29:409 WEST] 000000a8 com.ibm.ws.injectionengine.InjectionProcessorManager         W CWNEN0047W: Resource annotations on the fields of the oumnou.lp.HelloServlet class will be ignored. The annotations could not be obtained because of the exception : java.lang.NoClassDefFoundError: Database
[2/28/24, 9:54:29:452 WEST] 000000a8 com.ibm.ws.webcontainer.osgi.webapp.WebGroup                 I SRVE0169I: Loading Web Module: Hello Servlet.
[2/28/24, 9:54:29:453 WEST] 000000a8 com.ibm.ws.webcontainer                                      I SRVE0250I: Web Module Hello Servlet has been bound to default_host.
[2/28/24, 9:54:29:453 WEST] 000000a8 com.ibm.ws.http.internal.VirtualHostImpl                     A CWWKT0016I: Web application available (default_host): http://localhost:9010/project/
[2/28/24, 9:54:29:454 WEST] 00000081 com.ibm.ws.session.WASSessionCore                            I SESN0176I: A new session context will be created for application key default_host/project
[2/28/24, 9:54:29:454 WEST] 00000081 com.ibm.ws.util                                              I SESN0172I: The session manager is using the Java default SecureRandom implementation for session ID generation.
[2/28/24, 9:54:29:468 WEST] 00000066 com.ibm.ws.webcontainer.osgi.mbeans.PluginGenerator          I SRVE9103I: A configuration file for a web server plugin was automatically generated for this server at D:\mine\JEE\authentication\project\target\liberty\wlp\usr\servers\projectServer\logs\state\plugin-cfg.xml.
[2/28/24, 9:54:29:476 WEST] 00000081 com.ibm.ws.app.manager.AppMessageHelper                      A CWWKZ0003I: The application project updated in 0.254 seconds.
[2/28/24, 9:54:33:744 WEST] 00000085 com.ibm.ws.http.internal.VirtualHostImpl                     A CWWKT0017I: Web application removed (default_host): http://localhost:9010/project/
[2/28/24, 9:54:33:748 WEST] 00000085 com.ibm.ws.app.manager.AppMessageHelper                      A CWWKZ0009I: The application project has stopped successfully.
[2/28/24, 9:54:33:753 WEST] 00000085 com.ibm.ws.app.manager.AppMessageHelper                      I CWWKZ0018I: Starting application project.
[2/28/24, 9:54:33:753 WEST] 00000085 bm.ws.app.manager.war.internal.WARDeployedAppInfoFactoryImpl I CWWKZ0134I: The project application is using the loose application definition at the D:\mine\JEE\authentication\project\target\liberty\wlp\usr\servers\projectServer\apps\project.war.xml location.
[2/28/24, 9:54:33:764 WEST] 00000066 com.ibm.ws.webcontainer.osgi.mbeans.PluginGenerator          I SRVE9103I: A configuration file for a web server plugin was automatically generated for this server at D:\mine\JEE\authentication\project\target\liberty\wlp\usr\servers\projectServer\logs\state\plugin-cfg.xml.
[2/28/24, 9:54:33:938 WEST] 00000085 com.ibm.ws.injectionengine.InjectionProcessorManager         W CWNEN0047W: Resource annotations on the fields of the oumnou.lp.HelloServlet class will be ignored. The annotations could not be obtained because of the exception : java.lang.NoClassDefFoundError: Database
[2/28/24, 9:54:33:984 WEST] 00000085 com.ibm.ws.webcontainer.osgi.webapp.WebGroup                 I SRVE0169I: Loading Web Module: Hello Servlet.
[2/28/24, 9:54:33:984 WEST] 00000085 com.ibm.ws.webcontainer                                      I SRVE0250I: Web Module Hello Servlet has been bound to default_host.
[2/28/24, 9:54:33:984 WEST] 00000085 com.ibm.ws.http.internal.VirtualHostImpl                     A CWWKT0016I: Web application available (default_host): http://localhost:9010/project/
[2/28/24, 9:54:33:985 WEST] 000000a9 com.ibm.ws.session.WASSessionCore                            I SESN0176I: A new session context will be created for application key default_host/project
[2/28/24, 9:54:33:985 WEST] 000000a9 com.ibm.ws.util                                              I SESN0172I: The session manager is using the Java default SecureRandom implementation for session ID generation.
[2/28/24, 9:54:33:997 WEST] 00000085 com.ibm.ws.webcontainer.osgi.mbeans.PluginGenerator          I SRVE9103I: A configuration file for a web server plugin was automatically generated for this server at D:\mine\JEE\authentication\project\target\liberty\wlp\usr\servers\projectServer\logs\state\plugin-cfg.xml.
[2/28/24, 9:54:34:004 WEST] 000000a9 com.ibm.ws.app.manager.AppMessageHelper                      A CWWKZ0003I: The application project updated in 0.250 seconds.
[2/28/24, 9:54:36:248 WEST] 000000b0 com.ibm.ws.http.internal.VirtualHostImpl                     A CWWKT0017I: Web application removed (default_host): http://localhost:9010/project/
[2/28/24, 9:54:36:253 WEST] 000000b0 com.ibm.ws.app.manager.AppMessageHelper                      A CWWKZ0009I: The application project has stopped successfully.
[2/28/24, 9:54:36:257 WEST] 000000b0 com.ibm.ws.app.manager.AppMessageHelper                      I CWWKZ0018I: Starting application project.
[2/28/24, 9:54:36:258 WEST] 000000b0 bm.ws.app.manager.war.internal.WARDeployedAppInfoFactoryImpl I CWWKZ0134I: The project application is using the loose application definition at the D:\mine\JEE\authentication\project\target\liberty\wlp\usr\servers\projectServer\apps\project.war.xml location.
[2/28/24, 9:54:36:264 WEST] 00000066 com.ibm.ws.webcontainer.osgi.mbeans.PluginGenerator          I SRVE9103I: A configuration file for a web server plugin was automatically generated for this server at D:\mine\JEE\authentication\project\target\liberty\wlp\usr\servers\projectServer\logs\state\plugin-cfg.xml.
[2/28/24, 9:54:36:408 WEST] 000000b0 com.ibm.ws.logging.internal.impl.IncidentImpl                I FFDC1015I: An FFDC Incident has been created: "java.lang.NoClassDefFoundError: UserDAO com.ibm.ws.injectionengine.InjectionProcessorManager.getAllDeclaredFields 249" at ffdc_24.02.28_09.54.36.0.log
[2/28/24, 9:54:36:408 WEST] 000000b0 com.ibm.ws.injectionengine.InjectionProcessorManager         W CWNEN0047W: Resource annotations on the fields of the oumnou.lp.HelloServlet class will be ignored. The annotations could not be obtained because of the exception : java.lang.NoClassDefFoundError: UserDAO
[2/28/24, 9:54:36:449 WEST] 000000b0 com.ibm.ws.webcontainer.osgi.webapp.WebGroup                 I SRVE0169I: Loading Web Module: Hello Servlet.
[2/28/24, 9:54:36:450 WEST] 000000b0 com.ibm.ws.webcontainer                                      I SRVE0250I: Web Module Hello Servlet has been bound to default_host.
[2/28/24, 9:54:36:450 WEST] 000000b0 com.ibm.ws.http.internal.VirtualHostImpl                     A CWWKT0016I: Web application available (default_host): http://localhost:9010/project/
[2/28/24, 9:54:36:451 WEST] 00000062 com.ibm.ws.session.WASSessionCore                            I SESN0176I: A new session context will be created for application key default_host/project
[2/28/24, 9:54:36:451 WEST] 00000062 com.ibm.ws.util                                              I SESN0172I: The session manager is using the Java default SecureRandom implementation for session ID generation.
[2/28/24, 9:54:36:462 WEST] 000000b0 com.ibm.ws.webcontainer.osgi.mbeans.PluginGenerator          I SRVE9103I: A configuration file for a web server plugin was automatically generated for this server at D:\mine\JEE\authentication\project\target\liberty\wlp\usr\servers\projectServer\logs\state\plugin-cfg.xml.
[2/28/24, 9:54:36:472 WEST] 00000062 com.ibm.ws.app.manager.AppMessageHelper                      A CWWKZ0003I: The application project updated in 0.214 seconds.
[2/28/24, 9:54:38:728 WEST] 00000085 com.ibm.ws.http.internal.VirtualHostImpl                     A CWWKT0017I: Web application removed (default_host): http://localhost:9010/project/
[2/28/24, 9:54:38:733 WEST] 00000085 com.ibm.ws.app.manager.AppMessageHelper                      A CWWKZ0009I: The application project has stopped successfully.
[2/28/24, 9:54:38:738 WEST] 00000085 com.ibm.ws.app.manager.AppMessageHelper                      I CWWKZ0018I: Starting application project.
[2/28/24, 9:54:38:739 WEST] 00000085 bm.ws.app.manager.war.internal.WARDeployedAppInfoFactoryImpl I CWWKZ0134I: The project application is using the loose application definition at the D:\mine\JEE\authentication\project\target\liberty\wlp\usr\servers\projectServer\apps\project.war.xml location.
[2/28/24, 9:54:38:751 WEST] 0000006e com.ibm.ws.webcontainer.osgi.mbeans.PluginGenerator          I SRVE9103I: A configuration file for a web server plugin was automatically generated for this server at D:\mine\JEE\authentication\project\target\liberty\wlp\usr\servers\projectServer\logs\state\plugin-cfg.xml.
[2/28/24, 9:54:38:963 WEST] 00000085 com.ibm.ws.webcontainer.osgi.webapp.WebGroup                 I SRVE0169I: Loading Web Module: Hello Servlet.
[2/28/24, 9:54:38:963 WEST] 00000085 com.ibm.ws.webcontainer                                      I SRVE0250I: Web Module Hello Servlet has been bound to default_host.
[2/28/24, 9:54:38:963 WEST] 00000085 com.ibm.ws.http.internal.VirtualHostImpl                     A CWWKT0016I: Web application available (default_host): http://localhost:9010/project/
[2/28/24, 9:54:38:964 WEST] 00000066 com.ibm.ws.session.WASSessionCore                            I SESN0176I: A new session context will be created for application key default_host/project
[2/28/24, 9:54:38:964 WEST] 00000066 com.ibm.ws.util                                              I SESN0172I: The session manager is using the Java default SecureRandom implementation for session ID generation.
[2/28/24, 9:54:38:978 WEST] 000000aa com.ibm.ws.webcontainer.osgi.mbeans.PluginGenerator          I SRVE9103I: A configuration file for a web server plugin was automatically generated for this server at D:\mine\JEE\authentication\project\target\liberty\wlp\usr\servers\projectServer\logs\state\plugin-cfg.xml.
[2/28/24, 9:54:38:988 WEST] 00000066 com.ibm.ws.app.manager.AppMessageHelper                      A CWWKZ0003I: The application project updated in 0.249 seconds.
[2/28/24, 9:56:22:950 WEST] 00000091 com.ibm.ws.http.internal.VirtualHostImpl                     A CWWKT0017I: Web application removed (default_host): http://localhost:9010/project/
[2/28/24, 9:56:22:954 WEST] 00000091 com.ibm.ws.app.manager.AppMessageHelper                      A CWWKZ0009I: The application project has stopped successfully.
[2/28/24, 9:56:22:958 WEST] 00000091 com.ibm.ws.app.manager.AppMessageHelper                      I CWWKZ0018I: Starting application project.
[2/28/24, 9:56:22:959 WEST] 00000091 bm.ws.app.manager.war.internal.WARDeployedAppInfoFactoryImpl I CWWKZ0134I: The project application is using the loose application definition at the D:\mine\JEE\authentication\project\target\liberty\wlp\usr\servers\projectServer\apps\project.war.xml location.
[2/28/24, 9:56:22:965 WEST] 0000006e com.ibm.ws.webcontainer.osgi.mbeans.PluginGenerator          I SRVE9103I: A configuration file for a web server plugin was automatically generated for this server at D:\mine\JEE\authentication\project\target\liberty\wlp\usr\servers\projectServer\logs\state\plugin-cfg.xml.
[2/28/24, 9:56:23:162 WEST] 00000091 com.ibm.ws.webcontainer.osgi.webapp.WebGroup                 I SRVE0169I: Loading Web Module: Hello Servlet.
[2/28/24, 9:56:23:162 WEST] 00000091 com.ibm.ws.webcontainer                                      I SRVE0250I: Web Module Hello Servlet has been bound to default_host.
[2/28/24, 9:56:23:162 WEST] 00000091 com.ibm.ws.http.internal.VirtualHostImpl                     A CWWKT0016I: Web application available (default_host): http://localhost:9010/project/
[2/28/24, 9:56:23:163 WEST] 000000b5 com.ibm.ws.session.WASSessionCore                            I SESN0176I: A new session context will be created for application key default_host/project
[2/28/24, 9:56:23:163 WEST] 000000b5 com.ibm.ws.util                                              I SESN0172I: The session manager is using the Java default SecureRandom implementation for session ID generation.
[2/28/24, 9:56:23:175 WEST] 000000ab com.ibm.ws.webcontainer.osgi.mbeans.PluginGenerator          I SRVE9103I: A configuration file for a web server plugin was automatically generated for this server at D:\mine\JEE\authentication\project\target\liberty\wlp\usr\servers\projectServer\logs\state\plugin-cfg.xml.
[2/28/24, 9:56:23:185 WEST] 000000b5 com.ibm.ws.app.manager.AppMessageHelper                      A CWWKZ0003I: The application project updated in 0.226 seconds.
[2/28/24, 9:56:24:434 WEST] 00000085 com.ibm.ws.http.internal.VirtualHostImpl                     A CWWKT0017I: Web application removed (default_host): http://localhost:9010/project/
[2/28/24, 9:56:24:437 WEST] 00000085 com.ibm.ws.app.manager.AppMessageHelper                      A CWWKZ0009I: The application project has stopped successfully.
[2/28/24, 9:56:24:440 WEST] 00000085 com.ibm.ws.app.manager.AppMessageHelper                      I CWWKZ0018I: Starting application project.
[2/28/24, 9:56:24:441 WEST] 00000085 bm.ws.app.manager.war.internal.WARDeployedAppInfoFactoryImpl I CWWKZ0134I: The project application is using the loose application definition at the D:\mine\JEE\authentication\project\target\liberty\wlp\usr\servers\projectServer\apps\project.war.xml location.
[2/28/24, 9:56:24:450 WEST] 000000a8 com.ibm.ws.webcontainer.osgi.mbeans.PluginGenerator          I SRVE9103I: A configuration file for a web server plugin was automatically generated for this server at D:\mine\JEE\authentication\project\target\liberty\wlp\usr\servers\projectServer\logs\state\plugin-cfg.xml.
[2/28/24, 9:56:24:718 WEST] 00000085 com.ibm.ws.webcontainer.osgi.webapp.WebGroup                 I SRVE0169I: Loading Web Module: Hello Servlet.
[2/28/24, 9:56:24:719 WEST] 00000085 com.ibm.ws.webcontainer                                      I SRVE0250I: Web Module Hello Servlet has been bound to default_host.
[2/28/24, 9:56:24:719 WEST] 00000085 com.ibm.ws.http.internal.VirtualHostImpl                     A CWWKT0016I: Web application available (default_host): http://localhost:9010/project/
[2/28/24, 9:56:24:720 WEST] 00000062 com.ibm.ws.session.WASSessionCore                            I SESN0176I: A new session context will be created for application key default_host/project
[2/28/24, 9:56:24:720 WEST] 00000062 com.ibm.ws.util                                              I SESN0172I: The session manager is using the Java default SecureRandom implementation for session ID generation.
[2/28/24, 9:56:24:733 WEST] 000000c0 com.ibm.ws.webcontainer.osgi.mbeans.PluginGenerator          I SRVE9103I: A configuration file for a web server plugin was automatically generated for this server at D:\mine\JEE\authentication\project\target\liberty\wlp\usr\servers\projectServer\logs\state\plugin-cfg.xml.
[2/28/24, 9:56:24:746 WEST] 00000062 com.ibm.ws.app.manager.AppMessageHelper                      A CWWKZ0003I: The application project updated in 0.305 seconds.
[2/28/24, 9:56:25:410 WEST] 00000081 com.ibm.ws.http.internal.VirtualHostImpl                     A CWWKT0017I: Web application removed (default_host): http://localhost:9010/project/
[2/28/24, 9:56:25:414 WEST] 00000081 com.ibm.ws.app.manager.AppMessageHelper                      A CWWKZ0009I: The application project has stopped successfully.
[2/28/24, 9:56:25:419 WEST] 00000081 com.ibm.ws.app.manager.AppMessageHelper                      I CWWKZ0018I: Starting application project.
[2/28/24, 9:56:25:419 WEST] 00000081 bm.ws.app.manager.war.internal.WARDeployedAppInfoFactoryImpl I CWWKZ0134I: The project application is using the loose application definition at the D:\mine\JEE\authentication\project\target\liberty\wlp\usr\servers\projectServer\apps\project.war.xml location.
[2/28/24, 9:56:25:424 WEST] 00000085 com.ibm.ws.webcontainer.osgi.mbeans.PluginGenerator          I SRVE9103I: A configuration file for a web server plugin was automatically generated for this server at D:\mine\JEE\authentication\project\target\liberty\wlp\usr\servers\projectServer\logs\state\plugin-cfg.xml.
[2/28/24, 9:56:25:639 WEST] 00000081 com.ibm.ws.webcontainer.osgi.webapp.WebGroup                 I SRVE0169I: Loading Web Module: Hello Servlet.
[2/28/24, 9:56:25:640 WEST] 00000081 com.ibm.ws.webcontainer                                      I SRVE0250I: Web Module Hello Servlet has been bound to default_host.
[2/28/24, 9:56:25:640 WEST] 00000081 com.ibm.ws.http.internal.VirtualHostImpl                     A CWWKT0016I: Web application available (default_host): http://localhost:9010/project/
[2/28/24, 9:56:25:641 WEST] 000000a8 com.ibm.ws.session.WASSessionCore                            I SESN0176I: A new session context will be created for application key default_host/project
[2/28/24, 9:56:25:641 WEST] 000000a8 com.ibm.ws.util                                              I SESN0172I: The session manager is using the Java default SecureRandom implementation for session ID generation.
[2/28/24, 9:56:25:654 WEST] 00000081 com.ibm.ws.webcontainer.osgi.mbeans.PluginGenerator          I SRVE9103I: A configuration file for a web server plugin was automatically generated for this server at D:\mine\JEE\authentication\project\target\liberty\wlp\usr\servers\projectServer\logs\state\plugin-cfg.xml.
[2/28/24, 9:56:25:663 WEST] 000000a8 com.ibm.ws.app.manager.AppMessageHelper                      A CWWKZ0003I: The application project updated in 0.244 seconds.
[2/28/24, 10:13:32:583 WEST] 000000b2 com.ibm.ws.http.internal.VirtualHostImpl                     A CWWKT0017I: Web application removed (default_host): http://localhost:9010/project/
[2/28/24, 10:13:32:587 WEST] 000000b2 com.ibm.ws.app.manager.AppMessageHelper                      A CWWKZ0009I: The application project has stopped successfully.
[2/28/24, 10:13:32:591 WEST] 000000b2 com.ibm.ws.app.manager.AppMessageHelper                      I CWWKZ0018I: Starting application project.
[2/28/24, 10:13:32:591 WEST] 000000b2 bm.ws.app.manager.war.internal.WARDeployedAppInfoFactoryImpl I CWWKZ0134I: The project application is using the loose application definition at the D:\mine\JEE\authentication\project\target\liberty\wlp\usr\servers\projectServer\apps\project.war.xml location.
[2/28/24, 10:13:32:600 WEST] 000000f3 com.ibm.ws.webcontainer.osgi.mbeans.PluginGenerator          I SRVE9103I: A configuration file for a web server plugin was automatically generated for this server at D:\mine\JEE\authentication\project\target\liberty\wlp\usr\servers\projectServer\logs\state\plugin-cfg.xml.
[2/28/24, 10:13:32:824 WEST] 000000b2 com.ibm.ws.webcontainer.osgi.webapp.WebGroup                 I SRVE0169I: Loading Web Module: Hello Servlet.
[2/28/24, 10:13:32:824 WEST] 000000b2 com.ibm.ws.webcontainer                                      I SRVE0250I: Web Module Hello Servlet has been bound to default_host.
[2/28/24, 10:13:32:827 WEST] 000000b2 com.ibm.ws.http.internal.VirtualHostImpl                     A CWWKT0016I: Web application available (default_host): http://localhost:9010/project/
[2/28/24, 10:13:32:827 WEST] 0000006e com.ibm.ws.session.WASSessionCore                            I SESN0176I: A new session context will be created for application key default_host/project
[2/28/24, 10:13:32:828 WEST] 0000006e com.ibm.ws.util                                              I SESN0172I: The session manager is using the Java default SecureRandom implementation for session ID generation.
[2/28/24, 10:13:32:840 WEST] 00000081 com.ibm.ws.webcontainer.osgi.mbeans.PluginGenerator          I SRVE9103I: A configuration file for a web server plugin was automatically generated for this server at D:\mine\JEE\authentication\project\target\liberty\wlp\usr\servers\projectServer\logs\state\plugin-cfg.xml.
[2/28/24, 10:13:32:848 WEST] 0000006e com.ibm.ws.app.manager.AppMessageHelper                      A CWWKZ0003I: The application project updated in 0.257 seconds.
[2/28/24, 10:13:35:113 WEST] 00000081 com.ibm.ws.http.internal.VirtualHostImpl                     A CWWKT0017I: Web application removed (default_host): http://localhost:9010/project/
[2/28/24, 10:13:35:115 WEST] 00000081 com.ibm.ws.app.manager.AppMessageHelper                      A CWWKZ0009I: The application project has stopped successfully.
[2/28/24, 10:13:35:119 WEST] 00000081 com.ibm.ws.app.manager.AppMessageHelper                      I CWWKZ0018I: Starting application project.
[2/28/24, 10:13:35:119 WEST] 00000081 bm.ws.app.manager.war.internal.WARDeployedAppInfoFactoryImpl I CWWKZ0134I: The project application is using the loose application definition at the D:\mine\JEE\authentication\project\target\liberty\wlp\usr\servers\projectServer\apps\project.war.xml location.
[2/28/24, 10:13:35:125 WEST] 00000062 com.ibm.ws.webcontainer.osgi.mbeans.PluginGenerator          I SRVE9103I: A configuration file for a web server plugin was automatically generated for this server at D:\mine\JEE\authentication\project\target\liberty\wlp\usr\servers\projectServer\logs\state\plugin-cfg.xml.
[2/28/24, 10:13:35:342 WEST] 00000081 com.ibm.ws.webcontainer.osgi.webapp.WebGroup                 I SRVE0169I: Loading Web Module: Hello Servlet.
[2/28/24, 10:13:35:343 WEST] 00000081 com.ibm.ws.webcontainer                                      I SRVE0250I: Web Module Hello Servlet has been bound to default_host.
[2/28/24, 10:13:35:343 WEST] 00000081 com.ibm.ws.http.internal.VirtualHostImpl                     A CWWKT0016I: Web application available (default_host): http://localhost:9010/project/
[2/28/24, 10:13:35:343 WEST] 000000b2 com.ibm.ws.session.WASSessionCore                            I SESN0176I: A new session context will be created for application key default_host/project
[2/28/24, 10:13:35:344 WEST] 000000b2 com.ibm.ws.util                                              I SESN0172I: The session manager is using the Java default SecureRandom implementation for session ID generation.
[2/28/24, 10:13:35:358 WEST] 00000118 com.ibm.ws.webcontainer.osgi.mbeans.PluginGenerator          I SRVE9103I: A configuration file for a web server plugin was automatically generated for this server at D:\mine\JEE\authentication\project\target\liberty\wlp\usr\servers\projectServer\logs\state\plugin-cfg.xml.
[2/28/24, 10:13:35:365 WEST] 000000b2 com.ibm.ws.app.manager.AppMessageHelper                      A CWWKZ0003I: The application project updated in 0.246 seconds.
[2/28/24, 10:13:47:362 WEST] 000000f7 com.ibm.ws.http.internal.VirtualHostImpl                     A CWWKT0017I: Web application removed (default_host): http://localhost:9010/project/
[2/28/24, 10:13:47:365 WEST] 000000f7 com.ibm.ws.app.manager.AppMessageHelper                      A CWWKZ0009I: The application project has stopped successfully.
[2/28/24, 10:13:47:369 WEST] 000000f7 com.ibm.ws.app.manager.AppMessageHelper                      I CWWKZ0018I: Starting application project.
[2/28/24, 10:13:47:369 WEST] 000000f7 bm.ws.app.manager.war.internal.WARDeployedAppInfoFactoryImpl I CWWKZ0134I: The project application is using the loose application definition at the D:\mine\JEE\authentication\project\target\liberty\wlp\usr\servers\projectServer\apps\project.war.xml location.
[2/28/24, 10:13:47:375 WEST] 00000085 com.ibm.ws.webcontainer.osgi.mbeans.PluginGenerator          I SRVE9103I: A configuration file for a web server plugin was automatically generated for this server at D:\mine\JEE\authentication\project\target\liberty\wlp\usr\servers\projectServer\logs\state\plugin-cfg.xml.
[2/28/24, 10:13:47:548 WEST] 000000f7 com.ibm.ws.webcontainer.osgi.webapp.WebGroup                 I SRVE0169I: Loading Web Module: Hello Servlet.
[2/28/24, 10:13:47:548 WEST] 000000f7 com.ibm.ws.webcontainer                                      I SRVE0250I: Web Module Hello Servlet has been bound to default_host.
[2/28/24, 10:13:47:548 WEST] 000000f7 com.ibm.ws.http.internal.VirtualHostImpl                     A CWWKT0016I: Web application available (default_host): http://localhost:9010/project/
[2/28/24, 10:13:47:549 WEST] 000000ff com.ibm.ws.session.WASSessionCore                            I SESN0176I: A new session context will be created for application key default_host/project
[2/28/24, 10:13:47:549 WEST] 000000ff com.ibm.ws.util                                              I SESN0172I: The session manager is using the Java default SecureRandom implementation for session ID generation.
[2/28/24, 10:13:47:560 WEST] 000000f7 com.ibm.ws.webcontainer.osgi.mbeans.PluginGenerator          I SRVE9103I: A configuration file for a web server plugin was automatically generated for this server at D:\mine\JEE\authentication\project\target\liberty\wlp\usr\servers\projectServer\logs\state\plugin-cfg.xml.
[2/28/24, 10:13:47:569 WEST] 000000ff com.ibm.ws.app.manager.AppMessageHelper                      A CWWKZ0003I: The application project updated in 0.199 seconds.
[2/28/24, 10:13:49:373 WEST] 00000062 com.ibm.ws.http.internal.VirtualHostImpl                     A CWWKT0017I: Web application removed (default_host): http://localhost:9010/project/
[2/28/24, 10:13:49:376 WEST] 00000062 com.ibm.ws.app.manager.AppMessageHelper                      A CWWKZ0009I: The application project has stopped successfully.
[2/28/24, 10:13:49:379 WEST] 00000062 com.ibm.ws.app.manager.AppMessageHelper                      I CWWKZ0018I: Starting application project.
[2/28/24, 10:13:49:380 WEST] 00000062 bm.ws.app.manager.war.internal.WARDeployedAppInfoFactoryImpl I CWWKZ0134I: The project application is using the loose application definition at the D:\mine\JEE\authentication\project\target\liberty\wlp\usr\servers\projectServer\apps\project.war.xml location.
[2/28/24, 10:13:49:387 WEST] 0000006e com.ibm.ws.webcontainer.osgi.mbeans.PluginGenerator          I SRVE9103I: A configuration file for a web server plugin was automatically generated for this server at D:\mine\JEE\authentication\project\target\liberty\wlp\usr\servers\projectServer\logs\state\plugin-cfg.xml.
[2/28/24, 10:13:49:549 WEST] 00000062 com.ibm.ws.webcontainer.osgi.webapp.WebGroup                 I SRVE0169I: Loading Web Module: Hello Servlet.
[2/28/24, 10:13:49:549 WEST] 00000062 com.ibm.ws.webcontainer                                      I SRVE0250I: Web Module Hello Servlet has been bound to default_host.
[2/28/24, 10:13:49:549 WEST] 00000062 com.ibm.ws.http.internal.VirtualHostImpl                     A CWWKT0016I: Web application available (default_host): http://localhost:9010/project/
[2/28/24, 10:13:49:550 WEST] 000000b2 com.ibm.ws.session.WASSessionCore                            I SESN0176I: A new session context will be created for application key default_host/project
[2/28/24, 10:13:49:550 WEST] 000000b2 com.ibm.ws.util                                              I SESN0172I: The session manager is using the Java default SecureRandom implementation for session ID generation.
[2/28/24, 10:13:49:564 WEST] 00000118 com.ibm.ws.webcontainer.osgi.mbeans.PluginGenerator          I SRVE9103I: A configuration file for a web server plugin was automatically generated for this server at D:\mine\JEE\authentication\project\target\liberty\wlp\usr\servers\projectServer\logs\state\plugin-cfg.xml.
[2/28/24, 10:13:49:576 WEST] 000000b2 com.ibm.ws.app.manager.AppMessageHelper                      A CWWKZ0003I: The application project updated in 0.196 seconds.
[2/28/24, 10:14:05:226 WEST] 000000f6 com.ibm.ws.webcontainer.servlet                              I SRVE0242I: [project] [/project] [/page2.jsp]: Initialization successful.
[2/28/24, 10:14:08:553 WEST] 000000f7 com.ibm.ws.webcontainer.servlet                              I SRVE0242I: [project] [/project] [oumnou.lp.HelloServlet]: Initialization successful.
[2/28/24, 10:14:08:679 WEST] 00000064 com.ibm.ws.webcontainer.servlet                              I SRVE0242I: [project] [/project] [/index.jsp]: Initialization successful.
[2/28/24, 10:14:13:584 WEST] 00000081 com.ibm.ws.webcontainer.servlet                              I SRVE0242I: [project] [/project] [/signup.jsp]: Initialization successful.
[2/28/24, 10:14:50:813 WEST] 00000091 com.ibm.ws.http.internal.VirtualHostImpl                     A CWWKT0017I: Web application removed (default_host): http://localhost:9010/project/
[2/28/24, 10:14:50:813 WEST] 00000091 com.ibm.ws.webcontainer.servlet                              I SRVE0253I: [project] [/project] [oumnou.lp.HelloServlet]: Destroy successful.
[2/28/24, 10:14:50:813 WEST] 00000091 com.ibm.ws.webcontainer.servlet                              I SRVE0253I: [project] [/project] [/index.jsp]: Destroy successful.
[2/28/24, 10:14:50:813 WEST] 00000091 com.ibm.ws.webcontainer.servlet                              I SRVE0253I: [project] [/project] [/page2.jsp]: Destroy successful.
[2/28/24, 10:14:50:813 WEST] 00000091 com.ibm.ws.webcontainer.servlet                              I SRVE0253I: [project] [/project] [/signup.jsp]: Destroy successful.
[2/28/24, 10:14:50:824 WEST] 00000091 com.ibm.ws.app.manager.AppMessageHelper                      A CWWKZ0009I: The application project has stopped successfully.
[2/28/24, 10:14:50:829 WEST] 00000091 com.ibm.ws.app.manager.AppMessageHelper                      I CWWKZ0018I: Starting application project.
[2/28/24, 10:14:50:829 WEST] 00000091 bm.ws.app.manager.war.internal.WARDeployedAppInfoFactoryImpl I CWWKZ0134I: The project application is using the loose application definition at the D:\mine\JEE\authentication\project\target\liberty\wlp\usr\servers\projectServer\apps\project.war.xml location.
[2/28/24, 10:14:50:832 WEST] 00000064 com.ibm.ws.webcontainer.osgi.mbeans.PluginGenerator          I SRVE9103I: A configuration file for a web server plugin was automatically generated for this server at D:\mine\JEE\authentication\project\target\liberty\wlp\usr\servers\projectServer\logs\state\plugin-cfg.xml.
[2/28/24, 10:14:51:120 WEST] 00000091 com.ibm.ws.webcontainer.osgi.webapp.WebGroup                 I SRVE0169I: Loading Web Module: Hello Servlet.
[2/28/24, 10:14:51:120 WEST] 00000091 com.ibm.ws.webcontainer                                      I SRVE0250I: Web Module Hello Servlet has been bound to default_host.
[2/28/24, 10:14:51:120 WEST] 00000091 com.ibm.ws.http.internal.VirtualHostImpl                     A CWWKT0016I: Web application available (default_host): http://localhost:9010/project/
[2/28/24, 10:14:51:120 WEST] 000000ff com.ibm.ws.session.WASSessionCore                            I SESN0176I: A new session context will be created for application key default_host/project
[2/28/24, 10:14:51:120 WEST] 000000ff com.ibm.ws.util                                              I SESN0172I: The session manager is using the Java default SecureRandom implementation for session ID generation.
[2/28/24, 10:14:51:140 WEST] 00000091 com.ibm.ws.webcontainer.osgi.mbeans.PluginGenerator          I SRVE9103I: A configuration file for a web server plugin was automatically generated for this server at D:\mine\JEE\authentication\project\target\liberty\wlp\usr\servers\projectServer\logs\state\plugin-cfg.xml.
[2/28/24, 10:14:51:154 WEST] 000000ff com.ibm.ws.app.manager.AppMessageHelper                      A CWWKZ0003I: The application project updated in 0.325 seconds.
[2/28/24, 10:15:45:744 WEST] 0000012a com.ibm.ws.webcontainer.servlet                              I SRVE0242I: [project] [/project] [oumnou.lp.HelloServlet]: Initialization successful.
[2/28/24, 10:15:45:814 WEST] 0000012a com.ibm.ws.webcontainer.servlet                              I SRVE0242I: [project] [/project] [/signup.jsp]: Initialization successful.
[2/28/24, 10:15:57:468 WEST] 0000012a com.ibm.ws.http.internal.VirtualHostImpl                     A CWWKT0017I: Web application removed (default_host): http://localhost:9010/project/
[2/28/24, 10:15:57:484 WEST] 0000012a com.ibm.ws.webcontainer.servlet                              I SRVE0253I: [project] [/project] [oumnou.lp.HelloServlet]: Destroy successful.
[2/28/24, 10:15:57:484 WEST] 0000012a com.ibm.ws.webcontainer.servlet                              I SRVE0253I: [project] [/project] [/signup.jsp]: Destroy successful.
[2/28/24, 10:15:57:484 WEST] 0000012a com.ibm.ws.app.manager.AppMessageHelper                      A CWWKZ0009I: The application project has stopped successfully.
[2/28/24, 10:15:57:484 WEST] 0000012a com.ibm.ws.app.manager.AppMessageHelper                      I CWWKZ0018I: Starting application project.
[2/28/24, 10:15:57:484 WEST] 0000012a bm.ws.app.manager.war.internal.WARDeployedAppInfoFactoryImpl I CWWKZ0134I: The project application is using the loose application definition at the D:\mine\JEE\authentication\project\target\liberty\wlp\usr\servers\projectServer\apps\project.war.xml location.
[2/28/24, 10:15:57:512 WEST] 00000066 com.ibm.ws.webcontainer.osgi.mbeans.PluginGenerator          I SRVE9103I: A configuration file for a web server plugin was automatically generated for this server at D:\mine\JEE\authentication\project\target\liberty\wlp\usr\servers\projectServer\logs\state\plugin-cfg.xml.
[2/28/24, 10:15:57:876 WEST] 0000012a com.ibm.ws.webcontainer.osgi.webapp.WebGroup                 I SRVE0169I: Loading Web Module: Hello Servlet.
[2/28/24, 10:15:57:876 WEST] 0000012a com.ibm.ws.webcontainer                                      I SRVE0250I: Web Module Hello Servlet has been bound to default_host.
[2/28/24, 10:15:57:876 WEST] 0000012a com.ibm.ws.http.internal.VirtualHostImpl                     A CWWKT0016I: Web application available (default_host): http://localhost:9010/project/
[2/28/24, 10:15:57:876 WEST] 00000064 com.ibm.ws.session.WASSessionCore                            I SESN0176I: A new session context will be created for application key default_host/project
[2/28/24, 10:15:57:876 WEST] 00000064 com.ibm.ws.util                                              I SESN0172I: The session manager is using the Java default SecureRandom implementation for session ID generation.
[2/28/24, 10:15:57:896 WEST] 0000012a com.ibm.ws.webcontainer.osgi.mbeans.PluginGenerator          I SRVE9103I: A configuration file for a web server plugin was automatically generated for this server at D:\mine\JEE\authentication\project\target\liberty\wlp\usr\servers\projectServer\logs\state\plugin-cfg.xml.
[2/28/24, 10:15:57:908 WEST] 00000064 com.ibm.ws.app.manager.AppMessageHelper                      A CWWKZ0003I: The application project updated in 0.420 seconds.
[2/28/24, 10:16:00:243 WEST] 0000012a com.ibm.ws.http.internal.VirtualHostImpl                     A CWWKT0017I: Web application removed (default_host): http://localhost:9010/project/
[2/28/24, 10:16:00:246 WEST] 0000012a com.ibm.ws.app.manager.AppMessageHelper                      A CWWKZ0009I: The application project has stopped successfully.
[2/28/24, 10:16:00:251 WEST] 0000012a com.ibm.ws.app.manager.AppMessageHelper                      I CWWKZ0018I: Starting application project.
[2/28/24, 10:16:00:251 WEST] 0000012a bm.ws.app.manager.war.internal.WARDeployedAppInfoFactoryImpl I CWWKZ0134I: The project application is using the loose application definition at the D:\mine\JEE\authentication\project\target\liberty\wlp\usr\servers\projectServer\apps\project.war.xml location.
[2/28/24, 10:16:00:257 WEST] 00000066 com.ibm.ws.webcontainer.osgi.mbeans.PluginGenerator          I SRVE9103I: A configuration file for a web server plugin was automatically generated for this server at D:\mine\JEE\authentication\project\target\liberty\wlp\usr\servers\projectServer\logs\state\plugin-cfg.xml.
[2/28/24, 10:16:00:416 WEST] 0000012a com.ibm.ws.webcontainer.osgi.webapp.WebGroup                 I SRVE0169I: Loading Web Module: Hello Servlet.
[2/28/24, 10:16:00:416 WEST] 0000012a com.ibm.ws.webcontainer                                      I SRVE0250I: Web Module Hello Servlet has been bound to default_host.
[2/28/24, 10:16:00:416 WEST] 0000012a com.ibm.ws.http.internal.VirtualHostImpl                     A CWWKT0016I: Web application available (default_host): http://localhost:9010/project/
[2/28/24, 10:16:00:416 WEST] 00000091 com.ibm.ws.session.WASSessionCore                            I SESN0176I: A new session context will be created for application key default_host/project
[2/28/24, 10:16:00:417 WEST] 00000091 com.ibm.ws.util                                              I SESN0172I: The session manager is using the Java default SecureRandom implementation for session ID generation.
[2/28/24, 10:16:00:426 WEST] 000000f3 com.ibm.ws.webcontainer.osgi.mbeans.PluginGenerator          I SRVE9103I: A configuration file for a web server plugin was automatically generated for this server at D:\mine\JEE\authentication\project\target\liberty\wlp\usr\servers\projectServer\logs\state\plugin-cfg.xml.
[2/28/24, 10:16:00:436 WEST] 00000091 com.ibm.ws.app.manager.AppMessageHelper                      A CWWKZ0003I: The application project updated in 0.184 seconds.
[2/28/24, 10:16:00:955 WEST] 00000064 com.ibm.ws.webcontainer.servlet                              I SRVE0242I: [project] [/project] [oumnou.lp.HelloServlet]: Initialization successful.
[2/28/24, 10:16:01:018 WEST] 00000064 com.ibm.ws.webcontainer.servlet                              I SRVE0242I: [project] [/project] [/signup.jsp]: Initialization successful.
[2/28/24, 10:17:50:468 WEST] 0000001f com.ibm.ws.kernel.launch.internal.ServerCommandListener      A CWWKE0055I: Server shutdown requested on Wednesday, February 28, 2024 at 10:17AM. The server projectServer is shutting down.
[2/28/24, 10:17:50:484 WEST] 00000144 com.ibm.ws.runtime.update.internal.RuntimeUpdateManagerImpl  A CWWKE1100I: Waiting for up to 30 seconds for the server to quiesce.
[2/28/24, 10:17:50:828 WEST] 00000091 com.ibm.ws.tcpchannel.internal.TCPChannel                    I CWWKO0220I: TCP Channel defaultHttpEndpoint has stopped listening for requests on host kubernetes.docker.internal  (IPv4: 127.0.0.1) port 9010.
[2/28/24, 10:17:50:828 WEST] 00000091 com.ibm.ws.http.internal.VirtualHostImpl                     A CWWKT0017I: Web application removed (default_host): http://localhost:9010/project/
[2/28/24, 10:17:51:834 WEST] 00000144 com.ibm.ws.runtime.update.internal.RuntimeUpdateManagerImpl  I CWWKE1101I: Server quiesce complete.
[2/28/24, 10:17:51:849 WEST] 0000012c com.ibm.ws.webcontainer.servlet                              I SRVE0253I: [project] [/project] [oumnou.lp.HelloServlet]: Destroy successful.
[2/28/24, 10:17:51:849 WEST] 0000012c com.ibm.ws.webcontainer.servlet                              I SRVE0253I: [project] [/project] [/signup.jsp]: Destroy successful.
[2/28/24, 10:17:51:849 WEST] 0000012c com.ibm.ws.app.manager.AppMessageHelper                      A CWWKZ0009I: The application project has stopped successfully.
[2/28/24, 10:17:51:880 WEST] 00000144 com.ibm.tx.jta.impl.FailureScopeController                   A WTRN0105I: The transaction service has shutdown successfully with no transactions requiring recovery.
[2/28/24, 10:17:52:654 WEST] 00000001 com.ibm.ws.kernel.launch.internal.FrameworkManager           A CWWKE0036I: The server projectServer stopped after 42 minutes, 32.165 seconds.
