
 Index  Count  Time of first Occurrence    Time of last Occurrence     Exception SourceId ProbeId
------+------+---------------------------+---------------------------+---------------------------
     0      5 2/26/24, 10:47:35:442 WEST  2/26/24, 10:47:35:469 WEST  java.lang.IllegalArgumentException com.ibm.ws.kernel.feature.internal.FeatureManager reportErrors
                                                                            - D:\mine\JEE\authentication\project\target\liberty\wlp\usr\servers\projectServer\logs\ffdc\ffdc_24.02.26_10.47.35.0.log
                                                                            - D:\mine\JEE\authentication\project\target\liberty\wlp\usr\servers\projectServer\logs\ffdc\ffdc_24.02.26_10.47.35.1.log
                                                                            - D:\mine\JEE\authentication\project\target\liberty\wlp\usr\servers\projectServer\logs\ffdc\ffdc_24.02.26_10.47.35.2.log
                                                                            - D:\mine\JEE\authentication\project\target\liberty\wlp\usr\servers\projectServer\logs\ffdc\ffdc_24.02.26_10.47.35.3.log
                                                                            - D:\mine\JEE\authentication\project\target\liberty\wlp\usr\servers\projectServer\logs\ffdc\ffdc_24.02.26_10.47.35.4.log
     1     29 2/26/24, 10:56:00:466 WEST  2/26/24, 11:34:21:894 WEST  java.lang.NoClassDefFoundError com.ibm.ws.injectionengine.InjectionProcessorManager.getAllDeclaredFields 249
                                                                            - D:\mine\JEE\authentication\project\target\liberty\wlp\usr\servers\projectServer\logs\ffdc\ffdc_24.02.26_10.56.00.0.log
                                                                            - D:\mine\JEE\authentication\project\target\liberty\wlp\usr\servers\projectServer\logs\ffdc\ffdc_24.02.26_10.56.08.0.log
     2     29 2/26/24, 10:56:00:536 WEST  2/26/24, 11:34:21:930 WEST  org.jboss.weld.resources.spi.ResourceLoadingException com.ibm.ws.cdi.impl.weld.BeanDeploymentArchiveImpl 987
                                                                            - D:\mine\JEE\authentication\project\target\liberty\wlp\usr\servers\projectServer\logs\ffdc\ffdc_24.02.26_10.56.00.1.log
     3      4 2/26/24, 11:02:31:800 WEST  2/26/24, 11:59:58:963 WEST  com.ibm.wsspi.injectionengine.InjectionException com.ibm.wsspi.injectionengine.InjectionBinding.getInjectionObject 408
                                                                            - D:\mine\JEE\authentication\project\target\liberty\wlp\usr\servers\projectServer\logs\ffdc\ffdc_24.02.26_11.02.31.0.log
                                                                            - D:\mine\JEE\authentication\project\target\liberty\wlp\usr\servers\projectServer\logs\ffdc\ffdc_24.02.26_11.59.58.0.log
     4      2 2/26/24, 11:02:31:816 WEST  2/26/24, 11:59:58:748 WEST  com.ibm.wsspi.injectionengine.InjectionException com.ibm.ws.cdi.impl.weld.injection.WebSphereInjectionServicesImpl 201
                                                                            - D:\mine\JEE\authentication\project\target\liberty\wlp\usr\servers\projectServer\logs\ffdc\ffdc_24.02.26_11.02.31.1.log
                                                                            - D:\mine\JEE\authentication\project\target\liberty\wlp\usr\servers\projectServer\logs\ffdc\ffdc_24.02.26_11.59.58.1.log
     5      2 2/26/24, 11:02:32:039 WEST  2/26/24, 11:59:58:863 WEST  com.ibm.wsspi.injectionengine.InjectionException com.ibm.ws.cdi.impl.weld.injection.WebSphereInjectionServicesImpl.inject 248
                                                                            - D:\mine\JEE\authentication\project\target\liberty\wlp\usr\servers\projectServer\logs\ffdc\ffdc_24.02.26_11.02.32.0.log
                                                                            - D:\mine\JEE\authentication\project\target\liberty\wlp\usr\servers\projectServer\logs\ffdc\ffdc_24.02.26_11.59.58.2.log
     6      2 2/26/24, 11:02:32:118 WEST  2/26/24, 11:59:58:898 WEST  java.security.PrivilegedActionException com.ibm.ws.cdi.impl.weld.injection.WebSphereInjectionServicesImpl 118
                                                                            - D:\mine\JEE\authentication\project\target\liberty\wlp\usr\servers\projectServer\logs\ffdc\ffdc_24.02.26_11.02.32.1.log
                                                                            - D:\mine\JEE\authentication\project\target\liberty\wlp\usr\servers\projectServer\logs\ffdc\ffdc_24.02.26_11.59.58.3.log
     7      2 2/26/24, 11:02:32:294 WEST  2/26/24, 11:59:58:963 WEST  com.ibm.wsspi.injectionengine.InjectionException com.ibm.ws.cdi.impl.managedobject.CDIManagedObject 185
                                                                            - D:\mine\JEE\authentication\project\target\liberty\wlp\usr\servers\projectServer\logs\ffdc\ffdc_24.02.26_11.02.32.2.log
                                                                            - D:\mine\JEE\authentication\project\target\liberty\wlp\usr\servers\projectServer\logs\ffdc\ffdc_24.02.26_11.59.58.4.log
     8      2 2/26/24, 11:02:32:428 WEST  2/26/24, 11:59:59:021 WEST  com.ibm.wsspi.injectionengine.InjectionException com.ibm.ws.webcontainer.servlet.ServletWrapper.loadServlet 228
                                                                            - D:\mine\JEE\authentication\project\target\liberty\wlp\usr\servers\projectServer\logs\ffdc\ffdc_24.02.26_11.02.32.3.log
                                                                            - D:\mine\JEE\authentication\project\target\liberty\wlp\usr\servers\projectServer\logs\ffdc\ffdc_24.02.26_11.59.59.0.log
     9      2 2/26/24, 11:02:32:681 WEST  2/26/24, 11:59:59:103 WEST  jakarta.servlet.UnavailableException com.ibm.ws.webcontainer.servlet.ServletWrapper.handleRequest() 302
                                                                            - D:\mine\JEE\authentication\project\target\liberty\wlp\usr\servers\projectServer\logs\ffdc\ffdc_24.02.26_11.02.32.4.log
                                                                            - D:\mine\JEE\authentication\project\target\liberty\wlp\usr\servers\projectServer\logs\ffdc\ffdc_24.02.26_11.59.59.1.log
    10     11 2/26/24, 11:11:04:547 WEST  2/26/24, 12:09:24:756 WEST  com.ibm.ws.rsadapter.exceptions.DataStoreAdapterException com.ibm.ejs.j2c.poolmanager.FreePool.createManagedConnectionWithMCWrapper 199
                                                                            - D:\mine\JEE\authentication\project\target\liberty\wlp\usr\servers\projectServer\logs\ffdc\ffdc_24.02.26_11.11.04.0.log
    11     11 2/26/24, 11:11:04:615 WEST  2/26/24, 12:09:24:756 WEST  jakarta.resource.spi.ResourceAllocationException com.ibm.ws.rsadapter.jdbc.WSJdbcDataSource.getConnection 299
                                                                            - D:\mine\JEE\authentication\project\target\liberty\wlp\usr\servers\projectServer\logs\ffdc\ffdc_24.02.26_11.11.04.1.log
------+------+---------------------------+---------------------------+---------------------------
