------Start of DE processing------ = [2/26/24, 11:02:32:294 WEST ]
Exception = com.ibm.wsspi.injectionengine.InjectionException
Source = com.ibm.ws.cdi.impl.managedobject.CDIManagedObject
probeid = 185
Stack Dump = com.ibm.wsspi.injectionengine.InjectionException: CWNEN0030E: The server was unable to obtain an object instance for the java:comp/env/oumnou.lp.HelloServlet/dataSource reference.  The exception message was: CWNEN1003E: The server was unable to find the jdbc/atelier2 binding with the javax.sql.DataSource type for the java:comp/env/oumnou.lp.HelloServlet/dataSource reference.
	at com.ibm.wsspi.injectionengine.InjectionBinding.getInjectionObject(InjectionBinding.java:1462)
	at com.ibm.wsspi.injectionengine.InjectionBinding.getInjectableObject(InjectionBinding.java:1376)
	at com.ibm.wsspi.injectionengine.InjectionTarget.inject(InjectionTarget.java:106)
	at com.ibm.ws.cdi.impl.managedobject.CDIManagedObject.inject(CDIManagedObject.java:184)
	at com.ibm.ws.cdi.impl.managedobject.CDIManagedObject.inject(CDIManagedObject.java:155)
	at com.ibm.ws.webcontainer.osgi.webapp.WebApp.inject(WebApp.java:1278)
	at com.ibm.ws.webcontainer.osgi.webapp.WebApp.injectAndPostConstruct(WebApp.java:1419)
	at com.ibm.ws.webcontainer.osgi.webapp.WebApp.injectAndPostConstruct(WebApp.java:1407)
	at com.ibm.ws.webcontainer.osgi.servlet.ServletWrapper.createTarget(ServletWrapper.java:65)
	at com.ibm.ws.webcontainer.servlet.ServletWrapper$1.run(ServletWrapper.java:1545)
	at java.base/java.security.AccessController.doPrivileged(AccessController.java:571)
	at com.ibm.ws.webcontainer.servlet.ServletWrapper.loadServlet(ServletWrapper.java:1513)
	at com.ibm.ws.webcontainer.servlet.ServletWrapper.handleRequest(ServletWrapper.java:592)
	at com.ibm.ws.webcontainer.servlet.ServletWrapper.handleRequest(ServletWrapper.java:445)
	at com.ibm.ws.webcontainer.filter.WebAppFilterManager.invokeFilters(WebAppFilterManager.java:1361)
	at com.ibm.ws.webcontainer.webapp.WebApp.handleRequest(WebApp.java:5076)
	at com.ibm.ws.webcontainer.osgi.DynamicVirtualHost$2.handleRequest(DynamicVirtualHost.java:328)
	at com.ibm.ws.webcontainer.WebContainer.handleRequest(WebContainer.java:1038)
	at com.ibm.ws.webcontainer.osgi.DynamicVirtualHost$2.run(DynamicVirtualHost.java:293)
	at com.ibm.ws.http.dispatcher.internal.channel.HttpDispatcherLink$TaskWrapper.run(HttpDispatcherLink.java:1260)
	at com.ibm.ws.http.dispatcher.internal.channel.HttpDispatcherLink.wrapHandlerAndExecute(HttpDispatcherLink.java:476)
	at com.ibm.ws.http.dispatcher.internal.channel.HttpDispatcherLink.ready(HttpDispatcherLink.java:435)
	at com.ibm.ws.http.channel.internal.inbound.HttpInboundLink.handleDiscrimination(HttpInboundLink.java:569)
	at com.ibm.ws.http.channel.internal.inbound.HttpInboundLink.handleNewRequest(HttpInboundLink.java:503)
	at com.ibm.ws.http.channel.internal.inbound.HttpInboundLink.processRequest(HttpInboundLink.java:363)
	at com.ibm.ws.http.channel.internal.inbound.HttpInboundLink.ready(HttpInboundLink.java:330)
	at com.ibm.ws.tcpchannel.internal.NewConnectionInitialReadCallback.sendToDiscriminators(NewConnectionInitialReadCallback.java:169)
	at com.ibm.ws.tcpchannel.internal.NewConnectionInitialReadCallback.complete(NewConnectionInitialReadCallback.java:77)
	at com.ibm.ws.tcpchannel.internal.WorkQueueManager.requestComplete(WorkQueueManager.java:516)
	at com.ibm.ws.tcpchannel.internal.WorkQueueManager.attemptIO(WorkQueueManager.java:586)
	at com.ibm.ws.tcpchannel.internal.WorkQueueManager.workerRun(WorkQueueManager.java:970)
	at com.ibm.ws.tcpchannel.internal.WorkQueueManager$Worker.run(WorkQueueManager.java:1059)
	at com.ibm.ws.threading.internal.ExecutorServiceImpl$RunnableWrapper.run(ExecutorServiceImpl.java:280)
	at java.base/java.util.concurrent.ThreadPoolExecutor.runWorker(ThreadPoolExecutor.java:1144)
	at java.base/java.util.concurrent.ThreadPoolExecutor$Worker.run(ThreadPoolExecutor.java:642)
	at java.base/java.lang.Thread.run(Thread.java:1583)
Caused by: com.ibm.wsspi.injectionengine.InjectionException: CWNEN1003E: The server was unable to find the jdbc/atelier2 binding with the javax.sql.DataSource type for the java:comp/env/oumnou.lp.HelloServlet/dataSource reference.
	at com.ibm.ws.injectionengine.osgi.internal.IndirectJndiLookupObjectFactory.getObjectInstance(IndirectJndiLookupObjectFactory.java:205)
	at com.ibm.ws.injectionengine.osgi.internal.IndirectJndiLookupObjectFactory.getObjectInstance(IndirectJndiLookupObjectFactory.java:102)
	at com.ibm.wsspi.injectionengine.InjectionBinding.getInjectionObjectInstance(InjectionBinding.java:1560)
	at com.ibm.wsspi.injectionengine.InjectionBinding.getInjectionObject(InjectionBinding.java:1436)
	... 35 more

Dump of callerThis
Object type = com.ibm.ws.cdi.impl.managedobject.CDIManagedObject
  tc = class com.ibm.websphere.ras.TraceComponent@2d787df6
    strings[0] = "TraceComponent[com.ibm.ws.cdi.impl.managedobject.CDIManagedObject,class com.ibm.ws.cdi.impl.managedobject.CDIManagedObject,[JCDI],com.ibm.ws.cdi.internal.resources.CDI,null]"
  managedObject = class oumnou.lp.HelloServlet@571eb3b3
    serialVersionUID = 1
    dataSource = null
    serialVersionUID = 8466325577512134784
    METHOD_DELETE = "DELETE"
    METHOD_HEAD = "HEAD"
    METHOD_GET = "GET"
    METHOD_OPTIONS = "OPTIONS"
    METHOD_POST = "POST"
    METHOD_PUT = "PUT"
    METHOD_TRACE = "TRACE"
    HEADER_IFMODSINCE = "If-Modified-Since"
    HEADER_LASTMOD = "Last-Modified"
    LEGACY_DO_HEAD = "jakarta.servlet.http.legacyDoHead"
    LSTRING_FILE = "jakarta.servlet.http.LocalStrings"
    lStrings = class java.util.PropertyResourceBundle@71c2de45
      encoding = "/* Could not access encoding */"
      lookup = "/* Could not access lookup */"
      INITIAL_CACHE_SIZE = "/* Could not access INITIAL_CACHE_SIZE */"
      NONEXISTENT_BUNDLE = "/* Could not access NONEXISTENT_BUNDLE */"
      cacheList = "/* Could not access cacheList */"
      referenceQueue = "/* Could not access referenceQueue */"
      parent = "/* Could not access parent */"
      locale = "/* Could not access locale */"
      name = "/* Could not access name */"
      expired = "/* Could not access expired */"
      cacheKey = "/* Could not access cacheKey */"
      keySet = "/* Could not access keySet */"
      UNKNOWN_FORMAT = "/* Could not access UNKNOWN_FORMAT */"
      TRACE_ON = "/* Could not access TRACE_ON */"
      $assertionsDisabled = "/* Could not access $assertionsDisabled */"
    legacyHeadHandling = false
    serialVersionUID = -8592279577370996712
    LSTRING_FILE = "jakarta.servlet.LocalStrings"
    lStrings = class java.util.PropertyResourceBundle@4961f746
      encoding = "/* Could not access encoding */"
      lookup = "/* Could not access lookup */"
      INITIAL_CACHE_SIZE = "/* Could not access INITIAL_CACHE_SIZE */"
      NONEXISTENT_BUNDLE = "/* Could not access NONEXISTENT_BUNDLE */"
      cacheList = "/* Could not access cacheList */"
      referenceQueue = "/* Could not access referenceQueue */"
      parent = "/* Could not access parent */"
      locale = "/* Could not access locale */"
      name = "/* Could not access name */"
      expired = "/* Could not access expired */"
      cacheKey = "/* Could not access cacheKey */"
      keySet = "/* Could not access keySet */"
      UNKNOWN_FORMAT = "/* Could not access UNKNOWN_FORMAT */"
      TRACE_ON = "/* Could not access TRACE_ON */"
      $assertionsDisabled = "/* Could not access $assertionsDisabled */"
    config = null
  creationalContext = class org.jboss.weld.contexts.CreationalContextImpl@56023317
    serialVersionUID = 7375854583908262422
    SERIALIZATION_PROXY = class org.jboss.weld.contexts.CreationalContextImpl$SerializationProxy@45cf58ce
      serialVersionUID = 5261112077771498097
    incompleteInstances = null
    contextual = null
    dependentInstances = class java.util.Collections$SynchronizedRandomAccessList@6753c2cc
      serialVersionUID = "/* Could not access serialVersionUID */"
      serialVersionUID = "/* Could not access serialVersionUID */"
      list = "/* Could not access list */"
      serialVersionUID = "/* Could not access serialVersionUID */"
      c = "/* Could not access c */"
      mutex = "/* Could not access mutex */"
    parentDependentInstances = class java.util.Collections$SynchronizedRandomAccessList@323c7c1
      serialVersionUID = "/* Could not access serialVersionUID */"
      serialVersionUID = "/* Could not access serialVersionUID */"
      list = "/* Could not access list */"
      serialVersionUID = "/* Could not access serialVersionUID */"
      c = "/* Could not access c */"
      mutex = "/* Could not access mutex */"
    parentCreationalContext = null
    destroyed = null
    resourceReferences = null
    constructorInterceptionSuppressed = false
    aroundConstructCallbacks = null
    aroundConstructInterceptionContext = null
  injectionTarget = class org.jboss.weld.injection.producer.BeanInjectionTarget@2b3b97e2
    bean = null
    beanManager = class org.jboss.weld.manager.BeanManagerImpl@3155ef64
      serialVersionUID = 3021562879133838561
      CREATIONAL_CONTEXT = "creationalContext"
      services = class org.jboss.weld.bootstrap.api.helpers.SimpleServiceRegistry@72567f3e
      contexts = class java.util.concurrent.ConcurrentHashMap@42001a26
      clientProxyProvider = class org.jboss.weld.bean.proxy.ClientProxyProvider@35731103
      enterpriseBeans = class java.util.concurrent.ConcurrentHashMap@6dd532ff
      enabled = class org.jboss.weld.bootstrap.enablement.ModuleEnablement@437e1ea0
      beanResolver = class org.jboss.weld.resolution.TypeSafeBeanResolver@7f89efa
      decoratorResolver = class org.jboss.weld.resolution.TypeSafeDecoratorResolver@73c8f54e
      interceptorResolver = class org.jboss.weld.resolution.TypeSafeInterceptorResolver@5a424151
      nameBasedResolver = class org.jboss.weld.resolution.NameBasedResolver@697adfa7
      weldELResolver = class org.jboss.weld.module.web.el.WeldELResolver@2a36833c
      accessibleLenientObserverNotifier = class org.jboss.weld.module.jta.TransactionalObserverNotifier@1e6071b1
      globalLenientObserverNotifier = class org.jboss.weld.module.jta.TransactionalObserverNotifier@5660e3e5
      globalStrictObserverNotifier = class org.jboss.weld.module.jta.TransactionalObserverNotifier@69d89969
      enabledBeans = class java.util.concurrent.CopyOnWriteArrayList@77e9c80d
      sharedBeans = class java.util.concurrent.CopyOnWriteArrayList@6a99c2b8
      specializedBeans = class java.util.concurrent.CopyOnWriteArrayList@3b377bc5
      decorators = class java.util.concurrent.CopyOnWriteArrayList@1609ae1b
      interceptors = class java.util.concurrent.CopyOnWriteArrayList@2f19b577
      namespaces = class java.util.concurrent.CopyOnWriteArrayList@b313e2e
      observers = class java.util.concurrent.CopyOnWriteArrayList@bd895de
      beanSet = null
      managers = class java.util.HashSet@507a8bc8
      accessibleManagers = class java.util.HashSet@322a3ebd
      id = "project#project.war"
      contextId = "project"
      interceptorModelRegistry = class java.util.concurrent.ConcurrentHashMap@30e8a698
      interceptorMetadataReader = class org.jboss.weld.interceptor.reader.InterceptorMetadataReader@7fd1a33e
      containerLifecycleEvents = class org.jboss.weld.bootstrap.events.ContainerLifecycleEvents@7b7153c7
      registry = class org.jboss.weld.bootstrap.SpecializationAndEnablementRegistry@184d55c2
      currentInjectionPoint = class org.jboss.weld.injection.CurrentInjectionPoint@6d64fc35
      clientProxyOptimization = false
      validationFailureCallbacks = class java.util.concurrent.CopyOnWriteArrayList@1fde6af4
      requestInitializedEvent = class org.jboss.weld.util.LazyValueHolder$1@6ec0eda3
      requestBeforeDestroyedEvent = class org.jboss.weld.util.LazyValueHolder$1@1cd156fc
      requestDestroyedEvent = class org.jboss.weld.util.LazyValueHolder$1@561e8407
    type = class org.jboss.weld.annotated.slim.backed.BackedAnnotatedType@6c668319
      javaClass = class java.lang.Class@7ffbcb74
      constructors = class org.jboss.weld.annotated.slim.backed.BackedAnnotatedType$BackedAnnotatedConstructors@66a1ebff
      methods = class org.jboss.weld.annotated.slim.backed.BackedAnnotatedType$BackedAnnotatedMethods@62d4b571
      fields = class org.jboss.weld.annotated.slim.backed.BackedAnnotatedType$BackedAnnotatedFields@458a12ac
      sharedObjectCache = class org.jboss.weld.resources.SharedObjectCache@1236d2f1
      reflectionCache = class org.jboss.weld.resources.HotspotReflectionCache@7ba12d5b
      identifier = class org.jboss.weld.annotated.slim.AnnotatedTypeIdentifier@3c997063
      typeClosure = class org.jboss.weld.annotated.enhanced.TypeClosureLazyValueHolder@29130a2e
      baseType = class java.lang.Class@7ffbcb74
    injectionPoints = class java.util.Collections$EmptySet@77ae6bf9
      serialVersionUID = "/* Could not access serialVersionUID */"
    instantiator = class org.jboss.weld.injection.producer.DefaultInstantiator@782bea45
      constructor = class org.jboss.weld.injection.ConstructorInjectionPoint@28c0c463
    injector = class org.jboss.weld.injection.producer.ResourceInjector@77c8e5cf
      resourceInjectionsHierarchy = class java.util.Collections$EmptyList@7a4bc8e9
      injectableFields = class org.jboss.weld.util.collections.ImmutableArrayList@131241ae
      initializerMethods = class org.jboss.weld.util.collections.ImmutableArrayList@6aaea4a2
    invoker = class org.jboss.weld.injection.producer.DefaultLifecycleCallbackInvoker@79b5cbdf
      accessiblePostConstructMethods = class java.util.Collections$EmptyList@7a4bc8e9
      accessiblePreDestroyMethods = class java.util.Collections$EmptyList@7a4bc8e9
  lifecycleManaged = true
  beanScope = null
  identity = "oumnou.lp.HelloServlet@571eb3b3"
  websphereInjectionServices = class com.ibm.ws.cdi.impl.weld.injection.WebSphereInjectionServicesImpl@713151da
    tc = class com.ibm.websphere.ras.TraceComponent@4f980958
      strings[0] = "TraceComponent[com.ibm.ws.cdi.impl.weld.injection.WebSphereInjectionServicesImpl,class com.ibm.ws.cdi.impl.weld.injection.WebSphereInjectionServicesImpl,[JCDI],com.ibm.ws.cdi.internal.resources.CDI,null]"
    ANNOTATIONS_KNOWN_TO_WELD = class java.util.HashSet@5db2c22b
      serialVersionUID = "/* Could not access serialVersionUID */"
      map = "/* Could not access map */"
      PRESENT = "/* Could not access PRESENT */"
    referenceContextMap = class java.util.concurrent.ConcurrentHashMap@7b3b828f
      serialVersionUID = "/* Could not access serialVersionUID */"
      MAXIMUM_CAPACITY = "/* Could not access MAXIMUM_CAPACITY */"
      DEFAULT_CAPACITY = "/* Could not access DEFAULT_CAPACITY */"
      MAX_ARRAY_SIZE = "/* Could not access MAX_ARRAY_SIZE */"
      DEFAULT_CONCURRENCY_LEVEL = "/* Could not access DEFAULT_CONCURRENCY_LEVEL */"
      LOAD_FACTOR = "/* Could not access LOAD_FACTOR */"
      TREEIFY_THRESHOLD = "/* Could not access TREEIFY_THRESHOLD */"
      UNTREEIFY_THRESHOLD = "/* Could not access UNTREEIFY_THRESHOLD */"
      MIN_TREEIFY_CAPACITY = "/* Could not access MIN_TREEIFY_CAPACITY */"
      MIN_TRANSFER_STRIDE = "/* Could not access MIN_TRANSFER_STRIDE */"
      RESIZE_STAMP_BITS = "/* Could not access RESIZE_STAMP_BITS */"
      MAX_RESIZERS = "/* Could not access MAX_RESIZERS */"
      RESIZE_STAMP_SHIFT = "/* Could not access RESIZE_STAMP_SHIFT */"
      MOVED = "/* Could not access MOVED */"
      TREEBIN = "/* Could not access TREEBIN */"
      RESERVED = "/* Could not access RESERVED */"
      HASH_BITS = "/* Could not access HASH_BITS */"
      NCPU = "/* Could not access NCPU */"
      serialPersistentFields = "/* Could not access serialPersistentFields */"
      table = "/* Could not access table */"
      nextTable = "/* Could not access nextTable */"
      baseCount = "/* Could not access baseCount */"
      sizeCtl = "/* Could not access sizeCtl */"
      transferIndex = "/* Could not access transferIndex */"
      cellsBusy = "/* Could not access cellsBusy */"
      counterCells = "/* Could not access counterCells */"
      keySet = "/* Could not access keySet */"
      values = "/* Could not access values */"
      entrySet = "/* Could not access entrySet */"
      U = "/* Could not access U */"
      SIZECTL = "/* Could not access SIZECTL */"
      TRANSFERINDEX = "/* Could not access TRANSFERINDEX */"
      BASECOUNT = "/* Could not access BASECOUNT */"
      CELLSBUSY = "/* Could not access CELLSBUSY */"
      CELLVALUE = "/* Could not access CELLVALUE */"
      ABASE = "/* Could not access ABASE */"
      ASHIFT = "/* Could not access ASHIFT */"
      keySet = "/* Could not access keySet */"
      values = "/* Could not access values */"
    referenceContexts = class java.util.Collections$SetFromMap@53df6371
      m = "/* Could not access m */"
      s = "/* Could not access s */"
      serialVersionUID = "/* Could not access serialVersionUID */"
    injectionTargetListeners = class java.util.concurrent.ConcurrentHashMap@38d1d86
      serialVersionUID = "/* Could not access serialVersionUID */"
      MAXIMUM_CAPACITY = "/* Could not access MAXIMUM_CAPACITY */"
      DEFAULT_CAPACITY = "/* Could not access DEFAULT_CAPACITY */"
      MAX_ARRAY_SIZE = "/* Could not access MAX_ARRAY_SIZE */"
      DEFAULT_CONCURRENCY_LEVEL = "/* Could not access DEFAULT_CONCURRENCY_LEVEL */"
      LOAD_FACTOR = "/* Could not access LOAD_FACTOR */"
      TREEIFY_THRESHOLD = "/* Could not access TREEIFY_THRESHOLD */"
      UNTREEIFY_THRESHOLD = "/* Could not access UNTREEIFY_THRESHOLD */"
      MIN_TREEIFY_CAPACITY = "/* Could not access MIN_TREEIFY_CAPACITY */"
      MIN_TRANSFER_STRIDE = "/* Could not access MIN_TRANSFER_STRIDE */"
      RESIZE_STAMP_BITS = "/* Could not access RESIZE_STAMP_BITS */"
      MAX_RESIZERS = "/* Could not access MAX_RESIZERS */"
      RESIZE_STAMP_SHIFT = "/* Could not access RESIZE_STAMP_SHIFT */"
      MOVED = "/* Could not access MOVED */"
      TREEBIN = "/* Could not access TREEBIN */"
      RESERVED = "/* Could not access RESERVED */"
      HASH_BITS = "/* Could not access HASH_BITS */"
      NCPU = "/* Could not access NCPU */"
      serialPersistentFields = "/* Could not access serialPersistentFields */"
      table = "/* Could not access table */"
      nextTable = "/* Could not access nextTable */"
      baseCount = "/* Could not access baseCount */"
      sizeCtl = "/* Could not access sizeCtl */"
      transferIndex = "/* Could not access transferIndex */"
      cellsBusy = "/* Could not access cellsBusy */"
      counterCells = "/* Could not access counterCells */"
      keySet = "/* Could not access keySet */"
      values = "/* Could not access values */"
      entrySet = "/* Could not access entrySet */"
      U = "/* Could not access U */"
      SIZECTL = "/* Could not access SIZECTL */"
      TRANSFERINDEX = "/* Could not access TRANSFERINDEX */"
      BASECOUNT = "/* Could not access BASECOUNT */"
      CELLSBUSY = "/* Could not access CELLSBUSY */"
      CELLVALUE = "/* Could not access CELLVALUE */"
      ABASE = "/* Could not access ABASE */"
      ASHIFT = "/* Could not access ASHIFT */"
      keySet = "/* Could not access keySet */"
      values = "/* Could not access values */"
    deployment = class com.ibm.ws.cdi.impl.weld.WebSphereCDIDeploymentImpl@78c933ac
      tc = class com.ibm.websphere.ras.TraceComponent@3a3d8001
      id = "project"
      deploymentDBAs = class java.util.HashMap@5fc1e9c0
      applicationBDAs = class java.util.HashSet@772dcda2
      extensionBDAs = class java.util.HashMap@1ca78fec
      orderedBDAs = class java.util.ArrayList@2dc29b87
      bootstrap = class org.jboss.weld.bootstrap.WeldBootstrap@7d1de816
      classloader = class com.ibm.ws.classloading.internal.AppClassLoader@3831a71f
      extensionClassLoaders = class java.util.HashSet@64446aca
      cdiEnabled = true
      cdiStatusMap = class java.util.HashMap@443c4141
      classBDAMap = class java.util.concurrent.ConcurrentHashMap@7d9bf4e2
      application = class com.ibm.ws.cdi.internal.archive.liberty.ApplicationImpl@6fd4ee1f
      serviceRegistry = class org.jboss.weld.bootstrap.api.helpers.SimpleServiceRegistry@2801db15
      extensions = class java.util.HashSet@e91a11d
      injectionServices = class com.ibm.ws.cdi.impl.weld.injection.WebSphereInjectionServicesImpl@713151da
      cdiRuntime = class com.ibm.ws.cdi.liberty.CDIRuntimeImpl@63954509
      cdi = class com.ibm.ws.cdi.impl.CDIImpl@2c8f68c9
      serialVersionUID = 4603914438338371166
    serialVersionUID = 2515575801175940133
  currentInjectionTargets = class java.util.HashSet@28df2d17
    serialVersionUID = "/* Could not access serialVersionUID */"
    map = "/* Could not access map */"
    PRESENT = "/* Could not access PRESENT */"
  currentInjectionContext = class com.ibm.ws.cdi.impl.managedobject.CDIManagedObject$1@1361dabd
    this$0 = class com.ibm.ws.cdi.impl.managedobject.CDIManagedObject@2976847e
    serialVersionUID = -5767132127582061148
    $$$tc$$$ = class com.ibm.websphere.ras.TraceComponent@578644a1
      strings[0] = "TraceComponent[com.ibm.ws.cdi.impl.managedobject.CDIManagedObject$1,class com.ibm.ws.cdi.impl.managedobject.CDIManagedObject$1,[JCDI],com.ibm.ws.cdi.internal.resources.CDI,null]"
  serialVersionUID = 642874158156701263

Dump of objectArray[0]
Object type = [Lcom.ibm.wsspi.injectionengine.InjectionTarget;
  InjectionTarget[0] = class com.ibm.wsspi.injectionengine.InjectionTargetField@70e3154b
    CLASS_NAME = "com.ibm.wsspi.injectionengine.InjectionTargetField"
    tc = class com.ibm.websphere.ras.TraceComponent@3a466a20
      strings[0] = "TraceComponent[com.ibm.wsspi.injectionengine.InjectionTargetField,class com.ibm.wsspi.injectionengine.InjectionTargetField,[Injection],com.ibm.wsspi.injectionengine.injection,null]"
    ivField = class java.lang.reflect.Field@4a791bb4
    CLASS_NAME = "com.ibm.wsspi.injectionengine.InjectionTarget"
    tc = class com.ibm.websphere.ras.TraceComponent@148a8752
      strings[0] = "TraceComponent[com.ibm.wsspi.injectionengine.InjectionTarget,class com.ibm.wsspi.injectionengine.InjectionTarget,[Injection],com.ibm.wsspi.injectionengine.injection,null]"
    ivInjectionBinding = class com.ibm.ws.injectionengine.processor.ResourceInjectionBinding@708996ee
      CLASS_NAME = "com.ibm.ws.injectionengine.processor.ResourceInjectionBinding"
      tc = class com.ibm.websphere.ras.TraceComponent@101c7b95
      svResourceLookupMethod = class java.lang.reflect.Method@328c85f3
      ivEnvValue = null
      ivLink = null
      ivXMLType = class com.ibm.ws.injectionengine.processor.ResourceXMLType@548964f4
      ivLookup = "jdbc/atelier2"
      ivLookupInXml = false
      ivBindingName = "jdbc/atelier2"
      ivBindingValue = null
      ivResRefConfig = class com.ibm.ws.resource.internal.ResourceRefConfigImpl@28a9b4ea
      ivApplication = "project"
      ivModule = "project.war"
      ivComponent = "project.war"
      ivMergeCompleted = false
      ENV_ENTRY_TYPES = class java.lang.Class[10]
      CLASS_NAME = "com.ibm.wsspi.injectionengine.InjectionBinding"
      tc = class com.ibm.websphere.ras.TraceComponent@1e580afa
      ivContext = null
      ivProcessorClass = class java.lang.Class@39664e77
      ivJndiName = "oumnou.lp.HelloServlet/dataSource"
      ivInjectionScope = null
      ivJavaNameSpaceName = "oumnou.lp.HelloServlet/dataSource"
      ivAnnotation = class jdk.proxy11.$Proxy55@42dec59c
      ivInjectionClassType = class java.lang.Class@2450afa7
      ivInjectionClassTypeName = null
      ivInjectedObject = null
      ivBindingObject = class com.ibm.ws.injectionengine.osgi.internal.IndirectReference@5defb7f7
      ivObjectFactoryClassName = "com.ibm.ws.injectionengine.osgi.internal.IndirectJndiLookupObjectFactory"
      ivObjectFactoryClass = null
      ivObjectFactory = class com.ibm.ws.injectionengine.osgi.internal.IndirectJndiLookupObjectFactory@38845644
      ivInjectionObjectFactory = null
      ivInjectionTargets = null
      ivJ2eeName = class com.ibm.ws.container.service.metadata.internal.J2EENameImpl@43e92d2e
      ivNameSpaceConfig = null
      ivResolveAttempted = true
      ivJavaColonCompEnvMap = class java.util.LinkedHashMap@63996aab
      ivCheckAppConfig = false
    ivFromXML = false

Dump of objectArray[1]
Object type = com.ibm.ws.cdi.impl.managedobject.CDIManagedObject$1
  this$0 = class com.ibm.ws.cdi.impl.managedobject.CDIManagedObject@2976847e
    tc = class com.ibm.websphere.ras.TraceComponent@2d787df6
      strings[0] = "TraceComponent[com.ibm.ws.cdi.impl.managedobject.CDIManagedObject,class com.ibm.ws.cdi.impl.managedobject.CDIManagedObject,[JCDI],com.ibm.ws.cdi.internal.resources.CDI,null]"
    managedObject = class oumnou.lp.HelloServlet@571eb3b3
      serialVersionUID = 1
      dataSource = null
      serialVersionUID = 8466325577512134784
      METHOD_DELETE = "DELETE"
      METHOD_HEAD = "HEAD"
      METHOD_GET = "GET"
      METHOD_OPTIONS = "OPTIONS"
      METHOD_POST = "POST"
      METHOD_PUT = "PUT"
      METHOD_TRACE = "TRACE"
      HEADER_IFMODSINCE = "If-Modified-Since"
      HEADER_LASTMOD = "Last-Modified"
      LEGACY_DO_HEAD = "jakarta.servlet.http.legacyDoHead"
      LSTRING_FILE = "jakarta.servlet.http.LocalStrings"
      lStrings = class java.util.PropertyResourceBundle@71c2de45
      legacyHeadHandling = false
      serialVersionUID = -8592279577370996712
      LSTRING_FILE = "jakarta.servlet.LocalStrings"
      lStrings = class java.util.PropertyResourceBundle@4961f746
      config = null
    creationalContext = class org.jboss.weld.contexts.CreationalContextImpl@56023317
      serialVersionUID = 7375854583908262422
      SERIALIZATION_PROXY = class org.jboss.weld.contexts.CreationalContextImpl$SerializationProxy@45cf58ce
      incompleteInstances = null
      contextual = null
      dependentInstances = class java.util.Collections$SynchronizedRandomAccessList@6753c2cc
      parentDependentInstances = class java.util.Collections$SynchronizedRandomAccessList@323c7c1
      parentCreationalContext = null
      destroyed = null
      resourceReferences = null
      constructorInterceptionSuppressed = false
      aroundConstructCallbacks = null
      aroundConstructInterceptionContext = null
    injectionTarget = class org.jboss.weld.injection.producer.BeanInjectionTarget@2b3b97e2
      bean = null
      beanManager = class org.jboss.weld.manager.BeanManagerImpl@3155ef64
      type = class org.jboss.weld.annotated.slim.backed.BackedAnnotatedType@6c668319
      injectionPoints = class java.util.Collections$EmptySet@77ae6bf9
      instantiator = class org.jboss.weld.injection.producer.DefaultInstantiator@782bea45
      injector = class org.jboss.weld.injection.producer.ResourceInjector@77c8e5cf
      invoker = class org.jboss.weld.injection.producer.DefaultLifecycleCallbackInvoker@79b5cbdf
    lifecycleManaged = true
    beanScope = null
    identity = "oumnou.lp.HelloServlet@571eb3b3"
    websphereInjectionServices = class com.ibm.ws.cdi.impl.weld.injection.WebSphereInjectionServicesImpl@713151da
      tc = class com.ibm.websphere.ras.TraceComponent@4f980958
      ANNOTATIONS_KNOWN_TO_WELD = class java.util.HashSet@5db2c22b
      referenceContextMap = class java.util.concurrent.ConcurrentHashMap@7b3b828f
      referenceContexts = class java.util.Collections$SetFromMap@53df6371
      injectionTargetListeners = class java.util.concurrent.ConcurrentHashMap@38d1d86
      deployment = class com.ibm.ws.cdi.impl.weld.WebSphereCDIDeploymentImpl@78c933ac
      serialVersionUID = 2515575801175940133
    currentInjectionTargets = class java.util.HashSet@28df2d17
      serialVersionUID = "/* Could not access serialVersionUID */"
      map = "/* Could not access map */"
      PRESENT = "/* Could not access PRESENT */"
    currentInjectionContext = class com.ibm.ws.cdi.impl.managedobject.CDIManagedObject$1@1361dabd
    serialVersionUID = 642874158156701263
  serialVersionUID = -5767132127582061148
  $$$tc$$$ = class com.ibm.websphere.ras.TraceComponent@578644a1
    strings[0] = "TraceComponent[com.ibm.ws.cdi.impl.managedobject.CDIManagedObject$1,class com.ibm.ws.cdi.impl.managedobject.CDIManagedObject$1,[JCDI],com.ibm.ws.cdi.internal.resources.CDI,null]"

