------Start of DE processing------ = [2/26/24, 11:11:04:616 WEST ]
Exception = jakarta.resource.spi.ResourceAllocationException
Source = com.ibm.ws.rsadapter.jdbc.WSJdbcDataSource.getConnection
probeid = 299
Stack Dump = jakarta.resource.spi.ResourceAllocationException: DSRA8100E: Unable to get a XAConnection from the DataSource. with SQL State : 99999 SQL Code : 17067
	at com.ibm.ejs.j2c.FreePool.createManagedConnectionWithMCWrapper(FreePool.java:1617)
	at com.ibm.ejs.j2c.FreePool.createOrWaitForConnection(FreePool.java:1263)
	at com.ibm.ejs.j2c.PoolManager.reserve(PoolManager.java:1471)
	at com.ibm.ejs.j2c.ConnectionManager.allocateMCWrapper(ConnectionManager.java:576)
	at com.ibm.ejs.j2c.ConnectionManager.allocateConnection(ConnectionManager.java:308)
	at com.ibm.ws.rsadapter.jdbc.WSJdbcDataSource.getConnection(WSJdbcDataSource.java:142)
	at com.ibm.ws.rsadapter.jdbc.WSJdbcDataSource.getConnection(WSJdbcDataSource.java:116)
	at oumnou.lp.HelloServlet.doGet(HelloServlet.java:39)
	at jakarta.servlet.http.HttpServlet.service(HttpServlet.java:527)
	at jakarta.servlet.http.HttpServlet.service(HttpServlet.java:614)
	at com.ibm.ws.webcontainer.servlet.ServletWrapper.service(ServletWrapper.java:1260)
	at com.ibm.ws.webcontainer.servlet.ServletWrapper.handleRequest(ServletWrapper.java:748)
	at com.ibm.ws.webcontainer.servlet.ServletWrapper.handleRequest(ServletWrapper.java:445)
	at com.ibm.ws.webcontainer.filter.WebAppFilterManager.invokeFilters(WebAppFilterManager.java:1361)
	at com.ibm.ws.webcontainer.filter.WebAppFilterManager.invokeFilters(WebAppFilterManager.java:1077)
	at com.ibm.ws.webcontainer.servlet.CacheServletWrapper.handleRequest(CacheServletWrapper.java:77)
	at com.ibm.ws.webcontainer40.servlet.CacheServletWrapper40.handleRequest(CacheServletWrapper40.java:87)
	at com.ibm.ws.webcontainer.WebContainer.handleRequest(WebContainer.java:969)
	at com.ibm.ws.webcontainer.osgi.DynamicVirtualHost$2.run(DynamicVirtualHost.java:293)
	at com.ibm.ws.http.dispatcher.internal.channel.HttpDispatcherLink$TaskWrapper.run(HttpDispatcherLink.java:1260)
	at com.ibm.ws.http.dispatcher.internal.channel.HttpDispatcherLink.wrapHandlerAndExecute(HttpDispatcherLink.java:476)
	at com.ibm.ws.http.dispatcher.internal.channel.HttpDispatcherLink.ready(HttpDispatcherLink.java:435)
	at com.ibm.ws.http.channel.internal.inbound.HttpInboundLink.handleDiscrimination(HttpInboundLink.java:569)
	at com.ibm.ws.http.channel.internal.inbound.HttpInboundLink.handleNewRequest(HttpInboundLink.java:503)
	at com.ibm.ws.http.channel.internal.inbound.HttpInboundLink.processRequest(HttpInboundLink.java:363)
	at com.ibm.ws.http.channel.internal.inbound.HttpInboundLink.ready(HttpInboundLink.java:330)
	at com.ibm.ws.tcpchannel.internal.NewConnectionInitialReadCallback.sendToDiscriminators(NewConnectionInitialReadCallback.java:169)
	at com.ibm.ws.tcpchannel.internal.NewConnectionInitialReadCallback.complete(NewConnectionInitialReadCallback.java:77)
	at com.ibm.ws.tcpchannel.internal.WorkQueueManager.requestComplete(WorkQueueManager.java:516)
	at com.ibm.ws.tcpchannel.internal.WorkQueueManager.attemptIO(WorkQueueManager.java:586)
	at com.ibm.ws.tcpchannel.internal.WorkQueueManager.workerRun(WorkQueueManager.java:970)
	at com.ibm.ws.tcpchannel.internal.WorkQueueManager$Worker.run(WorkQueueManager.java:1059)
	at com.ibm.ws.threading.internal.ExecutorServiceImpl$RunnableWrapper.run(ExecutorServiceImpl.java:280)
	at java.base/java.util.concurrent.ThreadPoolExecutor.runWorker(ThreadPoolExecutor.java:1144)
	at java.base/java.util.concurrent.ThreadPoolExecutor$Worker.run(ThreadPoolExecutor.java:642)
	at java.base/java.lang.Thread.run(Thread.java:1583)
Caused by: java.sql.SQLException: Invalid Oracle URL specified: OracleDataSource.makeURL DSRA0010E: SQL State = 99999, Error Code = 17,067
	at oracle.jdbc.pool.OracleDataSource.makeURL(OracleDataSource.java:1309)
	at oracle.jdbc.pool.OracleDataSource.getURL(OracleDataSource.java:1078)
	at oracle.jdbc.xa.client.OracleXADataSource.getPooledConnection(OracleXADataSource.java:264)
	at oracle.jdbc.xa.client.OracleXADataSource.getPooledConnection(OracleXADataSource.java:255)
	at oracle.jdbc.xa.client.OracleXADataSource.getXAConnection(OracleXADataSource.java:153)
	at oracle.jdbc.xa.client.OracleXADataSource.getXAConnection(OracleXADataSource.java:110)
	at com.ibm.ws.rsadapter.impl.DatabaseHelper$1.run(DatabaseHelper.java:1509)
	at com.ibm.ws.rsadapter.impl.DatabaseHelper$1.run(DatabaseHelper.java:1502)
	at java.base/java.security.AccessController.doPrivileged(AccessController.java:714)
	at java.base/java.security.AccessController.doPrivilegedWithCombiner(AccessController.java:618)
	at com.ibm.ws.rsadapter.impl.DatabaseHelper.getPooledConnection(DatabaseHelper.java:1502)
	at com.ibm.ws.rsadapter.impl.OracleHelper.getPooledConnection(OracleHelper.java:781)
	at com.ibm.ws.rsadapter.impl.WSManagedConnectionFactoryImpl.getConnection(WSManagedConnectionFactoryImpl.java:857)
	at com.ibm.ws.rsadapter.impl.WSManagedConnectionFactoryImpl.createManagedConnection(WSManagedConnectionFactoryImpl.java:698)
	at com.ibm.ejs.j2c.FreePool.createManagedConnectionWithMCWrapper(FreePool.java:1389)
	... 35 more

Dump of callerThis
Object type = com.ibm.ws.rsadapter.jdbc.v43.WSJdbc43DataSource
  strings[0] = "_______________________________________________________________________"
  strings[1] = ""
  strings[2] = "    First Failure Data Capture information for"
  strings[3] = "          com.ibm.ws.rsadapter.jdbc.v43.WSJdbc43DataSource@1dcdbcb1"
  strings[4] = "_______________________________________________________________________"
  strings[5] = ""
  strings[6] = "ResourceRefInfo:"
  strings[7] = "  
[Resource-ref CMConfigData key items]

	res-sharing-scope:        0 (SHAREABLE)
	res-isolation-level:      0 (TRANSACTION_NONE)
	res-auth:                 0 (CONTAINER)
	commitPriority            0
	branchCoupling            -1
	loginConfigurationName:   null
	loginConfigProperties:    {}
	Resource ref name:        oumnou.lp.HelloServlet/dataSource
	Queue manager id:        not set

"
  strings[8] = "Connection Manager:"
  strings[9] = "  [ConnectionManager]@7eafb664
JNDI Name <jdbc/myDB>
shareable <true>

"
  strings[10] = "_______________________________________________________________________"
  strings[11] = ""
  strings[12] = "    First Failure Data Capture information for"
  strings[13] = "          com.ibm.ws.rsadapter.impl.WSManagedConnectionFactoryImpl@bd7b41f"
  strings[14] = "_______________________________________________________________________"
  strings[15] = ""
  strings[16] = "com.ibm.ws.rsadapter.DSConfig@f59fd9b"
  strings[17] = "[beginTranForResultSetScrollingAPIs, true, beginTranForVendorAPIs, true, commitOrRollbackOnCleanup, null, connectionSharing, MatchOriginalRequest, isolationLevel, -1, jndiName, jdbc/myDB, enableConnectionCasting, false, queryTimeout, null, statementCacheSize, 10, supplementalJDBCTrace, null, syncQueryTimeoutWithTransactionTimeout, false, transactional, true]"
  strings[18] = "{serverName=localhost, password=******, databaseName=user_accounts, user=system, portNumber=1521}"
  strings[19] = "Vendor implementation class:"
  strings[20] = "  class oracle.jdbc.xa.client.OracleXADataSource
"
  strings[21] = "Type:"
  strings[22] = "  interface javax.sql.XADataSource
"
  strings[23] = "Underlying DataSource or Driver Object: oracle.jdbc.xa.client.OracleXADataSource@3cc4018c"
  strings[24] = "  oracle.jdbc.xa.client.OracleXADataSource@3cc4018c
"
  strings[25] = "Instance id:"
  strings[26] = "  1
"
  strings[27] = "Log Writer:"
  strings[28] = "  null
"
  strings[29] = "Counter of fatal connection errors on ManagedConnections created by this MCF:"
  strings[30] = "  0
"

