------Start of DE processing------ = [2/21/24, 20:20:00:631 WEST ]
Exception = java.net.MalformedURLException
Source = com.ibm.ws.kernel.launch.internal.ProvisionerImpl
probeid = 337
Stack Dump = java.net.MalformedURLException: unknown protocol: reference
	at java.base/java.net.URL.<init>(URL.java:779)
	at java.base/java.net.URL.<init>(URL.java:654)
	at java.base/java.net.URL.<init>(URL.java:590)
	at com.ibm.ws.kernel.launch.internal.ProvisionerImpl.installKernelBundle(ProvisionerImpl.java:291)
	at com.ibm.ws.kernel.launch.internal.ProvisionerImpl.installBundles(ProvisionerImpl.java:248)
	at com.ibm.ws.kernel.launch.internal.ProvisionerImpl.initialProvisioning(ProvisionerImpl.java:97)
	at com.ibm.ws.kernel.launch.internal.FrameworkManager.innerLaunchFramework(FrameworkManager.java:496)
	at com.ibm.ws.kernel.launch.internal.FrameworkManager.launchFramework(FrameworkManager.java:322)
	at com.ibm.ws.kernel.launch.internal.LauncherDelegateImpl.doFrameworkLaunch(LauncherDelegateImpl.java:116)
	at com.ibm.ws.kernel.launch.internal.LauncherDelegateImpl.launchFramework(LauncherDelegateImpl.java:102)
	at com.ibm.ws.kernel.boot.internal.KernelBootstrap.go(KernelBootstrap.java:218)
	at com.ibm.ws.kernel.boot.Launcher.handleActions(Launcher.java:243)
	at com.ibm.ws.kernel.boot.Launcher.createPlatform(Launcher.java:119)
	at com.ibm.ws.kernel.boot.cmdline.EnvCheck.main(EnvCheck.java:61)
	at com.ibm.ws.kernel.boot.cmdline.EnvCheck.main(EnvCheck.java:37)

Dump of callerThis
Object type = com.ibm.ws.kernel.launch.internal.ProvisionerImpl
  ME = "com.ibm.ws.kernel.launch.internal.ProvisionerImpl"
  tc = class com.ibm.websphere.ras.TraceComponent@543588e6
    strings[0] = "TraceComponent[com.ibm.ws.kernel.launch.internal.ProvisionerImpl,class com.ibm.ws.kernel.launch.internal.ProvisionerImpl,[bootstrap],com.ibm.ws.kernel.boot.resources.LauncherMessages,null]"
  BUNDLE_LOC_KERNEL_TAG = "kernel@"
  serviceTracker = class org.osgi.util.tracker.ServiceTracker@1a45193b
    DEBUG = false
    context = class org.eclipse.osgi.internal.framework.BundleContextImpl@5f16132a
    filter = class org.eclipse.osgi.internal.framework.FilterImpl$Equal@73dce0e6
      value = "com.ibm.ws.kernel.provisioning.LibertyBootRuntime"
      cached = null
      debug = false
      attr = "objectClass"
      filterString = null
    customizer = class org.osgi.util.tracker.ServiceTracker@1a45193b
    listenerFilter = "(objectClass=com.ibm.ws.kernel.provisioning.LibertyBootRuntime)"
    trackClass = "com.ibm.ws.kernel.provisioning.LibertyBootRuntime"
    trackReference = null
    tracked = class org.osgi.util.tracker.ServiceTracker$Tracked@4795ded0
      this$0 = class org.osgi.util.tracker.ServiceTracker@1a45193b
      DEBUG = false
      tracked = class java.util.HashMap@1951b871
      trackingCount = 0
      adding = class java.util.ArrayList@5c18016b
      closed = false
      initial = class java.util.LinkedList@33aeca0b
    cachedReference = null
    cachedService = null
  context = class org.eclipse.osgi.internal.framework.BundleContextImpl@5f16132a
    valid = false
    bundle = class org.eclipse.osgi.internal.framework.EquinoxBundle$SystemBundle@f381794
      initListeners = class java.util.ArrayList@f001896
      equinoxContainer = class org.eclipse.osgi.internal.framework.EquinoxContainer@19553973
      module = class org.eclipse.osgi.internal.framework.EquinoxBundle$SystemBundle$EquinoxSystemModule@13f17eb4
      monitor = class java.lang.Object@1d0d6318
      context = null
      signedContent = null
      $SWITCH_TABLE$org$eclipse$osgi$container$Module$State = null
    container = class org.eclipse.osgi.internal.framework.EquinoxContainer@19553973
      NAME = "org.eclipse.osgi"
      secureAction = class org.eclipse.osgi.framework.util.SecureAction@43aaf813
      connectModules = class org.eclipse.osgi.internal.framework.EquinoxContainer$ConnectModules@57ac5227
      equinoxConfig = class org.eclipse.osgi.internal.framework.EquinoxConfiguration@4ba302e0
      logServices = class org.eclipse.osgi.internal.log.EquinoxLogServices@e98770d
      storage = class org.eclipse.osgi.storage.Storage@1ae67cad
      bootDelegation = class java.util.HashSet@2f6e28bc
      bootDelegationStems = class java.lang.String[12]
      bootDelegateAll = false
      isProcessClassRecursionSupportedByAll = false
      eventPublisher = class org.eclipse.osgi.internal.framework.EquinoxEventPublisher@31e4bb20
      monitor = class java.lang.Object@18cebaa5
      bootLoader = class jdk.internal.loader.ClassLoaders$PlatformClassLoader@463b4ac8
      serviceRegistry = null
      contextFinder = class org.eclipse.osgi.internal.framework.ContextFinder@49e5f737
      signedContentFactory = class org.osgi.util.tracker.ServiceTracker@765f05af
      executor = class java.util.concurrent.ScheduledThreadPoolExecutor@10aa41f2
      storageSaver = class org.eclipse.osgi.internal.framework.StorageSaver@62f68dff
    debug = class org.eclipse.osgi.internal.debug.Debug@7bb6ab3a
      ECLIPSE_OSGI = "org.eclipse.osgi"
      OPTION_DEBUG_GENERAL = "org.eclipse.osgi/debug"
      OPTION_DEBUG_BUNDLE_TIME = "org.eclipse.osgi/debug/bundleTime"
      OPTION_DEBUG_BUNDLE_START_TIME = "org.eclipse.osgi/debug/bundleStartTime"
      OPTION_DEBUG_LOADER = "org.eclipse.osgi/debug/loader"
      OPTION_DEBUG_STORAGE = "org.eclipse.osgi/debug/storage"
      OPTION_DEBUG_EVENTS = "org.eclipse.osgi/debug/events"
      OPTION_DEBUG_SERVICES = "org.eclipse.osgi/debug/services"
      OPTION_DEBUG_HOOKS = "org.eclipse.osgi/debug/hooks"
      OPTION_DEBUG_MANIFEST = "org.eclipse.osgi/debug/manifest"
      OPTION_DEBUG_FILTER = "org.eclipse.osgi/debug/filter"
      OPTION_DEBUG_SECURITY = "org.eclipse.osgi/debug/security"
      OPTION_DEBUG_STARTLEVEL = "org.eclipse.osgi/debug/startlevel"
      OPTION_DEBUG_PACKAGEADMIN = "org.eclipse.osgi/debug/packageadmin"
      OPTION_DEBUG_PACKAGEADMIN_TIMING = "org.eclipse.osgi/debug/packageadmin/timing"
      OPTION_MONITOR_ACTIVATION = "org.eclipse.osgi/monitor/activation"
      OPTION_MONITOR_LAZY = "org.eclipse.osgi/monitor/lazy"
      OPTION_DEBUG_MESSAGE_BUNDLES = "org.eclipse.osgi/debug/messageBundles"
      OPTION_DEBUG_LOCATION = "org.eclipse.osgi/debug/location"
      OPTION_CACHED_MANIFEST = "org.eclipse.osgi/debug/cachedmanifest"
      OPTION_DEBUG_SYSTEM_BUNDLE = "org.eclipse.osgi/debug/systemBundle"
      OPTION_DEBUG_BUNDLE_FILE = "org.eclipse.osgi/debug/bundleFile"
      OPTION_DEBUG_BUNDLE_FILE_OPEN = "org.eclipse.osgi/debug/bundleFile/open"
      OPTION_DEBUG_BUNDLE_FILE_CLOSE = "org.eclipse.osgi/debug/bundleFile/close"
      DEBUG_GENERAL = false
      DEBUG_BUNDLE_TIME = false
      DEBUG_LOADER = false
      DEBUG_STORAGE = false
      DEBUG_EVENTS = false
      DEBUG_SERVICES = false
      DEBUG_HOOKS = false
      DEBUG_MANIFEST = false
      DEBUG_FILTER = false
      DEBUG_SECURITY = false
      DEBUG_STARTLEVEL = false
      DEBUG_PACKAGEADMIN = false
      DEBUG_PACKAGEADMIN_TIMING = false
      DEBUG_MESSAGE_BUNDLES = false
      MONITOR_ACTIVATION = false
      DEBUG_LOCATION = false
      DEBUG_CACHED_MANIFEST = false
      DEBUG_SYSTEM_BUNDLE = false
      DEBUG_BUNDLE_FILE = false
      DEBUG_BUNDLE_FILE_OPEN = false
      DEBUG_BUNDLE_FILE_CLOSE = false
      out = class com.ibm.ws.logging.internal.impl.BaseTraceService$TeePrintStream@7ec3394b
    servicesInUse = null
    activator = null
    contextLock = class java.lang.Object@4c4748bf
  frameworkStartLevel = class org.eclipse.osgi.container.ModuleContainer$ContainerStartLevel@38f116f6
    USE_BEGINNING_START_LEVEL = -2147483648
    FRAMEWORK_STARTLEVEL = 1
    MODULE_STARTLEVEL = 2
    activeStartLevel = class java.util.concurrent.atomic.AtomicInteger@bf1ec20
      serialVersionUID = "/* Could not access serialVersionUID */"
      U = "/* Could not access U */"
      VALUE = "/* Could not access VALUE */"
      value = "/* Could not access value */"
      serialVersionUID = "/* Could not access serialVersionUID */"
    eventManagerLock = class java.lang.Object@70efb718
    startLevelThread = class org.eclipse.osgi.framework.eventmgr.EventManager@4e858e0a
      DEBUG = false
      thread = null
      closed = true
      threadName = "Start Level: Equinox Container: 3cc45b9b-5396-4c71-babd-c9ad404482ba"
      threadGroup = null
    frameworkStartLevelLock = class java.lang.Object@435fb7b5
    debugStartLevel = false
    this$0 = class org.eclipse.osgi.container.ModuleContainer@56c698e3
      secureAction = class org.eclipse.osgi.framework.util.SecureAction@2eced48b
      locationLocks = class org.eclipse.osgi.internal.container.LockSet@47c4ecdc
      nameLocks = class org.eclipse.osgi.internal.container.LockSet@42f33b5d
      frameworkWiring = class org.eclipse.osgi.container.ModuleContainer$ContainerWiring@5286c33a
      frameworkStartLevel = class org.eclipse.osgi.container.ModuleContainer$ContainerStartLevel@38f116f6
      moduleDatabase = class org.eclipse.osgi.container.ModuleDatabase@5c8504fd
      adaptor = class org.eclipse.osgi.internal.framework.EquinoxContainerAdaptor@4b7e96a
      moduleResolver = class org.eclipse.osgi.container.ModuleResolver@6475472c
      refreshingSystemModule = class java.util.concurrent.atomic.AtomicReference@3f07b12c
      moduleLockTimeout = 5
      autoStartOnResolve = false
      restrictParallelStart = true
      DEBUG_MONITOR_LAZY = false
      DEBUG_BUNDLE_START_TIME = false
      _resolutionLock = class org.eclipse.osgi.container.ModuleContainer$ResolutionLock@25bc0606
      _bundleStateLock = class java.util.concurrent.locks.ReentrantLock@793138bd
  frameworkWiring = class org.eclipse.osgi.container.ModuleContainer$ContainerWiring@5286c33a
    monitor = class java.lang.Object@7ce97ee5
    refreshThread = class org.eclipse.osgi.framework.eventmgr.EventManager@32c8e539
      DEBUG = false
      thread = null
      closed = true
      threadName = "Refresh Thread: Equinox Container: 3cc45b9b-5396-4c71-babd-c9ad404482ba"
      threadGroup = null
    this$0 = class org.eclipse.osgi.container.ModuleContainer@56c698e3
  serialVersionUID = 5933337372502029591

Dump of objectArray[0]
Object type = com.ibm.ws.kernel.boot.internal.KernelResolver$BundleCacheElement
  element = class com.ibm.ws.kernel.boot.internal.KernelResolver$SubsystemContentElement@60641ec8
    symbolicName = "com.ibm.ws.logging.osgi"
    type = null
    location = null
    vrangeString = "[1,1.0.100)"
    startPhase = "BOOTSTRAP"
  startLevel = 2
  cache = class com.ibm.ws.kernel.boot.internal.KernelResolver$ResolverCache@75f65e45
    cacheEntries = class java.util.LinkedHashMap@4a891c97
      serialVersionUID = "/* Could not access serialVersionUID */"
      head = "/* Could not access head */"
      tail = "/* Could not access tail */"
      accessOrder = "/* Could not access accessOrder */"
      PUT_NORM = "/* Could not access PUT_NORM */"
      PUT_FIRST = "/* Could not access PUT_FIRST */"
      PUT_LAST = "/* Could not access PUT_LAST */"
      putMode = "/* Could not access putMode */"
      serialVersionUID = "/* Could not access serialVersionUID */"
      DEFAULT_INITIAL_CAPACITY = "/* Could not access DEFAULT_INITIAL_CAPACITY */"
      MAXIMUM_CAPACITY = "/* Could not access MAXIMUM_CAPACITY */"
      DEFAULT_LOAD_FACTOR = "/* Could not access DEFAULT_LOAD_FACTOR */"
      TREEIFY_THRESHOLD = "/* Could not access TREEIFY_THRESHOLD */"
      UNTREEIFY_THRESHOLD = "/* Could not access UNTREEIFY_THRESHOLD */"
      MIN_TREEIFY_CAPACITY = "/* Could not access MIN_TREEIFY_CAPACITY */"
      table = "/* Could not access table */"
      entrySet = "/* Could not access entrySet */"
      size = "/* Could not access size */"
      modCount = "/* Could not access modCount */"
      threshold = "/* Could not access threshold */"
      loadFactor = "/* Could not access loadFactor */"
      keySet = "/* Could not access keySet */"
      values = "/* Could not access values */"
    cacheFile = class java.io.File@a5bd950
      FS = "/* Could not access FS */"
      path = "/* Could not access path */"
      status = "/* Could not access status */"
      prefixLength = "/* Could not access prefixLength */"
      separatorChar = \
      separator = "\"
      pathSeparatorChar = ;
      pathSeparator = ";"
      UNSAFE = "/* Could not access UNSAFE */"
      PATH_OFFSET = "/* Could not access PATH_OFFSET */"
      PREFIX_LENGTH_OFFSET = "/* Could not access PREFIX_LENGTH_OFFSET */"
      serialVersionUID = "/* Could not access serialVersionUID */"
      filePath = "/* Could not access filePath */"
      $assertionsDisabled = "/* Could not access $assertionsDisabled */"
    libertyBoot = false
    featuresInUse = class java.util.ArrayList@4d18aa28
      serialVersionUID = "/* Could not access serialVersionUID */"
      DEFAULT_CAPACITY = "/* Could not access DEFAULT_CAPACITY */"
      EMPTY_ELEMENTDATA = "/* Could not access EMPTY_ELEMENTDATA */"
      DEFAULTCAPACITY_EMPTY_ELEMENTDATA = "/* Could not access DEFAULTCAPACITY_EMPTY_ELEMENTDATA */"
      elementData = "/* Could not access elementData */"
      size = "/* Could not access size */"
      modCount = "/* Could not access modCount */"
    isDirty = true
  bestMatchFile = class java.io.File@6eeade6c
    FS = "/* Could not access FS */"
    path = "/* Could not access path */"
    status = "/* Could not access status */"
    prefixLength = "/* Could not access prefixLength */"
    separatorChar = \
    separator = "\"
    pathSeparatorChar = ;
    pathSeparator = ";"
    UNSAFE = "/* Could not access UNSAFE */"
    PATH_OFFSET = "/* Could not access PATH_OFFSET */"
    PREFIX_LENGTH_OFFSET = "/* Could not access PREFIX_LENGTH_OFFSET */"
    serialVersionUID = "/* Could not access serialVersionUID */"
    filePath = "/* Could not access filePath */"
    $assertionsDisabled = "/* Could not access $assertionsDisabled */"

Dump of objectArray[1]
Object type = com.ibm.ws.kernel.launch.internal.BundleInstallStatus
  bundlesToStart = null
  missingBundles = null
  installExceptions = null
  serialVersionUID = 5001112411299096272
  $$$tc$$$ = class com.ibm.websphere.ras.TraceComponent@1b2abca6
    strings[0] = "TraceComponent[com.ibm.ws.kernel.launch.internal.BundleInstallStatus,class com.ibm.ws.kernel.launch.internal.BundleInstallStatus,[bootstrap],com.ibm.ws.kernel.boot.resources.LauncherMessages,null]"

Dump of objectArray[2]
Object type = com.ibm.ws.kernel.provisioning.ContentBasedLocalBundleRepository
  _installDir = class java.io.File@2bd2b28e
    FS = "/* Could not access FS */"
    path = "/* Could not access path */"
    status = "/* Could not access status */"
    prefixLength = "/* Could not access prefixLength */"
    separatorChar = \
    separator = "\"
    pathSeparatorChar = ;
    pathSeparator = ";"
    UNSAFE = "/* Could not access UNSAFE */"
    PATH_OFFSET = "/* Could not access PATH_OFFSET */"
    PREFIX_LENGTH_OFFSET = "/* Could not access PREFIX_LENGTH_OFFSET */"
    serialVersionUID = "/* Could not access serialVersionUID */"
    filePath = "/* Could not access filePath */"
    $assertionsDisabled = "/* Could not access $assertionsDisabled */"
  _cacheFile = class java.io.File@16746061
    FS = "/* Could not access FS */"
    path = "/* Could not access path */"
    status = "/* Could not access status */"
    prefixLength = "/* Could not access prefixLength */"
    separatorChar = \
    separator = "\"
    pathSeparatorChar = ;
    pathSeparator = ";"
    UNSAFE = "/* Could not access UNSAFE */"
    PATH_OFFSET = "/* Could not access PATH_OFFSET */"
    PREFIX_LENGTH_OFFSET = "/* Could not access PREFIX_LENGTH_OFFSET */"
    serialVersionUID = "/* Could not access serialVersionUID */"
    filePath = "/* Could not access filePath */"
    $assertionsDisabled = "/* Could not access $assertionsDisabled */"
  _defaultLocation = "lib/"
  _cacheBySymbolicName = class java.util.concurrent.ConcurrentHashMap@57fd91c9
    serialVersionUID = "/* Could not access serialVersionUID */"
    MAXIMUM_CAPACITY = "/* Could not access MAXIMUM_CAPACITY */"
    DEFAULT_CAPACITY = "/* Could not access DEFAULT_CAPACITY */"
    MAX_ARRAY_SIZE = "/* Could not access MAX_ARRAY_SIZE */"
    DEFAULT_CONCURRENCY_LEVEL = "/* Could not access DEFAULT_CONCURRENCY_LEVEL */"
    LOAD_FACTOR = "/* Could not access LOAD_FACTOR */"
    TREEIFY_THRESHOLD = "/* Could not access TREEIFY_THRESHOLD */"
    UNTREEIFY_THRESHOLD = "/* Could not access UNTREEIFY_THRESHOLD */"
    MIN_TREEIFY_CAPACITY = "/* Could not access MIN_TREEIFY_CAPACITY */"
    MIN_TRANSFER_STRIDE = "/* Could not access MIN_TRANSFER_STRIDE */"
    RESIZE_STAMP_BITS = "/* Could not access RESIZE_STAMP_BITS */"
    MAX_RESIZERS = "/* Could not access MAX_RESIZERS */"
    RESIZE_STAMP_SHIFT = "/* Could not access RESIZE_STAMP_SHIFT */"
    MOVED = "/* Could not access MOVED */"
    TREEBIN = "/* Could not access TREEBIN */"
    RESERVED = "/* Could not access RESERVED */"
    HASH_BITS = "/* Could not access HASH_BITS */"
    NCPU = "/* Could not access NCPU */"
    serialPersistentFields = "/* Could not access serialPersistentFields */"
    table = "/* Could not access table */"
    nextTable = "/* Could not access nextTable */"
    baseCount = "/* Could not access baseCount */"
    sizeCtl = "/* Could not access sizeCtl */"
    transferIndex = "/* Could not access transferIndex */"
    cellsBusy = "/* Could not access cellsBusy */"
    counterCells = "/* Could not access counterCells */"
    keySet = "/* Could not access keySet */"
    values = "/* Could not access values */"
    entrySet = "/* Could not access entrySet */"
    U = "/* Could not access U */"
    SIZECTL = "/* Could not access SIZECTL */"
    TRANSFERINDEX = "/* Could not access TRANSFERINDEX */"
    BASECOUNT = "/* Could not access BASECOUNT */"
    CELLSBUSY = "/* Could not access CELLSBUSY */"
    CELLVALUE = "/* Could not access CELLVALUE */"
    ABASE = "/* Could not access ABASE */"
    ASHIFT = "/* Could not access ASHIFT */"
    keySet = "/* Could not access keySet */"
    values = "/* Could not access values */"
  _bundleLocations = class java.util.HashSet@6cfcd46d
    serialVersionUID = "/* Could not access serialVersionUID */"
    map = "/* Could not access map */"
    PRESENT = "/* Could not access PRESENT */"
  _locations = class java.util.HashSet@52045dbe
    serialVersionUID = "/* Could not access serialVersionUID */"
    map = "/* Could not access map */"
    PRESENT = "/* Could not access PRESENT */"
  _dirty = true
  _msgs = class com.ibm.ws.kernel.provisioning.ContentBasedLocalBundleRepository$TrMessages@674658f7
    _tc = class com.ibm.websphere.ras.TraceComponent@7c711375
      strings[0] = "TraceComponent[com.ibm.ws.kernel.provisioning.ContentBasedLocalBundleRepository$TrMessages,class com.ibm.ws.kernel.provisioning.ContentBasedLocalBundleRepository$TrMessages,[bootstrap],com.ibm.ws.kernel.boot.resources.LauncherMessages,null]"
  _cacheRead = true

