------Start of DE processing------ = [2/26/24, 10:43:43:229 WEST ]
Exception = java.lang.IllegalStateException
Source = com.ibm.ws.app.manager.internal.statemachine.StartAction
probeid = 190
Stack Dump = java.lang.IllegalStateException: com.ibm.wsspi.adaptable.module.UnableToAdaptException: com.ibm.ws.javaee.ddmodel.DDParser$ParseException: CWWKC2259E: Unexpected child element index of parent element welcome-file encountered in the webapp : WEB-INF/web.xml deployment descriptor on line 8.
	at com.ibm.ws.app.manager.war.internal.WARApplicationHandlerImpl.setUpApplicationMonitoring(WARApplicationHandlerImpl.java:54)
	at com.ibm.ws.app.manager.internal.statemachine.StartAction.execute(StartAction.java:179)
	at com.ibm.ws.app.manager.internal.statemachine.ApplicationStateMachineImpl.enterState(ApplicationStateMachineImpl.java:1369)
	at com.ibm.ws.app.manager.internal.statemachine.ApplicationStateMachineImpl.performAction(ApplicationStateMachineImpl.java:1233)
	at com.ibm.ws.app.manager.internal.statemachine.ApplicationStateMachineImpl.run(ApplicationStateMachineImpl.java:920)
	at com.ibm.ws.threading.internal.ExecutorServiceImpl$RunnableWrapper.run(ExecutorServiceImpl.java:280)
	at java.base/java.util.concurrent.ThreadPoolExecutor.runWorker(ThreadPoolExecutor.java:1144)
	at java.base/java.util.concurrent.ThreadPoolExecutor$Worker.run(ThreadPoolExecutor.java:642)
	at java.base/java.lang.Thread.run(Thread.java:1583)
Caused by: com.ibm.wsspi.adaptable.module.UnableToAdaptException: com.ibm.ws.javaee.ddmodel.DDParser$ParseException: CWWKC2259E: Unexpected child element index of parent element welcome-file encountered in the webapp : WEB-INF/web.xml deployment descriptor on line 8.
	at com.ibm.ws.javaee.ddmodel.web.WebAppEntryAdapter.adapt(WebAppEntryAdapter.java:63)
	at com.ibm.ws.javaee.ddmodel.web.WebAppEntryAdapter.adapt(WebAppEntryAdapter.java:28)
	at com.ibm.ws.adaptable.module.internal.AdapterFactoryServiceImpl.adapt(AdapterFactoryServiceImpl.java:233)
	at com.ibm.ws.adaptable.module.internal.AdaptableEntryImpl.adapt(AdaptableEntryImpl.java:123)
	at com.ibm.ws.javaee.ddmodel.web.WebAppAdapter.adapt(WebAppAdapter.java:40)
	at com.ibm.ws.javaee.ddmodel.web.WebAppAdapter.adapt(WebAppAdapter.java:26)
	at com.ibm.ws.adaptable.module.internal.AdapterFactoryServiceImpl.adapt(AdapterFactoryServiceImpl.java:202)
	at com.ibm.ws.adaptable.module.internal.AdaptableContainerImpl.adapt(AdaptableContainerImpl.java:176)
	at com.ibm.ws.app.manager.module.internal.SimpleDeployedAppInfoBase$ModuleContainerInfoBase.<init>(SimpleDeployedAppInfoBase.java:173)
	at com.ibm.ws.app.manager.module.internal.SimpleDeployedAppInfoBase$WebModuleContainerInfo.<init>(SimpleDeployedAppInfoBase.java:354)
	at com.ibm.ws.app.manager.war.internal.WARDeployedAppInfo.<init>(WARDeployedAppInfo.java:67)
	at com.ibm.ws.app.manager.war.internal.WARDeployedAppInfoFactoryImpl.createDeployedAppInfo(WARDeployedAppInfoFactoryImpl.java:170)
	at com.ibm.ws.app.manager.war.internal.WARDeployedAppInfoFactoryImpl.createDeployedAppInfo(WARDeployedAppInfoFactoryImpl.java:37)
	at com.ibm.ws.app.manager.war.internal.WARApplicationHandlerImpl.setUpApplicationMonitoring(WARApplicationHandlerImpl.java:52)
	... 8 more
Caused by: com.ibm.ws.javaee.ddmodel.DDParser$ParseException: CWWKC2259E: Unexpected child element index of parent element welcome-file encountered in the webapp : WEB-INF/web.xml deployment descriptor on line 8.
	at com.ibm.ws.javaee.ddmodel.DDParser.parse(DDParser.java:1085)
	at com.ibm.ws.javaee.ddmodel.web.common.WelcomeFileListType.handleChild(WelcomeFileListType.java:54)
	at com.ibm.ws.javaee.ddmodel.DDParser.parse(DDParser.java:1082)
	at com.ibm.ws.javaee.ddmodel.web.common.WebCommonType.handleChild(WebCommonType.java:474)
	at com.ibm.ws.javaee.ddmodel.web.common.WebAppType.handleChild(WebAppType.java:129)
	at com.ibm.ws.javaee.ddmodel.DDParser.parse(DDParser.java:1082)
	at com.ibm.ws.javaee.ddmodel.DDParser.parseRootElement(DDParser.java:935)
	at com.ibm.ws.javaee.ddmodel.DDParser.parse(DDParser.java:911)
	at com.ibm.ws.javaee.ddmodel.web.WebAppDDParser.parse(WebAppDDParser.java:68)
	at com.ibm.ws.javaee.ddmodel.web.WebAppEntryAdapter.adapt(WebAppEntryAdapter.java:61)
	... 21 more

Dump of callerThis
Object type = com.ibm.ws.app.manager.internal.statemachine.StartAction
  _tc = class com.ibm.websphere.ras.TraceComponent@5b73d361
    strings[0] = "TraceComponent[com.ibm.ws.app.manager.internal.statemachine.StartAction,class com.ibm.ws.app.manager.internal.statemachine.StartAction,[applications, app.manager],com.ibm.ws.app.manager.internal.resources.AppManagerMessages,null]"
  _config = class com.ibm.ws.app.manager.internal.ApplicationConfig@5abe5e71
    tc = class com.ibm.websphere.ras.TraceComponent@21817ba6
      strings[0] = "TraceComponent[com.ibm.ws.app.manager.internal.ApplicationConfig,class com.ibm.ws.app.manager.internal.ApplicationConfig,[applications, app.manager],com.ibm.ws.app.manager.internal.resources.AppManagerMessages,null]"
    _configPid = "com.ibm.ws.app.manager_0"
    _config = class com.ibm.ws.config.admin.ConfigurationDictionary@5a5b9f24
      serialVersionUID = 7966152868712543805
      simpleTypes = class java.util.Arrays$ArrayList@1d73ed4d
      primitiveArrayTypes = class java.util.Arrays$ArrayList@39f7d648
      simpleArrayTypes = class java.util.Arrays$ArrayList@3d830bf
      extendedTypes = class java.util.Arrays$ArrayList@4f2783e3
      CASE_INSENSITIVE = class com.ibm.ws.config.admin.ConfigurationDictionary$CaseInsensitive@4d3c16cf
      properties = class java.util.Collections$SynchronizedMap@4a7eccb6
    _applicationManager = class com.ibm.ws.app.manager.ApplicationManager@20b86770
    _location = "project.war"
    _type = "war"
    _name = "project"
    _notificationBroadcasterSupport = class javax.management.NotificationBroadcasterSupport@52caa989
      listenerList = "/* Could not access listenerList */"
      executor = "/* Could not access executor */"
      notifInfo = "/* Could not access notifInfo */"
      defaultExecutor = "/* Could not access defaultExecutor */"
      NO_NOTIFICATION_INFO = "/* Could not access NO_NOTIFICATION_INFO */"
      logger = "/* Could not access logger */"
    ONE_TIME_JANDEX_MSGS_DISPLAYED = true
    serialVersionUID = -2151423388299667431
  _aii = class com.ibm.ws.app.manager.internal.ApplicationInstallInfo@773067a8
    _config = class com.ibm.ws.app.manager.internal.ApplicationConfig@5abe5e71
    _handlerInfo = class java.util.concurrent.atomic.AtomicReference@522d0a90
      serialVersionUID = "/* Could not access serialVersionUID */"
      VALUE = "/* Could not access VALUE */"
      value = "/* Could not access value */"
    _container = class java.util.concurrent.atomic.AtomicReference@107e5fb3
      serialVersionUID = "/* Could not access serialVersionUID */"
      VALUE = "/* Could not access VALUE */"
      value = "/* Could not access value */"
    _resolvedLocation = class java.util.concurrent.atomic.AtomicReference@64077733
      serialVersionUID = "/* Could not access serialVersionUID */"
      VALUE = "/* Could not access VALUE */"
      value = "/* Could not access value */"
    _handler = class com.ibm.ws.app.manager.war.internal.WARApplicationHandlerImpl@75854f96
      futureMonitor = class com.ibm.ws.threading.internal.FutureMonitorImpl@607f8462
      deployedAppFactory = class com.ibm.ws.app.manager.war.internal.WARDeployedAppInfoFactoryImpl@6df352ab
      serialVersionUID = 4622845147410944782
      $$$tc$$$ = class com.ibm.websphere.ras.TraceComponent@7f0eb77
    _ami = class java.util.concurrent.atomic.AtomicReference@4c62e014
      serialVersionUID = "/* Could not access serialVersionUID */"
      VALUE = "/* Could not access VALUE */"
      value = "/* Could not access value */"
    _updateHandler = class com.ibm.ws.app.manager.internal.statemachine.ApplicationStateMachineImpl@76a11a82
      _tc = class com.ibm.websphere.ras.TraceComponent@3f7fb0e4
      EMPTY_FUTURE_ARRAY = interface java.util.concurrent.Future[0]
      asmSequenceNumber = class java.util.concurrent.atomic.AtomicLong@4b211366
      _qscaCounter = class java.util.concurrent.atomic.AtomicInteger@10183856
      _failedThrowable = null
      _interruptibleLock = class com.ibm.ws.app.manager.internal.statemachine.ApplicationStateMachineImpl$2@6e9345dd
      _interruptible = false
      _performingQueuedActions = true
      _queuedActions = class java.util.concurrent.ConcurrentLinkedQueue@7844c97d
      _callbackState = class java.util.concurrent.atomic.AtomicReference@3bbd4f30
      blockAppStartingFutures = class java.util.Collections$SetFromMap@6ab60a99
      waitingForAppHandlerFuture = class java.util.concurrent.atomic.AtomicReference@1e7f17bf
      waitingForExplicitStartFuture = class java.util.concurrent.atomic.AtomicReference@40ae3a2c
      startAfterFutures = class java.util.Collections$SetFromMap@113b29c6
      completionListener = class java.util.concurrent.atomic.AtomicReference@4b031bba
      _notifyAppStopped = class java.util.concurrent.ConcurrentLinkedQueue@2d273f8a
      _notifyAppStarting = class java.util.concurrent.ConcurrentLinkedQueue@1ce90f58
      _notifyAppInstallCalled = class java.util.concurrent.ConcurrentLinkedQueue@54d4601a
      _notifyAppStarted = class java.util.concurrent.ConcurrentLinkedQueue@7597ff1
      _notifyAppRemoved = class java.util.concurrent.ConcurrentLinkedQueue@1316cbff
      _stateLock = class com.ibm.ws.app.manager.internal.statemachine.ApplicationStateMachineImpl$3@47d1850a
      _internalState = class java.util.concurrent.atomic.AtomicReference@30f2f95a
      _currentAction = class java.util.concurrent.atomic.AtomicReference@7c98ae42
      _rfa = class java.util.concurrent.atomic.AtomicReference@59f4cb1d
      _appInstallInfo = class java.util.concurrent.atomic.AtomicReference@1246fcfc
      _update = class java.util.concurrent.atomic.AtomicBoolean@35d9ffc7
      _appConfig = class java.util.concurrent.atomic.AtomicReference@c0aad80
      _nextAppConfig = class java.util.concurrent.atomic.AtomicReference@73d9233f
      _appContainer = class java.util.concurrent.atomic.AtomicReference@56dd90a4
      _resolvedLocation = class java.util.concurrent.atomic.AtomicReference@2c006a7f
      _handler = class java.util.concurrent.atomic.AtomicReference@753fa4d2
      _asmSeqNo = 0
      _ctx = class org.eclipse.osgi.internal.framework.BundleContextImpl@4832b93a
      _locAdmin = class com.ibm.ws.kernel.service.location.internal.WsLocationAdminImpl@442a07d2
      _futureMonitor = class com.ibm.ws.threading.internal.FutureMonitorImpl@607f8462
      _artifactFactory = class com.ibm.ws.artifact.internal.ArtifactContainerFactoryService@39a7a9fc
      _moduleFactory = class com.ibm.ws.adaptable.module.internal.AdaptableModuleFactoryImpl@26b4ce61
      _executorService = class com.ibm.ws.threading.internal.ExecutorServiceImpl@69d98176
      _scheduledExecutorService = class com.ibm.ws.threading.internal.ScheduledExecutorImpl@1dce2bfe
      _asmHelper = class com.ibm.ws.app.manager.internal.ApplicationConfigurator$NamedApplication@37399c17
      _appMonitor = class com.ibm.ws.app.manager.internal.monitor.ApplicationMonitor@4f45b191
      _configurator = class com.ibm.ws.app.manager.internal.ApplicationConfigurator@2427616e
      enterStateCalled = class java.util.concurrent.atomic.AtomicBoolean@7527406d
      serialVersionUID = 4458043999335554711
      serialVersionUID = -8760483717533387753
      $$$tc$$$ = class com.ibm.websphere.ras.TraceComponent@671bc73f
    serialVersionUID = 2630639237123415755
    $$$tc$$$ = class com.ibm.websphere.ras.TraceComponent@7a00829e
      strings[0] = "TraceComponent[com.ibm.ws.app.manager.internal.ApplicationInstallInfo,class com.ibm.ws.app.manager.internal.ApplicationInstallInfo,[applications, app.manager],com.ibm.ws.app.manager.internal.resources.AppManagerMessages,null]"
  _callback = class java.util.concurrent.atomic.AtomicReference@64396de8
    serialVersionUID = "/* Could not access serialVersionUID */"
    VALUE = "/* Could not access VALUE */"
    value = "/* Could not access value */"
  _monitor = class com.ibm.ws.threading.internal.FutureMonitorImpl@607f8462
    _monitor = class java.util.concurrent.ConcurrentLinkedQueue@57a91fc6
      serialVersionUID = "/* Could not access serialVersionUID */"
      head = "/* Could not access head */"
      tail = "/* Could not access tail */"
      MAX_HOPS = "/* Could not access MAX_HOPS */"
      HEAD = "/* Could not access HEAD */"
      TAIL = "/* Could not access TAIL */"
      ITEM = "/* Could not access ITEM */"
      NEXT = "/* Could not access NEXT */"
    _executor = class com.ibm.ws.threading.internal.ScheduledExecutorImpl@1dce2bfe
    _threadRunning = class java.util.concurrent.atomic.AtomicBoolean@417121d2
      serialVersionUID = "/* Could not access serialVersionUID */"
      VALUE = "/* Could not access VALUE */"
      value = "/* Could not access value */"
    _thread = class com.ibm.ws.threading.internal.FutureMonitorImpl$1@38b0e115
      this$0 = class com.ibm.ws.threading.internal.FutureMonitorImpl@607f8462
      serialVersionUID = 2422512430832938099
      $$$tc$$$ = class com.ibm.websphere.ras.TraceComponent@42a8b126
    serialVersionUID = 2765238413969174390
    $$$tc$$$ = class com.ibm.websphere.ras.TraceComponent@1d7f5d7b
      strings[0] = "TraceComponent[com.ibm.ws.threading.internal.FutureMonitorImpl,class com.ibm.ws.threading.internal.FutureMonitorImpl,[Threading],com.ibm.ws.threading.internal.resources.ThreadingMessages,null]"
  _startTime = class java.util.concurrent.atomic.AtomicLong@52c8d917
    serialVersionUID = "/* Could not access serialVersionUID */"
    VM_SUPPORTS_LONG_CAS = "/* Could not access VM_SUPPORTS_LONG_CAS */"
    U = "/* Could not access U */"
    VALUE = "/* Could not access VALUE */"
    value = "/* Could not access value */"
    serialVersionUID = "/* Could not access serialVersionUID */"
  _appMonitor = class com.ibm.ws.app.manager.internal.monitor.ApplicationMonitor@4f45b191
    tc = class com.ibm.websphere.ras.TraceComponent@32fa8e22
      strings[0] = "TraceComponent[com.ibm.ws.app.manager.internal.monitor.ApplicationMonitor,class com.ibm.ws.app.manager.internal.monitor.ApplicationMonitor,[applications, app.manager],com.ibm.ws.app.manager.internal.resources.AppManagerMessages,null]"
    _config = class java.util.concurrent.atomic.AtomicReference@1910f33f
      serialVersionUID = "/* Could not access serialVersionUID */"
      VALUE = "/* Could not access VALUE */"
      value = "/* Could not access value */"
    _executorService = class java.util.concurrent.atomic.AtomicReference@9252334
      serialVersionUID = "/* Could not access serialVersionUID */"
      VALUE = "/* Could not access VALUE */"
      value = "/* Could not access value */"
    _appListeners = class java.util.concurrent.ConcurrentHashMap@3d7ea963
      serialVersionUID = "/* Could not access serialVersionUID */"
      MAXIMUM_CAPACITY = "/* Could not access MAXIMUM_CAPACITY */"
      DEFAULT_CAPACITY = "/* Could not access DEFAULT_CAPACITY */"
      MAX_ARRAY_SIZE = "/* Could not access MAX_ARRAY_SIZE */"
      DEFAULT_CONCURRENCY_LEVEL = "/* Could not access DEFAULT_CONCURRENCY_LEVEL */"
      LOAD_FACTOR = "/* Could not access LOAD_FACTOR */"
      TREEIFY_THRESHOLD = "/* Could not access TREEIFY_THRESHOLD */"
      UNTREEIFY_THRESHOLD = "/* Could not access UNTREEIFY_THRESHOLD */"
      MIN_TREEIFY_CAPACITY = "/* Could not access MIN_TREEIFY_CAPACITY */"
      MIN_TRANSFER_STRIDE = "/* Could not access MIN_TRANSFER_STRIDE */"
      RESIZE_STAMP_BITS = "/* Could not access RESIZE_STAMP_BITS */"
      MAX_RESIZERS = "/* Could not access MAX_RESIZERS */"
      RESIZE_STAMP_SHIFT = "/* Could not access RESIZE_STAMP_SHIFT */"
      MOVED = "/* Could not access MOVED */"
      TREEBIN = "/* Could not access TREEBIN */"
      RESERVED = "/* Could not access RESERVED */"
      HASH_BITS = "/* Could not access HASH_BITS */"
      NCPU = "/* Could not access NCPU */"
      serialPersistentFields = "/* Could not access serialPersistentFields */"
      table = "/* Could not access table */"
      nextTable = "/* Could not access nextTable */"
      baseCount = "/* Could not access baseCount */"
      sizeCtl = "/* Could not access sizeCtl */"
      transferIndex = "/* Could not access transferIndex */"
      cellsBusy = "/* Could not access cellsBusy */"
      counterCells = "/* Could not access counterCells */"
      keySet = "/* Could not access keySet */"
      values = "/* Could not access values */"
      entrySet = "/* Could not access entrySet */"
      U = "/* Could not access U */"
      SIZECTL = "/* Could not access SIZECTL */"
      TRANSFERINDEX = "/* Could not access TRANSFERINDEX */"
      BASECOUNT = "/* Could not access BASECOUNT */"
      CELLSBUSY = "/* Could not access CELLSBUSY */"
      CELLVALUE = "/* Could not access CELLVALUE */"
      ABASE = "/* Could not access ABASE */"
      ASHIFT = "/* Could not access ASHIFT */"
      keySet = "/* Could not access keySet */"
      values = "/* Could not access values */"
    serialVersionUID = -6677716415972806660
  _update = true
  cancelled = false
  _slowMessageAction = class java.util.concurrent.atomic.AtomicReference@71ae6c67
    serialVersionUID = "/* Could not access serialVersionUID */"
    VALUE = "/* Could not access VALUE */"
    value = "/* Could not access value */"
  _configurator = class com.ibm.ws.app.manager.internal.ApplicationConfigurator@2427616e
    _tc = class com.ibm.websphere.ras.TraceComponent@3b2afe60
      strings[0] = "TraceComponent[com.ibm.ws.app.manager.internal.ApplicationConfigurator,class com.ibm.ws.app.manager.internal.ApplicationConfigurator,[applications, app.manager],com.ibm.ws.app.manager.internal.resources.AppManagerMessages,null]"
    _appFromName = class java.util.HashMap@79ae5b5b
      serialVersionUID = "/* Could not access serialVersionUID */"
      DEFAULT_INITIAL_CAPACITY = "/* Could not access DEFAULT_INITIAL_CAPACITY */"
      MAXIMUM_CAPACITY = "/* Could not access MAXIMUM_CAPACITY */"
      DEFAULT_LOAD_FACTOR = "/* Could not access DEFAULT_LOAD_FACTOR */"
      TREEIFY_THRESHOLD = "/* Could not access TREEIFY_THRESHOLD */"
      UNTREEIFY_THRESHOLD = "/* Could not access UNTREEIFY_THRESHOLD */"
      MIN_TREEIFY_CAPACITY = "/* Could not access MIN_TREEIFY_CAPACITY */"
      table = "/* Could not access table */"
      entrySet = "/* Could not access entrySet */"
      size = "/* Could not access size */"
      modCount = "/* Could not access modCount */"
      threshold = "/* Could not access threshold */"
      loadFactor = "/* Could not access loadFactor */"
      keySet = "/* Could not access keySet */"
      values = "/* Could not access values */"
    _appFromPid = class java.util.HashMap@7e2f3306
      serialVersionUID = "/* Could not access serialVersionUID */"
      DEFAULT_INITIAL_CAPACITY = "/* Could not access DEFAULT_INITIAL_CAPACITY */"
      MAXIMUM_CAPACITY = "/* Could not access MAXIMUM_CAPACITY */"
      DEFAULT_LOAD_FACTOR = "/* Could not access DEFAULT_LOAD_FACTOR */"
      TREEIFY_THRESHOLD = "/* Could not access TREEIFY_THRESHOLD */"
      UNTREEIFY_THRESHOLD = "/* Could not access UNTREEIFY_THRESHOLD */"
      MIN_TREEIFY_CAPACITY = "/* Could not access MIN_TREEIFY_CAPACITY */"
      table = "/* Could not access table */"
      entrySet = "/* Could not access entrySet */"
      size = "/* Could not access size */"
      modCount = "/* Could not access modCount */"
      threshold = "/* Could not access threshold */"
      loadFactor = "/* Could not access loadFactor */"
      keySet = "/* Could not access keySet */"
      values = "/* Could not access values */"
    _appsToShutdown = null
    _blockedConfigFromPid = class java.util.HashMap@44efd528
      serialVersionUID = "/* Could not access serialVersionUID */"
      DEFAULT_INITIAL_CAPACITY = "/* Could not access DEFAULT_INITIAL_CAPACITY */"
      MAXIMUM_CAPACITY = "/* Could not access MAXIMUM_CAPACITY */"
      DEFAULT_LOAD_FACTOR = "/* Could not access DEFAULT_LOAD_FACTOR */"
      TREEIFY_THRESHOLD = "/* Could not access TREEIFY_THRESHOLD */"
      UNTREEIFY_THRESHOLD = "/* Could not access UNTREEIFY_THRESHOLD */"
      MIN_TREEIFY_CAPACITY = "/* Could not access MIN_TREEIFY_CAPACITY */"
      table = "/* Could not access table */"
      entrySet = "/* Could not access entrySet */"
      size = "/* Could not access size */"
      modCount = "/* Could not access modCount */"
      threshold = "/* Could not access threshold */"
      loadFactor = "/* Could not access loadFactor */"
      keySet = "/* Could not access keySet */"
      values = "/* Could not access values */"
    _blockedPidsFromName = class java.util.HashMap@6981cfd5
      serialVersionUID = "/* Could not access serialVersionUID */"
      DEFAULT_INITIAL_CAPACITY = "/* Could not access DEFAULT_INITIAL_CAPACITY */"
      MAXIMUM_CAPACITY = "/* Could not access MAXIMUM_CAPACITY */"
      DEFAULT_LOAD_FACTOR = "/* Could not access DEFAULT_LOAD_FACTOR */"
      TREEIFY_THRESHOLD = "/* Could not access TREEIFY_THRESHOLD */"
      UNTREEIFY_THRESHOLD = "/* Could not access UNTREEIFY_THRESHOLD */"
      MIN_TREEIFY_CAPACITY = "/* Could not access MIN_TREEIFY_CAPACITY */"
      table = "/* Could not access table */"
      entrySet = "/* Could not access entrySet */"
      size = "/* Could not access size */"
      modCount = "/* Could not access modCount */"
      threshold = "/* Could not access threshold */"
      loadFactor = "/* Could not access loadFactor */"
      keySet = "/* Could not access keySet */"
      values = "/* Could not access values */"
    _startAfterDependencies = class java.util.HashMap@62fe253d
      serialVersionUID = "/* Could not access serialVersionUID */"
      DEFAULT_INITIAL_CAPACITY = "/* Could not access DEFAULT_INITIAL_CAPACITY */"
      MAXIMUM_CAPACITY = "/* Could not access MAXIMUM_CAPACITY */"
      DEFAULT_LOAD_FACTOR = "/* Could not access DEFAULT_LOAD_FACTOR */"
      TREEIFY_THRESHOLD = "/* Could not access TREEIFY_THRESHOLD */"
      UNTREEIFY_THRESHOLD = "/* Could not access UNTREEIFY_THRESHOLD */"
      MIN_TREEIFY_CAPACITY = "/* Could not access MIN_TREEIFY_CAPACITY */"
      table = "/* Could not access table */"
      entrySet = "/* Could not access entrySet */"
      size = "/* Could not access size */"
      modCount = "/* Could not access modCount */"
      threshold = "/* Could not access threshold */"
      loadFactor = "/* Could not access loadFactor */"
      keySet = "/* Could not access keySet */"
      values = "/* Could not access values */"
    reportedCycles = class java.util.HashSet@654e8d67
      serialVersionUID = "/* Could not access serialVersionUID */"
      map = "/* Could not access map */"
      PRESENT = "/* Could not access PRESENT */"
    _appTypeSupport = class java.util.HashMap@5fb24273
      serialVersionUID = "/* Could not access serialVersionUID */"
      DEFAULT_INITIAL_CAPACITY = "/* Could not access DEFAULT_INITIAL_CAPACITY */"
      MAXIMUM_CAPACITY = "/* Could not access MAXIMUM_CAPACITY */"
      DEFAULT_LOAD_FACTOR = "/* Could not access DEFAULT_LOAD_FACTOR */"
      TREEIFY_THRESHOLD = "/* Could not access TREEIFY_THRESHOLD */"
      UNTREEIFY_THRESHOLD = "/* Could not access UNTREEIFY_THRESHOLD */"
      MIN_TREEIFY_CAPACITY = "/* Could not access MIN_TREEIFY_CAPACITY */"
      table = "/* Could not access table */"
      entrySet = "/* Could not access entrySet */"
      size = "/* Could not access size */"
      modCount = "/* Could not access modCount */"
      threshold = "/* Could not access threshold */"
      loadFactor = "/* Could not access loadFactor */"
      keySet = "/* Could not access keySet */"
      values = "/* Could not access values */"
    _ctx = class org.eclipse.osgi.internal.framework.BundleContextImpl@4832b93a
      valid = true
      bundle = class org.eclipse.osgi.internal.framework.EquinoxBundle@6d3a60f6
      container = class org.eclipse.osgi.internal.framework.EquinoxContainer@50dbf9c7
      debug = class org.eclipse.osgi.internal.debug.Debug@ca1f367
      servicesInUse = class java.util.HashMap@30e15378
      activator = null
      contextLock = class java.lang.Object@7f0a4921
    _appManagerRARSupportDependency = class com.ibm.ws.app.manager.internal.ApplicationDependency@38aad137
      futureMonitor = class com.ibm.ws.threading.internal.FutureMonitorImpl@607f8462
      future = class com.ibm.ws.threading.internal.NonCancelableResultFuture@438493a7
      desc = "resolves when either support for type=rar applications is registered or we are ready for apps to start"
      seqNo = 0
      _appDepCounter = class java.util.concurrent.atomic.AtomicInteger@7e5676a4
    _appManagerReadyDependency = class com.ibm.ws.app.manager.internal.ApplicationDependency@2b6edcd2
      futureMonitor = class com.ibm.ws.threading.internal.FutureMonitorImpl@607f8462
      future = class com.ibm.ws.threading.internal.NonCancelableResultFuture@3e600616
      desc = "resolves when we are ready for apps to start"
      seqNo = 1
      _appDepCounter = class java.util.concurrent.atomic.AtomicInteger@7e5676a4
    _currentEpisode = null
    _appRecycleMap = class java.util.HashMap@3ada596d
      serialVersionUID = "/* Could not access serialVersionUID */"
      DEFAULT_INITIAL_CAPACITY = "/* Could not access DEFAULT_INITIAL_CAPACITY */"
      MAXIMUM_CAPACITY = "/* Could not access MAXIMUM_CAPACITY */"
      DEFAULT_LOAD_FACTOR = "/* Could not access DEFAULT_LOAD_FACTOR */"
      TREEIFY_THRESHOLD = "/* Could not access TREEIFY_THRESHOLD */"
      UNTREEIFY_THRESHOLD = "/* Could not access UNTREEIFY_THRESHOLD */"
      MIN_TREEIFY_CAPACITY = "/* Could not access MIN_TREEIFY_CAPACITY */"
      table = "/* Could not access table */"
      entrySet = "/* Could not access entrySet */"
      size = "/* Could not access size */"
      modCount = "/* Could not access modCount */"
      threshold = "/* Could not access threshold */"
      loadFactor = "/* Could not access loadFactor */"
      keySet = "/* Could not access keySet */"
      values = "/* Could not access values */"
    _configAdmin = class com.ibm.ws.config.admin.internal.ConfigurationAdminImpl@77b6259f
      tc = class com.ibm.websphere.ras.TraceComponent@52e0403b
      bundle = class org.eclipse.osgi.internal.framework.EquinoxBundle@6d3a60f6
      caFactory = class com.ibm.ws.config.admin.internal.ConfigAdminServiceFactory@fc85698
      serialVersionUID = -2875522750804142523
    _locAdmin = class com.ibm.ws.kernel.service.location.internal.WsLocationAdminImpl@442a07d2
      tc = class com.ibm.websphere.ras.TraceComponent@224c28c2
      LOC_INTERNAL_LIB_DIR = "wlp.lib.dir"
      LOC_INTERNAL_WORKAREA_DIR = "wlp.workarea.dir"
      LOC_AREA_NAME_APPS = "shared/apps/"
      LOC_AREA_NAME_CONFIG = "shared/config/"
      LOC_AREA_NAME_RESC = "shared/resources/"
      LOC_AREA_NAME_STATE = "logs/state/"
      LOC_AREA_NAME_SERVERS = "servers/"
      LOC_AREA_NAME_CLIENTS = "clients/"
      LOC_AREA_NAME_WORKING = "workarea/"
      LOC_AREA_NAME_LOGS = "logs/"
      LOC_AREA_NAME_EXTENSION = "extension/"
      instance = class com.ibm.ws.kernel.service.location.internal.WsLocationAdminImpl@442a07d2
      installRoot = class com.ibm.ws.kernel.service.location.internal.SymbolicRootResource@47759fab
      installParentRoot = class com.ibm.ws.kernel.service.location.internal.SymbolicRootResource@b25e0bf
      userRoot = class com.ibm.ws.kernel.service.location.internal.SymbolicRootResource@55760e36
      usrExtensionRoot = class com.ibm.ws.kernel.service.location.internal.SymbolicRootResource@49944860
      serverConfigDir = class com.ibm.ws.kernel.service.location.internal.SymbolicRootResource@22f71e3e
      serverOutputDir = class com.ibm.ws.kernel.service.location.internal.SymbolicRootResource@22f71e3e
      bootstrapLib = class com.ibm.ws.kernel.service.location.internal.LocalFileResource@67322c7
      serverWorkarea = class com.ibm.ws.kernel.service.location.internal.LocalFileResource@63918b81
      serverState = class com.ibm.ws.kernel.service.location.internal.LocalFileResource@82d18db
      sharedAppsRoot = class com.ibm.ws.kernel.service.location.internal.SymbolicRootResource@12b1f10e
      sharedConfigRoot = class com.ibm.ws.kernel.service.location.internal.SymbolicRootResource@dcb9c85
      sharedResourceRoot = class com.ibm.ws.kernel.service.location.internal.SymbolicRootResource@62e9c33e
      tmpRoot = class com.ibm.ws.kernel.service.location.internal.SymbolicRootResource@262e478
      serverName = "projectServer"
      resourcePaths = class java.util.ArrayList@1f465cbb
      resourceGroups = class java.util.HashMap@4eb8c462
      commonRoot = class com.ibm.ws.kernel.service.location.internal.VirtualRootResource@62641eb8
      serverCfgDirStr = "D:/mine/JEE/authentication/project/target/liberty/wlp/usr/servers/projectServer/"
      variableSourceDirs = "D:/mine/JEE/authentication/project/target/liberty/wlp/usr/servers/projectServer/variables/"
      serialVersionUID = 7963438175177362522
    _futureMonitor = class com.ibm.ws.threading.internal.FutureMonitorImpl@607f8462
    _runtimeUpdateManager = class com.ibm.ws.runtime.update.internal.RuntimeUpdateManagerImpl@197b7137
      tc = class com.ibm.websphere.ras.TraceComponent@3fa4b6ed
      futureMonitor = class com.ibm.ws.threading.internal.FutureMonitorImpl@607f8462
      normalServerStop = class java.util.concurrent.atomic.AtomicBoolean@4d294457
      updateListeners = class java.util.HashSet@74d3d947
      notifications = class java.util.HashMap@5bd6696d
      bundleCtx = class org.eclipse.osgi.internal.framework.BundleContextImpl@33c0f565
      cleanupListener = class com.ibm.ws.runtime.update.internal.RuntimeUpdateManagerImpl$1@3db39536
      locationService = class com.ibm.ws.kernel.service.location.internal.WsLocationAdminImpl@442a07d2
      libertyProcess = class com.ibm.ws.kernel.launch.internal.LibertyProcessImpl@3a3f652b
      executorService = class com.ibm.ws.threading.internal.ExecutorServiceImpl@69d98176
      serialVersionUID = -6215238739117988494
    _artifactFactory = class com.ibm.ws.artifact.internal.ArtifactContainerFactoryService@39a7a9fc
      CATEGORY_PROP_NAME = "category"
      ENTRY_KEY = "com.ibm.wsspi.artifact.ArtifactEntry"
      helperMap = class com.ibm.wsspi.kernel.service.utils.ConcurrentServiceReferenceSetMap@4fb6edbc
      contributorMap = class com.ibm.wsspi.kernel.service.utils.ConcurrentServiceReferenceSetMap@387376bf
      helperCategoryMap = class com.ibm.wsspi.kernel.service.utils.ConcurrentServiceReferenceSetMap@506b95e8
      contributorCategoryMap = class com.ibm.wsspi.kernel.service.utils.ConcurrentServiceReferenceSetMap@72ef083c
      categories = class java.util.Collections$SynchronizedSet@accd0d0
      baseProperties = class org.apache.felix.scr.impl.helper.ReadOnlyDictionary@29a989b8
      registration = class com.ibm.ws.kernel.service.util.ServiceRegistrationModifier@25619db0
      serialVersionUID = 6566424214406946230
      $$$tc$$$ = class com.ibm.websphere.ras.TraceComponent@4eac00d5
    _moduleFactory = class com.ibm.ws.adaptable.module.internal.AdaptableModuleFactoryImpl@26b4ce61
      adapterFactoryService = class com.ibm.ws.adaptable.module.internal.AdapterFactoryServiceImpl@585ce3f6
      containerFactory = class com.ibm.ws.artifact.internal.ArtifactContainerFactoryService@39a7a9fc
      overlayContainerFactory = class com.ibm.ws.artifact.overlay.internal.OverlayContainerFactoryImpl@2e711399
      serialVersionUID = 4200251809856292987
      $$$tc$$$ = class com.ibm.websphere.ras.TraceComponent@72fa776d
    _executor = class com.ibm.ws.threading.internal.ExecutorServiceImpl@69d98176
      tc = class com.ibm.websphere.ras.TraceComponent@bd1f506
      threadPool = class java.util.concurrent.ThreadPoolExecutor@328b71
      threadPoolController = class com.ibm.ws.threading.internal.ThreadPoolController@485a1bef
      poolName = "Default Executor"
      MINIMUM_POOL_SIZE = 4
      MINIMUM_QUIESCE_TIMEOUT = 30
      quiesceTimeout = 30
      componentConfig = class org.apache.felix.scr.impl.helper.ReadOnlyDictionary@6f846311
      interceptorsActive = false
      interceptors = class java.util.concurrent.CopyOnWriteArraySet@12d98a9f
      threadFactory = null
      serverStopping = false
      isBeta = false
      phaser = class java.util.concurrent.Phaser@5f6862ca
      serialVersionUID = 4471109171599484757
    _scheduledExecutor = class com.ibm.ws.threading.internal.ScheduledExecutorImpl@1dce2bfe
      threadGroupName = "Scheduled Executor Thread Group"
      executor = class com.ibm.ws.threading.internal.ExecutorServiceImpl@69d98176
      serialVersionUID = -9110693807503469597
      $$$tc$$$ = class com.ibm.websphere.ras.TraceComponent@3db0a733
      continueExistingPeriodicTasksAfterShutdown = "/* Could not access continueExistingPeriodicTasksAfterShutdown */"
      executeExistingDelayedTasksAfterShutdown = "/* Could not access executeExistingDelayedTasksAfterShutdown */"
      removeOnCancel = "/* Could not access removeOnCancel */"
      sequencer = "/* Could not access sequencer */"
      DEFAULT_KEEPALIVE_MILLIS = "/* Could not access DEFAULT_KEEPALIVE_MILLIS */"
      ctl = "/* Could not access ctl */"
      COUNT_BITS = "/* Could not access COUNT_BITS */"
      COUNT_MASK = "/* Could not access COUNT_MASK */"
      RUNNING = "/* Could not access RUNNING */"
      SHUTDOWN = "/* Could not access SHUTDOWN */"
      STOP = "/* Could not access STOP */"
      TIDYING = "/* Could not access TIDYING */"
      TERMINATED = "/* Could not access TERMINATED */"
      workQueue = "/* Could not access workQueue */"
      mainLock = "/* Could not access mainLock */"
      workers = "/* Could not access workers */"
      termination = "/* Could not access termination */"
      container = "/* Could not access container */"
      largestPoolSize = "/* Could not access largestPoolSize */"
      completedTaskCount = "/* Could not access completedTaskCount */"
      threadFactory = "/* Could not access threadFactory */"
      handler = "/* Could not access handler */"
      keepAliveTime = "/* Could not access keepAliveTime */"
      allowCoreThreadTimeOut = "/* Could not access allowCoreThreadTimeOut */"
      corePoolSize = "/* Could not access corePoolSize */"
      maximumPoolSize = "/* Could not access maximumPoolSize */"
      defaultHandler = "/* Could not access defaultHandler */"
      shutdownPerm = "/* Could not access shutdownPerm */"
      ONLY_ONE = "/* Could not access ONLY_ONE */"
      $assertionsDisabled = "/* Could not access $assertionsDisabled */"
    _appMonitorConfigurator = class com.ibm.ws.app.manager.internal.monitor.AppMonitorConfigurator@442eb686
      appMonitor = class com.ibm.ws.app.manager.internal.monitor.ApplicationMonitor@4f45b191
      dropinMonitor = class com.ibm.ws.app.manager.internal.monitor.DropinMonitor@10df1b4a
      appMonitorConfig = class com.ibm.ws.app.manager.internal.monitor.ApplicationMonitorConfig@4819b73f
      serialVersionUID = 3950085264800962571
      $$$tc$$$ = class com.ibm.websphere.ras.TraceComponent@54e798ff
    _applicationManager = class com.ibm.ws.app.manager.ApplicationManager@20b86770
      expandApps = false
      useJandex = false
      startTimeout = 30
      stopTimeout = 30
      expandLocation = "D:/mine/JEE/authentication/project/target/liberty/wlp/usr/servers/projectServer/apps/expanded/"
      extractedLog = class java.io.File@66bd7213
      extractsDataLog = class java.util.concurrent.ConcurrentHashMap@2db93313
      APPNAME_KEY = "appName"
      APPNAME_CALLBACK = class com.ibm.ws.app.manager.ApplicationManager$1@5e69a5
      serialVersionUID = -4857646304502982718
      $$$tc$$$ = class com.ibm.websphere.ras.TraceComponent@2b20eb6
    _checkpointPhase = class io.openliberty.checkpoint.spi.CheckpointPhase@2cd78e5f
      AFTER_APP_START = class io.openliberty.checkpoint.spi.CheckpointPhase@8e1508e
      BEFORE_APP_START = class io.openliberty.checkpoint.spi.CheckpointPhase@7baae2ea
      INACTIVE = class io.openliberty.checkpoint.spi.CheckpointPhase@2cd78e5f
      CHECKPOINT_PROPERTY = "io.openliberty.checkpoint"
      CHECKPOINT_ACTIVE_FILTER = "(!(io.openliberty.checkpoint=INACTIVE))"
      CHECKPOINT_RESTORED_PROPERTY = "io.openliberty.checkpoint.restored"
      CONDITION_PROCESS_RUNNING_ID = "io.openliberty.process.running"
      restored = true
      noMoreAddHooks = true
      singleThreadedHooks = class java.util.ArrayList@568d193e
      multiThreadedHooks = class java.util.ArrayList@6a2a7425
      THE_PHASE = class io.openliberty.checkpoint.spi.CheckpointPhase@2cd78e5f
      DEBUG = false
      $VALUES = class io.openliberty.checkpoint.spi.CheckpointPhase[3]
      name = "/* Could not access name */"
      ordinal = "/* Could not access ordinal */"
      hash = "/* Could not access hash */"
    _restoreMessages = class java.util.concurrent.CopyOnWriteArrayList@6a0bcc87
      serialVersionUID = "/* Could not access serialVersionUID */"
      lock = "/* Could not access lock */"
      array = "/* Could not access array */"
    SIMPLE_INITIAL_UPDATE_NOTIFICATIONS = class java.util.Arrays$ArrayList@283bfa38
      serialVersionUID = "/* Could not access serialVersionUID */"
      a = "/* Could not access a */"
      modCount = "/* Could not access modCount */"
    serialVersionUID = 7117825946099047737
  _listener = class com.ibm.ws.app.manager.internal.statemachine.StartAction$1@20530496
    this$0 = class com.ibm.ws.app.manager.internal.statemachine.StartAction@1478aa9e
    serialVersionUID = 276196939532533882
    $$$tc$$$ = class com.ibm.websphere.ras.TraceComponent@ef1abdb
      strings[0] = "TraceComponent[com.ibm.ws.app.manager.internal.statemachine.StartAction$1,class com.ibm.ws.app.manager.internal.statemachine.StartAction$1,[applications, app.manager],com.ibm.ws.app.manager.internal.resources.AppManagerMessages,null]"
  serialVersionUID = -7032864910548682909

Dump of objectArray[0]
Object type = com.ibm.ws.threading.internal.ScheduledExecutorImpl
  threadGroupName = "Scheduled Executor Thread Group"
  executor = class com.ibm.ws.threading.internal.ExecutorServiceImpl@69d98176
    tc = class com.ibm.websphere.ras.TraceComponent@bd1f506
      strings[0] = "TraceComponent[com.ibm.ws.threading.internal.ExecutorServiceImpl,class com.ibm.ws.threading.internal.ExecutorServiceImpl,[Threading],com.ibm.ws.threading.internal.resources.ThreadingMessages,null]"
    threadPool = class java.util.concurrent.ThreadPoolExecutor@328b71
      ctl = "/* Could not access ctl */"
      COUNT_BITS = "/* Could not access COUNT_BITS */"
      COUNT_MASK = "/* Could not access COUNT_MASK */"
      RUNNING = "/* Could not access RUNNING */"
      SHUTDOWN = "/* Could not access SHUTDOWN */"
      STOP = "/* Could not access STOP */"
      TIDYING = "/* Could not access TIDYING */"
      TERMINATED = "/* Could not access TERMINATED */"
      workQueue = "/* Could not access workQueue */"
      mainLock = "/* Could not access mainLock */"
      workers = "/* Could not access workers */"
      termination = "/* Could not access termination */"
      container = "/* Could not access container */"
      largestPoolSize = "/* Could not access largestPoolSize */"
      completedTaskCount = "/* Could not access completedTaskCount */"
      threadFactory = "/* Could not access threadFactory */"
      handler = "/* Could not access handler */"
      keepAliveTime = "/* Could not access keepAliveTime */"
      allowCoreThreadTimeOut = "/* Could not access allowCoreThreadTimeOut */"
      corePoolSize = "/* Could not access corePoolSize */"
      maximumPoolSize = "/* Could not access maximumPoolSize */"
      defaultHandler = "/* Could not access defaultHandler */"
      shutdownPerm = "/* Could not access shutdownPerm */"
      ONLY_ONE = "/* Could not access ONLY_ONE */"
      $assertionsDisabled = "/* Could not access $assertionsDisabled */"
    threadPoolController = class com.ibm.ws.threading.internal.ThreadPoolController@485a1bef
      tc = class com.ibm.websphere.ras.TraceComponent@4379bf8a
      interval = 1500
      hangInterval = 750
      hangResolutionCountdown = 0
      hangResolutionCycles = 3
      hangBufferPoolSize = 0
      currentMinimumPoolSize = 16
      controllerCyclesWithoutHang = 0
      noHangCyclesThreshold = 8
      compareRange = 4
      numberCpus = 8
      controllerCycle = 27
      distributionReset = false
      poolIncrement = 8
      poolDecrement = 8
      maxThreadsPoolDecrement = 1
      poolChangeBasis = 8
      poolIncrementBoundLow = 128
      poolIncrementBoundMedium = 512
      poolIncrementBoundHigh = 1024
      poolIncrementBoundExtraHigh = 2048
      poolIncrementMax = 32
      poolIncrementMin = 1
      POOL_INCREMENT_MIN_DEFAULT = 1
      POOL_INCREMENT_MAX_DEFAULT = 32
      minimumDesiredPoolSizeAdjustments = 10
      targetPoolSize = 16
      consecutiveTargetPoolSizeWrong = 0
      MAX_CONSECUTIVE_TARGET_POOLSIZE_WRONG = 3
      highCpu = 90
      lowTputThreadsRatio = 1.0
      activeThreadsGrowthRatio = 0.75
      dataAgePruneLevel = 5.0
      compareSpanPruneMultiplier = 2
      tputRatioPruneLevel = 5.0
      poolTputRatioHigh = 5.0
      poolTputRatioLow = 3.0
      compareSpanRatioMultiplier = 2
      growScoreFilterLevel = 0.5
      shrinkScoreFilterLevel = 0.5
      growShrinkDiffFilter = 0.25
      resetDistroStdDevEwmaRatio = 0.1
      resetDistroNewTputEwmaRatio = 0.5
      resetDistroConsecutiveOutliers = 5.0
      deepQueueMultiple = 4
      consecutiveDeepQueueThreshold = 5
      deepQueuePoolIncrementMultiple = 4
      processCpuUtil = 0.2602431712191872
      systemCpuUtil = 4.082864437993939
      cpuUtil = 4.082864437993939
      df = class java.text.DecimalFormat@5d1830b
      queueDepth = 0
      deepQueue = false
      consecutiveDeepQueueCycles = 0
      activeThreads = 1
      MAX_INTERVALS_WITHOUT_CHANGE = 5
      EMPTY_QUEUE_SHRINK_MAGIC_PER_INTERVAL = 0.04
      IDLE_INTERVALS_BEFORE_PAUSE = 3
      MAX_OUTLIER_AFTER_CHANGE_BEFORE_RESET = 10
      maxThreadsToBreakHang = 1000
      executorService = class com.ibm.ws.threading.internal.ExecutorServiceImpl@69d98176
      lastAction = class com.ibm.ws.threading.internal.ThreadPoolController$LastAction@3d4e2dad
      timer = class java.util.Timer@44703f5f
      activeTask = class com.ibm.ws.threading.internal.IntervalTask@7b4f6306
      paused = false
      lastTimerPop = 1708940622773
      previousCompleted = 4305
      previousThroughput = 13.324450366422385
      consecutiveQueueEmptyCount = 27
      consecutiveNoAdjustment = 2
      consecutiveOutlierAfterAdjustment = 0
      consecutiveIdleCount = 0
      maxThreads = 2147483647
      coreThreads = 16
      threadRange = 2147483631
      threadPool = class java.util.concurrent.ThreadPoolExecutor@328b71
      threadStats = class java.util.TreeMap@720f6ebf
      poolSizeWhenHangDetected = -1
      hangIntervalCounter = 0
      hangMaxThreadsMessageEmitted = false
      serialVersionUID = -4305189575171470212
    poolName = "Default Executor"
    MINIMUM_POOL_SIZE = 4
    MINIMUM_QUIESCE_TIMEOUT = 30
    quiesceTimeout = 30
    componentConfig = class org.apache.felix.scr.impl.helper.ReadOnlyDictionary@6f846311
      m_delegate = class java.util.Hashtable@44dc2e8f
      m_serviceReference = null
    interceptorsActive = false
    interceptors = class java.util.concurrent.CopyOnWriteArraySet@12d98a9f
      serialVersionUID = "/* Could not access serialVersionUID */"
      al = "/* Could not access al */"
    threadFactory = null
    serverStopping = false
    isBeta = false
    phaser = class java.util.concurrent.Phaser@5f6862ca
      state = "/* Could not access state */"
      MAX_PARTIES = "/* Could not access MAX_PARTIES */"
      MAX_PHASE = "/* Could not access MAX_PHASE */"
      PARTIES_SHIFT = "/* Could not access PARTIES_SHIFT */"
      PHASE_SHIFT = "/* Could not access PHASE_SHIFT */"
      UNARRIVED_MASK = "/* Could not access UNARRIVED_MASK */"
      PARTIES_MASK = "/* Could not access PARTIES_MASK */"
      COUNTS_MASK = "/* Could not access COUNTS_MASK */"
      TERMINATION_BIT = "/* Could not access TERMINATION_BIT */"
      ONE_ARRIVAL = "/* Could not access ONE_ARRIVAL */"
      ONE_PARTY = "/* Could not access ONE_PARTY */"
      ONE_DEREGISTER = "/* Could not access ONE_DEREGISTER */"
      EMPTY = "/* Could not access EMPTY */"
      parent = "/* Could not access parent */"
      root = "/* Could not access root */"
      evenQ = "/* Could not access evenQ */"
      oddQ = "/* Could not access oddQ */"
      NCPU = "/* Could not access NCPU */"
      SPINS_PER_ARRIVAL = "/* Could not access SPINS_PER_ARRIVAL */"
      STATE = "/* Could not access STATE */"
    serialVersionUID = 4471109171599484757
  serialVersionUID = -9110693807503469597
  $$$tc$$$ = class com.ibm.websphere.ras.TraceComponent@3db0a733
    strings[0] = "TraceComponent[com.ibm.ws.threading.internal.ScheduledExecutorImpl,class com.ibm.ws.threading.internal.ScheduledExecutorImpl,[Threading],com.ibm.ws.threading.internal.resources.ThreadingMessages,null]"
  continueExistingPeriodicTasksAfterShutdown = "/* Could not access continueExistingPeriodicTasksAfterShutdown */"
  executeExistingDelayedTasksAfterShutdown = "/* Could not access executeExistingDelayedTasksAfterShutdown */"
  removeOnCancel = "/* Could not access removeOnCancel */"
  sequencer = "/* Could not access sequencer */"
  DEFAULT_KEEPALIVE_MILLIS = "/* Could not access DEFAULT_KEEPALIVE_MILLIS */"
  ctl = "/* Could not access ctl */"
  COUNT_BITS = "/* Could not access COUNT_BITS */"
  COUNT_MASK = "/* Could not access COUNT_MASK */"
  RUNNING = "/* Could not access RUNNING */"
  SHUTDOWN = "/* Could not access SHUTDOWN */"
  STOP = "/* Could not access STOP */"
  TIDYING = "/* Could not access TIDYING */"
  TERMINATED = "/* Could not access TERMINATED */"
  workQueue = "/* Could not access workQueue */"
  mainLock = "/* Could not access mainLock */"
  workers = "/* Could not access workers */"
  termination = "/* Could not access termination */"
  container = "/* Could not access container */"
  largestPoolSize = "/* Could not access largestPoolSize */"
  completedTaskCount = "/* Could not access completedTaskCount */"
  threadFactory = "/* Could not access threadFactory */"
  handler = "/* Could not access handler */"
  keepAliveTime = "/* Could not access keepAliveTime */"
  allowCoreThreadTimeOut = "/* Could not access allowCoreThreadTimeOut */"
  corePoolSize = "/* Could not access corePoolSize */"
  maximumPoolSize = "/* Could not access maximumPoolSize */"
  defaultHandler = "/* Could not access defaultHandler */"
  shutdownPerm = "/* Could not access shutdownPerm */"
  ONLY_ONE = "/* Could not access ONLY_ONE */"
  $assertionsDisabled = "/* Could not access $assertionsDisabled */"

