------Start of DE processing------ = [2/26/24, 10:39:10:277 WEST ]
Exception = java.lang.NullPointerException
Source = com.ibm.ws.webcontainer.osgi.DynamicVirtualHost
probeid = startWebApp
Stack Dump = java.lang.NullPointerException: Cannot invoke "java.lang.Number.intValue()" because "num" is null
	at com.ibm.ws.transaction.services.JTMConfigurationProvider.getTotalTransactionLifetimeTimeout(JTMConfigurationProvider.java:350)
	at com.ibm.tx.jta.impl.TranManagerImpl.<init>(TranManagerImpl.java:66)
	at com.ibm.tx.jta.embeddable.impl.EmbeddableTranManagerImpl.<init>(EmbeddableTranManagerImpl.java:30)
	at com.ibm.tx.jta.embeddable.impl.EmbeddableTranManagerSet$1.initialValue(EmbeddableTranManagerSet.java:57)
	at com.ibm.tx.jta.embeddable.impl.EmbeddableTranManagerSet$1.initialValue(EmbeddableTranManagerSet.java:54)
	at java.base/java.lang.ThreadLocal.setInitialValue(ThreadLocal.java:225)
	at java.base/java.lang.ThreadLocal.get(ThreadLocal.java:194)
	at java.base/java.lang.ThreadLocal.get(ThreadLocal.java:172)
	at com.ibm.tx.jta.embeddable.impl.EmbeddableTranManagerSet.self(EmbeddableTranManagerSet.java:68)
	at com.ibm.tx.jta.embeddable.impl.EmbeddableTranManagerSet.self(EmbeddableTranManagerSet.java:36)
	at com.ibm.tx.jta.impl.TranManagerSet.getTransaction(TranManagerSet.java:122)
	at com.ibm.ws.transaction.services.TransactionManagerService.getTransaction(TransactionManagerService.java:343)
	at com.ibm.ws.transaction.services.WebAppTransactionCollaboratorImpl.preInvoke(WebAppTransactionCollaboratorImpl.java:221)
	at com.ibm.ws.webcontainer.webapp.WebApp.notifyServletContextCreated(WebApp.java:2441)
	at com.ibm.ws.webcontainer31.osgi.webapp.WebApp31.notifyServletContextCreated(WebApp31.java:512)
	at com.ibm.ws.webcontainer.webapp.WebApp.initialize(WebApp.java:1063)
	at com.ibm.ws.webcontainer.webapp.WebApp.initialize(WebApp.java:6702)
	at com.ibm.ws.webcontainer.osgi.DynamicVirtualHost.startWebApp(DynamicVirtualHost.java:484)
	at com.ibm.ws.webcontainer.osgi.DynamicVirtualHost.startWebApplication(DynamicVirtualHost.java:479)
	at com.ibm.ws.webcontainer.osgi.WebContainer.startWebApplication(WebContainer.java:1208)
	at com.ibm.ws.webcontainer.osgi.WebContainer.access$100(WebContainer.java:113)
	at com.ibm.ws.webcontainer.osgi.WebContainer$3.run(WebContainer.java:996)
	at com.ibm.ws.threading.internal.ExecutorServiceImpl$RunnableWrapper.run(ExecutorServiceImpl.java:280)
	at java.base/java.util.concurrent.Executors$RunnableAdapter.call(Executors.java:572)
	at java.base/java.util.concurrent.FutureTask.run(FutureTask.java:317)
	at java.base/java.util.concurrent.ThreadPoolExecutor.runWorker(ThreadPoolExecutor.java:1144)
	at java.base/java.util.concurrent.ThreadPoolExecutor$Worker.run(ThreadPoolExecutor.java:642)
	at java.base/java.lang.Thread.run(Thread.java:1583)

Dump of callerThis
Object type = [Ljava.lang.Object;
  Object[0] = class com.ibm.ws.webcontainer.osgi.DynamicVirtualHost@4a599266
    tc = class com.ibm.websphere.ras.TraceComponent@628728a5
      strings[0] = "TraceComponent[com.ibm.ws.webcontainer.osgi.DynamicVirtualHost,class com.ibm.ws.webcontainer.osgi.DynamicVirtualHost,[webcontainer],com.ibm.ws.webcontainer.resources.LShimMessages,null]"
    nls = class com.ibm.ejs.ras.TraceNLS@7a18bd81
      resolver = class com.ibm.ws.logging.internal.TraceNLSResolver@6c903a0c
      finder = null
      ivBundleName = "com.ibm.ws.webcontainer.resources.Messages"
      caller = class java.lang.Class@5fb0689b
    CLASS_NAME = "com.ibm.ws.webcontainer.osgi.DynamicVirtualHost"
    webContainerParent = class com.ibm.ws.webcontainer.osgi.WebContainer@bd05ed0
      tc = class com.ibm.websphere.ras.TraceComponent@77fea6b2
      CLASS_NAME = "com.ibm.ws.webcontainer.osgi.WebContainer"
      initialized = true
      eventService = class com.ibm.ws.event.internal.EventEngineImpl@5d255c2f
      futureMonitor = class com.ibm.ws.threading.internal.FutureMonitorImpl@736f8c75
      classLoadingSRRef = class com.ibm.wsspi.kernel.service.utils.AtomicServiceReference@21619872
      sessionHelperSRRef = class com.ibm.wsspi.kernel.service.utils.AtomicServiceReference@53c32f82
      cacheManagerSRRef = class com.ibm.wsspi.kernel.service.utils.AtomicServiceReference@2470c5f1
      injectionEngineSRRef = class com.ibm.wsspi.kernel.service.utils.AtomicServiceReference@2b73e92e
      managedObjectServiceSRRef = class com.ibm.wsspi.kernel.service.utils.AtomicServiceReference@6fc463a
      backgroundWebAppStartFutures = class com.ibm.ws.webcontainer.util.OneTimeUseArrayList@4c09c658
      REFERENCE_WEB_MBEAN_RUNTIME = "webMBeanRuntime"
      webMBeanRuntimeServiceRef = class com.ibm.wsspi.kernel.service.utils.AtomicServiceReference@6ef4dd65
      servletContainerInitializers = class com.ibm.wsspi.kernel.service.utils.ConcurrentServiceReferenceSet@5a7a630c
      es = class com.ibm.ws.threading.internal.ExecutorServiceImpl@33f85e0b
      locationServiceRef = class java.util.concurrent.atomic.AtomicReference@3e5333ef
      transferContextServiceRef = class com.ibm.wsspi.kernel.service.utils.ConcurrentServiceReferenceSet@3c6a197b
      encodingServiceRef = class java.util.concurrent.atomic.AtomicReference@743de466
      instance = class java.util.concurrent.atomic.AtomicReference@7dd69bee
      vhostManager = class com.ibm.ws.webcontainer.osgi.DynamicVirtualHostManager@5a3d13f0
      metaDataService = class com.ibm.ws.container.service.metadata.internal.MetaDataServiceImpl@7d438115
      j2eeNameFactory = class com.ibm.ws.container.service.metadata.internal.J2EENameFactoryImpl@4a335c12
      context = class org.apache.felix.scr.impl.manager.ComponentContextImpl@3670780d
      contextRoots = class java.util.Collections$SynchronizedSet@2d75a471
      pendingContextRoots = class java.util.HashMap@64b553da
      deployedModuleMap = class java.util.concurrent.ConcurrentHashMap@56a56e2f
      connContextPool = class io.openliberty.webcontainer.servlet.internal.osgi.srt.factory.SRTConnectionContextPool60Impl@6320d4e6
      DEFAULT_PORT = "*"
      DEFAULT_VHOST_NAME = "default_host"
      cachedServerInfo = "IBM WebSphere Liberty/24.0.0.1"
      lock = class com.ibm.ws.webcontainer.osgi.WebContainer$1@6376b2df
      webAppFactory = class io.openliberty.webcontainer.servlet.internal.osgi.webapp.factory.WebAppFactory60Impl@2d9306e8
      requestFactory = class io.openliberty.webcontainer.servlet.internal.osgi.response.factory.IRequestResponseFactory60Impl@50bac163
      responseFactory = class io.openliberty.webcontainer.servlet.internal.osgi.response.factory.IRequestResponseFactory60Impl@50bac163
      asyncContextFactory = class io.openliberty.webcontainer.servlet.internal.async.factory.AsyncContextFactory60Impl@35d8b876
      DEFAULT_MAX_VERSION = 30
      serverStopping = false
      modulesStarting = class java.util.concurrent.atomic.AtomicInteger@636e1458
      uriMatcherFactory = class io.openliberty.webcontainer.servlet.internal.util.factory.URIMatcherFactory60Impl@567ffa9b
      SPEC_LEVEL_30 = 30
      SPEC_LEVEL_31 = 31
      SPEC_LEVEL_40 = 40
      SPEC_LEVEL_50 = 50
      SPEC_LEVEL_60 = 60
      SPEC_LEVEL_61 = 61
      DEFAULT_SPEC_LEVEL = 30
      loadedContainerSpecLevel = 60
      ISO = "ISO-8859-1"
      encoding = "UTF-8"
      decode = true
      wcconfig = class com.ibm.ws.webcontainer.osgi.WebContainerConfiguration@50c888ee
      applicationListeners = class java.util.ArrayList@20238189
      servletListeners = class java.util.ArrayList@33fc9d01
      servletErrorListeners = class java.util.ArrayList@1a7e12c7
      servletInvocationListeners = class java.util.ArrayList@e65669e
      filterInvocationListeners = class java.util.ArrayList@32769112
      filterErrorListeners = class java.util.ArrayList@65b506c8
      filterListeners = class java.util.ArrayList@fb7c893
      servletRequestListeners = class java.util.ArrayList@2a431e6d
      servletRequestAttributeListeners = class java.util.ArrayList@2cbbe436
      servletContextListeners = class java.util.ArrayList@61f5242f
      servletContextAttributeListeners = class java.util.ArrayList@50379bd2
      sessionListeners = class java.util.ArrayList@62b547cf
      sessionIdListeners = class java.util.ArrayList@11dc95fb
      sessionAttributeListeners = class java.util.ArrayList@59401fb3
      DEFAULT_HOST = "default_host"
      _initialized = true
      logger = class com.ibm.ws.logging.internal.WsLogger@64acc4de
      CLASS_NAME = "com.ibm.ws.webcontainer.internal.WebContainer"
      nls = class com.ibm.ejs.ras.TraceNLS@35c5f642
      self = class java.util.concurrent.atomic.AtomicReference@7d06440a
      selfInit = class java.util.concurrent.CountDownLatch@880751c
      _cipherToBit = class java.util.HashMap@51645e38
      cacheKeyStringBuilder = class com.ibm.ws.util.WSThreadLocal@4b09d5b0
      listenersInitialized = true
      webConProperties = class java.util.Properties@460fecf
      sessionRegistry = null
      isStopped = false
      readWriteLockForStopping = class java.util.concurrent.locks.ReentrantReadWriteLock@fc353ca
      urlPrefix = ";jsessionid="
      extensionFactories = class java.util.ArrayList@3e1c1782
      postInitExtensionFactories = null
      httpResponseListeners = class java.util.ArrayList@7ca55994
      servletContainerInitializers = class java.util.ServiceLoader@7984b7e5
      auditManager = class com.ibm.websphere.security.audit.context.AuditManager@7a91a89c
      invocationCacheSize = 500
      _cacheMap = class java.util.concurrent.ConcurrentHashMap@6fd9e907
      _cacheSize = class java.util.concurrent.atomic.AtomicInteger@39666491
      vHostCompatFlag = false
      platformHelper = class com.ibm.ws.webcontainer.PlatformHelper@6501c7c7
      isDefaultTempDir = true
      tempDir = null
      servletCachingInitNeeded = true
      appInstallBegun = true
      cacheServletWrapperFactory = class io.openliberty.webcontainer.servlet.internal.servlet.factory.CacheServletWrapperFactory60Impl@12a356b3
      isServlet60orAbove = true
      commands = class java.util.ArrayList@32121431
      requestMapper = class com.ibm.ws.webcontainer.util.VirtualHostContextRootMapper@385abc0e
      parent = null
      name = "Was.webcontainer"
      isAlive = true
      subElements = class java.util.HashMap@530e7b3d
      attributes = null
      config = null
      serialVersionUID = -8271459000149267764
      $$$tc$$$ = class com.ibm.websphere.ras.TraceComponent@8166326
    dhostConfig = class com.ibm.ws.webcontainer.osgi.DynamicVirtualHostConfiguration@1f9fad12
      tc = class com.ibm.websphere.ras.TraceComponent@748d59cf
      name = "default_host"
      activeContexts = class java.util.HashSet@1b49e91
      appStartingCount = class java.util.concurrent.atomic.AtomicInteger@72b2c7a7
      tc = class com.ibm.websphere.ras.TraceComponent@207dc125
      config = null
      _id = "default_host"
      _attributes = null
      serialVersionUID = 7511545662945734886
      $$$tc$$$ = class com.ibm.websphere.ras.TraceComponent@6bc5b626
    predefinedMatcher = null
    normalizeRequestURI = false
    logger = class com.ibm.ws.logging.internal.WsLogger@64acc4de
      ivCachedResourceBundleName = "com.ibm.ws.webcontainer.resources.Messages"
      ivCachedResourceBundle = class com.ibm.ws.webcontainer.resources.Messages@5a00364b
      ivComponent = null
      ivOrganization = null
      ivProduct = null
      ivMinimumLocalizationLevelIntValue = 625
      ivTC = class com.ibm.websphere.ras.TraceComponent@5e4fde75
      loggerRegistrationComponent = class java.lang.ThreadLocal@5f64411a
      emptyHandlers = "/* Could not access emptyHandlers */"
      offValue = "/* Could not access offValue */"
      SYSTEM_LOGGER_RB_NAME = "/* Could not access SYSTEM_LOGGER_RB_NAME */"
      SYSTEM_BUNDLE = "/* Could not access SYSTEM_BUNDLE */"
      NO_RESOURCE_BUNDLE = "/* Could not access NO_RESOURCE_BUNDLE */"
      config = "/* Could not access config */"
      manager = "/* Could not access manager */"
      name = "/* Could not access name */"
      loggerBundle = "/* Could not access loggerBundle */"
      anonymous = "/* Could not access anonymous */"
      catalogRef = "/* Could not access catalogRef */"
      catalogName = "/* Could not access catalogName */"
      catalogLocale = "/* Could not access catalogLocale */"
      treeLock = "/* Could not access treeLock */"
      parent = "/* Could not access parent */"
      kids = "/* Could not access kids */"
      callerModuleRef = "/* Could not access callerModuleRef */"
      isSystemLogger = "/* Could not access isSystemLogger */"
      GLOBAL_LOGGER_NAME = "global"
      global = class java.util.logging.Logger@362496e7
    CLASS_NAME = "com.ibm.ws.webcontainer.VirtualHost"
    vHostConfig = class com.ibm.ws.webcontainer.osgi.DynamicVirtualHostConfiguration@1f9fad12
    commands = class java.util.ArrayList@34005131
      serialVersionUID = "/* Could not access serialVersionUID */"
      DEFAULT_CAPACITY = "/* Could not access DEFAULT_CAPACITY */"
      EMPTY_ELEMENTDATA = "/* Could not access EMPTY_ELEMENTDATA */"
      DEFAULTCAPACITY_EMPTY_ELEMENTDATA = "/* Could not access DEFAULTCAPACITY_EMPTY_ELEMENTDATA */"
      elementData = "/* Could not access elementData */"
      size = "/* Could not access size */"
      modCount = "/* Could not access modCount */"
    requestMapper = class com.ibm.wsspi.webcontainer.util.URIMapper@b4b1685
      matcher = class com.ibm.wsspi.webcontainer40.util.URIMatcher40@22a7b168
    parent = class com.ibm.ws.webcontainer.osgi.WebContainer@bd05ed0
    name = "default_host"
    isAlive = true
    subElements = class java.util.HashMap@695ecdc3
      serialVersionUID = "/* Could not access serialVersionUID */"
      DEFAULT_INITIAL_CAPACITY = "/* Could not access DEFAULT_INITIAL_CAPACITY */"
      MAXIMUM_CAPACITY = "/* Could not access MAXIMUM_CAPACITY */"
      DEFAULT_LOAD_FACTOR = "/* Could not access DEFAULT_LOAD_FACTOR */"
      TREEIFY_THRESHOLD = "/* Could not access TREEIFY_THRESHOLD */"
      UNTREEIFY_THRESHOLD = "/* Could not access UNTREEIFY_THRESHOLD */"
      MIN_TREEIFY_CAPACITY = "/* Could not access MIN_TREEIFY_CAPACITY */"
      table = "/* Could not access table */"
      entrySet = "/* Could not access entrySet */"
      size = "/* Could not access size */"
      modCount = "/* Could not access modCount */"
      threshold = "/* Could not access threshold */"
      loadFactor = "/* Could not access loadFactor */"
      keySet = "/* Could not access keySet */"
      values = "/* Could not access values */"
    attributes = null
    config = null
    serialVersionUID = -8271459000149267764
    $$$tc$$$ = class com.ibm.websphere.ras.TraceComponent@8166326
  Object[1] = class com.ibm.ws.webcontainer40.osgi.webapp.WebApp40@6f8e9ac8
    tc = class com.ibm.websphere.ras.TraceComponent@714c8e4a
      strings[0] = "TraceComponent[com.ibm.ws.webcontainer40.osgi.webapp.WebApp40,class com.ibm.ws.webcontainer40.osgi.webapp.WebApp40,[webcontainer],com.ibm.ws.webcontainer31.resources.Messages,null]"
    servlet40NLS = class com.ibm.ejs.ras.TraceNLS@680cb37e
      resolver = class com.ibm.ws.logging.internal.TraceNLSResolver@6c903a0c
      finder = null
      ivBundleName = "com.ibm.ws.webcontainer40.resources.Messages"
      caller = class java.lang.Class@284c1d29
    CLASS_NAME = "com.ibm.ws.webcontainer40.osgi.webapp.WebApp40"
    defaultSessionTimeout = 30
    tc = class com.ibm.websphere.ras.TraceComponent@56f7021c
      strings[0] = "TraceComponent[com.ibm.ws.webcontainer31.osgi.webapp.WebApp31,class com.ibm.ws.webcontainer31.osgi.webapp.WebApp31,[webcontainer],com.ibm.ws.webcontainer31.resources.Messages,null]"
    CLASS_NAME = "com.ibm.ws.webcontainer31.osgi.webapp.WebApp31"
    servlet31NLS = class com.ibm.ejs.ras.TraceNLS@d6af5da
      resolver = class com.ibm.ws.logging.internal.TraceNLSResolver@6c903a0c
      finder = null
      ivBundleName = "com.ibm.ws.webcontainer31.resources.Messages"
      caller = class java.lang.Class@5f617635
    validListenerClasses = class java.lang.Class[7]
      Class[0] = class java.lang.Class@695e1d18
      Class[1] = class java.lang.Class@5c5f97ec
      Class[2] = class java.lang.Class@2eebdd86
      Class[3] = class java.lang.Class@6d915002
      Class[4] = class java.lang.Class@3c4392f2
      Class[5] = class java.lang.Class@2b1d1fa2
      Class[6] = class java.lang.Class@63b54e5e
    wsocServHandler = null
    tc = class com.ibm.websphere.ras.TraceComponent@17674376
      strings[0] = "TraceComponent[com.ibm.ws.webcontainer.osgi.webapp.WebApp,class com.ibm.ws.webcontainer.osgi.webapp.WebApp,[webcontainer],com.ibm.ws.webcontainer.resources.LShimMessages,null]"
    CLASS_NAME = "com.ibm.ws.webcontainer.osgi.webapp.WebApp"
    metaDataService = class com.ibm.ws.container.service.metadata.internal.MetaDataServiceImpl@7d438115
      applicationMetaDataManager = class com.ibm.ws.container.service.metadata.internal.ApplicationMetaDataManager@3ad967b4
      moduleMetaDataManager = class com.ibm.ws.container.service.metadata.internal.ModuleMetaDataManager@624c269f
      componentMetaDataManager = class com.ibm.ws.container.service.metadata.internal.ComponentMetaDataManager@5963d6f8
      methodMetaDataManager = class com.ibm.ws.container.service.metadata.internal.MethodMetaDataManager@141b769
      appModuleNameToModuleContainer = class java.util.concurrent.ConcurrentHashMap@70548432
      jeeNameToComponentMetaData = class java.util.concurrent.ConcurrentHashMap@73af2c79
      deferredMetaDataFactories = class com.ibm.wsspi.kernel.service.utils.ConcurrentServiceReferenceSet@343cf0e2
      deferredMetaDataInitializers = class com.ibm.wsspi.kernel.service.utils.ConcurrentServiceReferenceMap@384ae3f3
      serialVersionUID = -2494605732980966097
      $$$tc$$$ = class com.ibm.websphere.ras.TraceComponent@702002fa
    namespacePopulated = false
    referenceContext = class com.ibm.ws.injectionengine.osgi.internal.OSGiReferenceContextImpl@5f154d4f
      scopeData = class com.ibm.ws.injectionengine.osgi.internal.OSGiInjectionScopeData@64e4be97
      serialVersionUID = 521511923892134915
      $$$tc$$$ = class com.ibm.websphere.ras.TraceComponent@2e9046de
      CLASS_NAME = "com.ibm.ws.injectionengine.ReferenceContextImpl"
      tc = class com.ibm.websphere.ras.TraceComponent@2c0d27b5
      ivInjectionEngine = class com.ibm.ws.injectionengine.osgi.internal.OSGiInjectionEngineImpl@6ceb85dc
      ivProviders = class java.util.ArrayList@66adb0dc
      ivComponentJavaContext = null
      ivComponentNameSpace = null
      ivJavaColonCompEnvMap = class java.util.LinkedHashMap@5a7fcf2b
      ivEjbContext10 = class java.util.Properties@6a0a64dd
      ivResourceRefConfigList = class com.ibm.ws.resource.internal.ResourceRefConfigListImpl@612a0210
      isAlreadyProcessed = true
      ivProcessFailure = null
      ivInjectionTargetMap = class java.util.concurrent.ConcurrentHashMap@5fef5254
      svInjTarMapCacheSize = 256
      ivDeclaredInjectionTargets = class java.util.HashMap@667af9f8
      ivProcessedInjectionClasses = class java.util.HashSet@57f15da5
      svInjClassMapCacheSize = 512
      ivProcessedInjectionBindings = class java.util.ArrayList@42cd2a0e
      ivAnyProcessDynamic = false
      ivCheckAppConfig = false
    j2eeNameFactory = class com.ibm.ws.container.service.metadata.internal.J2EENameFactoryImpl@4a335c12
      serialVersionUID = 3486344295038028821
      $$$tc$$$ = class com.ibm.websphere.ras.TraceComponent@16717ef4
    moduleLoader = class com.ibm.ws.classloading.internal.AppClassLoader@1c55ba1e
      tc = class com.ibm.websphere.ras.TraceComponent@6528e658
      forbiddenClassNames = class java.util.Collections$UnmodifiableSet@690dc7ad
      FORBIDDEN_PROPERTIES = "forbidden.properties"
      NOTHING_FORBIDDEN_PROPERTY = "io.openliberty.classloading.nothing.forbidden"
      disableSharedClassesCache = false
      PARENT_FIRST_SEARCH_ORDER = class java.util.Collections$UnmodifiableRandomAccessList@4bfd42a9
      packagesDefined = class java.util.Collections$SetFromMap@5db41a7c
      CLASS_LOADING_TRACE_PREFIX = "com.ibm.ws.class.load."
      DEFAULT_PACKAGE = "default.package"
      perPackageClassLoadingTraceComponents = class java.util.concurrent.ConcurrentHashMap@722719ce
      config = class com.ibm.ws.classloading.internal.ClassLoaderConfigurationImpl@75908888
      privateLibraries = null
      delegateLoaders = class com.ibm.ws.classloading.internal.util.CompositeIterable@54d97499
      nativeLibraryFiles = class java.util.ArrayList@2943e384
      transformers = class java.util.ArrayList@63e0760b
      systemTransformers = class java.util.concurrent.CopyOnWriteArrayList@12457637
      apiAccess = class com.ibm.ws.classloading.internal.AppClassLoader@7f2ce06e
      generator = class com.ibm.ws.classloading.internal.ClassGeneratorManager@da7a55a
      protectionDomains = class java.util.concurrent.ConcurrentHashMap@3b4e38a9
      hook = null
      serialVersionUID = 5906478461061001036
      checkpointPhase = class io.openliberty.checkpoint.spi.CheckpointPhase@6dd460f6
      tc = class com.ibm.websphere.ras.TraceComponent@6ba73c9a
      smartClassPath = class com.ibm.ws.classloading.internal.ContainerClassLoader$SmartClassPathImpl@62b36063
      nativeLibraryContainers = class java.util.ArrayList@520e841a
      redefiner = class com.ibm.ws.classloading.internal.util.ClassRedefiner@184f6582
      jarProtocol = "wsjar:"
      mapCreationQueue = class java.util.concurrent.Executors$AutoShutdownDelegatedExecutorService@31976e17
      serialVersionUID = 251246017270836472
      parent = class com.ibm.ws.classloading.internal.AppClassLoader@7f2ce06e
      classNameLockStore = class com.ibm.ws.kernel.boot.utils.KeyBasedLockStore@485eb03e
      serialVersionUID = -3020377578845918238
      $$$tc$$$ = class com.ibm.websphere.ras.TraceComponent@a505465
      pdcache = "/* Could not access pdcache */"
    webAppConfig = class com.ibm.ws.webcontainer.osgi.webapp.WebAppConfiguration@6951b477
      webModuleMetaData = class com.ibm.ws.webcontainer.osgi.metadata.WebModuleMetaDataImpl@6bc9fe2e
      webComponentMetaData = class com.ibm.ws.webcontainer.osgi.metadata.WebComponentMetaDataImpl@10a6b651
      dVirtualHost = class com.ibm.ws.webcontainer.osgi.DynamicVirtualHost@4a599266
      orderedLibPaths = class java.util.Collections$UnmodifiableRandomAccessList@2eb8ebce
      bundleHeaders = null
      cdiEnabled = true
      CLASS_NAME = "com.ibm.ws.webcontainer.webapp.WebAppConfiguration"
      logger = class com.ibm.ws.logging.internal.WsLogger@198322aa
      tc = class com.ibm.websphere.ras.TraceComponent@6366044c
      nls = class com.ibm.ejs.ras.TraceNLS@73b1d1d1
      version = 31
      contextRoot = "/project"
      isDefaultContextRootUsed = true
      sessionTimeout = 0
      moduleSessionTimeoutSet = false
      moduleSessionTrackingModeSet = false
      sessionCookieConfig = class io.openliberty.session.impl.SessionCookieConfigImpl60@13b728c3
      hasProgrammaticCookieConfig = false
      sessionDefaultTrackingModeSet = class java.util.RegularEnumSet@37ab8c15
      sessionManagerConfig = class com.ibm.ws.session.SessionManagerConfig@129ab08f
      displayName = "Hello Servlet"
      description = null
      reloadInterval = 0
      distributable = false
      denyUncoveredHttpMethods = false
      reloadingEnabled = false
      serveServletsByClassnameEnabled = null
      defaultErrorPage = null
      additionalClassPath = null
      fileServingEnabled = null
      directoryBrowsingEnabled = null
      autoRequestEncoding = false
      autoResponseEncoding = false
      autoLoadFilters = false
      requestListeners = null
      requestAttributeListeners = null
      sessionListeners = null
      localeMap = null
      moduleName = "project"
      j2eeModuleName = "project.war"
      moduleId = null
      isSyncToThreadEnabled = false
      encodeDispatchedRequestURI = false
      isSystemApp = false
      ardEnabled = false
      ardDispatchType = null
      listeners = class java.util.ArrayList@6f58c454
      welcomeFileList = class java.util.ArrayList@4583084c
      servletMappings = class java.util.HashMap@2ea3efcd
      lastIndexBeforeDeclaredFilters = 0
      filterMappings = class java.util.ArrayList@69fa2c5e
      servletInfo = class java.util.concurrent.ConcurrentHashMap@40292f51
      filterInfo = class java.util.HashMap@1db58e70
      mimeMappings = class java.util.HashMap@2cd9d78c
      mimeFilters = null
      isMimeFilteringEnabled = false
      theWebGroup = null
      jspAttributes = class java.util.HashMap@14798695
      fileServingAttributes = class java.util.HashMap@1d2360ec
      invokerAttributes = class java.util.HashMap@2c54bb36
      contextParams = class java.util.HashMap@4e536c87
      virtualHost = "default_host"
      exceptionErrorPages = class java.util.HashMap@164606f6
      codeErrorPages = class java.util.HashMap@10e420d2
      tagLibList = null
      precompileJsps = false
      webApp = class com.ibm.ws.webcontainer40.osgi.webapp.WebApp40@6f8e9ac8
      virtualHostList = class java.util.Collections$EmptyList@19e0b4f3
      appStartupWeight = 0
      moduleStartupWeight = 0
      metaDataComplete = false
      classesToScan = class java.util.ArrayList@4c02d41c
      uriFilterMappingInfos = null
      servletFilterMappingInfos = null
      dynamicServletRegistrationMap = null
      applicationName = "project"
      libBinPathList = null
      webXmlDefinedListeners = class java.util.HashSet@6a550adc
      allRefs = class java.util.EnumMap@5b0645f4
      allRefBindings = class java.util.EnumMap@475d254b
      envEntryValues = class java.util.HashMap@1d25bb88
      resourceRefConfigList = null
      disallowAllFileServingProp = null
      disallowServeServletsByClassnameProp = null
      disableStaticMappingCache = false
      jspCachedLocations = null
      primedSTSHeader = "NoValue"
      enablemultireadofpostdata = false
      requestEncoding = null
      responseEncoding = null
      NULLSERVLETNAME = "com.ibm.ws.webcontainer.NullServletName"
      skipEncodedCharVerification = false
      _id = "WebAppGeneratedId1"
      _attributes = null
      serialVersionUID = 7511545662945734886
      $$$tc$$$ = class com.ibm.websphere.ras.TraceComponent@6bc5b626
    extensionProcessingDisabled = false
    managedObjectService = class com.ibm.ws.cdi.impl.managedobject.CDIManagedObjectService@1d86c0b1
      defaultMOS = class com.ibm.ws.managedobject.internal.ManagedObjectServiceImpl@687a7a4c
      cdiRuntime = class com.ibm.ws.cdi.liberty.CDIRuntimeImpl@1ada90a2
      isActive = class java.util.concurrent.atomic.AtomicBoolean@22713331
      serialVersionUID = 5211943849551391960
      $$$tc$$$ = class com.ibm.websphere.ras.TraceComponent@6f30f7
    internalServletMetaData = interface com.ibm.wsspi.webcontainer.metadata.WebComponentMetaData[2]
      WebComponentMetaData[0] = null
      WebComponentMetaData[1] = null
    loginProcessor = null
    logoutProcessor = null
    collabHelper = class com.ibm.ws.webcontainer.osgi.collaborator.CollaboratorHelperImpl@3065acdc
      webAppInvCollabs = class java.util.Collections$UnmodifiableSet@3acaead9
      securityDomainForApp = null
      logger = class com.ibm.ws.logging.internal.WsLogger@1595fd6
      staticDefaultSecurityCollaborator = class com.ibm.ws.webcontainer.collaborator.WebAppSecurityCollaborator@4fc880df
      staticDefaultWebAppTransactionCollaborator = class com.ibm.ws.webcontainer.collaborator.WebAppTransactionCollaborator@640bcaac
      logger = class com.ibm.ws.logging.internal.WsLogger@9fa68d6
      CLASS_NAME = "com.ibm.wsspi.webcontainer.collaborator.CollaboratorHelper"
      webApp = class com.ibm.ws.webcontainer40.osgi.webapp.WebApp40@6f8e9ac8
      securityCollaborator = null
      nameSpaceCollaborator = class com.ibm.ws.webcontainer.osgi.collaborator.WebAppNameSpaceCollaboratorImpl@159c31
      transactionCollaborator = class com.ibm.ws.transaction.services.WebAppTransactionCollaboratorImpl@3f0ab34f
      connectionCollaborator = class com.ibm.ws.webcontainer.collaborator.ConnectionHandleCollaborator@429631d0
      allCollabEnum = class java.util.RegularEnumSet@49d38f25
      servlet_23_or_greater = true
      DEFER_SERVLET_REQUEST_LISTENER_DESTROY_ON_ERROR = true
    envObject = class com.ibm.ws.util.WSThreadLocal@44612bcf
      tc = class com.ibm.ejs.ras.TraceComponent@3f49444e
      count = 10
      index = 8
      SUSPECTED_MISUSAGE_THRESHOLD = 200
      TRACE_VTHREAD_LOCALS = "/* Could not access TRACE_VTHREAD_LOCALS */"
      threadLocalHashCode = "/* Could not access threadLocalHashCode */"
      nextHashCode = "/* Could not access nextHashCode */"
      HASH_INCREMENT = "/* Could not access HASH_INCREMENT */"
      $assertionsDisabled = "/* Could not access $assertionsDisabled */"
    orderedLibPaths = class java.util.Collections$UnmodifiableRandomAccessList@2eb8ebce
      serialVersionUID = "/* Could not access serialVersionUID */"
      serialVersionUID = "/* Could not access serialVersionUID */"
      list = "/* Could not access list */"
      serialVersionUID = "/* Could not access serialVersionUID */"
      c = "/* Could not access c */"
    perm = class com.ibm.websphere.security.WebSphereRuntimePermission@3326a189
      serialVersionUID = -3306242789188168337
      $$$tc$$$ = class com.ibm.websphere.ras.TraceComponent@f233cbd
      serialVersionUID = "/* Could not access serialVersionUID */"
      wildcard = "/* Could not access wildcard */"
      path = "/* Could not access path */"
      exitVM = "/* Could not access exitVM */"
      serialVersionUID = "/* Could not access serialVersionUID */"
      name = "/* Could not access name */"
    WELCOME_FILE_LIST = "com.ibm.ws.webcontainer.config.WelcomeFileList"
    DIR_BROWSING_MAPPING = "__dirBrowsing__1708940348509"
    FILTER_PROXY_MAPPING = "/__filterProxy__1708940348509"
    logger = class com.ibm.ws.logging.internal.WsLogger@198322aa
      ivCachedResourceBundleName = "com.ibm.ws.webcontainer.resources.Messages"
      ivCachedResourceBundle = class com.ibm.ws.webcontainer.resources.Messages@5a00364b
      ivComponent = null
      ivOrganization = null
      ivProduct = null
      ivMinimumLocalizationLevelIntValue = 625
      ivTC = class com.ibm.websphere.ras.TraceComponent@45c76842
      loggerRegistrationComponent = class java.lang.ThreadLocal@5f64411a
      emptyHandlers = "/* Could not access emptyHandlers */"
      offValue = "/* Could not access offValue */"
      SYSTEM_LOGGER_RB_NAME = "/* Could not access SYSTEM_LOGGER_RB_NAME */"
      SYSTEM_BUNDLE = "/* Could not access SYSTEM_BUNDLE */"
      NO_RESOURCE_BUNDLE = "/* Could not access NO_RESOURCE_BUNDLE */"
      config = "/* Could not access config */"
      manager = "/* Could not access manager */"
      name = "/* Could not access name */"
      loggerBundle = "/* Could not access loggerBundle */"
      anonymous = "/* Could not access anonymous */"
      catalogRef = "/* Could not access catalogRef */"
      catalogName = "/* Could not access catalogName */"
      catalogLocale = "/* Could not access catalogLocale */"
      treeLock = "/* Could not access treeLock */"
      parent = "/* Could not access parent */"
      kids = "/* Could not access kids */"
      callerModuleRef = "/* Could not access callerModuleRef */"
      isSystemLogger = "/* Could not access isSystemLogger */"
      GLOBAL_LOGGER_NAME = "global"
      global = class java.util.logging.Logger@362496e7
    CLASS_NAME = "com.ibm.ws.webcontainer.webapp.WebApp"
    loader = class com.ibm.ws.classloading.internal.ThreadContextClassLoader@771e000e
      tc = class com.ibm.websphere.ras.TraceComponent@936dca5
      bundle = class java.util.concurrent.atomic.AtomicReference@3a58e438
      key = "WebModule:project#project.war"
      refCount = class java.util.concurrent.atomic.AtomicInteger@28c56962
      appLoader = class com.ibm.ws.classloading.internal.AppClassLoader@1c55ba1e
      clSvc = class com.ibm.ws.classloading.internal.ClassLoadingServiceImpl@275ae7a4
      serialVersionUID = 7417331337980111787
      tc = class com.ibm.websphere.ras.TraceComponent@2a1cff76
      followOnClassLoaders = class java.util.ArrayList@51f110ac
      serialVersionUID = 4255658571728280816
      parent = class com.ibm.ws.classloading.internal.GatewayClassLoader@2e2c284f
      classNameLockStore = class com.ibm.ws.kernel.boot.utils.KeyBasedLockStore@2c75478e
      serialVersionUID = -3020377578845918238
      $$$tc$$$ = class com.ibm.websphere.ras.TraceComponent@a505465
      pdcache = "/* Could not access pdcache */"
    facade = class com.ibm.ws.webcontainer40.facade.ServletContextFacade40@54f14d06
      context = class com.ibm.ws.webcontainer40.osgi.webapp.WebApp40@6f8e9ac8
    features = class java.util.ArrayList@3dfe3acd
      serialVersionUID = "/* Could not access serialVersionUID */"
      DEFAULT_CAPACITY = "/* Could not access DEFAULT_CAPACITY */"
      EMPTY_ELEMENTDATA = "/* Could not access EMPTY_ELEMENTDATA */"
      DEFAULTCAPACITY_EMPTY_ELEMENTDATA = "/* Could not access DEFAULTCAPACITY_EMPTY_ELEMENTDATA */"
      elementData = "/* Could not access elementData */"
      size = "/* Could not access size */"
      modCount = "/* Could not access modCount */"
    applicationName = "project"
    config = class com.ibm.ws.webcontainer.osgi.webapp.WebAppConfiguration@6951b477
    securityEnabledForApp = null
    webExtensionProcessor = class com.ibm.ws.webcontainer.osgi.extension.WebExtensionProcessor@3b52ee12
      webApp = class com.ibm.ws.webcontainer40.osgi.webapp.WebApp40@6f8e9ac8
      extensionContext = class com.ibm.ws.webcontainer40.osgi.webapp.WebApp40@6f8e9ac8
    production = true
    isServlet23 = true
    contextPath = "/project"
    internalServletList = class [Ljava.lang.String;[2]
      String[][0] = class java.lang.String[2]
      String[][1] = class java.lang.String[2]
    BY_NAME_ONLY = "/_1708940348509_/"
    filterManager = null
    documentRoot = null
    SERVLET_API_VERSION = "Servlet 2.5"
    disableServletAuditLogging = -1
    serverInfo = "IBM WebSphere Liberty/24.0.0.1"
    sessionCtx = class io.openliberty.webcontainer60.session.impl.HttpSessionContextImpl60@569c1dc
      methodClassName = "HttpSessionContextImpl60"
      methodClassName = "HttpSessionContextImpl"
      _smc = class com.ibm.ws.session.SessionManagerConfig@129ab08f
      sessionStoreService = null
      _sap = class com.ibm.ws.session.SessionApplicationParameters@47245409
      _coreHttpSessionManager = class com.ibm.ws.session.SessionManager@337dc3da
      _coreHttpAppSessionManager = null
      _sam = class com.ibm.ws.webcontainer.session.impl.SessionAffinityManagerImpl@3f9e698f
      isSIPApplication = false
      sessionAttributeListener = false
      sessionListener = true
      mHttpSessionAttributeListeners = class java.util.ArrayList@41da17db
      mHttpSessionListeners = class java.util.ArrayList@24bb87f5
      mHttpSessionIdListeners = class java.util.ArrayList@7905e3ab
      mHttpSessionAttributeListenersJ2eeNames = class java.util.ArrayList@351b2f15
      mHttpSessionListenersJ2eeNames = class java.util.ArrayList@24ee92a2
      mHttpSessionIdListenersJ2eeNames = class java.util.ArrayList@5c123de5
      mLocalHost = null
      _refCount = 0
      currentThreadSacHashtable = null
      methodClassName = "SessionContext"
      ANONYMOUS_USER = "anonymous"
      wasHttpSessionObserver = class com.ibm.ws.session.WasHttpSessionObserver@a5c9577
      wasHttpSessionAttributeObserver = null
      _invalidator = class com.ibm.ws.session.SessionInvalidatorWithThreadPool@665370ae
      _storer = class com.ibm.ws.session.EOSSessionStorer@36788544
      wasHttpAppSessionObserver = null
      mHttpAppSessionListeners = null
      cmvcInfo = "CMVC Version 1.9 6/24/07 11:12:24"
      _loggedVersion = true
      CREATE_CORE_SESSION_MANAGER = 0
      GET_REQUESTED_SESSION_ID = 1
      GET_IHTTP_SESSION = 2
      SESSION_PRE_INVOKE = 3
      SESSION_POST_INVOKE = 4
      STOP = 5
      STOP_LISTENERS = 6
      IS_VALID = 7
      ENCODE_URL = 8
      SHOULD_ENCODE_URL = 9
      IS_PROTOCOL_SWITCH = 10
      GET_LOCAL_HOST = 11
      ADD_HTTP_SESSION_ATTRIBUTE_LISTENER = 12
      ADD_HTTP_SESSION_LISTENER = 13
      GET_SESSION_AFFINITY_CONTEXT = 14
      CHECK_SECURITY = 15
      INVALIDATE = 16
      CHECK_SESSSIONID_IS_RIGHT_LENGTH = 17
      LOCK_SESSION = 18
      UNLOCK_SESSION = 19
      ADD_HTTP_SESSION_ID_LISTENER = 20
      methodNames = class java.lang.String[21]
    eventSource = class com.ibm.ws.webcontainer.webapp.WebAppEventSource@1edb65dc
      _invocationListeners = class com.ibm.ws.webcontainer.util.EventListeners@22c8c09f
      _servletListeners = class com.ibm.ws.webcontainer.util.EventListeners@49796eb8
      _errorListeners = class com.ibm.ws.webcontainer.util.EventListeners@24d47dc1
      _applicationListeners = class com.ibm.ws.webcontainer.util.EventListeners@80e066
      _filterInvocationListeners = class com.ibm.ws.webcontainer.util.EventListeners@642814d1
      _filterListeners = class com.ibm.ws.webcontainer.util.EventListeners@66a6ba42
      _filterErrorListeners = class com.ibm.ws.webcontainer.util.EventListeners@619be922
    nls = class com.ibm.ejs.ras.TraceNLS@64d76652
      resolver = class com.ibm.ws.logging.internal.TraceNLSResolver@6c903a0c
      finder = null
      ivBundleName = "com.ibm.ws.webcontainer.resources.Messages"
      caller = class java.lang.Class@2a91d5e7
    liberty_nls = class com.ibm.ejs.ras.TraceNLS@71e131ac
      resolver = class com.ibm.ws.logging.internal.TraceNLSResolver@6c903a0c
      finder = null
      ivBundleName = "com.ibm.ws.webcontainer.resources.LShimMessages"
      caller = class java.lang.Class@2a91d5e7
    error_nls = class com.ibm.ejs.ras.TraceNLS@3acd796d
      resolver = class com.ibm.ws.logging.internal.TraceNLSResolver@6c903a0c
      finder = null
      ivBundleName = "com.ibm.ws.webcontainer.resources.ErrorPage"
      caller = class java.lang.Class@2a91d5e7
    sessionListeners = class java.util.ArrayList@7ffd0e6d
      serialVersionUID = "/* Could not access serialVersionUID */"
      DEFAULT_CAPACITY = "/* Could not access DEFAULT_CAPACITY */"
      EMPTY_ELEMENTDATA = "/* Could not access EMPTY_ELEMENTDATA */"
      DEFAULTCAPACITY_EMPTY_ELEMENTDATA = "/* Could not access DEFAULTCAPACITY_EMPTY_ELEMENTDATA */"
      elementData = "/* Could not access elementData */"
      size = "/* Could not access size */"
      modCount = "/* Could not access modCount */"
    sessionIdListeners = class java.util.ArrayList@20470236
      serialVersionUID = "/* Could not access serialVersionUID */"
      DEFAULT_CAPACITY = "/* Could not access DEFAULT_CAPACITY */"
      EMPTY_ELEMENTDATA = "/* Could not access EMPTY_ELEMENTDATA */"
      DEFAULTCAPACITY_EMPTY_ELEMENTDATA = "/* Could not access DEFAULTCAPACITY_EMPTY_ELEMENTDATA */"
      elementData = "/* Could not access elementData */"
      size = "/* Could not access size */"
      modCount = "/* Could not access modCount */"
    sessionAttrListeners = class java.util.ArrayList@58532bc3
      serialVersionUID = "/* Could not access serialVersionUID */"
      DEFAULT_CAPACITY = "/* Could not access DEFAULT_CAPACITY */"
      EMPTY_ELEMENTDATA = "/* Could not access EMPTY_ELEMENTDATA */"
      DEFAULTCAPACITY_EMPTY_ELEMENTDATA = "/* Could not access DEFAULTCAPACITY_EMPTY_ELEMENTDATA */"
      elementData = "/* Could not access elementData */"
      size = "/* Could not access size */"
      modCount = "/* Could not access modCount */"
    addedSessionListeners = class java.util.ArrayList@90427b5
      serialVersionUID = "/* Could not access serialVersionUID */"
      DEFAULT_CAPACITY = "/* Could not access DEFAULT_CAPACITY */"
      EMPTY_ELEMENTDATA = "/* Could not access EMPTY_ELEMENTDATA */"
      DEFAULTCAPACITY_EMPTY_ELEMENTDATA = "/* Could not access DEFAULTCAPACITY_EMPTY_ELEMENTDATA */"
      elementData = "/* Could not access elementData */"
      size = "/* Could not access size */"
      modCount = "/* Could not access modCount */"
    addedSessionAttrListeners = class java.util.ArrayList@1e9dde9e
      serialVersionUID = "/* Could not access serialVersionUID */"
      DEFAULT_CAPACITY = "/* Could not access DEFAULT_CAPACITY */"
      EMPTY_ELEMENTDATA = "/* Could not access EMPTY_ELEMENTDATA */"
      DEFAULTCAPACITY_EMPTY_ELEMENTDATA = "/* Could not access DEFAULTCAPACITY_EMPTY_ELEMENTDATA */"
      elementData = "/* Could not access elementData */"
      size = "/* Could not access size */"
      modCount = "/* Could not access modCount */"
    servletContextListeners = class java.util.ArrayList@65329c9
      serialVersionUID = "/* Could not access serialVersionUID */"
      DEFAULT_CAPACITY = "/* Could not access DEFAULT_CAPACITY */"
      EMPTY_ELEMENTDATA = "/* Could not access EMPTY_ELEMENTDATA */"
      DEFAULTCAPACITY_EMPTY_ELEMENTDATA = "/* Could not access DEFAULTCAPACITY_EMPTY_ELEMENTDATA */"
      elementData = "/* Could not access elementData */"
      size = "/* Could not access size */"
      modCount = "/* Could not access modCount */"
    servletContextLAttrListeners = class java.util.ArrayList@471f17f3
      serialVersionUID = "/* Could not access serialVersionUID */"
      DEFAULT_CAPACITY = "/* Could not access DEFAULT_CAPACITY */"
      EMPTY_ELEMENTDATA = "/* Could not access EMPTY_ELEMENTDATA */"
      DEFAULTCAPACITY_EMPTY_ELEMENTDATA = "/* Could not access DEFAULTCAPACITY_EMPTY_ELEMENTDATA */"
      elementData = "/* Could not access elementData */"
      size = "/* Could not access size */"
      modCount = "/* Could not access modCount */"
    servletRequestListeners = class java.util.ArrayList@6f8ea92a
      serialVersionUID = "/* Could not access serialVersionUID */"
      DEFAULT_CAPACITY = "/* Could not access DEFAULT_CAPACITY */"
      EMPTY_ELEMENTDATA = "/* Could not access EMPTY_ELEMENTDATA */"
      DEFAULTCAPACITY_EMPTY_ELEMENTDATA = "/* Could not access DEFAULTCAPACITY_EMPTY_ELEMENTDATA */"
      elementData = "/* Could not access elementData */"
      size = "/* Could not access size */"
      modCount = "/* Could not access modCount */"
    servletRequestLAttrListeners = class java.util.ArrayList@1f97f36b
      serialVersionUID = "/* Could not access serialVersionUID */"
      DEFAULT_CAPACITY = "/* Could not access DEFAULT_CAPACITY */"
      EMPTY_ELEMENTDATA = "/* Could not access EMPTY_ELEMENTDATA */"
      DEFAULTCAPACITY_EMPTY_ELEMENTDATA = "/* Could not access DEFAULTCAPACITY_EMPTY_ELEMENTDATA */"
      elementData = "/* Could not access elementData */"
      size = "/* Could not access size */"
      modCount = "/* Could not access modCount */"
    prependSlashToResource = false
    destroyed = true
    webAppNameSpaceCollab = class com.ibm.ws.webcontainer.osgi.collaborator.WebAppNameSpaceCollaboratorImpl@159c31
      cmdai = class com.ibm.ws.threadContext.ComponentMetaDataAccessorImpl@5e2704aa
    txCollab = class com.ibm.ws.transaction.services.WebAppTransactionCollaboratorImpl@3f0ab34f
      tc = class com.ibm.websphere.ras.TraceComponent@795dbbf4
      ltCurrentRef = class com.ibm.wsspi.kernel.service.utils.AtomicServiceReference@73376219
      tranMgrRef = class com.ibm.wsspi.kernel.service.utils.AtomicServiceReference@29d10871
      userTranRef = class com.ibm.wsspi.kernel.service.utils.AtomicServiceReference@5a3aa42a
      uowCallbackRef = class com.ibm.wsspi.kernel.service.utils.AtomicServiceReference@fc5b2ef
      serialVersionUID = -8319003162899973281
    sessionActivationListeners = class java.util.ArrayList@25579a7d
      serialVersionUID = "/* Could not access serialVersionUID */"
      DEFAULT_CAPACITY = "/* Could not access DEFAULT_CAPACITY */"
      EMPTY_ELEMENTDATA = "/* Could not access EMPTY_ELEMENTDATA */"
      DEFAULTCAPACITY_EMPTY_ELEMENTDATA = "/* Could not access DEFAULTCAPACITY_EMPTY_ELEMENTDATA */"
      elementData = "/* Could not access elementData */"
      size = "/* Could not access size */"
      modCount = "/* Could not access modCount */"
    sessionBindingListeners = class java.util.ArrayList@57b3917
      serialVersionUID = "/* Could not access serialVersionUID */"
      DEFAULT_CAPACITY = "/* Could not access DEFAULT_CAPACITY */"
      EMPTY_ELEMENTDATA = "/* Could not access EMPTY_ELEMENTDATA */"
      DEFAULTCAPACITY_EMPTY_ELEMENTDATA = "/* Could not access DEFAULTCAPACITY_EMPTY_ELEMENTDATA */"
      elementData = "/* Could not access elementData */"
      size = "/* Could not access size */"
      modCount = "/* Could not access modCount */"
    scratchdir = null
    jspClassLoaderLimit = 0
    jspClassLoaderExclusionList = null
    jspClassLoadersMap = null
    jspClassLoaderLimitTrackIF = false
    defaultExtProc = null
    directoryBrowsingServlet = null
    cdiContexts = class java.util.concurrent.ConcurrentHashMap@62b4087
      serialVersionUID = "/* Could not access serialVersionUID */"
      MAXIMUM_CAPACITY = "/* Could not access MAXIMUM_CAPACITY */"
      DEFAULT_CAPACITY = "/* Could not access DEFAULT_CAPACITY */"
      MAX_ARRAY_SIZE = "/* Could not access MAX_ARRAY_SIZE */"
      DEFAULT_CONCURRENCY_LEVEL = "/* Could not access DEFAULT_CONCURRENCY_LEVEL */"
      LOAD_FACTOR = "/* Could not access LOAD_FACTOR */"
      TREEIFY_THRESHOLD = "/* Could not access TREEIFY_THRESHOLD */"
      UNTREEIFY_THRESHOLD = "/* Could not access UNTREEIFY_THRESHOLD */"
      MIN_TREEIFY_CAPACITY = "/* Could not access MIN_TREEIFY_CAPACITY */"
      MIN_TRANSFER_STRIDE = "/* Could not access MIN_TRANSFER_STRIDE */"
      RESIZE_STAMP_BITS = "/* Could not access RESIZE_STAMP_BITS */"
      MAX_RESIZERS = "/* Could not access MAX_RESIZERS */"
      RESIZE_STAMP_SHIFT = "/* Could not access RESIZE_STAMP_SHIFT */"
      MOVED = "/* Could not access MOVED */"
      TREEBIN = "/* Could not access TREEBIN */"
      RESERVED = "/* Could not access RESERVED */"
      HASH_BITS = "/* Could not access HASH_BITS */"
      NCPU = "/* Could not access NCPU */"
      serialPersistentFields = "/* Could not access serialPersistentFields */"
      table = "/* Could not access table */"
      nextTable = "/* Could not access nextTable */"
      baseCount = "/* Could not access baseCount */"
      sizeCtl = "/* Could not access sizeCtl */"
      transferIndex = "/* Could not access transferIndex */"
      cellsBusy = "/* Could not access cellsBusy */"
      counterCells = "/* Could not access counterCells */"
      keySet = "/* Could not access keySet */"
      values = "/* Could not access values */"
      entrySet = "/* Could not access entrySet */"
      U = "/* Could not access U */"
      SIZECTL = "/* Could not access SIZECTL */"
      TRANSFERINDEX = "/* Could not access TRANSFERINDEX */"
      BASECOUNT = "/* Could not access BASECOUNT */"
      CELLSBUSY = "/* Could not access CELLSBUSY */"
      CELLVALUE = "/* Could not access CELLVALUE */"
      ABASE = "/* Could not access ABASE */"
      ASHIFT = "/* Could not access ASHIFT */"
      keySet = "/* Could not access keySet */"
      values = "/* Could not access values */"
    moduleConfig = class com.ibm.ws.webcontainer.osgi.container.DeployedModule@31739eee
      tc = class com.ibm.websphere.ras.TraceComponent@40ff8e2b
      loader = class com.ibm.ws.classloading.internal.ThreadContextClassLoader@771e000e
      webApp = class com.ibm.ws.webcontainer40.osgi.webapp.WebApp40@6f8e9ac8
      webAppConfig = class com.ibm.ws.webcontainer.osgi.webapp.WebAppConfiguration@6951b477
      contextRootAdded = class com.ibm.ws.threading.internal.NonCancelableResultFuture@6420fa6
      properContextRoot = "/project"
      mappingContextRoot = "/project/*"
      initTaskCount = class java.util.concurrent.atomic.AtomicInteger@d71d7
      initTasksDoneListener = class com.ibm.ws.webcontainer.osgi.WebContainer$2@6ab7dcb0
      serialVersionUID = -2104814060051592457
      $$$tc$$$ = class com.ibm.websphere.ras.TraceComponent@1ae988f
    extensionFactories = class java.util.ArrayList@3e1c1782
      serialVersionUID = "/* Could not access serialVersionUID */"
      DEFAULT_CAPACITY = "/* Could not access DEFAULT_CAPACITY */"
      EMPTY_ELEMENTDATA = "/* Could not access EMPTY_ELEMENTDATA */"
      DEFAULTCAPACITY_EMPTY_ELEMENTDATA = "/* Could not access DEFAULTCAPACITY_EMPTY_ELEMENTDATA */"
      elementData = "/* Could not access elementData */"
      size = "/* Could not access size */"
      modCount = "/* Could not access modCount */"
    initialized = false
    lock = class com.ibm.ws.webcontainer.webapp.WebApp$1@47ebbfb9
      this$0 = class com.ibm.ws.webcontainer40.osgi.webapp.WebApp40@6f8e9ac8
    afterServletContextCreated = false
    redirectContextRoot = false
    errorExceptionTypeFirst = false
    initFilterBeforeServletInit = false
    SET_400_SC_ON_TOO_MANY_PARENT_DIRS = false
    sortedServletConfigs = class java.util.ArrayList@1b98f0bb
      serialVersionUID = "/* Could not access serialVersionUID */"
      DEFAULT_CAPACITY = "/* Could not access DEFAULT_CAPACITY */"
      EMPTY_ELEMENTDATA = "/* Could not access EMPTY_ELEMENTDATA */"
      DEFAULTCAPACITY_EMPTY_ELEMENTDATA = "/* Could not access DEFAULTCAPACITY_EMPTY_ELEMENTDATA */"
      elementData = "/* Could not access elementData */"
      size = "/* Could not access size */"
      modCount = "/* Could not access modCount */"
    effectiveMajorVersion = 3
    effectiveMinorVersion = 1
    canAddServletContextListener = true
    withinContextInitOfProgAddListener = false
    lastProgAddListenerInitialized = null
    webInfLibClassloader = null
    metaInfCache = class com.ibm.ws.webcontainer.webapp.WebApp$2@363189c8
      this$0 = class com.ibm.ws.webcontainer40.osgi.webapp.WebApp40@6f8e9ac8
      serialVersionUID = "/* Could not access serialVersionUID */"
      head = "/* Could not access head */"
      tail = "/* Could not access tail */"
      accessOrder = "/* Could not access accessOrder */"
      PUT_NORM = "/* Could not access PUT_NORM */"
      PUT_FIRST = "/* Could not access PUT_FIRST */"
      PUT_LAST = "/* Could not access PUT_LAST */"
      putMode = "/* Could not access putMode */"
      serialVersionUID = "/* Could not access serialVersionUID */"
      DEFAULT_INITIAL_CAPACITY = "/* Could not access DEFAULT_INITIAL_CAPACITY */"
      MAXIMUM_CAPACITY = "/* Could not access MAXIMUM_CAPACITY */"
      DEFAULT_LOAD_FACTOR = "/* Could not access DEFAULT_LOAD_FACTOR */"
      TREEIFY_THRESHOLD = "/* Could not access TREEIFY_THRESHOLD */"
      UNTREEIFY_THRESHOLD = "/* Could not access UNTREEIFY_THRESHOLD */"
      MIN_TREEIFY_CAPACITY = "/* Could not access MIN_TREEIFY_CAPACITY */"
      table = "/* Could not access table */"
      entrySet = "/* Could not access entrySet */"
      size = "/* Could not access size */"
      modCount = "/* Could not access modCount */"
      threshold = "/* Could not access threshold */"
      loadFactor = "/* Could not access loadFactor */"
      keySet = "/* Could not access keySet */"
      values = "/* Could not access values */"
    hasSlashStarMapping = false
    useMetaInfCache = true
    SUN_CONFIGURE_LISTENER_CLASSNAME = "com.sun.faces.config.ConfigureListener"
    MYFACES_LIFECYCLE_LISTENER_CLASSNAME = "org.apache.myfaces.webapp.StartupServletContextListener"
    JSF_IMPL_ENABLED_PARAM = "com.ibm.ws.jsf.JSF_IMPL_ENABLED"
    JSF_IMPL_ENABLED_CUSTOM = "Custom"
    JSF_IMPL_ENABLED_NONE = "None"
    staticDocRoot = class com.ibm.ws.webcontainer.util.DocumentRootUtils@684f388b
      logger = class com.ibm.ws.logging.internal.WsLogger@6803bb6e
      CLASS_NAME = "com.ibm.ws.webcontainer.util.DocumentRootUtils"
      useContentLength = false
      matchedFile = null
      matchedZipFile = null
      matchedEntry = null
      matchedURL = null
      edrRoot = null
      pfedrRoot = null
      ctxt = class com.ibm.ws.webcontainer40.osgi.webapp.WebApp40@6f8e9ac8
      baseDir = null
      edr = null
      pfedr = null
      metaInfRes = null
      searchpfEDR = true
      searchEDR = true
      searchMetaInfRes = true
      matchFromEDR = false
      matchFromMetaInfRes = false
      matchIsADirectory = false
      appConfig = class com.ibm.ws.webcontainer.osgi.webapp.WebAppConfiguration@6951b477
      attributeType = "staticFile"
      STATIC_FILE = "staticFile"
      JSP = "jsp"
      PFEDR = "preFragmentExtendedDocumentRoot"
      EDR = "extendedDocumentRoot"
    jspDocRoot = class com.ibm.ws.webcontainer.util.DocumentRootUtils@72c3544c
      logger = class com.ibm.ws.logging.internal.WsLogger@6803bb6e
      CLASS_NAME = "com.ibm.ws.webcontainer.util.DocumentRootUtils"
      useContentLength = false
      matchedFile = null
      matchedZipFile = null
      matchedEntry = null
      matchedURL = null
      edrRoot = null
      pfedrRoot = null
      ctxt = class com.ibm.ws.webcontainer40.osgi.webapp.WebApp40@6f8e9ac8
      baseDir = null
      edr = null
      pfedr = null
      metaInfRes = null
      searchpfEDR = true
      searchEDR = true
      searchMetaInfRes = true
      matchFromEDR = false
      matchFromMetaInfRes = false
      matchIsADirectory = false
      appConfig = class com.ibm.ws.webcontainer.osgi.webapp.WebAppConfiguration@6951b477
      attributeType = "jsp"
      STATIC_FILE = "staticFile"
      JSP = "jsp"
      PFEDR = "preFragmentExtendedDocumentRoot"
      EDR = "extendedDocumentRoot"
    container = class com.ibm.ws.adaptable.module.internal.AdaptableContainerImpl@395da513
      root = class com.ibm.ws.adaptable.module.internal.AdaptableContainerImpl@395da513
      rootOverlay = class com.ibm.ws.artifact.overlay.internal.DirectoryBasedOverlayContainerImpl@1007a26c
      factoryHolder = class com.ibm.ws.adaptable.module.internal.AdaptableModuleFactoryImpl@6ed6d37b
      delegate = class com.ibm.ws.artifact.overlay.internal.DirectoryBasedOverlayContainerImpl@1007a26c
      notifier = class com.ibm.ws.adaptable.module.internal.NotifierImpl@dd6c856
      serialVersionUID = -5950528200509051684
      $$$tc$$$ = class com.ibm.websphere.ras.TraceComponent@54e1f598
    metaInfResourceFinder = class com.ibm.ws.webcontainer.util.MetaInfResourceFinder@2e827f87
      jarResourceContainers = class java.util.ArrayList@763a5944
      container = class com.ibm.ws.adaptable.module.internal.AdaptableContainerImpl@395da513
    postConstructMethods = class com.ibm.ws.webcontainer.webapp.WebApp$AnnotatedMethods@14c7dc56
      annotationClass = class java.lang.Class@60c5d865
      noOpClassNames = class java.util.HashSet@2ff8a51b
      annotatedMethodNames = class java.util.concurrent.ConcurrentHashMap@5fef1087
      EMPTY_METHODS = class java.lang.reflect.Method[0]
    preDestroyMethods = class com.ibm.ws.webcontainer.webapp.WebApp$AnnotatedMethods@55d2525
      annotationClass = class java.lang.Class@41debbae
      noOpClassNames = class java.util.HashSet@6795bdf1
      annotatedMethodNames = class java.util.concurrent.ConcurrentHashMap@56112dc2
      EMPTY_METHODS = class java.lang.reflect.Method[0]
    OBJ_EMPTY = class java.lang.Object[0]
    CLASS_EMPTY = class java.lang.Class[0]
    checkpointPhase = class io.openliberty.checkpoint.spi.CheckpointPhase@6dd460f6
      AFTER_APP_START = class io.openliberty.checkpoint.spi.CheckpointPhase@30bada0b
      BEFORE_APP_START = class io.openliberty.checkpoint.spi.CheckpointPhase@643cc2f0
      INACTIVE = class io.openliberty.checkpoint.spi.CheckpointPhase@6dd460f6
      CHECKPOINT_PROPERTY = "io.openliberty.checkpoint"
      CHECKPOINT_ACTIVE_FILTER = "(!(io.openliberty.checkpoint=INACTIVE))"
      CHECKPOINT_RESTORED_PROPERTY = "io.openliberty.checkpoint.restored"
      CONDITION_PROCESS_RUNNING_ID = "io.openliberty.process.running"
      restored = true
      noMoreAddHooks = true
      singleThreadedHooks = class java.util.ArrayList@75c4fde4
      multiThreadedHooks = class java.util.ArrayList@3a828950
      THE_PHASE = class io.openliberty.checkpoint.spi.CheckpointPhase@6dd460f6
      DEBUG = false
      $VALUES = class io.openliberty.checkpoint.spi.CheckpointPhase[3]
      name = "/* Could not access name */"
      ordinal = "/* Could not access ordinal */"
      hash = "/* Could not access hash */"
    DEFAULT_JSP_EXTENSIONS = class java.util.ArrayList@5017548c
      serialVersionUID = "/* Could not access serialVersionUID */"
      DEFAULT_CAPACITY = "/* Could not access DEFAULT_CAPACITY */"
      EMPTY_ELEMENTDATA = "/* Could not access EMPTY_ELEMENTDATA */"
      DEFAULTCAPACITY_EMPTY_ELEMENTDATA = "/* Could not access DEFAULTCAPACITY_EMPTY_ELEMENTDATA */"
      elementData = "/* Could not access elementData */"
      size = "/* Could not access size */"
      modCount = "/* Could not access modCount */"
    DEFER_SERVLET_REQUEST_LISTENER_DESTROY_ON_ERROR = true
    DO_ACCEPT_PARTIAL = true
    DO_NOT_ACCEPT_PARTIAL = false
    DO_ACCEPT_EXCLUDED = true
    DO_NOT_ACCEPT_EXCLUDED = false
    commands = class java.util.ArrayList@7a9807b4
      serialVersionUID = "/* Could not access serialVersionUID */"
      DEFAULT_CAPACITY = "/* Could not access DEFAULT_CAPACITY */"
      EMPTY_ELEMENTDATA = "/* Could not access EMPTY_ELEMENTDATA */"
      DEFAULTCAPACITY_EMPTY_ELEMENTDATA = "/* Could not access DEFAULTCAPACITY_EMPTY_ELEMENTDATA */"
      elementData = "/* Could not access elementData */"
      size = "/* Could not access size */"
      modCount = "/* Could not access modCount */"
    requestMapper = class com.ibm.wsspi.webcontainer.util.URIMapper@168071cf
      matcher = class com.ibm.wsspi.webcontainer40.util.URIMatcher40@73bf82d
    parent = class com.ibm.ws.webcontainer.osgi.webapp.WebGroup@589d7039
      tc = class com.ibm.websphere.ras.TraceComponent@18d464cf
      logger = class com.ibm.ws.logging.internal.WsLogger@198322aa
      CLASS_NAME = "com.ibm.ws.webcontainer.webapp.WebGroup"
      sessUrlRewritePrefix = ";jsessionid="
      qMark = "?"
      config = null
      webApp = null
      commands = class java.util.ArrayList@22b83985
      requestMapper = null
      parent = class com.ibm.ws.webcontainer.osgi.DynamicVirtualHost@4a599266
      name = "/project/*"
      isAlive = false
      subElements = class java.util.HashMap@d2db975
      attributes = null
      config = null
      serialVersionUID = -8271459000149267764
      $$$tc$$$ = class com.ibm.websphere.ras.TraceComponent@8166326
    name = "project"
    isAlive = false
    subElements = null
    attributes = class java.util.concurrent.ConcurrentHashMap@3244ec92
      serialVersionUID = "/* Could not access serialVersionUID */"
      MAXIMUM_CAPACITY = "/* Could not access MAXIMUM_CAPACITY */"
      DEFAULT_CAPACITY = "/* Could not access DEFAULT_CAPACITY */"
      MAX_ARRAY_SIZE = "/* Could not access MAX_ARRAY_SIZE */"
      DEFAULT_CONCURRENCY_LEVEL = "/* Could not access DEFAULT_CONCURRENCY_LEVEL */"
      LOAD_FACTOR = "/* Could not access LOAD_FACTOR */"
      TREEIFY_THRESHOLD = "/* Could not access TREEIFY_THRESHOLD */"
      UNTREEIFY_THRESHOLD = "/* Could not access UNTREEIFY_THRESHOLD */"
      MIN_TREEIFY_CAPACITY = "/* Could not access MIN_TREEIFY_CAPACITY */"
      MIN_TRANSFER_STRIDE = "/* Could not access MIN_TRANSFER_STRIDE */"
      RESIZE_STAMP_BITS = "/* Could not access RESIZE_STAMP_BITS */"
      MAX_RESIZERS = "/* Could not access MAX_RESIZERS */"
      RESIZE_STAMP_SHIFT = "/* Could not access RESIZE_STAMP_SHIFT */"
      MOVED = "/* Could not access MOVED */"
      TREEBIN = "/* Could not access TREEBIN */"
      RESERVED = "/* Could not access RESERVED */"
      HASH_BITS = "/* Could not access HASH_BITS */"
      NCPU = "/* Could not access NCPU */"
      serialPersistentFields = "/* Could not access serialPersistentFields */"
      table = "/* Could not access table */"
      nextTable = "/* Could not access nextTable */"
      baseCount = "/* Could not access baseCount */"
      sizeCtl = "/* Could not access sizeCtl */"
      transferIndex = "/* Could not access transferIndex */"
      cellsBusy = "/* Could not access cellsBusy */"
      counterCells = "/* Could not access counterCells */"
      keySet = "/* Could not access keySet */"
      values = "/* Could not access values */"
      entrySet = "/* Could not access entrySet */"
      U = "/* Could not access U */"
      SIZECTL = "/* Could not access SIZECTL */"
      TRANSFERINDEX = "/* Could not access TRANSFERINDEX */"
      BASECOUNT = "/* Could not access BASECOUNT */"
      CELLSBUSY = "/* Could not access CELLSBUSY */"
      CELLVALUE = "/* Could not access CELLVALUE */"
      ABASE = "/* Could not access ABASE */"
      ASHIFT = "/* Could not access ASHIFT */"
      keySet = "/* Could not access keySet */"
      values = "/* Could not access values */"
    config = null
    serialVersionUID = -8271459000149267764
    $$$tc$$$ = class com.ibm.websphere.ras.TraceComponent@8166326
      strings[0] = "TraceComponent[com.ibm.ws.container.AbstractContainer,class com.ibm.ws.container.AbstractContainer,[],null,null]"

