------Start of DE processing------ = [2/26/24, 11:11:04:548 WEST ]
Exception = com.ibm.ws.rsadapter.exceptions.DataStoreAdapterException
Source = com.ibm.ejs.j2c.poolmanager.FreePool.createManagedConnectionWithMCWrapper
probeid = 199
Stack Dump = com.ibm.ws.rsadapter.exceptions.DataStoreAdapterException: DSRA8100E: Unable to get a XAConnection from the DataSource. with SQL State : 99999 SQL Code : 17067
	at com.ibm.ws.rsadapter.impl.DatabaseHelper.getPooledConnection(DatabaseHelper.java:1528)
	at com.ibm.ws.rsadapter.impl.OracleHelper.getPooledConnection(OracleHelper.java:781)
	at com.ibm.ws.rsadapter.impl.WSManagedConnectionFactoryImpl.getConnection(WSManagedConnectionFactoryImpl.java:857)
	at com.ibm.ws.rsadapter.impl.WSManagedConnectionFactoryImpl.createManagedConnection(WSManagedConnectionFactoryImpl.java:698)
	at com.ibm.ejs.j2c.FreePool.createManagedConnectionWithMCWrapper(FreePool.java:1389)
	at com.ibm.ejs.j2c.FreePool.createOrWaitForConnection(FreePool.java:1263)
	at com.ibm.ejs.j2c.PoolManager.reserve(PoolManager.java:1471)
	at com.ibm.ejs.j2c.ConnectionManager.allocateMCWrapper(ConnectionManager.java:576)
	at com.ibm.ejs.j2c.ConnectionManager.allocateConnection(ConnectionManager.java:308)
	at com.ibm.ws.rsadapter.jdbc.WSJdbcDataSource.getConnection(WSJdbcDataSource.java:142)
	at com.ibm.ws.rsadapter.jdbc.WSJdbcDataSource.getConnection(WSJdbcDataSource.java:116)
	at oumnou.lp.HelloServlet.doGet(HelloServlet.java:39)
	at jakarta.servlet.http.HttpServlet.service(HttpServlet.java:527)
	at jakarta.servlet.http.HttpServlet.service(HttpServlet.java:614)
	at com.ibm.ws.webcontainer.servlet.ServletWrapper.service(ServletWrapper.java:1260)
	at com.ibm.ws.webcontainer.servlet.ServletWrapper.handleRequest(ServletWrapper.java:748)
	at com.ibm.ws.webcontainer.servlet.ServletWrapper.handleRequest(ServletWrapper.java:445)
	at com.ibm.ws.webcontainer.filter.WebAppFilterManager.invokeFilters(WebAppFilterManager.java:1361)
	at com.ibm.ws.webcontainer.filter.WebAppFilterManager.invokeFilters(WebAppFilterManager.java:1077)
	at com.ibm.ws.webcontainer.servlet.CacheServletWrapper.handleRequest(CacheServletWrapper.java:77)
	at com.ibm.ws.webcontainer40.servlet.CacheServletWrapper40.handleRequest(CacheServletWrapper40.java:87)
	at com.ibm.ws.webcontainer.WebContainer.handleRequest(WebContainer.java:969)
	at com.ibm.ws.webcontainer.osgi.DynamicVirtualHost$2.run(DynamicVirtualHost.java:293)
	at com.ibm.ws.http.dispatcher.internal.channel.HttpDispatcherLink$TaskWrapper.run(HttpDispatcherLink.java:1260)
	at com.ibm.ws.http.dispatcher.internal.channel.HttpDispatcherLink.wrapHandlerAndExecute(HttpDispatcherLink.java:476)
	at com.ibm.ws.http.dispatcher.internal.channel.HttpDispatcherLink.ready(HttpDispatcherLink.java:435)
	at com.ibm.ws.http.channel.internal.inbound.HttpInboundLink.handleDiscrimination(HttpInboundLink.java:569)
	at com.ibm.ws.http.channel.internal.inbound.HttpInboundLink.handleNewRequest(HttpInboundLink.java:503)
	at com.ibm.ws.http.channel.internal.inbound.HttpInboundLink.processRequest(HttpInboundLink.java:363)
	at com.ibm.ws.http.channel.internal.inbound.HttpInboundLink.ready(HttpInboundLink.java:330)
	at com.ibm.ws.tcpchannel.internal.NewConnectionInitialReadCallback.sendToDiscriminators(NewConnectionInitialReadCallback.java:169)
	at com.ibm.ws.tcpchannel.internal.NewConnectionInitialReadCallback.complete(NewConnectionInitialReadCallback.java:77)
	at com.ibm.ws.tcpchannel.internal.WorkQueueManager.requestComplete(WorkQueueManager.java:516)
	at com.ibm.ws.tcpchannel.internal.WorkQueueManager.attemptIO(WorkQueueManager.java:586)
	at com.ibm.ws.tcpchannel.internal.WorkQueueManager.workerRun(WorkQueueManager.java:970)
	at com.ibm.ws.tcpchannel.internal.WorkQueueManager$Worker.run(WorkQueueManager.java:1059)
	at com.ibm.ws.threading.internal.ExecutorServiceImpl$RunnableWrapper.run(ExecutorServiceImpl.java:280)
	at java.base/java.util.concurrent.ThreadPoolExecutor.runWorker(ThreadPoolExecutor.java:1144)
	at java.base/java.util.concurrent.ThreadPoolExecutor$Worker.run(ThreadPoolExecutor.java:642)
	at java.base/java.lang.Thread.run(Thread.java:1583)
Caused by: java.sql.SQLException: Invalid Oracle URL specified: OracleDataSource.makeURL DSRA0010E: SQL State = 99999, Error Code = 17,067
	at oracle.jdbc.pool.OracleDataSource.makeURL(OracleDataSource.java:1309)
	at oracle.jdbc.pool.OracleDataSource.getURL(OracleDataSource.java:1078)
	at oracle.jdbc.xa.client.OracleXADataSource.getPooledConnection(OracleXADataSource.java:264)
	at oracle.jdbc.xa.client.OracleXADataSource.getPooledConnection(OracleXADataSource.java:255)
	at oracle.jdbc.xa.client.OracleXADataSource.getXAConnection(OracleXADataSource.java:153)
	at oracle.jdbc.xa.client.OracleXADataSource.getXAConnection(OracleXADataSource.java:110)
	at com.ibm.ws.rsadapter.impl.DatabaseHelper$1.run(DatabaseHelper.java:1509)
	at com.ibm.ws.rsadapter.impl.DatabaseHelper$1.run(DatabaseHelper.java:1502)
	at java.base/java.security.AccessController.doPrivileged(AccessController.java:714)
	at java.base/java.security.AccessController.doPrivilegedWithCombiner(AccessController.java:618)
	at com.ibm.ws.rsadapter.impl.DatabaseHelper.getPooledConnection(DatabaseHelper.java:1502)
	... 39 more

Dump of callerThis
Object type = com.ibm.ejs.j2c.FreePool
  tc = class com.ibm.websphere.ras.TraceComponent@2e2791ed
    strings[0] = "TraceComponent[com.ibm.ejs.j2c.FreePool,class com.ibm.ejs.j2c.FreePool,[WAS.j2c],com.ibm.ws.j2c.resources.J2CAMessages,null]"
  mcWrapperList = class com.ibm.ejs.j2c.MCWrapperList@18224db0
    serialVersionUID = -4093886924342827512
    serialVersionUID = "/* Could not access serialVersionUID */"
    DEFAULT_CAPACITY = "/* Could not access DEFAULT_CAPACITY */"
    EMPTY_ELEMENTDATA = "/* Could not access EMPTY_ELEMENTDATA */"
    DEFAULTCAPACITY_EMPTY_ELEMENTDATA = "/* Could not access DEFAULTCAPACITY_EMPTY_ELEMENTDATA */"
    elementData = "/* Could not access elementData */"
    size = "/* Could not access size */"
    modCount = "/* Could not access modCount */"
  nl = "
"
  freeConnectionLockObject = class com.ibm.ejs.j2c.FreePool$1@60788697
    this$0 = class com.ibm.ejs.j2c.FreePool@28344074
  pm = class com.ibm.ejs.j2c.PoolManager@6780bd3
    tc = class com.ibm.websphere.ras.TraceComponent@730f8385
      strings[0] = "TraceComponent[com.ibm.ejs.j2c.PoolManager,class com.ibm.ejs.j2c.PoolManager,[WAS.j2c],com.ibm.ws.j2c.resources.J2CAMessages,null]"
    alertResourceBundleName = "com.ibm.ws.j2c.resources.J2CAMessages"
    nl = "
"
    connectorSvc = class com.ibm.ejs.j2c.ConnectorServiceImpl@6805f7d
      tc = class com.ibm.websphere.ras.TraceComponent@53e8e748
      authDataServiceRef = class com.ibm.wsspi.kernel.service.utils.AtomicServiceReference@27f26ea9
      classLoaderIdentifierService = class com.ibm.ws.classloading.internal.ClassLoadingServiceImpl@407a1ec
      deferrableSchedXSvcRef = class com.ibm.wsspi.kernel.service.utils.AtomicServiceReference@737a0f70
      execSvcRef = class com.ibm.wsspi.kernel.service.utils.AtomicServiceReference@2c990480
      isHeritageEnabled = false
      nonDeferrableSchedXSvcRef = class com.ibm.wsspi.kernel.service.utils.AtomicServiceReference@4a25665e
      rrsXAResFactorySvcRef = class com.ibm.wsspi.kernel.service.utils.AtomicServiceReference@7e96de95
      transactionManager = class com.ibm.ws.transaction.services.TransactionManagerService@5d344fb8
      variableRegistrySvcRef = class com.ibm.wsspi.kernel.service.utils.AtomicServiceReference@39edfd9a
      tc = class com.ibm.websphere.ras.TraceComponent@46041082
      NLS = class com.ibm.ejs.ras.TraceNLS@581b7b6f
    gConfigProps = class com.ibm.ejs.j2c.J2CGlobalConfigProperties@c45dc88
    reaperThreadStarted = false
    taskTimerLockObject = class com.ibm.ejs.j2c.PoolManager$PoolManagerLock@22e83d04
    waitSkip = 0
    displayInfiniteWaitMessage = false
    tlsArrayLists = class java.util.concurrent.ConcurrentHashMap@64089c19
      serialVersionUID = "/* Could not access serialVersionUID */"
      MAXIMUM_CAPACITY = "/* Could not access MAXIMUM_CAPACITY */"
      DEFAULT_CAPACITY = "/* Could not access DEFAULT_CAPACITY */"
      MAX_ARRAY_SIZE = "/* Could not access MAX_ARRAY_SIZE */"
      DEFAULT_CONCURRENCY_LEVEL = "/* Could not access DEFAULT_CONCURRENCY_LEVEL */"
      LOAD_FACTOR = "/* Could not access LOAD_FACTOR */"
      TREEIFY_THRESHOLD = "/* Could not access TREEIFY_THRESHOLD */"
      UNTREEIFY_THRESHOLD = "/* Could not access UNTREEIFY_THRESHOLD */"
      MIN_TREEIFY_CAPACITY = "/* Could not access MIN_TREEIFY_CAPACITY */"
      MIN_TRANSFER_STRIDE = "/* Could not access MIN_TRANSFER_STRIDE */"
      RESIZE_STAMP_BITS = "/* Could not access RESIZE_STAMP_BITS */"
      MAX_RESIZERS = "/* Could not access MAX_RESIZERS */"
      RESIZE_STAMP_SHIFT = "/* Could not access RESIZE_STAMP_SHIFT */"
      MOVED = "/* Could not access MOVED */"
      TREEBIN = "/* Could not access TREEBIN */"
      RESERVED = "/* Could not access RESERVED */"
      HASH_BITS = "/* Could not access HASH_BITS */"
      NCPU = "/* Could not access NCPU */"
      serialPersistentFields = "/* Could not access serialPersistentFields */"
      table = "/* Could not access table */"
      nextTable = "/* Could not access nextTable */"
      baseCount = "/* Could not access baseCount */"
      sizeCtl = "/* Could not access sizeCtl */"
      transferIndex = "/* Could not access transferIndex */"
      cellsBusy = "/* Could not access cellsBusy */"
      counterCells = "/* Could not access counterCells */"
      keySet = "/* Could not access keySet */"
      values = "/* Could not access values */"
      entrySet = "/* Could not access entrySet */"
      U = "/* Could not access U */"
      SIZECTL = "/* Could not access SIZECTL */"
      TRANSFERINDEX = "/* Could not access TRANSFERINDEX */"
      BASECOUNT = "/* Could not access BASECOUNT */"
      CELLSBUSY = "/* Could not access CELLSBUSY */"
      CELLVALUE = "/* Could not access CELLVALUE */"
      ABASE = "/* Could not access ABASE */"
      ASHIFT = "/* Could not access ASHIFT */"
      keySet = "/* Could not access keySet */"
      values = "/* Could not access values */"
    sharedPool = class com.ibm.ejs.j2c.SharedPool[200]
      SharedPool[0] = class com.ibm.ejs.j2c.SharedPool@794689b5
      SharedPool[1] = class com.ibm.ejs.j2c.SharedPool@746c71b9
      SharedPool[2] = class com.ibm.ejs.j2c.SharedPool@1519df0d
      SharedPool[3] = class com.ibm.ejs.j2c.SharedPool@4731f1c7
      SharedPool[4] = class com.ibm.ejs.j2c.SharedPool@a77c3b5
      SharedPool[5] = class com.ibm.ejs.j2c.SharedPool@1d818afb
      SharedPool[6] = class com.ibm.ejs.j2c.SharedPool@463bcff1
      SharedPool[7] = class com.ibm.ejs.j2c.SharedPool@ecca138
      SharedPool[8] = class com.ibm.ejs.j2c.SharedPool@3a92b13f
      SharedPool[9] = class com.ibm.ejs.j2c.SharedPool@2bd522c4
      SharedPool[10] = class com.ibm.ejs.j2c.SharedPool@33892408
      SharedPool[11] = class com.ibm.ejs.j2c.SharedPool@58a78620
      SharedPool[12] = class com.ibm.ejs.j2c.SharedPool@7793cf42
      SharedPool[13] = class com.ibm.ejs.j2c.SharedPool@75d21076
      SharedPool[14] = class com.ibm.ejs.j2c.SharedPool@f01d3a0
      SharedPool[15] = class com.ibm.ejs.j2c.SharedPool@6b73c2e6
      SharedPool[16] = class com.ibm.ejs.j2c.SharedPool@2f3e915
      SharedPool[17] = class com.ibm.ejs.j2c.SharedPool@6747089d
      SharedPool[18] = class com.ibm.ejs.j2c.SharedPool@66da4b06
      SharedPool[19] = class com.ibm.ejs.j2c.SharedPool@13cbd1c9
      SharedPool[20] = class com.ibm.ejs.j2c.SharedPool@e6d29e4
      SharedPool[21] = class com.ibm.ejs.j2c.SharedPool@5131cb54
      SharedPool[22] = class com.ibm.ejs.j2c.SharedPool@6507380f
      SharedPool[23] = class com.ibm.ejs.j2c.SharedPool@280ff8ff
      SharedPool[24] = class com.ibm.ejs.j2c.SharedPool@4f4ac613
      SharedPool[25] = class com.ibm.ejs.j2c.SharedPool@10fedfc5
      SharedPool[26] = class com.ibm.ejs.j2c.SharedPool@4ce55a95
      SharedPool[27] = class com.ibm.ejs.j2c.SharedPool@1bfa8bf6
      SharedPool[28] = class com.ibm.ejs.j2c.SharedPool@219acc4
      SharedPool[29] = class com.ibm.ejs.j2c.SharedPool@64ff4bb5
      SharedPool[30] = class com.ibm.ejs.j2c.SharedPool@228844d
      SharedPool[31] = class com.ibm.ejs.j2c.SharedPool@4d420ac5
      SharedPool[32] = class com.ibm.ejs.j2c.SharedPool@272f025
      SharedPool[33] = class com.ibm.ejs.j2c.SharedPool@1c4eb13d
      SharedPool[34] = class com.ibm.ejs.j2c.SharedPool@5a824415
      SharedPool[35] = class com.ibm.ejs.j2c.SharedPool@7cb79a2
      SharedPool[36] = class com.ibm.ejs.j2c.SharedPool@12ad52a6
      SharedPool[37] = class com.ibm.ejs.j2c.SharedPool@7b83de97
      SharedPool[38] = class com.ibm.ejs.j2c.SharedPool@33699f1e
      SharedPool[39] = class com.ibm.ejs.j2c.SharedPool@6f33f6b8
      SharedPool[40] = class com.ibm.ejs.j2c.SharedPool@17f3a19a
      SharedPool[41] = class com.ibm.ejs.j2c.SharedPool@72e1a295
      SharedPool[42] = class com.ibm.ejs.j2c.SharedPool@d0f42b8
      SharedPool[43] = class com.ibm.ejs.j2c.SharedPool@7d79e397
      SharedPool[44] = class com.ibm.ejs.j2c.SharedPool@778c62d3
      SharedPool[45] = class com.ibm.ejs.j2c.SharedPool@88693bd
      SharedPool[46] = class com.ibm.ejs.j2c.SharedPool@7f6b1a97
      SharedPool[47] = class com.ibm.ejs.j2c.SharedPool@4dbc2bb6
      SharedPool[48] = class com.ibm.ejs.j2c.SharedPool@59325228
      SharedPool[49] = class com.ibm.ejs.j2c.SharedPool@659529c8
      SharedPool[50] = class com.ibm.ejs.j2c.SharedPool@420d384f
      SharedPool[51] = class com.ibm.ejs.j2c.SharedPool@6ec04a23
      SharedPool[52] = class com.ibm.ejs.j2c.SharedPool@2528f6c1
      SharedPool[53] = class com.ibm.ejs.j2c.SharedPool@693f40c5
      SharedPool[54] = class com.ibm.ejs.j2c.SharedPool@42dbd2ed
      SharedPool[55] = class com.ibm.ejs.j2c.SharedPool@2e2609c7
      SharedPool[56] = class com.ibm.ejs.j2c.SharedPool@4cda7c3c
      SharedPool[57] = class com.ibm.ejs.j2c.SharedPool@5ff0340a
      SharedPool[58] = class com.ibm.ejs.j2c.SharedPool@43a0d9a3
      SharedPool[59] = class com.ibm.ejs.j2c.SharedPool@5d569821
      SharedPool[60] = class com.ibm.ejs.j2c.SharedPool@4272342b
      SharedPool[61] = class com.ibm.ejs.j2c.SharedPool@1c7c080b
      SharedPool[62] = class com.ibm.ejs.j2c.SharedPool@59d4a7e6
      SharedPool[63] = class com.ibm.ejs.j2c.SharedPool@30aabb6d
      SharedPool[64] = class com.ibm.ejs.j2c.SharedPool@63aa023f
      SharedPool[65] = class com.ibm.ejs.j2c.SharedPool@1f6a7211
      SharedPool[66] = class com.ibm.ejs.j2c.SharedPool@63fd0d8d
      SharedPool[67] = class com.ibm.ejs.j2c.SharedPool@6e9a34c
      SharedPool[68] = class com.ibm.ejs.j2c.SharedPool@35e1e254
      SharedPool[69] = class com.ibm.ejs.j2c.SharedPool@7957f403
      SharedPool[70] = class com.ibm.ejs.j2c.SharedPool@724d1fc1
      SharedPool[71] = class com.ibm.ejs.j2c.SharedPool@39f52107
      SharedPool[72] = class com.ibm.ejs.j2c.SharedPool@3bc972f
      SharedPool[73] = class com.ibm.ejs.j2c.SharedPool@450d9cb7
      SharedPool[74] = class com.ibm.ejs.j2c.SharedPool@5fa420c0
      SharedPool[75] = class com.ibm.ejs.j2c.SharedPool@4fc9df2a
      SharedPool[76] = class com.ibm.ejs.j2c.SharedPool@28ab3c13
      SharedPool[77] = class com.ibm.ejs.j2c.SharedPool@1eaf595
      SharedPool[78] = class com.ibm.ejs.j2c.SharedPool@7fb66748
      SharedPool[79] = class com.ibm.ejs.j2c.SharedPool@7e87d71b
      SharedPool[80] = class com.ibm.ejs.j2c.SharedPool@fbd377c
      SharedPool[81] = class com.ibm.ejs.j2c.SharedPool@592d2d43
      SharedPool[82] = class com.ibm.ejs.j2c.SharedPool@156d9d09
      SharedPool[83] = class com.ibm.ejs.j2c.SharedPool@5512afb0
      SharedPool[84] = class com.ibm.ejs.j2c.SharedPool@33f274b9
      SharedPool[85] = class com.ibm.ejs.j2c.SharedPool@30510b1
      SharedPool[86] = class com.ibm.ejs.j2c.SharedPool@7af9400d
      SharedPool[87] = class com.ibm.ejs.j2c.SharedPool@3a560fcd
      SharedPool[88] = class com.ibm.ejs.j2c.SharedPool@1a21f382
      SharedPool[89] = class com.ibm.ejs.j2c.SharedPool@318af8ef
      SharedPool[90] = class com.ibm.ejs.j2c.SharedPool@1c33ffb
      SharedPool[91] = class com.ibm.ejs.j2c.SharedPool@be17069
      SharedPool[92] = class com.ibm.ejs.j2c.SharedPool@1ec92f74
      SharedPool[93] = class com.ibm.ejs.j2c.SharedPool@7862f1c2
      SharedPool[94] = class com.ibm.ejs.j2c.SharedPool@604625d2
      SharedPool[95] = class com.ibm.ejs.j2c.SharedPool@6024738b
      SharedPool[96] = class com.ibm.ejs.j2c.SharedPool@37414274
      SharedPool[97] = class com.ibm.ejs.j2c.SharedPool@58c259bf
      SharedPool[98] = class com.ibm.ejs.j2c.SharedPool@9fb9fc0
      SharedPool[99] = class com.ibm.ejs.j2c.SharedPool@4a001d5f
      SharedPool[100] = class com.ibm.ejs.j2c.SharedPool@77efb489
      SharedPool[101] = class com.ibm.ejs.j2c.SharedPool@3d2a146a
      SharedPool[102] = class com.ibm.ejs.j2c.SharedPool@687a9990
      SharedPool[103] = class com.ibm.ejs.j2c.SharedPool@225a8b25
      SharedPool[104] = class com.ibm.ejs.j2c.SharedPool@281b381b
      SharedPool[105] = class com.ibm.ejs.j2c.SharedPool@457ff036
      SharedPool[106] = class com.ibm.ejs.j2c.SharedPool@79f54710
      SharedPool[107] = class com.ibm.ejs.j2c.SharedPool@f00f8a8
      SharedPool[108] = class com.ibm.ejs.j2c.SharedPool@7e2ac2b3
      SharedPool[109] = class com.ibm.ejs.j2c.SharedPool@44ee6300
      SharedPool[110] = class com.ibm.ejs.j2c.SharedPool@1770714a
      SharedPool[111] = class com.ibm.ejs.j2c.SharedPool@1fbd1eb4
      SharedPool[112] = class com.ibm.ejs.j2c.SharedPool@372a68aa
      SharedPool[113] = class com.ibm.ejs.j2c.SharedPool@6bfb2c
      SharedPool[114] = class com.ibm.ejs.j2c.SharedPool@1485304a
      SharedPool[115] = class com.ibm.ejs.j2c.SharedPool@63bad4d0
      SharedPool[116] = class com.ibm.ejs.j2c.SharedPool@7b19f35
      SharedPool[117] = class com.ibm.ejs.j2c.SharedPool@58dca674
      SharedPool[118] = class com.ibm.ejs.j2c.SharedPool@6566ca45
      SharedPool[119] = class com.ibm.ejs.j2c.SharedPool@504f9e6d
      SharedPool[120] = class com.ibm.ejs.j2c.SharedPool@5b0cfb66
      SharedPool[121] = class com.ibm.ejs.j2c.SharedPool@665e0975
      SharedPool[122] = class com.ibm.ejs.j2c.SharedPool@35b9d319
      SharedPool[123] = class com.ibm.ejs.j2c.SharedPool@19a98f35
      SharedPool[124] = class com.ibm.ejs.j2c.SharedPool@25c290ad
      SharedPool[125] = class com.ibm.ejs.j2c.SharedPool@334130c1
      SharedPool[126] = class com.ibm.ejs.j2c.SharedPool@481b0cab
      SharedPool[127] = class com.ibm.ejs.j2c.SharedPool@1d9ef2ba
      SharedPool[128] = class com.ibm.ejs.j2c.SharedPool@2c684e5c
      SharedPool[129] = class com.ibm.ejs.j2c.SharedPool@1695a428
      SharedPool[130] = class com.ibm.ejs.j2c.SharedPool@67b9c05
      SharedPool[131] = class com.ibm.ejs.j2c.SharedPool@6c9ab552
      SharedPool[132] = class com.ibm.ejs.j2c.SharedPool@26e1c33
      SharedPool[133] = class com.ibm.ejs.j2c.SharedPool@39e14cb2
      SharedPool[134] = class com.ibm.ejs.j2c.SharedPool@63a0643f
      SharedPool[135] = class com.ibm.ejs.j2c.SharedPool@5aa96d3c
      SharedPool[136] = class com.ibm.ejs.j2c.SharedPool@28547dde
      SharedPool[137] = class com.ibm.ejs.j2c.SharedPool@1be330ba
      SharedPool[138] = class com.ibm.ejs.j2c.SharedPool@7b823e65
      SharedPool[139] = class com.ibm.ejs.j2c.SharedPool@6ad37ca4
      SharedPool[140] = class com.ibm.ejs.j2c.SharedPool@616256ad
      SharedPool[141] = class com.ibm.ejs.j2c.SharedPool@6386ccdb
      SharedPool[142] = class com.ibm.ejs.j2c.SharedPool@99da7d8
      SharedPool[143] = class com.ibm.ejs.j2c.SharedPool@78dacc13
      SharedPool[144] = class com.ibm.ejs.j2c.SharedPool@bfe2a9b
      SharedPool[145] = class com.ibm.ejs.j2c.SharedPool@5e4bcf2b
      SharedPool[146] = class com.ibm.ejs.j2c.SharedPool@3a0c105d
      SharedPool[147] = class com.ibm.ejs.j2c.SharedPool@1418f95b
      SharedPool[148] = class com.ibm.ejs.j2c.SharedPool@6ec8b3b1
      SharedPool[149] = class com.ibm.ejs.j2c.SharedPool@6e7a0bd4
      SharedPool[150] = class com.ibm.ejs.j2c.SharedPool@34ae70be
      SharedPool[151] = class com.ibm.ejs.j2c.SharedPool@672f8551
      SharedPool[152] = class com.ibm.ejs.j2c.SharedPool@4cd1e73e
      SharedPool[153] = class com.ibm.ejs.j2c.SharedPool@724b71db
      SharedPool[154] = class com.ibm.ejs.j2c.SharedPool@3527d4ac
      SharedPool[155] = class com.ibm.ejs.j2c.SharedPool@2e39da54
      SharedPool[156] = class com.ibm.ejs.j2c.SharedPool@6d9220ba
      SharedPool[157] = class com.ibm.ejs.j2c.SharedPool@447e417a
      SharedPool[158] = class com.ibm.ejs.j2c.SharedPool@4ff77fed
      SharedPool[159] = class com.ibm.ejs.j2c.SharedPool@2ffce73d
      SharedPool[160] = class com.ibm.ejs.j2c.SharedPool@53979588
      SharedPool[161] = class com.ibm.ejs.j2c.SharedPool@65547b11
      SharedPool[162] = class com.ibm.ejs.j2c.SharedPool@11a87841
      SharedPool[163] = class com.ibm.ejs.j2c.SharedPool@5925b046
      SharedPool[164] = class com.ibm.ejs.j2c.SharedPool@36f1553f
      SharedPool[165] = class com.ibm.ejs.j2c.SharedPool@703b3c03
      SharedPool[166] = class com.ibm.ejs.j2c.SharedPool@22033835
      SharedPool[167] = class com.ibm.ejs.j2c.SharedPool@56d00bb3
      SharedPool[168] = class com.ibm.ejs.j2c.SharedPool@6ab4e4fb
      SharedPool[169] = class com.ibm.ejs.j2c.SharedPool@4346068a
      SharedPool[170] = class com.ibm.ejs.j2c.SharedPool@783f4c47
      SharedPool[171] = class com.ibm.ejs.j2c.SharedPool@2ee45d60
      SharedPool[172] = class com.ibm.ejs.j2c.SharedPool@633af77b
      SharedPool[173] = class com.ibm.ejs.j2c.SharedPool@10bbdfc0
      SharedPool[174] = class com.ibm.ejs.j2c.SharedPool@1264e4e4
      SharedPool[175] = class com.ibm.ejs.j2c.SharedPool@1e67b495
      SharedPool[176] = class com.ibm.ejs.j2c.SharedPool@2a52190d
      SharedPool[177] = class com.ibm.ejs.j2c.SharedPool@64599658
      SharedPool[178] = class com.ibm.ejs.j2c.SharedPool@512f0df3
      SharedPool[179] = class com.ibm.ejs.j2c.SharedPool@72cfc85f
      SharedPool[180] = class com.ibm.ejs.j2c.SharedPool@486f3d7a
      SharedPool[181] = class com.ibm.ejs.j2c.SharedPool@60ac9979
      SharedPool[182] = class com.ibm.ejs.j2c.SharedPool@4945500a
      SharedPool[183] = class com.ibm.ejs.j2c.SharedPool@4544e44d
      SharedPool[184] = class com.ibm.ejs.j2c.SharedPool@74719572
      SharedPool[185] = class com.ibm.ejs.j2c.SharedPool@7092add4
      SharedPool[186] = class com.ibm.ejs.j2c.SharedPool@133476cc
      SharedPool[187] = class com.ibm.ejs.j2c.SharedPool@71b08e6b
      SharedPool[188] = class com.ibm.ejs.j2c.SharedPool@9925f2a
      SharedPool[189] = class com.ibm.ejs.j2c.SharedPool@6c0bbfc1
      SharedPool[190] = class com.ibm.ejs.j2c.SharedPool@5cb9369a
      SharedPool[191] = class com.ibm.ejs.j2c.SharedPool@298f38b0
      SharedPool[192] = class com.ibm.ejs.j2c.SharedPool@32ff59a4
      SharedPool[193] = class com.ibm.ejs.j2c.SharedPool@3bb1d8d
      SharedPool[194] = class com.ibm.ejs.j2c.SharedPool@16a3e686
      SharedPool[195] = class com.ibm.ejs.j2c.SharedPool@46b9065a
      SharedPool[196] = class com.ibm.ejs.j2c.SharedPool@e435550
      SharedPool[197] = class com.ibm.ejs.j2c.SharedPool@554f7660
      SharedPool[198] = class com.ibm.ejs.j2c.SharedPool@5c513d99
      SharedPool[199] = class com.ibm.ejs.j2c.SharedPool@52d47b9f
    freePool = class com.ibm.ejs.j2c.FreePool[100]
      FreePool[0] = class com.ibm.ejs.j2c.FreePool@28344074
      FreePool[1] = class com.ibm.ejs.j2c.FreePool@349626b1
      FreePool[2] = class com.ibm.ejs.j2c.FreePool@314b71b6
      FreePool[3] = class com.ibm.ejs.j2c.FreePool@6520f67c
      FreePool[4] = class com.ibm.ejs.j2c.FreePool@7ed6a804
      FreePool[5] = class com.ibm.ejs.j2c.FreePool@7bf0bac1
      FreePool[6] = class com.ibm.ejs.j2c.FreePool@11dcb2c8
      FreePool[7] = class com.ibm.ejs.j2c.FreePool@732d2599
      FreePool[8] = class com.ibm.ejs.j2c.FreePool@38f02570
      FreePool[9] = class com.ibm.ejs.j2c.FreePool@4628a61d
      FreePool[10] = class com.ibm.ejs.j2c.FreePool@321616e2
      FreePool[11] = class com.ibm.ejs.j2c.FreePool@288dfcd4
      FreePool[12] = class com.ibm.ejs.j2c.FreePool@116f9710
      FreePool[13] = class com.ibm.ejs.j2c.FreePool@1274d36e
      FreePool[14] = class com.ibm.ejs.j2c.FreePool@105766c4
      FreePool[15] = class com.ibm.ejs.j2c.FreePool@57fb5346
      FreePool[16] = class com.ibm.ejs.j2c.FreePool@3ac189be
      FreePool[17] = class com.ibm.ejs.j2c.FreePool@e1ac22b
      FreePool[18] = class com.ibm.ejs.j2c.FreePool@25d0e46a
      FreePool[19] = class com.ibm.ejs.j2c.FreePool@28bcf2f5
      FreePool[20] = class com.ibm.ejs.j2c.FreePool@1e061225
      FreePool[21] = class com.ibm.ejs.j2c.FreePool@46d59054
      FreePool[22] = class com.ibm.ejs.j2c.FreePool@6404df50
      FreePool[23] = class com.ibm.ejs.j2c.FreePool@2b60a27f
      FreePool[24] = class com.ibm.ejs.j2c.FreePool@5590a0c
      FreePool[25] = class com.ibm.ejs.j2c.FreePool@6fe47dc3
      FreePool[26] = class com.ibm.ejs.j2c.FreePool@2d58d130
      FreePool[27] = class com.ibm.ejs.j2c.FreePool@305fdbe
      FreePool[28] = class com.ibm.ejs.j2c.FreePool@4e419eb8
      FreePool[29] = class com.ibm.ejs.j2c.FreePool@207f8d6
      FreePool[30] = class com.ibm.ejs.j2c.FreePool@693d78f7
      FreePool[31] = class com.ibm.ejs.j2c.FreePool@45f98063
      FreePool[32] = class com.ibm.ejs.j2c.FreePool@70f723a
      FreePool[33] = class com.ibm.ejs.j2c.FreePool@3af3eb45
      FreePool[34] = class com.ibm.ejs.j2c.FreePool@380bc62c
      FreePool[35] = class com.ibm.ejs.j2c.FreePool@31f8b3d6
      FreePool[36] = class com.ibm.ejs.j2c.FreePool@4d9a9971
      FreePool[37] = class com.ibm.ejs.j2c.FreePool@6816fa44
      FreePool[38] = class com.ibm.ejs.j2c.FreePool@eca6bcc
      FreePool[39] = class com.ibm.ejs.j2c.FreePool@7ad81fc0
      FreePool[40] = class com.ibm.ejs.j2c.FreePool@631040fb
      FreePool[41] = class com.ibm.ejs.j2c.FreePool@3c0b5207
      FreePool[42] = class com.ibm.ejs.j2c.FreePool@6142da41
      FreePool[43] = class com.ibm.ejs.j2c.FreePool@5b5eefb6
      FreePool[44] = class com.ibm.ejs.j2c.FreePool@3aa86bbe
      FreePool[45] = class com.ibm.ejs.j2c.FreePool@5cd58d86
      FreePool[46] = class com.ibm.ejs.j2c.FreePool@2b32c48f
      FreePool[47] = class com.ibm.ejs.j2c.FreePool@7bdbd00
      FreePool[48] = class com.ibm.ejs.j2c.FreePool@7eb1c3d2
      FreePool[49] = class com.ibm.ejs.j2c.FreePool@ef8c83f
      FreePool[50] = class com.ibm.ejs.j2c.FreePool@335373d3
      FreePool[51] = class com.ibm.ejs.j2c.FreePool@596c9d04
      FreePool[52] = class com.ibm.ejs.j2c.FreePool@29336aa8
      FreePool[53] = class com.ibm.ejs.j2c.FreePool@61c2f681
      FreePool[54] = class com.ibm.ejs.j2c.FreePool@49a7cc81
      FreePool[55] = class com.ibm.ejs.j2c.FreePool@741efc0c
      FreePool[56] = class com.ibm.ejs.j2c.FreePool@464abe0d
      FreePool[57] = class com.ibm.ejs.j2c.FreePool@30ca3ebb
      FreePool[58] = class com.ibm.ejs.j2c.FreePool@477e2fe7
      FreePool[59] = class com.ibm.ejs.j2c.FreePool@44035598
      FreePool[60] = class com.ibm.ejs.j2c.FreePool@57aa31c3
      FreePool[61] = class com.ibm.ejs.j2c.FreePool@3674e26b
      FreePool[62] = class com.ibm.ejs.j2c.FreePool@43e255
      FreePool[63] = class com.ibm.ejs.j2c.FreePool@5eb2c850
      FreePool[64] = class com.ibm.ejs.j2c.FreePool@5890de6c
      FreePool[65] = class com.ibm.ejs.j2c.FreePool@49e618af
      FreePool[66] = class com.ibm.ejs.j2c.FreePool@56281a8c
      FreePool[67] = class com.ibm.ejs.j2c.FreePool@1e90a851
      FreePool[68] = class com.ibm.ejs.j2c.FreePool@40ad7651
      FreePool[69] = class com.ibm.ejs.j2c.FreePool@39773d8b
      FreePool[70] = class com.ibm.ejs.j2c.FreePool@2f9dac53
      FreePool[71] = class com.ibm.ejs.j2c.FreePool@34d44bd1
      FreePool[72] = class com.ibm.ejs.j2c.FreePool@1fe0ace4
      FreePool[73] = class com.ibm.ejs.j2c.FreePool@1f7b51f6
      FreePool[74] = class com.ibm.ejs.j2c.FreePool@5dc6997e
      FreePool[75] = class com.ibm.ejs.j2c.FreePool@4bdadbd4
      FreePool[76] = class com.ibm.ejs.j2c.FreePool@5147c9c7
      FreePool[77] = class com.ibm.ejs.j2c.FreePool@1476c6f8
      FreePool[78] = class com.ibm.ejs.j2c.FreePool@7d12a061
      FreePool[79] = class com.ibm.ejs.j2c.FreePool@600bd06c
      FreePool[80] = class com.ibm.ejs.j2c.FreePool@fed245b
      FreePool[81] = class com.ibm.ejs.j2c.FreePool@2d0e7258
      FreePool[82] = class com.ibm.ejs.j2c.FreePool@45f7ce30
      FreePool[83] = class com.ibm.ejs.j2c.FreePool@7b41ee52
      FreePool[84] = class com.ibm.ejs.j2c.FreePool@1d68c29d
      FreePool[85] = class com.ibm.ejs.j2c.FreePool@43aaefda
      FreePool[86] = class com.ibm.ejs.j2c.FreePool@38572fd1
      FreePool[87] = class com.ibm.ejs.j2c.FreePool@4c9065f7
      FreePool[88] = class com.ibm.ejs.j2c.FreePool@17b72ad2
      FreePool[89] = class com.ibm.ejs.j2c.FreePool@377d3c1
      FreePool[90] = class com.ibm.ejs.j2c.FreePool@2df4dd9
      FreePool[91] = class com.ibm.ejs.j2c.FreePool@4d2f2fa8
      FreePool[92] = class com.ibm.ejs.j2c.FreePool@63e07d65
      FreePool[93] = class com.ibm.ejs.j2c.FreePool@5e344303
      FreePool[94] = class com.ibm.ejs.j2c.FreePool@267d7c99
      FreePool[95] = class com.ibm.ejs.j2c.FreePool@121b5591
      FreePool[96] = class com.ibm.ejs.j2c.FreePool@727019e2
      FreePool[97] = class com.ibm.ejs.j2c.FreePool@ea070f4
      FreePool[98] = class com.ibm.ejs.j2c.FreePool@43745c0d
      FreePool[99] = class com.ibm.ejs.j2c.FreePool@b8b3e2f
    mcWrapperWaiterList = class com.ibm.ejs.j2c.MCWrapperList@1aa3fed5
      serialVersionUID = -4093886924342827512
      serialVersionUID = "/* Could not access serialVersionUID */"
      DEFAULT_CAPACITY = "/* Could not access DEFAULT_CAPACITY */"
      EMPTY_ELEMENTDATA = "/* Could not access EMPTY_ELEMENTDATA */"
      DEFAULTCAPACITY_EMPTY_ELEMENTDATA = "/* Could not access DEFAULTCAPACITY_EMPTY_ELEMENTDATA */"
      elementData = "/* Could not access elementData */"
      size = "/* Could not access size */"
      modCount = "/* Could not access modCount */"
    mcToMCWMap = class java.util.HashMap@7bfa14c7
      serialVersionUID = "/* Could not access serialVersionUID */"
      DEFAULT_INITIAL_CAPACITY = "/* Could not access DEFAULT_INITIAL_CAPACITY */"
      MAXIMUM_CAPACITY = "/* Could not access MAXIMUM_CAPACITY */"
      DEFAULT_LOAD_FACTOR = "/* Could not access DEFAULT_LOAD_FACTOR */"
      TREEIFY_THRESHOLD = "/* Could not access TREEIFY_THRESHOLD */"
      UNTREEIFY_THRESHOLD = "/* Could not access UNTREEIFY_THRESHOLD */"
      MIN_TREEIFY_CAPACITY = "/* Could not access MIN_TREEIFY_CAPACITY */"
      table = "/* Could not access table */"
      entrySet = "/* Could not access entrySet */"
      size = "/* Could not access size */"
      modCount = "/* Could not access modCount */"
      threshold = "/* Could not access threshold */"
      loadFactor = "/* Could not access loadFactor */"
      keySet = "/* Could not access keySet */"
      values = "/* Could not access values */"
    rwl = class java.util.concurrent.locks.ReentrantReadWriteLock@61918614
      serialVersionUID = "/* Could not access serialVersionUID */"
      readerLock = "/* Could not access readerLock */"
      writerLock = "/* Could not access writerLock */"
      sync = "/* Could not access sync */"
    mcToMCWMapRead = class java.util.concurrent.locks.ReentrantReadWriteLock$ReadLock@1e944cb5
      serialVersionUID = "/* Could not access serialVersionUID */"
      sync = "/* Could not access sync */"
    mcToMCWMapWrite = class java.util.concurrent.locks.ReentrantReadWriteLock$WriteLock@1bc44ce4
      serialVersionUID = "/* Could not access serialVersionUID */"
      sync = "/* Could not access sync */"
    raClassLoader = null
    pmCounterLock = class com.ibm.ejs.j2c.PoolManager$PoolManagerLock@30333f77
    destroyMCWrapperListLock = class com.ibm.ejs.j2c.PoolManager$PoolManagerLock@5dffae43
    totalConnectionCount = class java.util.concurrent.atomic.AtomicInteger@61b2a0ad
      serialVersionUID = "/* Could not access serialVersionUID */"
      U = "/* Could not access U */"
      VALUE = "/* Could not access VALUE */"
      value = "/* Could not access value */"
      serialVersionUID = "/* Could not access serialVersionUID */"
    poolManagerBalancePoolLock = class com.ibm.ejs.j2c.PoolManager$PoolManagerLock@58286313
    waiterFreePoolLock = class com.ibm.ejs.j2c.PoolManager$PoolManagerLock@71c927e6
    waiterCount = 0
    allowConnectionRequests = true
    connectionPoolShutDown = false
    poolManagerTestConnectionLock = class com.ibm.ejs.j2c.PoolManager$PoolManagerLock@5164122a
    collectorCount = 0
    mcWrappersToDestroy = class java.util.ArrayList@25276763
      serialVersionUID = "/* Could not access serialVersionUID */"
      DEFAULT_CAPACITY = "/* Could not access DEFAULT_CAPACITY */"
      EMPTY_ELEMENTDATA = "/* Could not access EMPTY_ELEMENTDATA */"
      DEFAULTCAPACITY_EMPTY_ELEMENTDATA = "/* Could not access DEFAULTCAPACITY_EMPTY_ELEMENTDATA */"
      elementData = "/* Could not access elementData */"
      size = "/* Could not access size */"
      modCount = "/* Could not access modCount */"
    mcWrapperDoesExistInFreePool = true
    synchronizedAllReady = false
    dontNotifyWaiter = true
    dontDecrementTotalCounter = false
    unusedTimeoutEnabled = false
    connectionTimeout = 30
    maxConnections = 50
    minConnections = 0
    purgePolicy = class com.ibm.ws.jca.adapter.PurgePolicy@3e0cb82f
      EntirePool = class com.ibm.ws.jca.adapter.PurgePolicy@3e0cb82f
      FailingConnectionOnly = class com.ibm.ws.jca.adapter.PurgePolicy@46295d40
      ValidateAllConnections = class com.ibm.ws.jca.adapter.PurgePolicy@68fbcf93
      $VALUES = class com.ibm.ws.jca.adapter.PurgePolicy[3]
      name = "/* Could not access name */"
      ordinal = "/* Could not access ordinal */"
      hash = "/* Could not access hash */"
    reapTime = 180
    unusedTimeout = 1800
    agedTimeout = -1
    agedTimeoutMillis = -1000
    holdTimeLimit = 10
    maxSharedBuckets = 200
    maxFreePoolHashSize = 100
    maxNumberOfMCsAllowableInThread = 0
    throwExceptionOnMCThreadCheck = false
    waitersStartedTime = 0
    waitersEndedTime = 0
    parkedMCWrapper = null
    createParkedConnection = true
    parkedConnectionLockObject = class com.ibm.ejs.j2c.PoolManager$PoolManagerLock@7746e9af
    totalPoolConnectionRequests = 0
    am = null
    amLockObject = class com.ibm.ejs.j2c.PoolManager$PoolManagerLock@69c4945b
    pmQuiesced = false
    activeRequest = class java.util.concurrent.atomic.AtomicInteger@32d2948c
      serialVersionUID = "/* Could not access serialVersionUID */"
      U = "/* Could not access U */"
      VALUE = "/* Could not access VALUE */"
      value = "/* Could not access value */"
      serialVersionUID = "/* Could not access serialVersionUID */"
    updateToPoolInProgressLockObject = class com.ibm.ejs.j2c.PoolManager$PoolManagerLock@26f4867f
    updateToPoolInProgress = false
    updateToPoolInProgressSleepTime = 250
    activeTLSRequest = class java.util.concurrent.atomic.AtomicInteger@663f189f
      serialVersionUID = "/* Could not access serialVersionUID */"
      U = "/* Could not access U */"
      VALUE = "/* Could not access VALUE */"
      value = "/* Could not access value */"
      serialVersionUID = "/* Could not access serialVersionUID */"
    updateToTLSPoolInProgressLockObject = class com.ibm.ejs.j2c.PoolManager$PoolManagerLock@2b142e4f
    updateToTLSPoolInProgress = class java.util.concurrent.atomic.AtomicBoolean@d44b955
      serialVersionUID = "/* Could not access serialVersionUID */"
      VALUE = "/* Could not access VALUE */"
      value = "/* Could not access value */"
    updateToTLSPoolInProgressSleepTime = 250
    writer = null
    traceWriter = null
    printWriter = null
    tscdList = class java.util.Vector@11e40b63
      elementData = "/* Could not access elementData */"
      elementCount = "/* Could not access elementCount */"
      capacityIncrement = "/* Could not access capacityIncrement */"
      serialVersionUID = "/* Could not access serialVersionUID */"
      modCount = "/* Could not access modCount */"
    logSerialReuseMessage = true
    _quiesce = false
    _quiesceTime = null
    nonDeferredReaperAlarm = false
    claimedVictimPercent = 0.0
    enableInuseConnectionDestroy = true
    localConnection_ = null
    maxCapacity = 0
    isThreadLocalConnectionEnabled = false
    getConnectionMap = class java.util.concurrent.ConcurrentHashMap@b600bb7
      serialVersionUID = "/* Could not access serialVersionUID */"
      MAXIMUM_CAPACITY = "/* Could not access MAXIMUM_CAPACITY */"
      DEFAULT_CAPACITY = "/* Could not access DEFAULT_CAPACITY */"
      MAX_ARRAY_SIZE = "/* Could not access MAX_ARRAY_SIZE */"
      DEFAULT_CONCURRENCY_LEVEL = "/* Could not access DEFAULT_CONCURRENCY_LEVEL */"
      LOAD_FACTOR = "/* Could not access LOAD_FACTOR */"
      TREEIFY_THRESHOLD = "/* Could not access TREEIFY_THRESHOLD */"
      UNTREEIFY_THRESHOLD = "/* Could not access UNTREEIFY_THRESHOLD */"
      MIN_TREEIFY_CAPACITY = "/* Could not access MIN_TREEIFY_CAPACITY */"
      MIN_TRANSFER_STRIDE = "/* Could not access MIN_TRANSFER_STRIDE */"
      RESIZE_STAMP_BITS = "/* Could not access RESIZE_STAMP_BITS */"
      MAX_RESIZERS = "/* Could not access MAX_RESIZERS */"
      RESIZE_STAMP_SHIFT = "/* Could not access RESIZE_STAMP_SHIFT */"
      MOVED = "/* Could not access MOVED */"
      TREEBIN = "/* Could not access TREEBIN */"
      RESERVED = "/* Could not access RESERVED */"
      HASH_BITS = "/* Could not access HASH_BITS */"
      NCPU = "/* Could not access NCPU */"
      serialPersistentFields = "/* Could not access serialPersistentFields */"
      table = "/* Could not access table */"
      nextTable = "/* Could not access nextTable */"
      baseCount = "/* Could not access baseCount */"
      sizeCtl = "/* Could not access sizeCtl */"
      transferIndex = "/* Could not access transferIndex */"
      cellsBusy = "/* Could not access cellsBusy */"
      counterCells = "/* Could not access counterCells */"
      keySet = "/* Could not access keySet */"
      values = "/* Could not access values */"
      entrySet = "/* Could not access entrySet */"
      U = "/* Could not access U */"
      SIZECTL = "/* Could not access SIZECTL */"
      TRANSFERINDEX = "/* Could not access TRANSFERINDEX */"
      BASECOUNT = "/* Could not access BASECOUNT */"
      CELLSBUSY = "/* Could not access CELLSBUSY */"
      CELLVALUE = "/* Could not access CELLVALUE */"
      ABASE = "/* Could not access ABASE */"
      ASHIFT = "/* Could not access ASHIFT */"
      keySet = "/* Could not access keySet */"
      values = "/* Could not access values */"
    alarmThreadCounter = class java.util.concurrent.atomic.AtomicInteger@66aeb00
      serialVersionUID = "/* Could not access serialVersionUID */"
      U = "/* Could not access U */"
      VALUE = "/* Could not access VALUE */"
      value = "/* Could not access value */"
      serialVersionUID = "/* Could not access serialVersionUID */"
    abortConnectionsActionName = "abortConnections"
    abortConnectionsInUse = "inuse"
    amMaxInUseTimeLockObject = class com.ibm.ejs.j2c.PoolManager$PoolManagerLock@6fcc8a6f
    maxInUseTimeAlarmThreadCounter = class java.util.concurrent.atomic.AtomicInteger@4ce01410
      serialVersionUID = "/* Could not access serialVersionUID */"
      U = "/* Could not access U */"
      VALUE = "/* Could not access VALUE */"
      value = "/* Could not access value */"
      serialVersionUID = "/* Could not access serialVersionUID */"
    maxInUseTime = 0
    amMaxInUseTime = null
    maxInUseTimeThreadStarted = false
    maxInUseTimeTaskTimerLockObject = class com.ibm.ejs.j2c.PoolManager$PoolManagerLock@47d68388
    maxInUseTimeCollectorCount = 0
  numberOfConnectionsInFreePool = 0
  numberOfConnectionsAssignedToThisFreePool = 0
  raClassLoader = null
  fatalErrorNotificationTime = 0
  _mcWrapperDoesNotExistInFreePool = false
  _synchronizeInMethod = true
  _notifyWaiter = false
  _decrementTotalCounter = true
  fop_gets = 0
  fnop_gets = 0
  freePoolQueuedRequests = 0
  freePoolCreateManagedConnection = 0
  numberOfClaimedVictims = 0
  numberOfClaimedVictims_CRI_Only_Mismatch = 0
  numberOfClaimedVictims_Subject_Only_Mismatch = 0
  numberOfClaimedVictims_CRI_Subject_Mismatch = 0
  numberOfClaimedVictims_MM_Only_Mismatch = 0
  fop_get_notfound = 0
  fnop_get_notfound = 0
  gConfigProps = class com.ibm.ejs.j2c.J2CGlobalConfigProperties@c45dc88
    tc = class com.ibm.websphere.ras.TraceComponent@3915fd22
      strings[0] = "TraceComponent[com.ibm.ejs.j2c.J2CGlobalConfigProperties,class com.ibm.ejs.j2c.J2CGlobalConfigProperties,[WAS.j2c],com.ibm.ws.j2c.resources.J2CAMessages,null]"
    serialVersionUID = 3666445884103132373
    jndiName = "jdbc/myDB"
    XpathId = "dataSource[default-0]/connectionManager"
    cfName = "jdbc/myDB"
    logMissingTranContext = false
    validatingMCFSupported = true
    sendClaimedVictomToGetConnection = false
    raSupportsReauthentication = false
    transactionResourceRegistration = null
    checkManagedConnectionInstanceof = true
    checkManagedConnectionInstanceofLock = class com.ibm.ejs.j2c.J2CGlobalConfigProperties$J2CLock@16354299
    checkManagedConnectionInstanceofInitialized = false
    embeddedRa = false
    embeddedRaInitialized = false
    connectionSynchronizationProvider = false
    connectionSynchronizationProviderInitialized = false
    connectionPoolingEnabled = true
    connectionPoolingEnabledInitialized = false
    instanceOfDissociatableManagedConnection = false
    instanceOfDissociatableManagedConnectionInitialized = false
    commitPriority = 0
    transactionSupport = class jakarta.resource.spi.TransactionSupport$TransactionSupportLevel@1d212dc2
      NoTransaction = class jakarta.resource.spi.TransactionSupport$TransactionSupportLevel@402581ce
      LocalTransaction = class jakarta.resource.spi.TransactionSupport$TransactionSupportLevel@7694590e
      XATransaction = class jakarta.resource.spi.TransactionSupport$TransactionSupportLevel@1d212dc2
      $VALUES = class jakarta.resource.spi.TransactionSupport$TransactionSupportLevel[3]
      name = "/* Could not access name */"
      ordinal = "/* Could not access ordinal */"
      hash = "/* Could not access hash */"
    dynamicEnlistmentSupported = false
    smartHandleSupport = false
    cciLocalTranSupported = true
    connectionTimeout = 30
    autoCloseConnections = true
    maxConnections = 50
    minConnections = 0
    purgePolicy = class com.ibm.ws.jca.adapter.PurgePolicy@3e0cb82f
    reapTime = 180
    unusedTimeout = 1800
    agedTimeout = -1
    agedTimeoutMillis = -1000
    stopPoolRequests = false
    maxSharedBuckets = 200
    maxFreePoolHashSize = 100
    holdTimeLimit = 10
    numConnectionsPerThreadLocal = 0
    orphanConnHoldTimeLimitSeconds = 10
    maxInUseTime = 0
    changeSupport = class java.beans.PropertyChangeSupport@51adeae2
      map = "/* Could not access map */"
      source = "/* Could not access source */"
      serialPersistentFields = "/* Could not access serialPersistentFields */"
      serialVersionUID = "/* Could not access serialVersionUID */"
    vChangeSupport = class java.beans.VetoableChangeSupport@2214e99c
      map = "/* Could not access map */"
      source = "/* Could not access source */"
      serialPersistentFields = "/* Could not access serialPersistentFields */"
      serialVersionUID = "/* Could not access serialVersionUID */"
    raMetaDataProps = null
    dsMetaDataProps = null
    callResourceAdapterStatMethods = false
    numberOfInuseConnections = 0
    numberOfInuseConnectionsLockObject = class com.ibm.ejs.j2c.J2CGlobalConfigProperties$J2CLock@1e8946cd
    numberOfFreeConnections = 0
    numberOfFreeConnectionsLockObject = class com.ibm.ejs.j2c.J2CGlobalConfigProperties$J2CLock@a5227e3
    maxNumberOfMCsAllowableInThread = 0
    parkIfDissociateUnavailable = false
    throwExceptionOnMCThreadCheck = false
    appName = null
    modName = null
    compName = null

