------Start of DE processing------ = [2/26/24, 10:43:43:064 WEST ]
Exception = com.ibm.wsspi.adaptable.module.UnableToAdaptException
Source = com.ibm.ws.app.manager.module.internal.ContextRootUtil
probeid = 45
Stack Dump = com.ibm.wsspi.adaptable.module.UnableToAdaptException: com.ibm.ws.javaee.ddmodel.DDParser$ParseException: CWWKC2259E: Unexpected child element index of parent element welcome-file encountered in the webapp : WEB-INF/web.xml deployment descriptor on line 8.
	at com.ibm.ws.javaee.ddmodel.web.WebAppEntryAdapter.adapt(WebAppEntryAdapter.java:63)
	at com.ibm.ws.javaee.ddmodel.web.WebAppEntryAdapter.adapt(WebAppEntryAdapter.java:28)
	at com.ibm.ws.adaptable.module.internal.AdapterFactoryServiceImpl.adapt(AdapterFactoryServiceImpl.java:233)
	at com.ibm.ws.adaptable.module.internal.AdaptableEntryImpl.adapt(AdaptableEntryImpl.java:123)
	at com.ibm.ws.javaee.ddmodel.web.WebAppAdapter.adapt(WebAppAdapter.java:40)
	at com.ibm.ws.javaee.ddmodel.web.WebAppAdapter.adapt(WebAppAdapter.java:26)
	at com.ibm.ws.adaptable.module.internal.AdapterFactoryServiceImpl.adapt(AdapterFactoryServiceImpl.java:202)
	at com.ibm.ws.adaptable.module.internal.AdaptableContainerImpl.adapt(AdaptableContainerImpl.java:176)
	at com.ibm.ws.javaee.ddmodel.common.AppStructureHelper.getWebVersion(AppStructureHelper.java:41)
	at com.ibm.ws.javaee.ddmodel.common.BndExtAdapter.getWebVersion(BndExtAdapter.java:576)
	at com.ibm.ws.javaee.ddmodel.webext.WebExtAdapter.adapt(WebExtAdapter.java:72)
	at com.ibm.ws.javaee.ddmodel.webext.WebExtAdapter.adapt(WebExtAdapter.java:47)
	at com.ibm.ws.adaptable.module.internal.AdapterFactoryServiceImpl.adapt(AdapterFactoryServiceImpl.java:202)
	at com.ibm.ws.adaptable.module.internal.AdaptableContainerImpl.adapt(AdaptableContainerImpl.java:176)
	at com.ibm.ws.app.manager.module.internal.ContextRootUtil.getContextRoot(ContextRootUtil.java:40)
	at com.ibm.ws.app.manager.war.internal.WARDeployedAppInfo.<init>(WARDeployedAppInfo.java:62)
	at com.ibm.ws.app.manager.war.internal.WARDeployedAppInfoFactoryImpl.createDeployedAppInfo(WARDeployedAppInfoFactoryImpl.java:170)
	at com.ibm.ws.app.manager.war.internal.WARDeployedAppInfoFactoryImpl.createDeployedAppInfo(WARDeployedAppInfoFactoryImpl.java:37)
	at com.ibm.ws.app.manager.war.internal.WARApplicationHandlerImpl.setUpApplicationMonitoring(WARApplicationHandlerImpl.java:52)
	at com.ibm.ws.app.manager.internal.statemachine.StartAction.execute(StartAction.java:179)
	at com.ibm.ws.app.manager.internal.statemachine.ApplicationStateMachineImpl.enterState(ApplicationStateMachineImpl.java:1369)
	at com.ibm.ws.app.manager.internal.statemachine.ApplicationStateMachineImpl.performAction(ApplicationStateMachineImpl.java:1233)
	at com.ibm.ws.app.manager.internal.statemachine.ApplicationStateMachineImpl.run(ApplicationStateMachineImpl.java:920)
	at com.ibm.ws.threading.internal.ExecutorServiceImpl$RunnableWrapper.run(ExecutorServiceImpl.java:280)
	at java.base/java.util.concurrent.ThreadPoolExecutor.runWorker(ThreadPoolExecutor.java:1144)
	at java.base/java.util.concurrent.ThreadPoolExecutor$Worker.run(ThreadPoolExecutor.java:642)
	at java.base/java.lang.Thread.run(Thread.java:1583)
Caused by: com.ibm.ws.javaee.ddmodel.DDParser$ParseException: CWWKC2259E: Unexpected child element index of parent element welcome-file encountered in the webapp : WEB-INF/web.xml deployment descriptor on line 8.
	at com.ibm.ws.javaee.ddmodel.DDParser.parse(DDParser.java:1085)
	at com.ibm.ws.javaee.ddmodel.web.common.WelcomeFileListType.handleChild(WelcomeFileListType.java:54)
	at com.ibm.ws.javaee.ddmodel.DDParser.parse(DDParser.java:1082)
	at com.ibm.ws.javaee.ddmodel.web.common.WebCommonType.handleChild(WebCommonType.java:474)
	at com.ibm.ws.javaee.ddmodel.web.common.WebAppType.handleChild(WebAppType.java:129)
	at com.ibm.ws.javaee.ddmodel.DDParser.parse(DDParser.java:1082)
	at com.ibm.ws.javaee.ddmodel.DDParser.parseRootElement(DDParser.java:935)
	at com.ibm.ws.javaee.ddmodel.DDParser.parse(DDParser.java:911)
	at com.ibm.ws.javaee.ddmodel.web.WebAppDDParser.parse(WebAppDDParser.java:68)
	at com.ibm.ws.javaee.ddmodel.web.WebAppEntryAdapter.adapt(WebAppEntryAdapter.java:61)
	... 26 more

Dump of callerThis
null
Dump of objectArray[0]
Object type = com.ibm.ws.adaptable.module.internal.AdaptableContainerImpl
  root = class com.ibm.ws.adaptable.module.internal.AdaptableContainerImpl@5cd17e69
  rootOverlay = class com.ibm.ws.artifact.overlay.internal.DirectoryBasedOverlayContainerImpl@6eb7fe69
    tc = class com.ibm.websphere.ras.TraceComponent@77d149df
      strings[0] = "TraceComponent[com.ibm.ws.artifact.overlay.internal.DirectoryBasedOverlayContainerImpl,class com.ibm.ws.artifact.overlay.internal.DirectoryBasedOverlayContainerImpl,[archive.overlay],com.ibm.ws.artifact.overlay.internal.resources.ArtifactOverlayMessages,null]"
    base = class com.ibm.ws.artifact.loose.internal.LooseArchive@2927befc
      cacheDir = class java.io.File@2fc5dfc8
      xmlFile = class java.io.File@4363c0b0
      parent = null
      cfh = class com.ibm.ws.artifact.loose.internal.LooseContainerFactoryHelper@26e2752d
      pathInParent = null
      _entries = class java.util.ArrayList@f47f05c
      tc = class com.ibm.websphere.ras.TraceComponent@7497dea0
      artifactNotifier = null
      serialVersionUID = 345486831272892625
    maskSet = class java.util.HashSet@165bbb7d
      serialVersionUID = "/* Could not access serialVersionUID */"
      map = "/* Could not access map */"
      PRESENT = "/* Could not access PRESENT */"
    cfHolder = class com.ibm.ws.artifact.overlay.internal.OverlayContainerFactoryImpl@2e711399
    fileOverlayContainer = class com.ibm.ws.artifact.file.internal.FileContainer@12370803
      containerFactoryHolder = class com.ibm.ws.artifact.file.internal.FileContainerFactory@5f96fccd
      parent = null
      thisInParent = null
      dir = class java.io.File@34fc3c07
      cacheDir = class java.io.File@20b8b43a
      isRoot = true
      root = class com.ibm.ws.artifact.file.internal.FileContainer@12370803
      artifactNotifier = class com.ibm.ws.artifact.file.FileArtifactNotifier@692971e8
      serialVersionUID = 556130772302156267
      $$$tc$$$ = class com.ibm.websphere.ras.TraceComponent@2f8f432b
    overlayDirectory = class java.io.File@34fc3c07
      FS = "/* Could not access FS */"
      path = "/* Could not access path */"
      status = "/* Could not access status */"
      prefixLength = "/* Could not access prefixLength */"
      separatorChar = \
      separator = "\"
      pathSeparatorChar = ;
      pathSeparator = ";"
      UNSAFE = "/* Could not access UNSAFE */"
      PATH_OFFSET = "/* Could not access PATH_OFFSET */"
      PREFIX_LENGTH_OFFSET = "/* Could not access PREFIX_LENGTH_OFFSET */"
      serialVersionUID = "/* Could not access serialVersionUID */"
      filePath = "/* Could not access filePath */"
      $assertionsDisabled = "/* Could not access $assertionsDisabled */"
    cacheDirForOverlay = class java.io.File@20b8b43a
      FS = "/* Could not access FS */"
      path = "/* Could not access path */"
      status = "/* Could not access status */"
      prefixLength = "/* Could not access prefixLength */"
      separatorChar = \
      separator = "\"
      pathSeparatorChar = ;
      pathSeparator = ";"
      UNSAFE = "/* Could not access UNSAFE */"
      PATH_OFFSET = "/* Could not access PATH_OFFSET */"
      PREFIX_LENGTH_OFFSET = "/* Could not access PREFIX_LENGTH_OFFSET */"
      serialVersionUID = "/* Could not access serialVersionUID */"
      filePath = "/* Could not access filePath */"
      $assertionsDisabled = "/* Could not access $assertionsDisabled */"
    overlayNotifier = class com.ibm.ws.artifact.overlay.internal.DirectoryBasedOverlayNotifier@6b737303
      root = class com.ibm.ws.artifact.overlay.internal.DirectoryBasedOverlayContainerImpl@6eb7fe69
      overlayContainer = class com.ibm.ws.artifact.file.internal.FileContainer@12370803
      overlaidContainer = class com.ibm.ws.artifact.loose.internal.LooseArchive@2927befc
      listeningToContainers = false
      listeners = class java.util.concurrent.ConcurrentHashMap@79bbe059
      pathsMonitored = class java.util.HashSet@53f488d5
      parentNotifier = null
      pathOfEntryInParent = null
      id = null
      serialVersionUID = -5716655730663296309
      $$$tc$$$ = class com.ibm.websphere.ras.TraceComponent@2e0a9936
    enclosingContainer = null
    entryInEnclosingContainer = null
    nestedOverlays = class java.util.concurrent.ConcurrentHashMap@41ae097e
      serialVersionUID = "/* Could not access serialVersionUID */"
      MAXIMUM_CAPACITY = "/* Could not access MAXIMUM_CAPACITY */"
      DEFAULT_CAPACITY = "/* Could not access DEFAULT_CAPACITY */"
      MAX_ARRAY_SIZE = "/* Could not access MAX_ARRAY_SIZE */"
      DEFAULT_CONCURRENCY_LEVEL = "/* Could not access DEFAULT_CONCURRENCY_LEVEL */"
      LOAD_FACTOR = "/* Could not access LOAD_FACTOR */"
      TREEIFY_THRESHOLD = "/* Could not access TREEIFY_THRESHOLD */"
      UNTREEIFY_THRESHOLD = "/* Could not access UNTREEIFY_THRESHOLD */"
      MIN_TREEIFY_CAPACITY = "/* Could not access MIN_TREEIFY_CAPACITY */"
      MIN_TRANSFER_STRIDE = "/* Could not access MIN_TRANSFER_STRIDE */"
      RESIZE_STAMP_BITS = "/* Could not access RESIZE_STAMP_BITS */"
      MAX_RESIZERS = "/* Could not access MAX_RESIZERS */"
      RESIZE_STAMP_SHIFT = "/* Could not access RESIZE_STAMP_SHIFT */"
      MOVED = "/* Could not access MOVED */"
      TREEBIN = "/* Could not access TREEBIN */"
      RESERVED = "/* Could not access RESERVED */"
      HASH_BITS = "/* Could not access HASH_BITS */"
      NCPU = "/* Could not access NCPU */"
      serialPersistentFields = "/* Could not access serialPersistentFields */"
      table = "/* Could not access table */"
      nextTable = "/* Could not access nextTable */"
      baseCount = "/* Could not access baseCount */"
      sizeCtl = "/* Could not access sizeCtl */"
      transferIndex = "/* Could not access transferIndex */"
      cellsBusy = "/* Could not access cellsBusy */"
      counterCells = "/* Could not access counterCells */"
      keySet = "/* Could not access keySet */"
      values = "/* Could not access values */"
      entrySet = "/* Could not access entrySet */"
      U = "/* Could not access U */"
      SIZECTL = "/* Could not access SIZECTL */"
      TRANSFERINDEX = "/* Could not access TRANSFERINDEX */"
      BASECOUNT = "/* Could not access BASECOUNT */"
      CELLSBUSY = "/* Could not access CELLSBUSY */"
      CELLVALUE = "/* Could not access CELLVALUE */"
      ABASE = "/* Could not access ABASE */"
      ASHIFT = "/* Could not access ASHIFT */"
      keySet = "/* Could not access keySet */"
      values = "/* Could not access values */"
    cacheStore = class com.ibm.ws.artifact.overlay.internal.OverlayCache@14671948
      cache = class java.util.HashMap@28f3df48
      serialVersionUID = 4443220618296337968
      $$$tc$$$ = class com.ibm.websphere.ras.TraceComponent@3df80867
    parentOverlay = null
    isPassThroughMode = true
    serialVersionUID = -8445278173803874173
  factoryHolder = class com.ibm.ws.adaptable.module.internal.AdaptableModuleFactoryImpl@26b4ce61
    adapterFactoryService = class com.ibm.ws.adaptable.module.internal.AdapterFactoryServiceImpl@585ce3f6
      toType = "toType"
      priv = class com.ibm.ws.kernel.service.util.SecureAction@30f3e944
      containerHelperMap = class com.ibm.wsspi.kernel.service.utils.ConcurrentServiceReferenceSetMap@64b2419
      entryHelperMap = class com.ibm.wsspi.kernel.service.utils.ConcurrentServiceReferenceSetMap@7695f36
      containerToTypes = class java.util.Collections$SynchronizedSet@5812a823
      entryToTypes = class java.util.Collections$SynchronizedSet@7784c3ac
      baseProperties = class org.apache.felix.scr.impl.helper.ReadOnlyDictionary@28b05aa9
      registration = class com.ibm.ws.kernel.service.util.ServiceRegistrationModifier@65ed3066
      serialVersionUID = 292472261820243508
      $$$tc$$$ = class com.ibm.websphere.ras.TraceComponent@ec7fea4
    containerFactory = class com.ibm.ws.artifact.internal.ArtifactContainerFactoryService@39a7a9fc
      CATEGORY_PROP_NAME = "category"
      ENTRY_KEY = "com.ibm.wsspi.artifact.ArtifactEntry"
      helperMap = class com.ibm.wsspi.kernel.service.utils.ConcurrentServiceReferenceSetMap@4fb6edbc
      contributorMap = class com.ibm.wsspi.kernel.service.utils.ConcurrentServiceReferenceSetMap@387376bf
      helperCategoryMap = class com.ibm.wsspi.kernel.service.utils.ConcurrentServiceReferenceSetMap@506b95e8
      contributorCategoryMap = class com.ibm.wsspi.kernel.service.utils.ConcurrentServiceReferenceSetMap@72ef083c
      categories = class java.util.Collections$SynchronizedSet@accd0d0
      baseProperties = class org.apache.felix.scr.impl.helper.ReadOnlyDictionary@29a989b8
      registration = class com.ibm.ws.kernel.service.util.ServiceRegistrationModifier@25619db0
      serialVersionUID = 6566424214406946230
      $$$tc$$$ = class com.ibm.websphere.ras.TraceComponent@4eac00d5
    overlayContainerFactory = class com.ibm.ws.artifact.overlay.internal.OverlayContainerFactoryImpl@2e711399
      containerFactory = class com.ibm.ws.artifact.internal.ArtifactContainerFactoryService@39a7a9fc
      registeredContainers = class com.ibm.ws.artifact.overlay.internal.DirectoryBasedOverlayContainerRegistry@37fd1b3b
      serialVersionUID = -6737526700663704564
      $$$tc$$$ = class com.ibm.websphere.ras.TraceComponent@67cdbb6f
    serialVersionUID = 4200251809856292987
    $$$tc$$$ = class com.ibm.websphere.ras.TraceComponent@72fa776d
      strings[0] = "TraceComponent[com.ibm.ws.adaptable.module.internal.AdaptableModuleFactoryImpl,class com.ibm.ws.adaptable.module.internal.AdaptableModuleFactoryImpl,[archive.adaptable],null,null]"
  delegate = class com.ibm.ws.artifact.overlay.internal.DirectoryBasedOverlayContainerImpl@6eb7fe69
  notifier = null
  serialVersionUID = -5950528200509051684
  $$$tc$$$ = class com.ibm.websphere.ras.TraceComponent@4217aedd
    strings[0] = "TraceComponent[com.ibm.ws.adaptable.module.internal.AdaptableContainerImpl,class com.ibm.ws.adaptable.module.internal.AdaptableContainerImpl,[archive.adaptable],null,null]"

