------Start of DE processing------ = [2/26/24, 10:43:43:105 WEST ]
Exception = com.ibm.wsspi.adaptable.module.UnableToAdaptException
Source = com.ibm.ws.app.manager.war.internal.WARApplicationHandlerImpl
probeid = 53
Stack Dump = com.ibm.wsspi.adaptable.module.UnableToAdaptException: com.ibm.ws.javaee.ddmodel.DDParser$ParseException: CWWKC2259E: Unexpected child element index of parent element welcome-file encountered in the webapp : WEB-INF/web.xml deployment descriptor on line 8.
	at com.ibm.ws.javaee.ddmodel.web.WebAppEntryAdapter.adapt(WebAppEntryAdapter.java:63)
	at com.ibm.ws.javaee.ddmodel.web.WebAppEntryAdapter.adapt(WebAppEntryAdapter.java:28)
	at com.ibm.ws.adaptable.module.internal.AdapterFactoryServiceImpl.adapt(AdapterFactoryServiceImpl.java:233)
	at com.ibm.ws.adaptable.module.internal.AdaptableEntryImpl.adapt(AdaptableEntryImpl.java:123)
	at com.ibm.ws.javaee.ddmodel.web.WebAppAdapter.adapt(WebAppAdapter.java:40)
	at com.ibm.ws.javaee.ddmodel.web.WebAppAdapter.adapt(WebAppAdapter.java:26)
	at com.ibm.ws.adaptable.module.internal.AdapterFactoryServiceImpl.adapt(AdapterFactoryServiceImpl.java:202)
	at com.ibm.ws.adaptable.module.internal.AdaptableContainerImpl.adapt(AdaptableContainerImpl.java:176)
	at com.ibm.ws.app.manager.module.internal.SimpleDeployedAppInfoBase$ModuleContainerInfoBase.<init>(SimpleDeployedAppInfoBase.java:173)
	at com.ibm.ws.app.manager.module.internal.SimpleDeployedAppInfoBase$WebModuleContainerInfo.<init>(SimpleDeployedAppInfoBase.java:354)
	at com.ibm.ws.app.manager.war.internal.WARDeployedAppInfo.<init>(WARDeployedAppInfo.java:67)
	at com.ibm.ws.app.manager.war.internal.WARDeployedAppInfoFactoryImpl.createDeployedAppInfo(WARDeployedAppInfoFactoryImpl.java:170)
	at com.ibm.ws.app.manager.war.internal.WARDeployedAppInfoFactoryImpl.createDeployedAppInfo(WARDeployedAppInfoFactoryImpl.java:37)
	at com.ibm.ws.app.manager.war.internal.WARApplicationHandlerImpl.setUpApplicationMonitoring(WARApplicationHandlerImpl.java:52)
	at com.ibm.ws.app.manager.internal.statemachine.StartAction.execute(StartAction.java:179)
	at com.ibm.ws.app.manager.internal.statemachine.ApplicationStateMachineImpl.enterState(ApplicationStateMachineImpl.java:1369)
	at com.ibm.ws.app.manager.internal.statemachine.ApplicationStateMachineImpl.performAction(ApplicationStateMachineImpl.java:1233)
	at com.ibm.ws.app.manager.internal.statemachine.ApplicationStateMachineImpl.run(ApplicationStateMachineImpl.java:920)
	at com.ibm.ws.threading.internal.ExecutorServiceImpl$RunnableWrapper.run(ExecutorServiceImpl.java:280)
	at java.base/java.util.concurrent.ThreadPoolExecutor.runWorker(ThreadPoolExecutor.java:1144)
	at java.base/java.util.concurrent.ThreadPoolExecutor$Worker.run(ThreadPoolExecutor.java:642)
	at java.base/java.lang.Thread.run(Thread.java:1583)
Caused by: com.ibm.ws.javaee.ddmodel.DDParser$ParseException: CWWKC2259E: Unexpected child element index of parent element welcome-file encountered in the webapp : WEB-INF/web.xml deployment descriptor on line 8.
	at com.ibm.ws.javaee.ddmodel.DDParser.parse(DDParser.java:1085)
	at com.ibm.ws.javaee.ddmodel.web.common.WelcomeFileListType.handleChild(WelcomeFileListType.java:54)
	at com.ibm.ws.javaee.ddmodel.DDParser.parse(DDParser.java:1082)
	at com.ibm.ws.javaee.ddmodel.web.common.WebCommonType.handleChild(WebCommonType.java:474)
	at com.ibm.ws.javaee.ddmodel.web.common.WebAppType.handleChild(WebAppType.java:129)
	at com.ibm.ws.javaee.ddmodel.DDParser.parse(DDParser.java:1082)
	at com.ibm.ws.javaee.ddmodel.DDParser.parseRootElement(DDParser.java:935)
	at com.ibm.ws.javaee.ddmodel.DDParser.parse(DDParser.java:911)
	at com.ibm.ws.javaee.ddmodel.web.WebAppDDParser.parse(WebAppDDParser.java:68)
	at com.ibm.ws.javaee.ddmodel.web.WebAppEntryAdapter.adapt(WebAppEntryAdapter.java:61)
	... 21 more

Dump of callerThis
Object type = com.ibm.ws.app.manager.war.internal.WARApplicationHandlerImpl
  futureMonitor = class com.ibm.ws.threading.internal.FutureMonitorImpl@607f8462
    _monitor = class java.util.concurrent.ConcurrentLinkedQueue@57a91fc6
      serialVersionUID = "/* Could not access serialVersionUID */"
      head = "/* Could not access head */"
      tail = "/* Could not access tail */"
      MAX_HOPS = "/* Could not access MAX_HOPS */"
      HEAD = "/* Could not access HEAD */"
      TAIL = "/* Could not access TAIL */"
      ITEM = "/* Could not access ITEM */"
      NEXT = "/* Could not access NEXT */"
    _executor = class com.ibm.ws.threading.internal.ScheduledExecutorImpl@1dce2bfe
      threadGroupName = "Scheduled Executor Thread Group"
      executor = class com.ibm.ws.threading.internal.ExecutorServiceImpl@69d98176
      serialVersionUID = -9110693807503469597
      $$$tc$$$ = class com.ibm.websphere.ras.TraceComponent@3db0a733
      continueExistingPeriodicTasksAfterShutdown = "/* Could not access continueExistingPeriodicTasksAfterShutdown */"
      executeExistingDelayedTasksAfterShutdown = "/* Could not access executeExistingDelayedTasksAfterShutdown */"
      removeOnCancel = "/* Could not access removeOnCancel */"
      sequencer = "/* Could not access sequencer */"
      DEFAULT_KEEPALIVE_MILLIS = "/* Could not access DEFAULT_KEEPALIVE_MILLIS */"
      ctl = "/* Could not access ctl */"
      COUNT_BITS = "/* Could not access COUNT_BITS */"
      COUNT_MASK = "/* Could not access COUNT_MASK */"
      RUNNING = "/* Could not access RUNNING */"
      SHUTDOWN = "/* Could not access SHUTDOWN */"
      STOP = "/* Could not access STOP */"
      TIDYING = "/* Could not access TIDYING */"
      TERMINATED = "/* Could not access TERMINATED */"
      workQueue = "/* Could not access workQueue */"
      mainLock = "/* Could not access mainLock */"
      workers = "/* Could not access workers */"
      termination = "/* Could not access termination */"
      container = "/* Could not access container */"
      largestPoolSize = "/* Could not access largestPoolSize */"
      completedTaskCount = "/* Could not access completedTaskCount */"
      threadFactory = "/* Could not access threadFactory */"
      handler = "/* Could not access handler */"
      keepAliveTime = "/* Could not access keepAliveTime */"
      allowCoreThreadTimeOut = "/* Could not access allowCoreThreadTimeOut */"
      corePoolSize = "/* Could not access corePoolSize */"
      maximumPoolSize = "/* Could not access maximumPoolSize */"
      defaultHandler = "/* Could not access defaultHandler */"
      shutdownPerm = "/* Could not access shutdownPerm */"
      ONLY_ONE = "/* Could not access ONLY_ONE */"
      $assertionsDisabled = "/* Could not access $assertionsDisabled */"
    _threadRunning = class java.util.concurrent.atomic.AtomicBoolean@417121d2
      serialVersionUID = "/* Could not access serialVersionUID */"
      VALUE = "/* Could not access VALUE */"
      value = "/* Could not access value */"
    _thread = class com.ibm.ws.threading.internal.FutureMonitorImpl$1@38b0e115
      this$0 = class com.ibm.ws.threading.internal.FutureMonitorImpl@607f8462
      serialVersionUID = 2422512430832938099
      $$$tc$$$ = class com.ibm.websphere.ras.TraceComponent@42a8b126
    serialVersionUID = 2765238413969174390
    $$$tc$$$ = class com.ibm.websphere.ras.TraceComponent@1d7f5d7b
      strings[0] = "TraceComponent[com.ibm.ws.threading.internal.FutureMonitorImpl,class com.ibm.ws.threading.internal.FutureMonitorImpl,[Threading],com.ibm.ws.threading.internal.resources.ThreadingMessages,null]"
  deployedAppFactory = class com.ibm.ws.app.manager.war.internal.WARDeployedAppInfoFactoryImpl@6df352ab
    tc = class com.ibm.websphere.ras.TraceComponent@64a4792d
      strings[0] = "TraceComponent[com.ibm.ws.app.manager.war.internal.WARDeployedAppInfoFactoryImpl,class com.ibm.ws.app.manager.war.internal.WARDeployedAppInfoFactoryImpl,[webcontainer, applications, app.manager],com.ibm.ws.app.manager.war.internal.resources.Messages,null]"
    DEFAULT_APP_LOCATION = "${server.config.dir}/apps/expanded/"
    deployedAppServices = class com.ibm.ws.app.manager.module.internal.DeployedAppServicesImpl@635eb20b
      SERVER_APPS_DIR = "${server.output.dir}/apps/"
      EXPANDED_APPS_DIR = "${server.output.dir}/apps/expanded/"
      bundleContext = class org.eclipse.osgi.internal.framework.BundleContextImpl@3ef0ec76
      applicationInfoFactory = class com.ibm.ws.container.service.app.deploy.internal.ApplicationInfoFactoryImpl@33a8c72e
      futureMonitor = class com.ibm.ws.threading.internal.FutureMonitorImpl@607f8462
      classLoadingService = class com.ibm.ws.classloading.internal.ClassLoadingServiceImpl@6c33a7ed
      globalSharedLibrary = class com.ibm.ws.library.internal.SharedLibraryImpl@6f20e335
      globalSharedLibraryPid = "com.ibm.ws.classloading.sharedlibrary_1"
      configAdmin = class com.ibm.ws.config.admin.internal.ConfigurationAdminImpl@1a457129
      metaDataService = class com.ibm.ws.container.service.metadata.internal.MetaDataServiceImpl@5b508294
      stateChangeService = class com.ibm.ws.container.service.state.internal.StateChangeServiceImpl@4498f117
      allModuleTypes = class java.lang.String[4]
      moduleMetaDataExtenders = class java.util.concurrent.ConcurrentHashMap@1edc9a2e
      nestedModuleMetaDataFactories = class java.util.concurrent.ConcurrentHashMap@760deb8b
      permissionManager = class com.ibm.ws.classloading.java2sec.PermissionManager@47f0005a
      locAdmin = class com.ibm.ws.kernel.service.location.internal.WsLocationAdminImpl@442a07d2
      artifactFactory = class com.ibm.ws.artifact.internal.ArtifactContainerFactoryService@39a7a9fc
      moduleFactory = class com.ibm.ws.adaptable.module.internal.AdaptableModuleFactoryImpl@26b4ce61
      serialVersionUID = 8537801607979767986
      $$$tc$$$ = class com.ibm.websphere.ras.TraceComponent@692d8bd2
    webModuleHandler = class com.ibm.ws.app.manager.web.internal.WebModuleHandlerImpl@3c78a809
      serialVersionUID = 4795602325763828210
      $$$tc$$$ = class com.ibm.websphere.ras.TraceComponent@286bbcff
      futureMonitor = class com.ibm.ws.threading.internal.FutureMonitorImpl@607f8462
      metaDataService = class com.ibm.ws.container.service.metadata.internal.MetaDataServiceImpl@5b508294
      stateChangeService = class com.ibm.ws.container.service.state.internal.StateChangeServiceImpl@4498f117
      moduleRuntimeContainer = class com.ibm.ws.webcontainer.osgi.WebContainer@caf27e7
      firstFailure = null
      serialVersionUID = -4563697739413190872
      $$$tc$$$ = class com.ibm.websphere.ras.TraceComponent@4d7b19f1
    applicationManager = class com.ibm.ws.app.manager.ApplicationManager@20b86770
      expandApps = false
      useJandex = false
      startTimeout = 30
      stopTimeout = 30
      expandLocation = "D:/mine/JEE/authentication/project/target/liberty/wlp/usr/servers/projectServer/apps/expanded/"
      extractedLog = class java.io.File@66bd7213
      extractsDataLog = class java.util.concurrent.ConcurrentHashMap@2db93313
      APPNAME_KEY = "appName"
      APPNAME_CALLBACK = class com.ibm.ws.app.manager.ApplicationManager$1@5e69a5
      serialVersionUID = -4857646304502982718
      $$$tc$$$ = class com.ibm.websphere.ras.TraceComponent@2b20eb6
    serialVersionUID = 209138972697730943
    serialVersionUID = 6498862425241821545
    $$$tc$$$ = class com.ibm.websphere.ras.TraceComponent@4cb0c337
      strings[0] = "TraceComponent[com.ibm.ws.app.manager.module.AbstractDeployedAppInfoFactory,class com.ibm.ws.app.manager.module.AbstractDeployedAppInfoFactory,[applications, app.manager],null,null]"
  serialVersionUID = 4622845147410944782
  $$$tc$$$ = class com.ibm.websphere.ras.TraceComponent@7f0eb77
    strings[0] = "TraceComponent[com.ibm.ws.app.manager.war.internal.WARApplicationHandlerImpl,class com.ibm.ws.app.manager.war.internal.WARApplicationHandlerImpl,[webcontainer, applications, app.manager],com.ibm.ws.app.manager.war.internal.resources.Messages,null]"

Dump of objectArray[0]
Object type = com.ibm.ws.app.manager.internal.ApplicationInstallInfo
  _config = class com.ibm.ws.app.manager.internal.ApplicationConfig@5abe5e71
    tc = class com.ibm.websphere.ras.TraceComponent@21817ba6
      strings[0] = "TraceComponent[com.ibm.ws.app.manager.internal.ApplicationConfig,class com.ibm.ws.app.manager.internal.ApplicationConfig,[applications, app.manager],com.ibm.ws.app.manager.internal.resources.AppManagerMessages,null]"
    _configPid = "com.ibm.ws.app.manager_0"
    _config = class com.ibm.ws.config.admin.ConfigurationDictionary@5a5b9f24
      serialVersionUID = 7966152868712543805
      simpleTypes = class java.util.Arrays$ArrayList@1d73ed4d
      primitiveArrayTypes = class java.util.Arrays$ArrayList@39f7d648
      simpleArrayTypes = class java.util.Arrays$ArrayList@3d830bf
      extendedTypes = class java.util.Arrays$ArrayList@4f2783e3
      CASE_INSENSITIVE = class com.ibm.ws.config.admin.ConfigurationDictionary$CaseInsensitive@4d3c16cf
      properties = class java.util.Collections$SynchronizedMap@4a7eccb6
    _applicationManager = class com.ibm.ws.app.manager.ApplicationManager@20b86770
      expandApps = false
      useJandex = false
      startTimeout = 30
      stopTimeout = 30
      expandLocation = "D:/mine/JEE/authentication/project/target/liberty/wlp/usr/servers/projectServer/apps/expanded/"
      extractedLog = class java.io.File@66bd7213
      extractsDataLog = class java.util.concurrent.ConcurrentHashMap@2db93313
      APPNAME_KEY = "appName"
      APPNAME_CALLBACK = class com.ibm.ws.app.manager.ApplicationManager$1@5e69a5
      serialVersionUID = -4857646304502982718
      $$$tc$$$ = class com.ibm.websphere.ras.TraceComponent@2b20eb6
    _location = "project.war"
    _type = "war"
    _name = "project"
    _notificationBroadcasterSupport = class javax.management.NotificationBroadcasterSupport@52caa989
      listenerList = "/* Could not access listenerList */"
      executor = "/* Could not access executor */"
      notifInfo = "/* Could not access notifInfo */"
      defaultExecutor = "/* Could not access defaultExecutor */"
      NO_NOTIFICATION_INFO = "/* Could not access NO_NOTIFICATION_INFO */"
      logger = "/* Could not access logger */"
    ONE_TIME_JANDEX_MSGS_DISPLAYED = true
    serialVersionUID = -2151423388299667431
  _handlerInfo = class java.util.concurrent.atomic.AtomicReference@522d0a90
    serialVersionUID = "/* Could not access serialVersionUID */"
    VALUE = "/* Could not access VALUE */"
    value = "/* Could not access value */"
  _container = class java.util.concurrent.atomic.AtomicReference@107e5fb3
    serialVersionUID = "/* Could not access serialVersionUID */"
    VALUE = "/* Could not access VALUE */"
    value = "/* Could not access value */"
  _resolvedLocation = class java.util.concurrent.atomic.AtomicReference@64077733
    serialVersionUID = "/* Could not access serialVersionUID */"
    VALUE = "/* Could not access VALUE */"
    value = "/* Could not access value */"
  _handler = class com.ibm.ws.app.manager.war.internal.WARApplicationHandlerImpl@75854f96
    futureMonitor = class com.ibm.ws.threading.internal.FutureMonitorImpl@607f8462
      _monitor = class java.util.concurrent.ConcurrentLinkedQueue@57a91fc6
      _executor = class com.ibm.ws.threading.internal.ScheduledExecutorImpl@1dce2bfe
      _threadRunning = class java.util.concurrent.atomic.AtomicBoolean@417121d2
      _thread = class com.ibm.ws.threading.internal.FutureMonitorImpl$1@38b0e115
      serialVersionUID = 2765238413969174390
      $$$tc$$$ = class com.ibm.websphere.ras.TraceComponent@1d7f5d7b
    deployedAppFactory = class com.ibm.ws.app.manager.war.internal.WARDeployedAppInfoFactoryImpl@6df352ab
      tc = class com.ibm.websphere.ras.TraceComponent@64a4792d
      DEFAULT_APP_LOCATION = "${server.config.dir}/apps/expanded/"
      deployedAppServices = class com.ibm.ws.app.manager.module.internal.DeployedAppServicesImpl@635eb20b
      webModuleHandler = class com.ibm.ws.app.manager.web.internal.WebModuleHandlerImpl@3c78a809
      applicationManager = class com.ibm.ws.app.manager.ApplicationManager@20b86770
      serialVersionUID = 209138972697730943
      serialVersionUID = 6498862425241821545
      $$$tc$$$ = class com.ibm.websphere.ras.TraceComponent@4cb0c337
    serialVersionUID = 4622845147410944782
    $$$tc$$$ = class com.ibm.websphere.ras.TraceComponent@7f0eb77
      strings[0] = "TraceComponent[com.ibm.ws.app.manager.war.internal.WARApplicationHandlerImpl,class com.ibm.ws.app.manager.war.internal.WARApplicationHandlerImpl,[webcontainer, applications, app.manager],com.ibm.ws.app.manager.war.internal.resources.Messages,null]"
  _ami = class java.util.concurrent.atomic.AtomicReference@4c62e014
    serialVersionUID = "/* Could not access serialVersionUID */"
    VALUE = "/* Could not access VALUE */"
    value = "/* Could not access value */"
  _updateHandler = class com.ibm.ws.app.manager.internal.statemachine.ApplicationStateMachineImpl@76a11a82
    _tc = class com.ibm.websphere.ras.TraceComponent@3f7fb0e4
      strings[0] = "TraceComponent[com.ibm.ws.app.manager.internal.statemachine.ApplicationStateMachineImpl,class com.ibm.ws.app.manager.internal.statemachine.ApplicationStateMachineImpl,[applications, app.manager],com.ibm.ws.app.manager.internal.resources.AppManagerMessages,null]"
    EMPTY_FUTURE_ARRAY = interface java.util.concurrent.Future[0]
    asmSequenceNumber = class java.util.concurrent.atomic.AtomicLong@4b211366
      serialVersionUID = "/* Could not access serialVersionUID */"
      VM_SUPPORTS_LONG_CAS = "/* Could not access VM_SUPPORTS_LONG_CAS */"
      U = "/* Could not access U */"
      VALUE = "/* Could not access VALUE */"
      value = "/* Could not access value */"
      serialVersionUID = "/* Could not access serialVersionUID */"
    _qscaCounter = class java.util.concurrent.atomic.AtomicInteger@10183856
      serialVersionUID = "/* Could not access serialVersionUID */"
      U = "/* Could not access U */"
      VALUE = "/* Could not access VALUE */"
      value = "/* Could not access value */"
      serialVersionUID = "/* Could not access serialVersionUID */"
    _failedThrowable = null
    _interruptibleLock = class com.ibm.ws.app.manager.internal.statemachine.ApplicationStateMachineImpl$2@6e9345dd
      this$0 = class com.ibm.ws.app.manager.internal.statemachine.ApplicationStateMachineImpl@76a11a82
      serialVersionUID = 1428897424970146289
      $$$tc$$$ = class com.ibm.websphere.ras.TraceComponent@774d9ade
    _interruptible = false
    _performingQueuedActions = true
    _queuedActions = class java.util.concurrent.ConcurrentLinkedQueue@7844c97d
      serialVersionUID = "/* Could not access serialVersionUID */"
      head = "/* Could not access head */"
      tail = "/* Could not access tail */"
      MAX_HOPS = "/* Could not access MAX_HOPS */"
      HEAD = "/* Could not access HEAD */"
      TAIL = "/* Could not access TAIL */"
      ITEM = "/* Could not access ITEM */"
      NEXT = "/* Could not access NEXT */"
    _callbackState = class java.util.concurrent.atomic.AtomicReference@3bbd4f30
      serialVersionUID = "/* Could not access serialVersionUID */"
      VALUE = "/* Could not access VALUE */"
      value = "/* Could not access value */"
    blockAppStartingFutures = class java.util.Collections$SetFromMap@6ab60a99
      m = "/* Could not access m */"
      s = "/* Could not access s */"
      serialVersionUID = "/* Could not access serialVersionUID */"
    waitingForAppHandlerFuture = class java.util.concurrent.atomic.AtomicReference@1e7f17bf
      serialVersionUID = "/* Could not access serialVersionUID */"
      VALUE = "/* Could not access VALUE */"
      value = "/* Could not access value */"
    waitingForExplicitStartFuture = class java.util.concurrent.atomic.AtomicReference@40ae3a2c
      serialVersionUID = "/* Could not access serialVersionUID */"
      VALUE = "/* Could not access VALUE */"
      value = "/* Could not access value */"
    startAfterFutures = class java.util.Collections$SetFromMap@113b29c6
      m = "/* Could not access m */"
      s = "/* Could not access s */"
      serialVersionUID = "/* Could not access serialVersionUID */"
    completionListener = class java.util.concurrent.atomic.AtomicReference@4b031bba
      serialVersionUID = "/* Could not access serialVersionUID */"
      VALUE = "/* Could not access VALUE */"
      value = "/* Could not access value */"
    _notifyAppStopped = class java.util.concurrent.ConcurrentLinkedQueue@2d273f8a
      serialVersionUID = "/* Could not access serialVersionUID */"
      head = "/* Could not access head */"
      tail = "/* Could not access tail */"
      MAX_HOPS = "/* Could not access MAX_HOPS */"
      HEAD = "/* Could not access HEAD */"
      TAIL = "/* Could not access TAIL */"
      ITEM = "/* Could not access ITEM */"
      NEXT = "/* Could not access NEXT */"
    _notifyAppStarting = class java.util.concurrent.ConcurrentLinkedQueue@1ce90f58
      serialVersionUID = "/* Could not access serialVersionUID */"
      head = "/* Could not access head */"
      tail = "/* Could not access tail */"
      MAX_HOPS = "/* Could not access MAX_HOPS */"
      HEAD = "/* Could not access HEAD */"
      TAIL = "/* Could not access TAIL */"
      ITEM = "/* Could not access ITEM */"
      NEXT = "/* Could not access NEXT */"
    _notifyAppInstallCalled = class java.util.concurrent.ConcurrentLinkedQueue@54d4601a
      serialVersionUID = "/* Could not access serialVersionUID */"
      head = "/* Could not access head */"
      tail = "/* Could not access tail */"
      MAX_HOPS = "/* Could not access MAX_HOPS */"
      HEAD = "/* Could not access HEAD */"
      TAIL = "/* Could not access TAIL */"
      ITEM = "/* Could not access ITEM */"
      NEXT = "/* Could not access NEXT */"
    _notifyAppStarted = class java.util.concurrent.ConcurrentLinkedQueue@7597ff1
      serialVersionUID = "/* Could not access serialVersionUID */"
      head = "/* Could not access head */"
      tail = "/* Could not access tail */"
      MAX_HOPS = "/* Could not access MAX_HOPS */"
      HEAD = "/* Could not access HEAD */"
      TAIL = "/* Could not access TAIL */"
      ITEM = "/* Could not access ITEM */"
      NEXT = "/* Could not access NEXT */"
    _notifyAppRemoved = class java.util.concurrent.ConcurrentLinkedQueue@1316cbff
      serialVersionUID = "/* Could not access serialVersionUID */"
      head = "/* Could not access head */"
      tail = "/* Could not access tail */"
      MAX_HOPS = "/* Could not access MAX_HOPS */"
      HEAD = "/* Could not access HEAD */"
      TAIL = "/* Could not access TAIL */"
      ITEM = "/* Could not access ITEM */"
      NEXT = "/* Could not access NEXT */"
    _stateLock = class com.ibm.ws.app.manager.internal.statemachine.ApplicationStateMachineImpl$3@47d1850a
      this$0 = class com.ibm.ws.app.manager.internal.statemachine.ApplicationStateMachineImpl@76a11a82
      serialVersionUID = -2844785999478513305
      $$$tc$$$ = class com.ibm.websphere.ras.TraceComponent@77402b30
    _internalState = class java.util.concurrent.atomic.AtomicReference@30f2f95a
      serialVersionUID = "/* Could not access serialVersionUID */"
      VALUE = "/* Could not access VALUE */"
      value = "/* Could not access value */"
    _currentAction = class java.util.concurrent.atomic.AtomicReference@7c98ae42
      serialVersionUID = "/* Could not access serialVersionUID */"
      VALUE = "/* Could not access VALUE */"
      value = "/* Could not access value */"
    _rfa = class java.util.concurrent.atomic.AtomicReference@59f4cb1d
      serialVersionUID = "/* Could not access serialVersionUID */"
      VALUE = "/* Could not access VALUE */"
      value = "/* Could not access value */"
    _appInstallInfo = class java.util.concurrent.atomic.AtomicReference@1246fcfc
      serialVersionUID = "/* Could not access serialVersionUID */"
      VALUE = "/* Could not access VALUE */"
      value = "/* Could not access value */"
    _update = class java.util.concurrent.atomic.AtomicBoolean@35d9ffc7
      serialVersionUID = "/* Could not access serialVersionUID */"
      VALUE = "/* Could not access VALUE */"
      value = "/* Could not access value */"
    _appConfig = class java.util.concurrent.atomic.AtomicReference@c0aad80
      serialVersionUID = "/* Could not access serialVersionUID */"
      VALUE = "/* Could not access VALUE */"
      value = "/* Could not access value */"
    _nextAppConfig = class java.util.concurrent.atomic.AtomicReference@73d9233f
      serialVersionUID = "/* Could not access serialVersionUID */"
      VALUE = "/* Could not access VALUE */"
      value = "/* Could not access value */"
    _appContainer = class java.util.concurrent.atomic.AtomicReference@56dd90a4
      serialVersionUID = "/* Could not access serialVersionUID */"
      VALUE = "/* Could not access VALUE */"
      value = "/* Could not access value */"
    _resolvedLocation = class java.util.concurrent.atomic.AtomicReference@2c006a7f
      serialVersionUID = "/* Could not access serialVersionUID */"
      VALUE = "/* Could not access VALUE */"
      value = "/* Could not access value */"
    _handler = class java.util.concurrent.atomic.AtomicReference@753fa4d2
      serialVersionUID = "/* Could not access serialVersionUID */"
      VALUE = "/* Could not access VALUE */"
      value = "/* Could not access value */"
    _asmSeqNo = 0
    _ctx = class org.eclipse.osgi.internal.framework.BundleContextImpl@4832b93a
      valid = true
      bundle = class org.eclipse.osgi.internal.framework.EquinoxBundle@6d3a60f6
      container = class org.eclipse.osgi.internal.framework.EquinoxContainer@50dbf9c7
      debug = class org.eclipse.osgi.internal.debug.Debug@ca1f367
      servicesInUse = class java.util.HashMap@30e15378
      activator = null
      contextLock = class java.lang.Object@7f0a4921
    _locAdmin = class com.ibm.ws.kernel.service.location.internal.WsLocationAdminImpl@442a07d2
      tc = class com.ibm.websphere.ras.TraceComponent@224c28c2
      LOC_INTERNAL_LIB_DIR = "wlp.lib.dir"
      LOC_INTERNAL_WORKAREA_DIR = "wlp.workarea.dir"
      LOC_AREA_NAME_APPS = "shared/apps/"
      LOC_AREA_NAME_CONFIG = "shared/config/"
      LOC_AREA_NAME_RESC = "shared/resources/"
      LOC_AREA_NAME_STATE = "logs/state/"
      LOC_AREA_NAME_SERVERS = "servers/"
      LOC_AREA_NAME_CLIENTS = "clients/"
      LOC_AREA_NAME_WORKING = "workarea/"
      LOC_AREA_NAME_LOGS = "logs/"
      LOC_AREA_NAME_EXTENSION = "extension/"
      instance = class com.ibm.ws.kernel.service.location.internal.WsLocationAdminImpl@442a07d2
      installRoot = class com.ibm.ws.kernel.service.location.internal.SymbolicRootResource@47759fab
      installParentRoot = class com.ibm.ws.kernel.service.location.internal.SymbolicRootResource@b25e0bf
      userRoot = class com.ibm.ws.kernel.service.location.internal.SymbolicRootResource@55760e36
      usrExtensionRoot = class com.ibm.ws.kernel.service.location.internal.SymbolicRootResource@49944860
      serverConfigDir = class com.ibm.ws.kernel.service.location.internal.SymbolicRootResource@22f71e3e
      serverOutputDir = class com.ibm.ws.kernel.service.location.internal.SymbolicRootResource@22f71e3e
      bootstrapLib = class com.ibm.ws.kernel.service.location.internal.LocalFileResource@67322c7
      serverWorkarea = class com.ibm.ws.kernel.service.location.internal.LocalFileResource@63918b81
      serverState = class com.ibm.ws.kernel.service.location.internal.LocalFileResource@82d18db
      sharedAppsRoot = class com.ibm.ws.kernel.service.location.internal.SymbolicRootResource@12b1f10e
      sharedConfigRoot = class com.ibm.ws.kernel.service.location.internal.SymbolicRootResource@dcb9c85
      sharedResourceRoot = class com.ibm.ws.kernel.service.location.internal.SymbolicRootResource@62e9c33e
      tmpRoot = class com.ibm.ws.kernel.service.location.internal.SymbolicRootResource@262e478
      serverName = "projectServer"
      resourcePaths = class java.util.ArrayList@1f465cbb
      resourceGroups = class java.util.HashMap@4eb8c462
      commonRoot = class com.ibm.ws.kernel.service.location.internal.VirtualRootResource@62641eb8
      serverCfgDirStr = "D:/mine/JEE/authentication/project/target/liberty/wlp/usr/servers/projectServer/"
      variableSourceDirs = "D:/mine/JEE/authentication/project/target/liberty/wlp/usr/servers/projectServer/variables/"
      serialVersionUID = 7963438175177362522
    _futureMonitor = class com.ibm.ws.threading.internal.FutureMonitorImpl@607f8462
    _artifactFactory = class com.ibm.ws.artifact.internal.ArtifactContainerFactoryService@39a7a9fc
      CATEGORY_PROP_NAME = "category"
      ENTRY_KEY = "com.ibm.wsspi.artifact.ArtifactEntry"
      helperMap = class com.ibm.wsspi.kernel.service.utils.ConcurrentServiceReferenceSetMap@4fb6edbc
      contributorMap = class com.ibm.wsspi.kernel.service.utils.ConcurrentServiceReferenceSetMap@387376bf
      helperCategoryMap = class com.ibm.wsspi.kernel.service.utils.ConcurrentServiceReferenceSetMap@506b95e8
      contributorCategoryMap = class com.ibm.wsspi.kernel.service.utils.ConcurrentServiceReferenceSetMap@72ef083c
      categories = class java.util.Collections$SynchronizedSet@accd0d0
      baseProperties = class org.apache.felix.scr.impl.helper.ReadOnlyDictionary@29a989b8
      registration = class com.ibm.ws.kernel.service.util.ServiceRegistrationModifier@25619db0
      serialVersionUID = 6566424214406946230
      $$$tc$$$ = class com.ibm.websphere.ras.TraceComponent@4eac00d5
    _moduleFactory = class com.ibm.ws.adaptable.module.internal.AdaptableModuleFactoryImpl@26b4ce61
      adapterFactoryService = class com.ibm.ws.adaptable.module.internal.AdapterFactoryServiceImpl@585ce3f6
      containerFactory = class com.ibm.ws.artifact.internal.ArtifactContainerFactoryService@39a7a9fc
      overlayContainerFactory = class com.ibm.ws.artifact.overlay.internal.OverlayContainerFactoryImpl@2e711399
      serialVersionUID = 4200251809856292987
      $$$tc$$$ = class com.ibm.websphere.ras.TraceComponent@72fa776d
    _executorService = class com.ibm.ws.threading.internal.ExecutorServiceImpl@69d98176
      tc = class com.ibm.websphere.ras.TraceComponent@bd1f506
      threadPool = class java.util.concurrent.ThreadPoolExecutor@328b71
      threadPoolController = class com.ibm.ws.threading.internal.ThreadPoolController@485a1bef
      poolName = "Default Executor"
      MINIMUM_POOL_SIZE = 4
      MINIMUM_QUIESCE_TIMEOUT = 30
      quiesceTimeout = 30
      componentConfig = class org.apache.felix.scr.impl.helper.ReadOnlyDictionary@6f846311
      interceptorsActive = false
      interceptors = class java.util.concurrent.CopyOnWriteArraySet@12d98a9f
      threadFactory = null
      serverStopping = false
      isBeta = false
      phaser = class java.util.concurrent.Phaser@5f6862ca
      serialVersionUID = 4471109171599484757
    _scheduledExecutorService = class com.ibm.ws.threading.internal.ScheduledExecutorImpl@1dce2bfe
      threadGroupName = "Scheduled Executor Thread Group"
      executor = class com.ibm.ws.threading.internal.ExecutorServiceImpl@69d98176
      serialVersionUID = -9110693807503469597
      $$$tc$$$ = class com.ibm.websphere.ras.TraceComponent@3db0a733
      continueExistingPeriodicTasksAfterShutdown = "/* Could not access continueExistingPeriodicTasksAfterShutdown */"
      executeExistingDelayedTasksAfterShutdown = "/* Could not access executeExistingDelayedTasksAfterShutdown */"
      removeOnCancel = "/* Could not access removeOnCancel */"
      sequencer = "/* Could not access sequencer */"
      DEFAULT_KEEPALIVE_MILLIS = "/* Could not access DEFAULT_KEEPALIVE_MILLIS */"
      ctl = "/* Could not access ctl */"
      COUNT_BITS = "/* Could not access COUNT_BITS */"
      COUNT_MASK = "/* Could not access COUNT_MASK */"
      RUNNING = "/* Could not access RUNNING */"
      SHUTDOWN = "/* Could not access SHUTDOWN */"
      STOP = "/* Could not access STOP */"
      TIDYING = "/* Could not access TIDYING */"
      TERMINATED = "/* Could not access TERMINATED */"
      workQueue = "/* Could not access workQueue */"
      mainLock = "/* Could not access mainLock */"
      workers = "/* Could not access workers */"
      termination = "/* Could not access termination */"
      container = "/* Could not access container */"
      largestPoolSize = "/* Could not access largestPoolSize */"
      completedTaskCount = "/* Could not access completedTaskCount */"
      threadFactory = "/* Could not access threadFactory */"
      handler = "/* Could not access handler */"
      keepAliveTime = "/* Could not access keepAliveTime */"
      allowCoreThreadTimeOut = "/* Could not access allowCoreThreadTimeOut */"
      corePoolSize = "/* Could not access corePoolSize */"
      maximumPoolSize = "/* Could not access maximumPoolSize */"
      defaultHandler = "/* Could not access defaultHandler */"
      shutdownPerm = "/* Could not access shutdownPerm */"
      ONLY_ONE = "/* Could not access ONLY_ONE */"
      $assertionsDisabled = "/* Could not access $assertionsDisabled */"
    _asmHelper = class com.ibm.ws.app.manager.internal.ApplicationConfigurator$NamedApplication@37399c17
      appName = "project"
      configPid = "com.ibm.ws.app.manager_0"
      bundleContext = class org.eclipse.osgi.internal.framework.BundleContextImpl@4832b93a
      mbeanNotifier = class javax.management.NotificationBroadcasterSupport@52caa989
      sequence = class java.util.concurrent.atomic.AtomicLong@4ae36ece
      appConfig = class com.ibm.ws.app.manager.internal.ApplicationConfig@5abe5e71
      asm = class com.ibm.ws.app.manager.internal.statemachine.ApplicationStateMachineImpl@76a11a82
      appTypeSupport = class com.ibm.ws.app.manager.internal.ApplicationConfigurator$ApplicationTypeSupport@54f4f5a6
      appRecycleContext = null
      appStateRef = class java.util.concurrent.atomic.AtomicReference@3c15dad0
      appReg = class com.ibm.ws.app.manager.internal.lifecycle.ServiceReg@6d514682
      mbeanReg = class com.ibm.ws.app.manager.internal.lifecycle.ServiceReg@1efbd74b
      dynamicMBean = class java.util.concurrent.atomic.AtomicReference@28219023
      serialVersionUID = -2429219244222002679
      $$$tc$$$ = class com.ibm.websphere.ras.TraceComponent@4847d10b
    _appMonitor = class com.ibm.ws.app.manager.internal.monitor.ApplicationMonitor@4f45b191
      tc = class com.ibm.websphere.ras.TraceComponent@32fa8e22
      _config = class java.util.concurrent.atomic.AtomicReference@1910f33f
      _executorService = class java.util.concurrent.atomic.AtomicReference@9252334
      _appListeners = class java.util.concurrent.ConcurrentHashMap@3d7ea963
      serialVersionUID = -6677716415972806660
    _configurator = class com.ibm.ws.app.manager.internal.ApplicationConfigurator@2427616e
      _tc = class com.ibm.websphere.ras.TraceComponent@3b2afe60
      _appFromName = class java.util.HashMap@79ae5b5b
      _appFromPid = class java.util.HashMap@7e2f3306
      _appsToShutdown = null
      _blockedConfigFromPid = class java.util.HashMap@44efd528
      _blockedPidsFromName = class java.util.HashMap@6981cfd5
      _startAfterDependencies = class java.util.HashMap@62fe253d
      reportedCycles = class java.util.HashSet@654e8d67
      _appTypeSupport = class java.util.HashMap@5fb24273
      _ctx = class org.eclipse.osgi.internal.framework.BundleContextImpl@4832b93a
      _appManagerRARSupportDependency = class com.ibm.ws.app.manager.internal.ApplicationDependency@38aad137
      _appManagerReadyDependency = class com.ibm.ws.app.manager.internal.ApplicationDependency@2b6edcd2
      _currentEpisode = null
      _appRecycleMap = class java.util.HashMap@3ada596d
      _configAdmin = class com.ibm.ws.config.admin.internal.ConfigurationAdminImpl@77b6259f
      _locAdmin = class com.ibm.ws.kernel.service.location.internal.WsLocationAdminImpl@442a07d2
      _futureMonitor = class com.ibm.ws.threading.internal.FutureMonitorImpl@607f8462
      _runtimeUpdateManager = class com.ibm.ws.runtime.update.internal.RuntimeUpdateManagerImpl@197b7137
      _artifactFactory = class com.ibm.ws.artifact.internal.ArtifactContainerFactoryService@39a7a9fc
      _moduleFactory = class com.ibm.ws.adaptable.module.internal.AdaptableModuleFactoryImpl@26b4ce61
      _executor = class com.ibm.ws.threading.internal.ExecutorServiceImpl@69d98176
      _scheduledExecutor = class com.ibm.ws.threading.internal.ScheduledExecutorImpl@1dce2bfe
      _appMonitorConfigurator = class com.ibm.ws.app.manager.internal.monitor.AppMonitorConfigurator@442eb686
      _applicationManager = class com.ibm.ws.app.manager.ApplicationManager@20b86770
      _checkpointPhase = class io.openliberty.checkpoint.spi.CheckpointPhase@2cd78e5f
      _restoreMessages = class java.util.concurrent.CopyOnWriteArrayList@6a0bcc87
      SIMPLE_INITIAL_UPDATE_NOTIFICATIONS = class java.util.Arrays$ArrayList@283bfa38
      serialVersionUID = 7117825946099047737
    enterStateCalled = class java.util.concurrent.atomic.AtomicBoolean@7527406d
      serialVersionUID = "/* Could not access serialVersionUID */"
      VALUE = "/* Could not access VALUE */"
      value = "/* Could not access value */"
    serialVersionUID = 4458043999335554711
    serialVersionUID = -8760483717533387753
    $$$tc$$$ = class com.ibm.websphere.ras.TraceComponent@671bc73f
      strings[0] = "TraceComponent[com.ibm.ws.app.manager.internal.statemachine.ApplicationStateMachine,class com.ibm.ws.app.manager.internal.statemachine.ApplicationStateMachine,[applications, app.manager],com.ibm.ws.app.manager.internal.resources.AppManagerMessages,null]"
  serialVersionUID = 2630639237123415755
  $$$tc$$$ = class com.ibm.websphere.ras.TraceComponent@7a00829e
    strings[0] = "TraceComponent[com.ibm.ws.app.manager.internal.ApplicationInstallInfo,class com.ibm.ws.app.manager.internal.ApplicationInstallInfo,[applications, app.manager],com.ibm.ws.app.manager.internal.resources.AppManagerMessages,null]"

