------Start of DE processing------ = [2/22/24, 15:26:13:831 WEST ]
Exception = javax.el.ELException
Source = com.ibm.ws.jsp23.translator.visitor.validator.ELValidatorExtImpl
probeid = 55
Stack Dump = javax.el.ELException: Failed to parse the expression [${sessionScope.user?.name}]
	at org.apache.el.lang.ExpressionBuilder.createNodeInternal(ExpressionBuilder.java:143)
	at org.apache.el.lang.ExpressionBuilder.build(ExpressionBuilder.java:168)
	at org.apache.el.lang.ExpressionBuilder.createValueExpression(ExpressionBuilder.java:232)
	at org.apache.el.ExpressionFactoryImpl.createValueExpression(ExpressionFactoryImpl.java:67)
	at com.ibm.ws.jsp.translator.visitor.validator.ELValidator.validateEL(ELValidator.java:514)
	at com.ibm.ws.jsp23.translator.visitor.validator.ELValidatorExtImpl.validateElFunction(ELValidatorExtImpl.java:49)
	at com.ibm.ws.jsp.translator.visitor.validator.ELValidator.validateElFunction(ELValidator.java:499)
	at com.ibm.ws.jsp.translator.visitor.validator.ELValidator.validateELExpression(ELValidator.java:123)
	at com.ibm.ws.jsp.translator.visitor.validator.ValidateVisitor.visitJspELTextStart(ValidateVisitor.java:1266)
	at com.ibm.ws.jsp.translator.visitor.validator.ValidateVisitor.visitCDataTag(ValidateVisitor.java:885)
	at com.ibm.ws.jsp.translator.visitor.JspVisitor.processJspElement(JspVisitor.java:468)
	at com.ibm.ws.jsp.translator.visitor.JspVisitor.processChildren(JspVisitor.java:482)
	at com.ibm.ws.jsp.translator.visitor.JspVisitor.processJspElement(JspVisitor.java:241)
	at com.ibm.ws.jsp.translator.visitor.JspVisitor.visit(JspVisitor.java:223)
	at com.ibm.ws.jsp.translator.JspTranslator.processVisitors(JspTranslator.java:132)
	at com.ibm.ws.jsp.translator.utils.JspTranslatorUtil.translateJsp(JspTranslatorUtil.java:253)
	at com.ibm.ws.jsp.translator.utils.JspTranslatorUtil.translateJspAndCompile(JspTranslatorUtil.java:112)
	at com.ibm.ws.jsp.webcontainerext.AbstractJSPExtensionServletWrapper.translateJsp(AbstractJSPExtensionServletWrapper.java:543)
	at com.ibm.ws.jsp.webcontainerext.AbstractJSPExtensionServletWrapper._checkForTranslation(AbstractJSPExtensionServletWrapper.java:460)
	at com.ibm.ws.jsp.webcontainerext.AbstractJSPExtensionServletWrapper.checkForTranslation(AbstractJSPExtensionServletWrapper.java:250)
	at com.ibm.ws.jsp.webcontainerext.AbstractJSPExtensionProcessor.findWrapper(AbstractJSPExtensionProcessor.java:494)
	at com.ibm.ws.jsp.webcontainerext.AbstractJSPExtensionProcessor.getServletWrapper(AbstractJSPExtensionProcessor.java:336)
	at com.ibm.ws.webcontainer.webapp.WebApp.handleRequest(WebApp.java:5046)
	at com.ibm.ws.webcontainer.osgi.DynamicVirtualHost$2.handleRequest(DynamicVirtualHost.java:328)
	at com.ibm.ws.webcontainer.WebContainer.handleRequest(WebContainer.java:1038)
	at com.ibm.ws.webcontainer.osgi.DynamicVirtualHost$2.run(DynamicVirtualHost.java:293)
	at com.ibm.ws.http.dispatcher.internal.channel.HttpDispatcherLink$TaskWrapper.run(HttpDispatcherLink.java:1260)
	at com.ibm.ws.http.dispatcher.internal.channel.HttpDispatcherLink.wrapHandlerAndExecute(HttpDispatcherLink.java:476)
	at com.ibm.ws.http.dispatcher.internal.channel.HttpDispatcherLink.ready(HttpDispatcherLink.java:435)
	at com.ibm.ws.http.channel.internal.inbound.HttpInboundLink.handleDiscrimination(HttpInboundLink.java:569)
	at com.ibm.ws.http.channel.internal.inbound.HttpInboundLink.handleNewRequest(HttpInboundLink.java:503)
	at com.ibm.ws.http.channel.internal.inbound.HttpInboundLink.processRequest(HttpInboundLink.java:363)
	at com.ibm.ws.http.channel.internal.inbound.HttpICLReadCallback.complete(HttpICLReadCallback.java:72)
	at com.ibm.ws.tcpchannel.internal.WorkQueueManager.requestComplete(WorkQueueManager.java:516)
	at com.ibm.ws.tcpchannel.internal.WorkQueueManager.attemptIO(WorkQueueManager.java:586)
	at com.ibm.ws.tcpchannel.internal.WorkQueueManager.workerRun(WorkQueueManager.java:970)
	at com.ibm.ws.tcpchannel.internal.WorkQueueManager$Worker.run(WorkQueueManager.java:1059)
	at com.ibm.ws.threading.internal.ExecutorServiceImpl$RunnableWrapper.run(ExecutorServiceImpl.java:280)
	at java.base/java.util.concurrent.ThreadPoolExecutor.runWorker(ThreadPoolExecutor.java:1144)
	at java.base/java.util.concurrent.ThreadPoolExecutor$Worker.run(ThreadPoolExecutor.java:642)
	at java.base/java.lang.Thread.run(Thread.java:1583)
Caused by: org.apache.el.parser.ParseException: Encountered " "?" "? "" at line 1, column 20.
Was expecting one of:
    "}" ...
    "." ...
    "(" ...
    "[" ...
    ";" ...
    ">" ...
    "gt" ...
    "<" ...
    "lt" ...
    ">=" ...
    "ge" ...
    "<=" ...
    "le" ...
    "==" ...
    "eq" ...
    "!=" ...
    "ne" ...
    "&&" ...
    "and" ...
    "||" ...
    "or" ...
    "*" ...
    "+" ...
    "-" ...
    "/" ...
    "div" ...
    "%" ...
    "mod" ...
    "+=" ...
    
	at org.apache.el.parser.ELParser.generateParseException(ELParser.java:3111)
	at org.apache.el.parser.ELParser.jj_consume_token(ELParser.java:2993)
	at org.apache.el.parser.ELParser.DynamicExpression(ELParser.java:163)
	at org.apache.el.parser.ELParser.CompositeExpression(ELParser.java:59)
	at org.apache.el.lang.ExpressionBuilder.createNodeInternal(ExpressionBuilder.java:112)
	... 40 more

Dump of callerThis
Object type = com.ibm.ws.jsp23.translator.visitor.validator.ELValidatorExtImpl
  serialVersionUID = 5553482469176468158
  $$$tc$$$ = class com.ibm.websphere.ras.TraceComponent@5a71771c
    strings[0] = "TraceComponent[com.ibm.ws.jsp23.translator.visitor.validator.ELValidatorExtImpl,class com.ibm.ws.jsp23.translator.visitor.validator.ELValidatorExtImpl,[],null,null]"

Dump of objectArray[0]
Object type = org.apache.jasper.compiler.ELNode$Nodes
  mapName = null
  list = class java.util.ArrayList@22b8f65b
    serialVersionUID = "/* Could not access serialVersionUID */"
    DEFAULT_CAPACITY = "/* Could not access DEFAULT_CAPACITY */"
    EMPTY_ELEMENTDATA = "/* Could not access EMPTY_ELEMENTDATA */"
    DEFAULTCAPACITY_EMPTY_ELEMENTDATA = "/* Could not access DEFAULTCAPACITY_EMPTY_ELEMENTDATA */"
    elementData = "/* Could not access elementData */"
    size = "/* Could not access size */"
    modCount = "/* Could not access modCount */"
  serialVersionUID = 1398176037072738823
  $$$tc$$$ = class com.ibm.websphere.ras.TraceComponent@17ce907c
    strings[0] = "TraceComponent[org.apache.jasper.compiler.ELNode$Nodes,class org.apache.jasper.compiler.ELNode$Nodes,[],null,null]"

Dump of objectArray[1]
Object type = com.sun.org.apache.xerces.internal.dom.ElementNSImpl
  serialVersionUID = "/* Could not access serialVersionUID */"
  xmlURI = "/* Could not access xmlURI */"
  namespaceURI = "/* Could not access namespaceURI */"
  localName = "/* Could not access localName */"
  type = "/* Could not access type */"
  serialVersionUID = "/* Could not access serialVersionUID */"
  name = "/* Could not access name */"
  attributes = "/* Could not access attributes */"
  serialVersionUID = "/* Could not access serialVersionUID */"
  ownerDocument = "/* Could not access ownerDocument */"
  firstChild = "/* Could not access firstChild */"
  fNodeListCache = "/* Could not access fNodeListCache */"
  serialVersionUID = "/* Could not access serialVersionUID */"
  previousSibling = "/* Could not access previousSibling */"
  nextSibling = "/* Could not access nextSibling */"
  TREE_POSITION_PRECEDING = "/* Could not access TREE_POSITION_PRECEDING */"
  TREE_POSITION_FOLLOWING = "/* Could not access TREE_POSITION_FOLLOWING */"
  TREE_POSITION_ANCESTOR = "/* Could not access TREE_POSITION_ANCESTOR */"
  TREE_POSITION_DESCENDANT = "/* Could not access TREE_POSITION_DESCENDANT */"
  TREE_POSITION_EQUIVALENT = "/* Could not access TREE_POSITION_EQUIVALENT */"
  TREE_POSITION_SAME_NODE = "/* Could not access TREE_POSITION_SAME_NODE */"
  TREE_POSITION_DISCONNECTED = "/* Could not access TREE_POSITION_DISCONNECTED */"
  serialVersionUID = "/* Could not access serialVersionUID */"
  ELEMENT_DEFINITION_NODE = "/* Could not access ELEMENT_DEFINITION_NODE */"
  ownerNode = "/* Could not access ownerNode */"
  flags = "/* Could not access flags */"
  READONLY = "/* Could not access READONLY */"
  SYNCDATA = "/* Could not access SYNCDATA */"
  SYNCCHILDREN = "/* Could not access SYNCCHILDREN */"
  OWNED = "/* Could not access OWNED */"
  FIRSTCHILD = "/* Could not access FIRSTCHILD */"
  SPECIFIED = "/* Could not access SPECIFIED */"
  IGNORABLEWS = "/* Could not access IGNORABLEWS */"
  HASSTRING = "/* Could not access HASSTRING */"
  NORMALIZED = "/* Could not access NORMALIZED */"
  ID = "/* Could not access ID */"

Dump of objectArray[2]
Object type = java.lang.String
  String value = "${sessionScope.user?.name}"

Dump of objectArray[3]
Object type = com.ibm.ws.jsp.translator.visitor.validator.ValidateJspResult
  extendsClass = null
  error = null
  info = null
  contentType = "text/html; charset=UTF-8"
  bufferSize = 8192
  genSessionVariable = true
  autoFlush = true
  singleThreaded = false
  isErrorPage = false
  serialVersionUID = -2038025503456640193
  $$$tc$$$ = class com.ibm.websphere.ras.TraceComponent@2206cf87
    strings[0] = "TraceComponent[com.ibm.ws.jsp.translator.visitor.validator.ValidateJspResult,class com.ibm.ws.jsp.translator.visitor.validator.ValidateJspResult,[],null,null]"
  language = "java"
  pageEncoding = "UTF-8"
  isELIgnored = false
  isErrorOnELNotFound = false
  trimDirectiveWhitespacesValue = null
  deferredSyntaxAllowedAsLiteralValue = null
  trimDirectiveWhitespaces = false
  deferredSyntaxAllowedAsLiteral = false
  beanRepository = null
  tagLibMap = class java.util.HashMap@36d8d9ba
    serialVersionUID = "/* Could not access serialVersionUID */"
    DEFAULT_INITIAL_CAPACITY = "/* Could not access DEFAULT_INITIAL_CAPACITY */"
    MAXIMUM_CAPACITY = "/* Could not access MAXIMUM_CAPACITY */"
    DEFAULT_LOAD_FACTOR = "/* Could not access DEFAULT_LOAD_FACTOR */"
    TREEIFY_THRESHOLD = "/* Could not access TREEIFY_THRESHOLD */"
    UNTREEIFY_THRESHOLD = "/* Could not access UNTREEIFY_THRESHOLD */"
    MIN_TREEIFY_CAPACITY = "/* Could not access MIN_TREEIFY_CAPACITY */"
    table = "/* Could not access table */"
    entrySet = "/* Could not access entrySet */"
    size = "/* Could not access size */"
    modCount = "/* Could not access modCount */"
    threshold = "/* Could not access threshold */"
    loadFactor = "/* Could not access loadFactor */"
    keySet = "/* Could not access keySet */"
    values = "/* Could not access values */"
  dependencyList = class java.util.ArrayList@2f4a0da6
    serialVersionUID = "/* Could not access serialVersionUID */"
    DEFAULT_CAPACITY = "/* Could not access DEFAULT_CAPACITY */"
    EMPTY_ELEMENTDATA = "/* Could not access EMPTY_ELEMENTDATA */"
    DEFAULTCAPACITY_EMPTY_ELEMENTDATA = "/* Could not access DEFAULTCAPACITY_EMPTY_ELEMENTDATA */"
    elementData = "/* Could not access elementData */"
    size = "/* Could not access size */"
    modCount = "/* Could not access modCount */"
  collectedTagDataMap = class java.util.HashMap@1a0eba12
    serialVersionUID = "/* Could not access serialVersionUID */"
    DEFAULT_INITIAL_CAPACITY = "/* Could not access DEFAULT_INITIAL_CAPACITY */"
    MAXIMUM_CAPACITY = "/* Could not access MAXIMUM_CAPACITY */"
    DEFAULT_LOAD_FACTOR = "/* Could not access DEFAULT_LOAD_FACTOR */"
    TREEIFY_THRESHOLD = "/* Could not access TREEIFY_THRESHOLD */"
    UNTREEIFY_THRESHOLD = "/* Could not access UNTREEIFY_THRESHOLD */"
    MIN_TREEIFY_CAPACITY = "/* Could not access MIN_TREEIFY_CAPACITY */"
    table = "/* Could not access table */"
    entrySet = "/* Could not access entrySet */"
    size = "/* Could not access size */"
    modCount = "/* Could not access modCount */"
    threshold = "/* Could not access threshold */"
    loadFactor = "/* Could not access loadFactor */"
    keySet = "/* Could not access keySet */"
    values = "/* Could not access values */"
  validateFunctionMapper = class com.ibm.ws.jsp.translator.visitor.validator.ValidateFunctionMapper@2b8ff717
    serialVersionUID = 3977017366255185969
    fnMap = class java.util.HashMap@5b6afed5
      serialVersionUID = "/* Could not access serialVersionUID */"
      DEFAULT_INITIAL_CAPACITY = "/* Could not access DEFAULT_INITIAL_CAPACITY */"
      MAXIMUM_CAPACITY = "/* Could not access MAXIMUM_CAPACITY */"
      DEFAULT_LOAD_FACTOR = "/* Could not access DEFAULT_LOAD_FACTOR */"
      TREEIFY_THRESHOLD = "/* Could not access TREEIFY_THRESHOLD */"
      UNTREEIFY_THRESHOLD = "/* Could not access UNTREEIFY_THRESHOLD */"
      MIN_TREEIFY_CAPACITY = "/* Could not access MIN_TREEIFY_CAPACITY */"
      table = "/* Could not access table */"
      entrySet = "/* Could not access entrySet */"
      size = "/* Could not access size */"
      modCount = "/* Could not access modCount */"
      threshold = "/* Could not access threshold */"
      loadFactor = "/* Could not access loadFactor */"
      keySet = "/* Could not access keySet */"
      values = "/* Could not access values */"
    sigMap = class java.util.HashMap@24b2ef23
      serialVersionUID = "/* Could not access serialVersionUID */"
      DEFAULT_INITIAL_CAPACITY = "/* Could not access DEFAULT_INITIAL_CAPACITY */"
      MAXIMUM_CAPACITY = "/* Could not access MAXIMUM_CAPACITY */"
      DEFAULT_LOAD_FACTOR = "/* Could not access DEFAULT_LOAD_FACTOR */"
      TREEIFY_THRESHOLD = "/* Could not access TREEIFY_THRESHOLD */"
      UNTREEIFY_THRESHOLD = "/* Could not access UNTREEIFY_THRESHOLD */"
      MIN_TREEIFY_CAPACITY = "/* Could not access MIN_TREEIFY_CAPACITY */"
      table = "/* Could not access table */"
      entrySet = "/* Could not access entrySet */"
      size = "/* Could not access size */"
      modCount = "/* Could not access modCount */"
      threshold = "/* Could not access threshold */"
      loadFactor = "/* Could not access loadFactor */"
      keySet = "/* Could not access keySet */"
      values = "/* Could not access values */"
    $$$tc$$$ = class com.ibm.websphere.ras.TraceComponent@4d32b596
      strings[0] = "TraceComponent[com.ibm.ws.jsp.translator.visitor.validator.ValidateFunctionMapper,class com.ibm.ws.jsp.translator.visitor.validator.ValidateFunctionMapper,[],null,null]"
  omitXmlDecl = null
  doctypeRoot = null
  doctypePublic = null
  doctypeSystem = null
  serialVersionUID = 41705992051849750
  $$$tc$$$ = class com.ibm.websphere.ras.TraceComponent@6c2b3b7
    strings[0] = "TraceComponent[com.ibm.ws.jsp.translator.visitor.validator.ValidateResult,class com.ibm.ws.jsp.translator.visitor.validator.ValidateResult,[],null,null]"
  jspVisitorId = "JspValidate"
  serialVersionUID = -6612691622428916396
  $$$tc$$$ = class com.ibm.websphere.ras.TraceComponent@3ef7c15
    strings[0] = "TraceComponent[com.ibm.ws.jsp.translator.visitor.JspVisitorResult,class com.ibm.ws.jsp.translator.visitor.JspVisitorResult,[],null,null]"

Dump of objectArray[4]
Object type = com.ibm.ws.classloading.internal.ThreadContextClassLoader
  tc = class com.ibm.websphere.ras.TraceComponent@775409dd
    strings[0] = "TraceComponent[com.ibm.ws.classloading.internal.ThreadContextClassLoader,class com.ibm.ws.classloading.internal.ThreadContextClassLoader,[ClassLoadingService],com.ibm.ws.classloading.internal.resources.ClassLoadingServiceMessages,null]"
  bundle = class java.util.concurrent.atomic.AtomicReference@4b830f8d
    serialVersionUID = "/* Could not access serialVersionUID */"
    VALUE = "/* Could not access VALUE */"
    value = "/* Could not access value */"
  key = "WebModule:project#project.war"
  refCount = class java.util.concurrent.atomic.AtomicInteger@1f607ea5
    serialVersionUID = "/* Could not access serialVersionUID */"
    U = "/* Could not access U */"
    VALUE = "/* Could not access VALUE */"
    value = "/* Could not access value */"
    serialVersionUID = "/* Could not access serialVersionUID */"
  appLoader = class com.ibm.ws.classloading.internal.AppClassLoader@109023bf
    tc = class com.ibm.websphere.ras.TraceComponent@2fc4baef
      strings[0] = "TraceComponent[com.ibm.ws.classloading.internal.AppClassLoader,class com.ibm.ws.classloading.internal.AppClassLoader,[ClassLoadingService],com.ibm.ws.classloading.internal.resources.ClassLoadingServiceMessages,null]"
    forbiddenClassNames = class java.util.Collections$UnmodifiableSet@44b61fcb
      serialVersionUID = "/* Could not access serialVersionUID */"
      serialVersionUID = "/* Could not access serialVersionUID */"
      c = "/* Could not access c */"
    FORBIDDEN_PROPERTIES = "forbidden.properties"
    NOTHING_FORBIDDEN_PROPERTY = "io.openliberty.classloading.nothing.forbidden"
    disableSharedClassesCache = false
    PARENT_FIRST_SEARCH_ORDER = class java.util.Collections$UnmodifiableRandomAccessList@2b5a56af
      serialVersionUID = "/* Could not access serialVersionUID */"
      serialVersionUID = "/* Could not access serialVersionUID */"
      list = "/* Could not access list */"
      serialVersionUID = "/* Could not access serialVersionUID */"
      c = "/* Could not access c */"
    packagesDefined = class java.util.Collections$SetFromMap@1920e5fe
      m = "/* Could not access m */"
      s = "/* Could not access s */"
      serialVersionUID = "/* Could not access serialVersionUID */"
    CLASS_LOADING_TRACE_PREFIX = "com.ibm.ws.class.load."
    DEFAULT_PACKAGE = "default.package"
    perPackageClassLoadingTraceComponents = class java.util.concurrent.ConcurrentHashMap@15b65de8
      serialVersionUID = "/* Could not access serialVersionUID */"
      MAXIMUM_CAPACITY = "/* Could not access MAXIMUM_CAPACITY */"
      DEFAULT_CAPACITY = "/* Could not access DEFAULT_CAPACITY */"
      MAX_ARRAY_SIZE = "/* Could not access MAX_ARRAY_SIZE */"
      DEFAULT_CONCURRENCY_LEVEL = "/* Could not access DEFAULT_CONCURRENCY_LEVEL */"
      LOAD_FACTOR = "/* Could not access LOAD_FACTOR */"
      TREEIFY_THRESHOLD = "/* Could not access TREEIFY_THRESHOLD */"
      UNTREEIFY_THRESHOLD = "/* Could not access UNTREEIFY_THRESHOLD */"
      MIN_TREEIFY_CAPACITY = "/* Could not access MIN_TREEIFY_CAPACITY */"
      MIN_TRANSFER_STRIDE = "/* Could not access MIN_TRANSFER_STRIDE */"
      RESIZE_STAMP_BITS = "/* Could not access RESIZE_STAMP_BITS */"
      MAX_RESIZERS = "/* Could not access MAX_RESIZERS */"
      RESIZE_STAMP_SHIFT = "/* Could not access RESIZE_STAMP_SHIFT */"
      MOVED = "/* Could not access MOVED */"
      TREEBIN = "/* Could not access TREEBIN */"
      RESERVED = "/* Could not access RESERVED */"
      HASH_BITS = "/* Could not access HASH_BITS */"
      NCPU = "/* Could not access NCPU */"
      serialPersistentFields = "/* Could not access serialPersistentFields */"
      table = "/* Could not access table */"
      nextTable = "/* Could not access nextTable */"
      baseCount = "/* Could not access baseCount */"
      sizeCtl = "/* Could not access sizeCtl */"
      transferIndex = "/* Could not access transferIndex */"
      cellsBusy = "/* Could not access cellsBusy */"
      counterCells = "/* Could not access counterCells */"
      keySet = "/* Could not access keySet */"
      values = "/* Could not access values */"
      entrySet = "/* Could not access entrySet */"
      U = "/* Could not access U */"
      SIZECTL = "/* Could not access SIZECTL */"
      TRANSFERINDEX = "/* Could not access TRANSFERINDEX */"
      BASECOUNT = "/* Could not access BASECOUNT */"
      CELLSBUSY = "/* Could not access CELLSBUSY */"
      CELLVALUE = "/* Could not access CELLVALUE */"
      ABASE = "/* Could not access ABASE */"
      ASHIFT = "/* Could not access ASHIFT */"
      keySet = "/* Could not access keySet */"
      values = "/* Could not access values */"
    config = class com.ibm.ws.classloading.internal.ClassLoaderConfigurationImpl@14452aa6
      DEFAULT_PROTECTION_DOMAIN = class java.security.ProtectionDomain@78fa00a4
      delegateLast = false
      includeAppExtensions = true
      id = class com.ibm.ws.classloading.serializable.ClassLoaderIdentityImpl@44994767
      parentId = null
      sharedLibraries = class java.util.ArrayList@19afa64c
      commonLibraries = class java.util.Collections$EmptyList@562f5b1e
      providers = class java.util.Collections$EmptyList@562f5b1e
      nativeLibraryContainers = class java.util.Collections$EmptyList@562f5b1e
      protectionDomain = class java.security.ProtectionDomain@4ef01065
      serialVersionUID = 9091690180200375339
      $$$tc$$$ = class com.ibm.websphere.ras.TraceComponent@13cb009b
    privateLibraries = null
    delegateLoaders = class com.ibm.ws.classloading.internal.util.CompositeIterable@725e2647
      iterables = class java.util.Arrays$ArrayList@65874f32
      serialVersionUID = -1227195994638150837
      $$$tc$$$ = class com.ibm.websphere.ras.TraceComponent@5fcd6aba
    nativeLibraryFiles = class java.util.ArrayList@6ccf22e7
      serialVersionUID = "/* Could not access serialVersionUID */"
      DEFAULT_CAPACITY = "/* Could not access DEFAULT_CAPACITY */"
      EMPTY_ELEMENTDATA = "/* Could not access EMPTY_ELEMENTDATA */"
      DEFAULTCAPACITY_EMPTY_ELEMENTDATA = "/* Could not access DEFAULTCAPACITY_EMPTY_ELEMENTDATA */"
      elementData = "/* Could not access elementData */"
      size = "/* Could not access size */"
      modCount = "/* Could not access modCount */"
    transformers = class java.util.ArrayList@4bb16b8b
      serialVersionUID = "/* Could not access serialVersionUID */"
      DEFAULT_CAPACITY = "/* Could not access DEFAULT_CAPACITY */"
      EMPTY_ELEMENTDATA = "/* Could not access EMPTY_ELEMENTDATA */"
      DEFAULTCAPACITY_EMPTY_ELEMENTDATA = "/* Could not access DEFAULTCAPACITY_EMPTY_ELEMENTDATA */"
      elementData = "/* Could not access elementData */"
      size = "/* Could not access size */"
      modCount = "/* Could not access modCount */"
    systemTransformers = class java.util.concurrent.CopyOnWriteArrayList@3c23c21c
    apiAccess = class com.ibm.ws.classloading.internal.GatewayClassLoader@1fd0b4ac
      config = class com.ibm.ws.classloading.internal.GatewayConfigurationImpl@5ad048ef
      wiringMonitor = class com.ibm.ws.classloading.internal.GatewayClassLoader$1@6cd76e41
      bundle = class org.eclipse.osgi.internal.framework.EquinoxBundle@7833e2bc
      wiring = class org.eclipse.osgi.container.ModuleWiring@287680a1
      cl = null
      bLoader = class org.eclipse.osgi.internal.loader.BundleLoader@7c6ddfd6
      resourceProviders = class com.ibm.ws.classloading.internal.CompositeResourceProvider@7adca2f
      serialVersionUID = -5503641212193211983
      $$$tc$$$ = class com.ibm.websphere.ras.TraceComponent@62f318b5
    generator = class com.ibm.ws.classloading.internal.ClassGeneratorManager@4963bc50
    protectionDomains = class java.util.concurrent.ConcurrentHashMap@761c6841
      serialVersionUID = "/* Could not access serialVersionUID */"
      MAXIMUM_CAPACITY = "/* Could not access MAXIMUM_CAPACITY */"
      DEFAULT_CAPACITY = "/* Could not access DEFAULT_CAPACITY */"
      MAX_ARRAY_SIZE = "/* Could not access MAX_ARRAY_SIZE */"
      DEFAULT_CONCURRENCY_LEVEL = "/* Could not access DEFAULT_CONCURRENCY_LEVEL */"
      LOAD_FACTOR = "/* Could not access LOAD_FACTOR */"
      TREEIFY_THRESHOLD = "/* Could not access TREEIFY_THRESHOLD */"
      UNTREEIFY_THRESHOLD = "/* Could not access UNTREEIFY_THRESHOLD */"
      MIN_TREEIFY_CAPACITY = "/* Could not access MIN_TREEIFY_CAPACITY */"
      MIN_TRANSFER_STRIDE = "/* Could not access MIN_TRANSFER_STRIDE */"
      RESIZE_STAMP_BITS = "/* Could not access RESIZE_STAMP_BITS */"
      MAX_RESIZERS = "/* Could not access MAX_RESIZERS */"
      RESIZE_STAMP_SHIFT = "/* Could not access RESIZE_STAMP_SHIFT */"
      MOVED = "/* Could not access MOVED */"
      TREEBIN = "/* Could not access TREEBIN */"
      RESERVED = "/* Could not access RESERVED */"
      HASH_BITS = "/* Could not access HASH_BITS */"
      NCPU = "/* Could not access NCPU */"
      serialPersistentFields = "/* Could not access serialPersistentFields */"
      table = "/* Could not access table */"
      nextTable = "/* Could not access nextTable */"
      baseCount = "/* Could not access baseCount */"
      sizeCtl = "/* Could not access sizeCtl */"
      transferIndex = "/* Could not access transferIndex */"
      cellsBusy = "/* Could not access cellsBusy */"
      counterCells = "/* Could not access counterCells */"
      keySet = "/* Could not access keySet */"
      values = "/* Could not access values */"
      entrySet = "/* Could not access entrySet */"
      U = "/* Could not access U */"
      SIZECTL = "/* Could not access SIZECTL */"
      TRANSFERINDEX = "/* Could not access TRANSFERINDEX */"
      BASECOUNT = "/* Could not access BASECOUNT */"
      CELLSBUSY = "/* Could not access CELLSBUSY */"
      CELLVALUE = "/* Could not access CELLVALUE */"
      ABASE = "/* Could not access ABASE */"
      ASHIFT = "/* Could not access ASHIFT */"
      keySet = "/* Could not access keySet */"
      values = "/* Could not access values */"
    hook = null
    serialVersionUID = 5906478461061001036
    checkpointPhase = class io.openliberty.checkpoint.spi.CheckpointPhase@3b4a29d5
      AFTER_APP_START = class io.openliberty.checkpoint.spi.CheckpointPhase@39d8e908
      BEFORE_APP_START = class io.openliberty.checkpoint.spi.CheckpointPhase@606bf27
      INACTIVE = class io.openliberty.checkpoint.spi.CheckpointPhase@3b4a29d5
      CHECKPOINT_PROPERTY = "io.openliberty.checkpoint"
      CHECKPOINT_ACTIVE_FILTER = "(!(io.openliberty.checkpoint=INACTIVE))"
      CHECKPOINT_RESTORED_PROPERTY = "io.openliberty.checkpoint.restored"
      CONDITION_PROCESS_RUNNING_ID = "io.openliberty.process.running"
      restored = true
      noMoreAddHooks = true
      singleThreadedHooks = class java.util.ArrayList@1ae29045
      multiThreadedHooks = class java.util.ArrayList@46ad113a
      THE_PHASE = class io.openliberty.checkpoint.spi.CheckpointPhase@3b4a29d5
      DEBUG = false
      $VALUES = class io.openliberty.checkpoint.spi.CheckpointPhase[3]
      name = "/* Could not access name */"
      ordinal = "/* Could not access ordinal */"
      hash = "/* Could not access hash */"
    tc = class com.ibm.websphere.ras.TraceComponent@196daf1d
      strings[0] = "TraceComponent[com.ibm.ws.classloading.internal.ContainerClassLoader,class com.ibm.ws.classloading.internal.ContainerClassLoader,[ClassLoadingService],com.ibm.ws.classloading.internal.resources.ClassLoadingServiceMessages,null]"
    smartClassPath = class com.ibm.ws.classloading.internal.ContainerClassLoader$SmartClassPathImpl@757304db
      rwLock = class java.util.concurrent.locks.ReentrantReadWriteLock@673136a6
      outstandingContainers = class java.util.concurrent.atomic.AtomicInteger@787649c2
      usePackageMap = true
      maxLastNotFound = 250
      maxLastFound = 900
      maxLastReallyNotFound = 900
      propsInUse = false
      classPath = class java.util.concurrent.CopyOnWriteArrayList@27576721
      MAX_LASTNOTFOUND = 250
      lastNotFound = class java.util.concurrent.CopyOnWriteArrayList@14f3a707
      MAX_LASTFOUND = 900
      lastFoundURL = class java.util.Collections$SynchronizedMap@7a993739
      MAX_LASTREALLYNOTFOUND = 900
      lastReallyNotFoundURL = class java.util.Collections$SynchronizedMap@306b59f1
      packageMap = class java.util.HashMap@2c194eb2
      containers = class java.util.Collections$SetFromMap@25db0fa9
      serialVersionUID = 1586111247084489525
      $$$tc$$$ = class com.ibm.websphere.ras.TraceComponent@5014d512
    nativeLibraryContainers = class java.util.ArrayList@60bed888
      serialVersionUID = "/* Could not access serialVersionUID */"
      DEFAULT_CAPACITY = "/* Could not access DEFAULT_CAPACITY */"
      EMPTY_ELEMENTDATA = "/* Could not access EMPTY_ELEMENTDATA */"
      DEFAULTCAPACITY_EMPTY_ELEMENTDATA = "/* Could not access DEFAULTCAPACITY_EMPTY_ELEMENTDATA */"
      elementData = "/* Could not access elementData */"
      size = "/* Could not access size */"
      modCount = "/* Could not access modCount */"
    redefiner = class com.ibm.ws.classloading.internal.util.ClassRedefiner@562b387a
    jarProtocol = "wsjar:"
    mapCreationQueue = class java.util.concurrent.Executors$AutoShutdownDelegatedExecutorService@3524e13b
      cleanable = "/* Could not access cleanable */"
      e = "/* Could not access e */"
    serialVersionUID = 251246017270836472
    parent = class com.ibm.ws.classloading.internal.GatewayClassLoader@1fd0b4ac
    classNameLockStore = class com.ibm.ws.kernel.boot.utils.KeyBasedLockStore@20931a27
      refQueue = class java.lang.ref.ReferenceQueue@4e06ddd
      lockMap = class java.util.concurrent.ConcurrentHashMap@5da00afa
      lockCreator = class com.ibm.ws.kernel.boot.classloader.NameBasedClassLoaderLock$1@6de0a2be
    serialVersionUID = -3020377578845918238
    $$$tc$$$ = class com.ibm.websphere.ras.TraceComponent@16667b7c
    pdcache = "/* Could not access pdcache */"
  clSvc = class com.ibm.ws.classloading.internal.ClassLoadingServiceImpl@12d41095
    tc = class com.ibm.websphere.ras.TraceComponent@168fb4d1
      strings[0] = "TraceComponent[com.ibm.ws.classloading.internal.ClassLoadingServiceImpl,class com.ibm.ws.classloading.internal.ClassLoadingServiceImpl,[ClassLoadingService],com.ibm.ws.classloading.internal.resources.ClassLoadingServiceMessages,null]"
    leakDetectionMap = class java.util.concurrent.ConcurrentHashMap@e4e2f9f
      serialVersionUID = "/* Could not access serialVersionUID */"
      MAXIMUM_CAPACITY = "/* Could not access MAXIMUM_CAPACITY */"
      DEFAULT_CAPACITY = "/* Could not access DEFAULT_CAPACITY */"
      MAX_ARRAY_SIZE = "/* Could not access MAX_ARRAY_SIZE */"
      DEFAULT_CONCURRENCY_LEVEL = "/* Could not access DEFAULT_CONCURRENCY_LEVEL */"
      LOAD_FACTOR = "/* Could not access LOAD_FACTOR */"
      TREEIFY_THRESHOLD = "/* Could not access TREEIFY_THRESHOLD */"
      UNTREEIFY_THRESHOLD = "/* Could not access UNTREEIFY_THRESHOLD */"
      MIN_TREEIFY_CAPACITY = "/* Could not access MIN_TREEIFY_CAPACITY */"
      MIN_TRANSFER_STRIDE = "/* Could not access MIN_TRANSFER_STRIDE */"
      RESIZE_STAMP_BITS = "/* Could not access RESIZE_STAMP_BITS */"
      MAX_RESIZERS = "/* Could not access MAX_RESIZERS */"
      RESIZE_STAMP_SHIFT = "/* Could not access RESIZE_STAMP_SHIFT */"
      MOVED = "/* Could not access MOVED */"
      TREEBIN = "/* Could not access TREEBIN */"
      RESERVED = "/* Could not access RESERVED */"
      HASH_BITS = "/* Could not access HASH_BITS */"
      NCPU = "/* Could not access NCPU */"
      serialPersistentFields = "/* Could not access serialPersistentFields */"
      table = "/* Could not access table */"
      nextTable = "/* Could not access nextTable */"
      baseCount = "/* Could not access baseCount */"
      sizeCtl = "/* Could not access sizeCtl */"
      transferIndex = "/* Could not access transferIndex */"
      cellsBusy = "/* Could not access cellsBusy */"
      counterCells = "/* Could not access counterCells */"
      keySet = "/* Could not access keySet */"
      values = "/* Could not access values */"
      entrySet = "/* Could not access entrySet */"
      U = "/* Could not access U */"
      SIZECTL = "/* Could not access SIZECTL */"
      TRANSFERINDEX = "/* Could not access TRANSFERINDEX */"
      BASECOUNT = "/* Could not access BASECOUNT */"
      CELLSBUSY = "/* Could not access CELLSBUSY */"
      CELLVALUE = "/* Could not access CELLVALUE */"
      ABASE = "/* Could not access ABASE */"
      ASHIFT = "/* Could not access ASHIFT */"
      keySet = "/* Could not access keySet */"
      values = "/* Could not access values */"
    appClassLoaders = class java.util.Collections$SetFromMap@f18ae0c
      m = "/* Could not access m */"
      s = "/* Could not access s */"
      serialVersionUID = "/* Could not access serialVersionUID */"
    TCCL_LOCK_WAIT = 15000
    REFERENCE_GENERATORS = "generators"
    tcclLockStore = class com.ibm.ws.kernel.boot.utils.KeyBasedLockStore@2af98453
      refQueue = class java.lang.ref.ReferenceQueue@1648c4d4
      lockMap = class java.util.concurrent.ConcurrentHashMap@7c06b33d
      lockCreator = class com.ibm.ws.classloading.internal.ClassLoadingServiceImpl$1@1a0c1ed1
    bundleContext = class org.eclipse.osgi.internal.framework.BundleContextImpl@455e0db
      valid = true
      bundle = class org.eclipse.osgi.internal.framework.EquinoxBundle@2d2b1fa1
      container = class org.eclipse.osgi.internal.framework.EquinoxContainer@4e8c46a4
      debug = class org.eclipse.osgi.internal.debug.Debug@76762f70
      servicesInUse = class java.util.HashMap@25a692a
      activator = null
      contextLock = class java.lang.Object@5f9a1b26
    aclStore = class com.ibm.ws.classloading.internal.util.CanonicalStore@561b4d24
      map = class java.util.concurrent.ConcurrentHashMap@4fd653eb
      q = class com.ibm.ws.classloading.internal.util.RefQueue@508cc8da
      serialVersionUID = 6715157558227169968
      $$$tc$$$ = class com.ibm.websphere.ras.TraceComponent@5c23e95c
    tcclStore = class com.ibm.ws.classloading.internal.util.CanonicalStore@2956b2af
      map = class java.util.concurrent.ConcurrentHashMap@74516a38
      q = class com.ibm.ws.classloading.internal.util.RefQueue@48fa23d2
      serialVersionUID = 6715157558227169968
      $$$tc$$$ = class com.ibm.websphere.ras.TraceComponent@5c23e95c
    digraph = class org.eclipse.equinox.internal.region.StandardRegionDigraph@63f40147
      EMPTY_EDGE_SET = class java.util.Collections$UnmodifiableSet@73ee0587
      monitor = class java.lang.Object@67bedaf
      regions = class java.util.HashMap@226cc2df
      bundleIdToRegionMapping = class org.eclipse.equinox.internal.region.StandardBundleIdToRegionMapping@2a88d714
      edges = class java.util.HashMap@29492dff
      bundleContext = class org.eclipse.osgi.internal.framework.BundleContextImpl@76f2bbc1
      threadLocal = class java.lang.ThreadLocal@7086abec
      subgraphTraverser = class org.eclipse.equinox.internal.region.SubgraphTraverser@3438f519
      bundleCollisionHook = class org.eclipse.equinox.internal.region.hook.RegionBundleCollisionHook@5864b4fd
      bundleEventHook = class org.eclipse.equinox.internal.region.hook.RegionBundleEventHook@38224cdb
      bundleFindHook = class org.eclipse.equinox.internal.region.hook.RegionBundleFindHook@7d3e59f8
      serviceEventHook = class org.eclipse.equinox.internal.region.hook.RegionServiceEventHook@e5deb7b
      serviceFindHook = class org.eclipse.equinox.internal.region.hook.RegionServiceFindHook@73e37511
      resolverHookFactory = class org.eclipse.equinox.internal.region.hook.RegionResolverHookFactory@598dab22
      origin = null
      originUpdateCount = -1
      updateCount = class java.util.concurrent.atomic.AtomicLong@56f9278c
      defaultRegion = null
    redefiner = class com.ibm.ws.classloading.internal.util.ClassRedefiner@562b387a
      tc = class com.ibm.websphere.ras.TraceComponent@53e09507
      LS = "
"
      inst = class jdk.proxy2.$Proxy4@5d8989a4
      serialVersionUID = 2420101865139508526
    listener = class com.ibm.ws.classloading.internal.ClassLoadingServiceImpl$2@5c9ca76
      this$0 = class com.ibm.ws.classloading.internal.ClassLoadingServiceImpl@12d41095
      serialVersionUID = -5816835778307299777
      $$$tc$$$ = class com.ibm.websphere.ras.TraceComponent@1c715413
    classloaders = class java.util.Collections$SynchronizedMap@9b7c586
      serialVersionUID = "/* Could not access serialVersionUID */"
      m = "/* Could not access m */"
      mutex = "/* Could not access mutex */"
      keySet = "/* Could not access keySet */"
      entrySet = "/* Could not access entrySet */"
      values = "/* Could not access values */"
    resourceProviders = class com.ibm.ws.classloading.internal.CompositeResourceProvider@7adca2f
      lockFactory = class java.util.concurrent.locks.ReentrantReadWriteLock@35d82014
      providerMap = class com.ibm.ws.classloading.internal.util.MultiMap@58e0afa8
      serialVersionUID = -5576435894946156347
      $$$tc$$$ = class com.ibm.websphere.ras.TraceComponent@590b3299
    rememberedBundles = class java.util.concurrent.ConcurrentHashMap@1568ddd5
      serialVersionUID = "/* Could not access serialVersionUID */"
      MAXIMUM_CAPACITY = "/* Could not access MAXIMUM_CAPACITY */"
      DEFAULT_CAPACITY = "/* Could not access DEFAULT_CAPACITY */"
      MAX_ARRAY_SIZE = "/* Could not access MAX_ARRAY_SIZE */"
      DEFAULT_CONCURRENCY_LEVEL = "/* Could not access DEFAULT_CONCURRENCY_LEVEL */"
      LOAD_FACTOR = "/* Could not access LOAD_FACTOR */"
      TREEIFY_THRESHOLD = "/* Could not access TREEIFY_THRESHOLD */"
      UNTREEIFY_THRESHOLD = "/* Could not access UNTREEIFY_THRESHOLD */"
      MIN_TREEIFY_CAPACITY = "/* Could not access MIN_TREEIFY_CAPACITY */"
      MIN_TRANSFER_STRIDE = "/* Could not access MIN_TRANSFER_STRIDE */"
      RESIZE_STAMP_BITS = "/* Could not access RESIZE_STAMP_BITS */"
      MAX_RESIZERS = "/* Could not access MAX_RESIZERS */"
      RESIZE_STAMP_SHIFT = "/* Could not access RESIZE_STAMP_SHIFT */"
      MOVED = "/* Could not access MOVED */"
      TREEBIN = "/* Could not access TREEBIN */"
      RESERVED = "/* Could not access RESERVED */"
      HASH_BITS = "/* Could not access HASH_BITS */"
      NCPU = "/* Could not access NCPU */"
      serialPersistentFields = "/* Could not access serialPersistentFields */"
      table = "/* Could not access table */"
      nextTable = "/* Could not access nextTable */"
      baseCount = "/* Could not access baseCount */"
      sizeCtl = "/* Could not access sizeCtl */"
      transferIndex = "/* Could not access transferIndex */"
      cellsBusy = "/* Could not access cellsBusy */"
      counterCells = "/* Could not access counterCells */"
      keySet = "/* Could not access keySet */"
      values = "/* Could not access values */"
      entrySet = "/* Could not access entrySet */"
      U = "/* Could not access U */"
      SIZECTL = "/* Could not access SIZECTL */"
      TRANSFERINDEX = "/* Could not access TRANSFERINDEX */"
      BASECOUNT = "/* Could not access BASECOUNT */"
      CELLSBUSY = "/* Could not access CELLSBUSY */"
      CELLVALUE = "/* Could not access CELLVALUE */"
      ABASE = "/* Could not access ABASE */"
      ASHIFT = "/* Could not access ASHIFT */"
      keySet = "/* Could not access keySet */"
      values = "/* Could not access values */"
    collectedBundles = class java.lang.ref.ReferenceQueue@1d04e2c0
      NULL = "/* Could not access NULL */"
      ENQUEUED = "/* Could not access ENQUEUED */"
      head = "/* Could not access head */"
      queueLength = "/* Could not access queueLength */"
      lock = "/* Could not access lock */"
      notEmpty = "/* Could not access notEmpty */"
      $assertionsDisabled = "/* Could not access $assertionsDisabled */"
    generatorRefs = class com.ibm.wsspi.kernel.service.utils.ConcurrentServiceReferenceSet@4ec59a1c
      referenceName = "generators"
      contextRef = class java.util.concurrent.atomic.AtomicReference@2b7ed2ba
      elementMap = class java.util.LinkedHashMap@5aa1a531
      elementSet = class java.util.concurrent.ConcurrentSkipListSet@6ea48480
      elementSetUnsorted = false
      serialVersionUID = 756240983881166148
      $$$tc$$$ = class com.ibm.websphere.ras.TraceComponent@444cef42
    generatorManager = class com.ibm.ws.classloading.internal.ClassGeneratorManager@4963bc50
      tc = class com.ibm.websphere.ras.TraceComponent@2788949d
      generatorRefs = class com.ibm.wsspi.kernel.service.utils.ConcurrentServiceReferenceSet@4ec59a1c
      serialVersionUID = 4152663586056483310
    appExtLibs = class java.util.concurrent.CopyOnWriteArrayList@2aa89f13
      serialVersionUID = "/* Could not access serialVersionUID */"
      lock = "/* Could not access lock */"
      array = "/* Could not access array */"
    globalConfig = class com.ibm.ws.classloading.configuration.GlobalClassloadingConfiguration@79fd79e6
      properties = class org.apache.felix.scr.impl.helper.ReadOnlyDictionary@6a4b3b8f
      serialVersionUID = 452562347104713756
      $$$tc$$$ = class com.ibm.websphere.ras.TraceComponent@264bf580
    systemTransformers = class java.util.concurrent.CopyOnWriteArrayList@3c23c21c
      serialVersionUID = "/* Could not access serialVersionUID */"
      lock = "/* Could not access lock */"
      array = "/* Could not access array */"
    metaInfServicesProviders = class java.util.concurrent.ConcurrentHashMap@7165be7
      serialVersionUID = "/* Could not access serialVersionUID */"
      MAXIMUM_CAPACITY = "/* Could not access MAXIMUM_CAPACITY */"
      DEFAULT_CAPACITY = "/* Could not access DEFAULT_CAPACITY */"
      MAX_ARRAY_SIZE = "/* Could not access MAX_ARRAY_SIZE */"
      DEFAULT_CONCURRENCY_LEVEL = "/* Could not access DEFAULT_CONCURRENCY_LEVEL */"
      LOAD_FACTOR = "/* Could not access LOAD_FACTOR */"
      TREEIFY_THRESHOLD = "/* Could not access TREEIFY_THRESHOLD */"
      UNTREEIFY_THRESHOLD = "/* Could not access UNTREEIFY_THRESHOLD */"
      MIN_TREEIFY_CAPACITY = "/* Could not access MIN_TREEIFY_CAPACITY */"
      MIN_TRANSFER_STRIDE = "/* Could not access MIN_TRANSFER_STRIDE */"
      RESIZE_STAMP_BITS = "/* Could not access RESIZE_STAMP_BITS */"
      MAX_RESIZERS = "/* Could not access MAX_RESIZERS */"
      RESIZE_STAMP_SHIFT = "/* Could not access RESIZE_STAMP_SHIFT */"
      MOVED = "/* Could not access MOVED */"
      TREEBIN = "/* Could not access TREEBIN */"
      RESERVED = "/* Could not access RESERVED */"
      HASH_BITS = "/* Could not access HASH_BITS */"
      NCPU = "/* Could not access NCPU */"
      serialPersistentFields = "/* Could not access serialPersistentFields */"
      table = "/* Could not access table */"
      nextTable = "/* Could not access nextTable */"
      baseCount = "/* Could not access baseCount */"
      sizeCtl = "/* Could not access sizeCtl */"
      transferIndex = "/* Could not access transferIndex */"
      cellsBusy = "/* Could not access cellsBusy */"
      counterCells = "/* Could not access counterCells */"
      keySet = "/* Could not access keySet */"
      values = "/* Could not access values */"
      entrySet = "/* Could not access entrySet */"
      U = "/* Could not access U */"
      SIZECTL = "/* Could not access SIZECTL */"
      TRANSFERINDEX = "/* Could not access TRANSFERINDEX */"
      BASECOUNT = "/* Could not access BASECOUNT */"
      CELLSBUSY = "/* Could not access CELLSBUSY */"
      CELLVALUE = "/* Could not access CELLVALUE */"
      ABASE = "/* Could not access ABASE */"
      ASHIFT = "/* Could not access ASHIFT */"
      keySet = "/* Could not access keySet */"
      values = "/* Could not access values */"
    metaInfServicesRefs = class com.ibm.wsspi.kernel.service.utils.ConcurrentServiceReferenceMap@3dbebb27
      referenceName = "MetaInfServicesProvider"
      context = class org.apache.felix.scr.impl.manager.ComponentContextImpl@730fcf17
      elementMap = class java.util.concurrent.ConcurrentHashMap@344563a9
      serialVersionUID = 6980924785166233786
      $$$tc$$$ = class com.ibm.websphere.ras.TraceComponent@56f870e3
    protectionDomainMap = class java.util.HashMap@5300eb84
      serialVersionUID = "/* Could not access serialVersionUID */"
      DEFAULT_INITIAL_CAPACITY = "/* Could not access DEFAULT_INITIAL_CAPACITY */"
      MAXIMUM_CAPACITY = "/* Could not access MAXIMUM_CAPACITY */"
      DEFAULT_LOAD_FACTOR = "/* Could not access DEFAULT_LOAD_FACTOR */"
      TREEIFY_THRESHOLD = "/* Could not access TREEIFY_THRESHOLD */"
      UNTREEIFY_THRESHOLD = "/* Could not access UNTREEIFY_THRESHOLD */"
      MIN_TREEIFY_CAPACITY = "/* Could not access MIN_TREEIFY_CAPACITY */"
      table = "/* Could not access table */"
      entrySet = "/* Could not access entrySet */"
      size = "/* Could not access size */"
      modCount = "/* Could not access modCount */"
      threshold = "/* Could not access threshold */"
      loadFactor = "/* Could not access loadFactor */"
      keySet = "/* Could not access keySet */"
      values = "/* Could not access values */"
    metadataIdentifierService = class com.ibm.ws.container.service.metadata.internal.MetaDataServiceImpl@5f011efc
      applicationMetaDataManager = class com.ibm.ws.container.service.metadata.internal.ApplicationMetaDataManager@58fa0ec7
      moduleMetaDataManager = class com.ibm.ws.container.service.metadata.internal.ModuleMetaDataManager@13bd1423
      componentMetaDataManager = class com.ibm.ws.container.service.metadata.internal.ComponentMetaDataManager@3283c171
      methodMetaDataManager = class com.ibm.ws.container.service.metadata.internal.MethodMetaDataManager@729c238f
      appModuleNameToModuleContainer = class java.util.concurrent.ConcurrentHashMap@7a18872d
      jeeNameToComponentMetaData = class java.util.concurrent.ConcurrentHashMap@17f8841
      deferredMetaDataFactories = class com.ibm.wsspi.kernel.service.utils.ConcurrentServiceReferenceSet@2d5b5956
      deferredMetaDataInitializers = class com.ibm.wsspi.kernel.service.utils.ConcurrentServiceReferenceMap@3ec88729
      serialVersionUID = -2494605732980966097
      $$$tc$$$ = class com.ibm.websphere.ras.TraceComponent@23bab717
    globalSharedLibrary = class java.util.concurrent.atomic.AtomicReference@41a08a4b
      serialVersionUID = "/* Could not access serialVersionUID */"
      VALUE = "/* Could not access VALUE */"
      value = "/* Could not access value */"
    serialVersionUID = 4413923811772628187
  serialVersionUID = 7417331337980111787
  tc = class com.ibm.websphere.ras.TraceComponent@23a8e584
    strings[0] = "TraceComponent[com.ibm.ws.classloading.internal.UnifiedClassLoader,class com.ibm.ws.classloading.internal.UnifiedClassLoader,[ClassLoadingService],com.ibm.ws.classloading.internal.resources.ClassLoadingServiceMessages,null]"
  followOnClassLoaders = class java.util.ArrayList@13f0a7ca
    serialVersionUID = "/* Could not access serialVersionUID */"
    DEFAULT_CAPACITY = "/* Could not access DEFAULT_CAPACITY */"
    EMPTY_ELEMENTDATA = "/* Could not access EMPTY_ELEMENTDATA */"
    DEFAULTCAPACITY_EMPTY_ELEMENTDATA = "/* Could not access DEFAULTCAPACITY_EMPTY_ELEMENTDATA */"
    elementData = "/* Could not access elementData */"
    size = "/* Could not access size */"
    modCount = "/* Could not access modCount */"
  serialVersionUID = 4255658571728280816
  parent = class com.ibm.ws.classloading.internal.GatewayClassLoader@2f41d5e2
    config = class com.ibm.ws.classloading.internal.GatewayConfigurationImpl@73a4058b
      tc = class com.ibm.websphere.ras.TraceComponent@5ed6ee64
      bundleRequirements = null
      packageImports = null
      dynamicPackageImports = class java.util.Arrays$ArrayList@5d7665b2
      delegateToSystem = false
      apiTypeVisibility = null
      spiVisibility = false
      appName = "ThreadContextClassLoader"
      appVersion = null
      serialVersionUID = 2530010006499965936
    wiringMonitor = class com.ibm.ws.classloading.internal.GatewayClassLoader$1@6fadd80c
      this$0 = class com.ibm.ws.classloading.internal.GatewayClassLoader@2f41d5e2
      serialVersionUID = -6591900154872362572
      $$$tc$$$ = class com.ibm.websphere.ras.TraceComponent@4a91bc07
    bundle = class org.eclipse.osgi.internal.framework.EquinoxBundle@7fa1d5c9
      equinoxContainer = class org.eclipse.osgi.internal.framework.EquinoxContainer@4e8c46a4
      module = class org.eclipse.osgi.internal.framework.EquinoxBundle$EquinoxModule@4ba1dbf
      monitor = class java.lang.Object@a96d030
      context = class org.eclipse.osgi.internal.framework.BundleContextImpl@6eef8ae8
      signedContent = null
      $SWITCH_TABLE$org$eclipse$osgi$container$Module$State = {1,2,3,4,5,6,7} /* array length = 7 */
    wiring = class org.eclipse.osgi.container.ModuleWiring@7975ecc4
      GET_CLASSLOADER_PERM = class java.lang.RuntimePermission@26823b7e
      DYNAMICALLY_ADDED_IMPORT_DIRECTIVE = "x.dynamically.added"
      revision = class org.eclipse.osgi.container.ModuleRevision@2e861aa3
      capabilities = class org.eclipse.osgi.internal.container.NamespaceList@749ccfd1
      requirements = class org.eclipse.osgi.internal.container.NamespaceList@1aa97f05
      substitutedPkgNames = class java.util.Collections$EmptyList@562f5b1e
      loader = class org.eclipse.osgi.internal.container.AtomicLazyInitializer@448caf9d
      loaderInitializer = class org.eclipse.osgi.container.ModuleWiring$LoaderInitializer@73e225b9
      providedWires = class org.eclipse.osgi.internal.container.NamespaceList@61129e53
      requiredWires = class org.eclipse.osgi.internal.container.NamespaceList@30928423
      isValid = true
      dynamicMissRef = class java.util.concurrent.atomic.AtomicReference@11c335eb
    cl = null
    bLoader = class org.eclipse.osgi.internal.loader.BundleLoader@1dd22903
      DEFAULT_PACKAGE = "."
      JAVA_PACKAGE = "java."
      CLASS_CONTEXT = class org.eclipse.osgi.internal.loader.BundleLoader$ClassContext@779bade6
      FW_CLASSLOADER = class com.ibm.ws.kernel.internal.classloader.BootstrapChildFirstJarClassloader@2a098129
      PRE_CLASS = 1
      POST_CLASS = 2
      PRE_RESOURCE = 3
      POST_RESOURCE = 4
      PRE_RESOURCES = 5
      POST_RESOURCES = 6
      PACKAGENAME_FILTER = class java.util.regex.Pattern@416771d7
      wiring = class org.eclipse.osgi.container.ModuleWiring@7975ecc4
      container = class org.eclipse.osgi.internal.framework.EquinoxContainer@4e8c46a4
      debug = class org.eclipse.osgi.internal.debug.Debug@76762f70
      policy = null
      exportedPackages = class java.util.Collections$SynchronizedCollection@4dffcd16
      exportSources = class org.eclipse.osgi.internal.loader.BundleLoaderSources@67a1add2
      requiredSources = class java.util.HashMap@1d329138
      importedSources = class java.util.HashMap@1eef750e
      requiredBundleWires = class java.util.Collections$EmptyList@562f5b1e
      importsInitialized = true
      dynamicAllPackages = true
      dynamicImportPackageStems = null
      dynamicImportPackages = null
      classLoaderCreatedMonitor = class java.lang.Object@2dcb9cb8
      classLoaderCreated = class org.eclipse.osgi.internal.loader.EquinoxClassLoader@318c8272
      classloader = class org.eclipse.osgi.internal.loader.EquinoxClassLoader@318c8272
      parent = class com.ibm.ws.kernel.internal.classloader.BootstrapChildFirstJarClassloader@2a098129
      triggerClassLoaded = class java.util.concurrent.atomic.AtomicBoolean@47ee7bee
      firstUseOfInvalidLoader = class java.util.concurrent.atomic.AtomicBoolean@4e5c997a
    resourceProviders = class com.ibm.ws.classloading.internal.CompositeResourceProvider@7adca2f
    serialVersionUID = -5503641212193211983
    $$$tc$$$ = class com.ibm.websphere.ras.TraceComponent@62f318b5
      strings[0] = "TraceComponent[com.ibm.ws.classloading.internal.GatewayClassLoader,class com.ibm.ws.classloading.internal.GatewayClassLoader,[ClassLoadingService],com.ibm.ws.classloading.internal.resources.ClassLoadingServiceMessages,null]"
  classNameLockStore = class com.ibm.ws.kernel.boot.utils.KeyBasedLockStore@20088960
    refQueue = class java.lang.ref.ReferenceQueue@4e89ef6f
      NULL = "/* Could not access NULL */"
      ENQUEUED = "/* Could not access ENQUEUED */"
      head = "/* Could not access head */"
      queueLength = "/* Could not access queueLength */"
      lock = "/* Could not access lock */"
      notEmpty = "/* Could not access notEmpty */"
      $assertionsDisabled = "/* Could not access $assertionsDisabled */"
    lockMap = class java.util.concurrent.ConcurrentHashMap@4fe5330a
      serialVersionUID = "/* Could not access serialVersionUID */"
      MAXIMUM_CAPACITY = "/* Could not access MAXIMUM_CAPACITY */"
      DEFAULT_CAPACITY = "/* Could not access DEFAULT_CAPACITY */"
      MAX_ARRAY_SIZE = "/* Could not access MAX_ARRAY_SIZE */"
      DEFAULT_CONCURRENCY_LEVEL = "/* Could not access DEFAULT_CONCURRENCY_LEVEL */"
      LOAD_FACTOR = "/* Could not access LOAD_FACTOR */"
      TREEIFY_THRESHOLD = "/* Could not access TREEIFY_THRESHOLD */"
      UNTREEIFY_THRESHOLD = "/* Could not access UNTREEIFY_THRESHOLD */"
      MIN_TREEIFY_CAPACITY = "/* Could not access MIN_TREEIFY_CAPACITY */"
      MIN_TRANSFER_STRIDE = "/* Could not access MIN_TRANSFER_STRIDE */"
      RESIZE_STAMP_BITS = "/* Could not access RESIZE_STAMP_BITS */"
      MAX_RESIZERS = "/* Could not access MAX_RESIZERS */"
      RESIZE_STAMP_SHIFT = "/* Could not access RESIZE_STAMP_SHIFT */"
      MOVED = "/* Could not access MOVED */"
      TREEBIN = "/* Could not access TREEBIN */"
      RESERVED = "/* Could not access RESERVED */"
      HASH_BITS = "/* Could not access HASH_BITS */"
      NCPU = "/* Could not access NCPU */"
      serialPersistentFields = "/* Could not access serialPersistentFields */"
      table = "/* Could not access table */"
      nextTable = "/* Could not access nextTable */"
      baseCount = "/* Could not access baseCount */"
      sizeCtl = "/* Could not access sizeCtl */"
      transferIndex = "/* Could not access transferIndex */"
      cellsBusy = "/* Could not access cellsBusy */"
      counterCells = "/* Could not access counterCells */"
      keySet = "/* Could not access keySet */"
      values = "/* Could not access values */"
      entrySet = "/* Could not access entrySet */"
      U = "/* Could not access U */"
      SIZECTL = "/* Could not access SIZECTL */"
      TRANSFERINDEX = "/* Could not access TRANSFERINDEX */"
      BASECOUNT = "/* Could not access BASECOUNT */"
      CELLSBUSY = "/* Could not access CELLSBUSY */"
      CELLVALUE = "/* Could not access CELLVALUE */"
      ABASE = "/* Could not access ABASE */"
      ASHIFT = "/* Could not access ASHIFT */"
      keySet = "/* Could not access keySet */"
      values = "/* Could not access values */"
    lockCreator = class com.ibm.ws.kernel.boot.classloader.NameBasedClassLoaderLock$1@6de0a2be
  serialVersionUID = -3020377578845918238
  $$$tc$$$ = class com.ibm.websphere.ras.TraceComponent@16667b7c
    strings[0] = "TraceComponent[com.ibm.ws.classloading.internal.LibertyLoader,class com.ibm.ws.classloading.internal.LibertyLoader,[ClassLoadingService],com.ibm.ws.classloading.internal.resources.ClassLoadingServiceMessages,null]"
  pdcache = "/* Could not access pdcache */"

Dump of objectArray[5]
Object type = com.ibm.ws.jsp.configuration.JspConfiguration
  logger = class com.ibm.ws.logging.internal.WsLogger@262b2908
    ivCachedResourceBundleName = null
    ivCachedResourceBundle = null
    ivComponent = null
    ivOrganization = null
    ivProduct = null
    ivMinimumLocalizationLevelIntValue = 625
    ivTC = class com.ibm.websphere.ras.TraceComponent@1b14044a
      strings[0] = "TraceComponent[com.ibm.ws.jsp,class com.ibm.ws.jsp.taglib.InjectionServiceImpl,[com.ibm.ws.jsp],null,null]"
    loggerRegistrationComponent = class java.lang.ThreadLocal@3b4392ad
      TRACE_VTHREAD_LOCALS = "/* Could not access TRACE_VTHREAD_LOCALS */"
      threadLocalHashCode = "/* Could not access threadLocalHashCode */"
      nextHashCode = "/* Could not access nextHashCode */"
      HASH_INCREMENT = "/* Could not access HASH_INCREMENT */"
      $assertionsDisabled = "/* Could not access $assertionsDisabled */"
    emptyHandlers = "/* Could not access emptyHandlers */"
    offValue = "/* Could not access offValue */"
    SYSTEM_LOGGER_RB_NAME = "/* Could not access SYSTEM_LOGGER_RB_NAME */"
    SYSTEM_BUNDLE = "/* Could not access SYSTEM_BUNDLE */"
    NO_RESOURCE_BUNDLE = "/* Could not access NO_RESOURCE_BUNDLE */"
    config = "/* Could not access config */"
    manager = "/* Could not access manager */"
    name = "/* Could not access name */"
    loggerBundle = "/* Could not access loggerBundle */"
    anonymous = "/* Could not access anonymous */"
    catalogRef = "/* Could not access catalogRef */"
    catalogName = "/* Could not access catalogName */"
    catalogLocale = "/* Could not access catalogLocale */"
    treeLock = "/* Could not access treeLock */"
    parent = "/* Could not access parent */"
    kids = "/* Could not access kids */"
    callerModuleRef = "/* Could not access callerModuleRef */"
    isSystemLogger = "/* Could not access isSystemLogger */"
    GLOBAL_LOGGER_NAME = "global"
    global = class java.util.logging.Logger@413d91a2
      emptyHandlers = "/* Could not access emptyHandlers */"
      offValue = "/* Could not access offValue */"
      SYSTEM_LOGGER_RB_NAME = "/* Could not access SYSTEM_LOGGER_RB_NAME */"
      SYSTEM_BUNDLE = "/* Could not access SYSTEM_BUNDLE */"
      NO_RESOURCE_BUNDLE = "/* Could not access NO_RESOURCE_BUNDLE */"
      config = "/* Could not access config */"
      manager = "/* Could not access manager */"
      name = "/* Could not access name */"
      loggerBundle = "/* Could not access loggerBundle */"
      anonymous = "/* Could not access anonymous */"
      catalogRef = "/* Could not access catalogRef */"
      catalogName = "/* Could not access catalogName */"
      catalogLocale = "/* Could not access catalogLocale */"
      treeLock = "/* Could not access treeLock */"
      parent = "/* Could not access parent */"
      kids = "/* Could not access kids */"
      callerModuleRef = "/* Could not access callerModuleRef */"
      isSystemLogger = "/* Could not access isSystemLogger */"
      GLOBAL_LOGGER_NAME = "global"
      global = class java.util.logging.Logger@413d91a2
  CLASS_NAME = "com.ibm.ws.jsp.configuration.JspConfiguration"
  twoPointThree = 2.3
  twoPointFour = 2.4
  twoPointFive = 2.5
  onePointTwo = 1.2
  twoPointZero = 2.0
  twoPointOne = 2.1
  servletVersion = "2.5"
  jspVersion = "2.1"
  jspVersionSet = false
  responseEncoding = "UTF-8"
  isXml = false
  isXmlSpecified = false
  elIgnored = false
  elIgnoredSetTrueInPropGrp = false
  elIgnoredSetTrueInPage = false
  errorOnELNotFound = false
  errorOnELNotFoundInPropGroup = false
  errorOnELNotFoundInPage = false
  scriptingInvalid = false
  pageEncoding = "UTF-8"
  preludeList = class java.util.ArrayList@4cee0eac
    serialVersionUID = "/* Could not access serialVersionUID */"
    DEFAULT_CAPACITY = "/* Could not access DEFAULT_CAPACITY */"
    EMPTY_ELEMENTDATA = "/* Could not access EMPTY_ELEMENTDATA */"
    DEFAULTCAPACITY_EMPTY_ELEMENTDATA = "/* Could not access DEFAULTCAPACITY_EMPTY_ELEMENTDATA */"
    elementData = "/* Could not access elementData */"
    size = "/* Could not access size */"
    modCount = "/* Could not access modCount */"
  codaList = class java.util.ArrayList@1a9fd659
    serialVersionUID = "/* Could not access serialVersionUID */"
    DEFAULT_CAPACITY = "/* Could not access DEFAULT_CAPACITY */"
    EMPTY_ELEMENTDATA = "/* Could not access EMPTY_ELEMENTDATA */"
    DEFAULTCAPACITY_EMPTY_ELEMENTDATA = "/* Could not access DEFAULTCAPACITY_EMPTY_ELEMENTDATA */"
    elementData = "/* Could not access elementData */"
    size = "/* Could not access size */"
    modCount = "/* Could not access modCount */"
  trimDirectiveWhitespacesValue = null
  deferredSyntaxAllowedAsLiteralValue = null
  trimDirectiveWhitespaces = false
  deferredSyntaxAllowedAsLiteral = false
  defaultContentType = null
  buffer = null
  errorOnUndeclaredNamespace = false
  configManager = class com.ibm.ws.jsp.configuration.JspConfigurationManager@70d35d1c
    isServlet24OrHigher = true
    isServlet25OrHigher = true
    uriMatcher = class com.ibm.ws.webcontainer.util.URIMatcher@3df00423
      root = class com.ibm.ws.webcontainer.util.ClauseNode@3e75a08a
      extensions = class java.util.HashMap@65cc7d0a
      starString = "*"
      defaultNode = null
      range = 91
    jspExtensionList = class java.util.ArrayList@4881f68b
      serialVersionUID = "/* Could not access serialVersionUID */"
      DEFAULT_CAPACITY = "/* Could not access DEFAULT_CAPACITY */"
      EMPTY_ELEMENTDATA = "/* Could not access EMPTY_ELEMENTDATA */"
      DEFAULTCAPACITY_EMPTY_ELEMENTDATA = "/* Could not access DEFAULTCAPACITY_EMPTY_ELEMENTDATA */"
      elementData = "/* Could not access elementData */"
      size = "/* Could not access size */"
      modCount = "/* Could not access modCount */"
    JCDIEnabled = false
    logger = class com.ibm.ws.logging.internal.WsLogger@262b2908
    CLASS_NAME = "com.ibm.ws.jsp.configuration.JspConfigurationManager"
    serialVersionUID = 2285763750258808802
  expressionFactory = class org.apache.el.ExpressionFactoryImpl@fcf4967
    serialVersionUID = 8567729798784116874
    $$$tc$$$ = class com.ibm.websphere.ras.TraceComponent@179eca76
      strings[0] = "TraceComponent[org.apache.el.ExpressionFactoryImpl,class org.apache.el.ExpressionFactoryImpl,[],null,null]"
    IS_SECURITY_ENABLED = false
    PROPERTY_NAME = "javax.el.ExpressionFactory"
    SEP = "\"
    PROPERTY_FILE = "C:\Program Files\Java\jdk-21\lib\el.properties"
    nullTcclFactory = class javax.el.ExpressionFactory$CacheValue@3368ad5c
      lock = class java.util.concurrent.locks.ReentrantReadWriteLock@58a0bc8c
      className = null
      ref = null
    factoryCache = class java.util.concurrent.ConcurrentHashMap@57a18876
      serialVersionUID = "/* Could not access serialVersionUID */"
      MAXIMUM_CAPACITY = "/* Could not access MAXIMUM_CAPACITY */"
      DEFAULT_CAPACITY = "/* Could not access DEFAULT_CAPACITY */"
      MAX_ARRAY_SIZE = "/* Could not access MAX_ARRAY_SIZE */"
      DEFAULT_CONCURRENCY_LEVEL = "/* Could not access DEFAULT_CONCURRENCY_LEVEL */"
      LOAD_FACTOR = "/* Could not access LOAD_FACTOR */"
      TREEIFY_THRESHOLD = "/* Could not access TREEIFY_THRESHOLD */"
      UNTREEIFY_THRESHOLD = "/* Could not access UNTREEIFY_THRESHOLD */"
      MIN_TREEIFY_CAPACITY = "/* Could not access MIN_TREEIFY_CAPACITY */"
      MIN_TRANSFER_STRIDE = "/* Could not access MIN_TRANSFER_STRIDE */"
      RESIZE_STAMP_BITS = "/* Could not access RESIZE_STAMP_BITS */"
      MAX_RESIZERS = "/* Could not access MAX_RESIZERS */"
      RESIZE_STAMP_SHIFT = "/* Could not access RESIZE_STAMP_SHIFT */"
      MOVED = "/* Could not access MOVED */"
      TREEBIN = "/* Could not access TREEBIN */"
      RESERVED = "/* Could not access RESERVED */"
      HASH_BITS = "/* Could not access HASH_BITS */"
      NCPU = "/* Could not access NCPU */"
      serialPersistentFields = "/* Could not access serialPersistentFields */"
      table = "/* Could not access table */"
      nextTable = "/* Could not access nextTable */"
      baseCount = "/* Could not access baseCount */"
      sizeCtl = "/* Could not access sizeCtl */"
      transferIndex = "/* Could not access transferIndex */"
      cellsBusy = "/* Could not access cellsBusy */"
      counterCells = "/* Could not access counterCells */"
      keySet = "/* Could not access keySet */"
      values = "/* Could not access values */"
      entrySet = "/* Could not access entrySet */"
      U = "/* Could not access U */"
      SIZECTL = "/* Could not access SIZECTL */"
      TRANSFERINDEX = "/* Could not access TRANSFERINDEX */"
      BASECOUNT = "/* Could not access BASECOUNT */"
      CELLSBUSY = "/* Could not access CELLSBUSY */"
      CELLVALUE = "/* Could not access CELLVALUE */"
      ABASE = "/* Could not access ABASE */"
      ASHIFT = "/* Could not access ASHIFT */"
      keySet = "/* Could not access keySet */"
      values = "/* Could not access values */"
  jcdiWrappedExpressionFactory = null
  serialVersionUID = 1893418057846015565

