------Start of DE processing------ = [2/28/24, 8:59:23:479 WEST ]
Exception = java.net.MalformedURLException
Source = com.ibm.ws.kernel.launch.internal.ProvisionerImpl
probeid = checkInstallStatus
Stack Dump = java.net.MalformedURLException: unknown protocol: reference
	at java.base/java.net.URL.<init>(URL.java:779)
	at java.base/java.net.URL.<init>(URL.java:654)
	at java.base/java.net.URL.<init>(URL.java:590)
	at com.ibm.ws.kernel.launch.internal.ProvisionerImpl.installKernelBundle(ProvisionerImpl.java:291)
	at com.ibm.ws.kernel.launch.internal.ProvisionerImpl.installBundles(ProvisionerImpl.java:248)
	at com.ibm.ws.kernel.launch.internal.ProvisionerImpl.initialProvisioning(ProvisionerImpl.java:97)
	at com.ibm.ws.kernel.launch.internal.FrameworkManager.innerLaunchFramework(FrameworkManager.java:496)
	at com.ibm.ws.kernel.launch.internal.FrameworkManager.launchFramework(FrameworkManager.java:322)
	at com.ibm.ws.kernel.launch.internal.LauncherDelegateImpl.doFrameworkLaunch(LauncherDelegateImpl.java:116)
	at com.ibm.ws.kernel.launch.internal.LauncherDelegateImpl.launchFramework(LauncherDelegateImpl.java:102)
	at com.ibm.ws.kernel.boot.internal.KernelBootstrap.go(KernelBootstrap.java:218)
	at com.ibm.ws.kernel.boot.Launcher.handleActions(Launcher.java:243)
	at com.ibm.ws.kernel.boot.Launcher.createPlatform(Launcher.java:119)
	at com.ibm.ws.kernel.boot.cmdline.EnvCheck.main(EnvCheck.java:61)
	at com.ibm.ws.kernel.boot.cmdline.EnvCheck.main(EnvCheck.java:37)

Dump of callerThis
Object type = com.ibm.ws.kernel.launch.internal.ProvisionerImpl
  ME = "com.ibm.ws.kernel.launch.internal.ProvisionerImpl"
  tc = class com.ibm.websphere.ras.TraceComponent@543588e6
    strings[0] = "TraceComponent[com.ibm.ws.kernel.launch.internal.ProvisionerImpl,class com.ibm.ws.kernel.launch.internal.ProvisionerImpl,[bootstrap],com.ibm.ws.kernel.boot.resources.LauncherMessages,null]"
  BUNDLE_LOC_KERNEL_TAG = "kernel@"
  serviceTracker = class org.osgi.util.tracker.ServiceTracker@5733f295
    DEBUG = false
    context = class org.eclipse.osgi.internal.framework.BundleContextImpl@5f16132a
    filter = class org.eclipse.osgi.internal.framework.FilterImpl$Equal@32811494
      value = "com.ibm.ws.kernel.provisioning.LibertyBootRuntime"
      cached = null
      debug = false
      attr = "objectClass"
      filterString = null
    customizer = class org.osgi.util.tracker.ServiceTracker@5733f295
    listenerFilter = "(objectClass=com.ibm.ws.kernel.provisioning.LibertyBootRuntime)"
    trackClass = "com.ibm.ws.kernel.provisioning.LibertyBootRuntime"
    trackReference = null
    tracked = class org.osgi.util.tracker.ServiceTracker$Tracked@14d14731
      this$0 = class org.osgi.util.tracker.ServiceTracker@5733f295
      DEBUG = false
      tracked = class java.util.HashMap@33aeca0b
      trackingCount = 0
      adding = class java.util.ArrayList@43aaf813
      closed = false
      initial = class java.util.LinkedList@57ac5227
    cachedReference = null
    cachedService = null
  context = class org.eclipse.osgi.internal.framework.BundleContextImpl@5f16132a
    valid = false
    bundle = class org.eclipse.osgi.internal.framework.EquinoxBundle$SystemBundle@f381794
      initListeners = class java.util.ArrayList@4bc28c33
      equinoxContainer = class org.eclipse.osgi.internal.framework.EquinoxContainer@7096b474
      module = class org.eclipse.osgi.internal.framework.EquinoxBundle$SystemBundle$EquinoxSystemModule@4409e975
      monitor = class java.lang.Object@5c153b9e
      context = null
      signedContent = null
      $SWITCH_TABLE$org$eclipse$osgi$container$Module$State = null
    container = class org.eclipse.osgi.internal.framework.EquinoxContainer@7096b474
      NAME = "org.eclipse.osgi"
      secureAction = class org.eclipse.osgi.framework.util.SecureAction@e98770d
      connectModules = class org.eclipse.osgi.internal.framework.EquinoxContainer$ConnectModules@1ae67cad
      equinoxConfig = class org.eclipse.osgi.internal.framework.EquinoxConfiguration@2f6e28bc
      logServices = class org.eclipse.osgi.internal.log.EquinoxLogServices@7c098bb3
      storage = class org.eclipse.osgi.storage.Storage@31e4bb20
      bootDelegation = class java.util.HashSet@18cebaa5
      bootDelegationStems = class java.lang.String[12]
      bootDelegateAll = false
      isProcessClassRecursionSupportedByAll = false
      eventPublisher = class org.eclipse.osgi.internal.framework.EquinoxEventPublisher@765f05af
      monitor = class java.lang.Object@62f68dff
      bootLoader = class jdk.internal.loader.ClassLoaders$PlatformClassLoader@f001896
      serviceRegistry = null
      contextFinder = class org.eclipse.osgi.internal.framework.ContextFinder@49e5f737
      signedContentFactory = class org.osgi.util.tracker.ServiceTracker@13f17eb4
      executor = class java.util.concurrent.ScheduledThreadPoolExecutor@10aa41f2
      storageSaver = class org.eclipse.osgi.internal.framework.StorageSaver@1d0d6318
    debug = class org.eclipse.osgi.internal.debug.Debug@3e14c16d
      ECLIPSE_OSGI = "org.eclipse.osgi"
      OPTION_DEBUG_GENERAL = "org.eclipse.osgi/debug"
      OPTION_DEBUG_BUNDLE_TIME = "org.eclipse.osgi/debug/bundleTime"
      OPTION_DEBUG_BUNDLE_START_TIME = "org.eclipse.osgi/debug/bundleStartTime"
      OPTION_DEBUG_LOADER = "org.eclipse.osgi/debug/loader"
      OPTION_DEBUG_STORAGE = "org.eclipse.osgi/debug/storage"
      OPTION_DEBUG_EVENTS = "org.eclipse.osgi/debug/events"
      OPTION_DEBUG_SERVICES = "org.eclipse.osgi/debug/services"
      OPTION_DEBUG_HOOKS = "org.eclipse.osgi/debug/hooks"
      OPTION_DEBUG_MANIFEST = "org.eclipse.osgi/debug/manifest"
      OPTION_DEBUG_FILTER = "org.eclipse.osgi/debug/filter"
      OPTION_DEBUG_SECURITY = "org.eclipse.osgi/debug/security"
      OPTION_DEBUG_STARTLEVEL = "org.eclipse.osgi/debug/startlevel"
      OPTION_DEBUG_PACKAGEADMIN = "org.eclipse.osgi/debug/packageadmin"
      OPTION_DEBUG_PACKAGEADMIN_TIMING = "org.eclipse.osgi/debug/packageadmin/timing"
      OPTION_MONITOR_ACTIVATION = "org.eclipse.osgi/monitor/activation"
      OPTION_MONITOR_LAZY = "org.eclipse.osgi/monitor/lazy"
      OPTION_DEBUG_MESSAGE_BUNDLES = "org.eclipse.osgi/debug/messageBundles"
      OPTION_DEBUG_LOCATION = "org.eclipse.osgi/debug/location"
      OPTION_CACHED_MANIFEST = "org.eclipse.osgi/debug/cachedmanifest"
      OPTION_DEBUG_SYSTEM_BUNDLE = "org.eclipse.osgi/debug/systemBundle"
      OPTION_DEBUG_BUNDLE_FILE = "org.eclipse.osgi/debug/bundleFile"
      OPTION_DEBUG_BUNDLE_FILE_OPEN = "org.eclipse.osgi/debug/bundleFile/open"
      OPTION_DEBUG_BUNDLE_FILE_CLOSE = "org.eclipse.osgi/debug/bundleFile/close"
      DEBUG_GENERAL = false
      DEBUG_BUNDLE_TIME = false
      DEBUG_LOADER = false
      DEBUG_STORAGE = false
      DEBUG_EVENTS = false
      DEBUG_SERVICES = false
      DEBUG_HOOKS = false
      DEBUG_MANIFEST = false
      DEBUG_FILTER = false
      DEBUG_SECURITY = false
      DEBUG_STARTLEVEL = false
      DEBUG_PACKAGEADMIN = false
      DEBUG_PACKAGEADMIN_TIMING = false
      DEBUG_MESSAGE_BUNDLES = false
      MONITOR_ACTIVATION = false
      DEBUG_LOCATION = false
      DEBUG_CACHED_MANIFEST = false
      DEBUG_SYSTEM_BUNDLE = false
      DEBUG_BUNDLE_FILE = false
      DEBUG_BUNDLE_FILE_OPEN = false
      DEBUG_BUNDLE_FILE_CLOSE = false
      out = class com.ibm.ws.logging.internal.impl.BaseTraceService$TeePrintStream@72ea6193
    servicesInUse = null
    activator = null
    contextLock = class java.lang.Object@784b990c
  frameworkStartLevel = class org.eclipse.osgi.container.ModuleContainer$ContainerStartLevel@1c3146bc
    USE_BEGINNING_START_LEVEL = -2147483648
    FRAMEWORK_STARTLEVEL = 1
    MODULE_STARTLEVEL = 2
    activeStartLevel = class java.util.concurrent.atomic.AtomicInteger@5d1659ea
      serialVersionUID = "/* Could not access serialVersionUID */"
      U = "/* Could not access U */"
      VALUE = "/* Could not access VALUE */"
      value = "/* Could not access value */"
      serialVersionUID = "/* Could not access serialVersionUID */"
    eventManagerLock = class java.lang.Object@793138bd
    startLevelThread = class org.eclipse.osgi.framework.eventmgr.EventManager@1951b871
      DEBUG = false
      thread = null
      closed = true
      threadName = "Start Level: Equinox Container: 531dbcf9-5bbb-4e5b-8d73-83a427fb3f2f"
      threadGroup = null
    frameworkStartLevelLock = class java.lang.Object@5c18016b
    debugStartLevel = false
    this$0 = class org.eclipse.osgi.container.ModuleContainer@32c8e539
  frameworkWiring = class org.eclipse.osgi.container.ModuleContainer$ContainerWiring@56c698e3
    monitor = class java.lang.Object@7bb6ab3a
    refreshThread = class org.eclipse.osgi.framework.eventmgr.EventManager@7ce97ee5
      DEBUG = false
      thread = null
      closed = true
      threadName = "Refresh Thread: Equinox Container: 531dbcf9-5bbb-4e5b-8d73-83a427fb3f2f"
      threadGroup = null
    this$0 = class org.eclipse.osgi.container.ModuleContainer@32c8e539
      secureAction = class org.eclipse.osgi.framework.util.SecureAction@1522d8a0
      locationLocks = class org.eclipse.osgi.internal.container.LockSet@312ab28e
      nameLocks = class org.eclipse.osgi.internal.container.LockSet@5644dc81
      frameworkWiring = class org.eclipse.osgi.container.ModuleContainer$ContainerWiring@56c698e3
      frameworkStartLevel = class org.eclipse.osgi.container.ModuleContainer$ContainerStartLevel@1c3146bc
      moduleDatabase = class org.eclipse.osgi.container.ModuleDatabase@246f8b8b
      adaptor = class org.eclipse.osgi.internal.framework.EquinoxContainerAdaptor@278bb07e
      moduleResolver = class org.eclipse.osgi.container.ModuleResolver@4351c8c3
      refreshingSystemModule = class java.util.concurrent.atomic.AtomicReference@3381b4fc
      moduleLockTimeout = 5
      autoStartOnResolve = false
      restrictParallelStart = true
      DEBUG_MONITOR_LAZY = false
      DEBUG_BUNDLE_START_TIME = false
      _resolutionLock = class org.eclipse.osgi.container.ModuleContainer$ResolutionLock@40f70521
      _bundleStateLock = class java.util.concurrent.locks.ReentrantLock@55342f40
  serialVersionUID = 5933337372502029591

Dump of objectArray[0]
Object type = java.lang.String
  String value = "com.ibm.ws.org.eclipse.equinox.coordinator;version="[1.0, 1.1)""

