------Start of DE processing------ = [2/26/24, 11:59:58:963 WEST ]
Exception = com.ibm.wsspi.injectionengine.InjectionException
Source = com.ibm.ws.cdi.impl.managedobject.CDIManagedObject
probeid = 185
Stack Dump = com.ibm.wsspi.injectionengine.InjectionException: CWNEN0030E: The server was unable to obtain an object instance for the java:comp/env/oumnou.lp.HelloServlet/dataSource reference.  The exception message was: CWNEN1003E: The server was unable to find the jdbc/user_accounts binding with the javax.sql.DataSource type for the java:comp/env/oumnou.lp.HelloServlet/dataSource reference.
	at com.ibm.wsspi.injectionengine.InjectionBinding.getInjectionObject(InjectionBinding.java:1462)
	at com.ibm.wsspi.injectionengine.InjectionBinding.getInjectableObject(InjectionBinding.java:1376)
	at com.ibm.wsspi.injectionengine.InjectionTarget.inject(InjectionTarget.java:106)
	at com.ibm.ws.cdi.impl.managedobject.CDIManagedObject.inject(CDIManagedObject.java:184)
	at com.ibm.ws.cdi.impl.managedobject.CDIManagedObject.inject(CDIManagedObject.java:155)
	at com.ibm.ws.webcontainer.osgi.webapp.WebApp.inject(WebApp.java:1278)
	at com.ibm.ws.webcontainer.osgi.webapp.WebApp.injectAndPostConstruct(WebApp.java:1419)
	at com.ibm.ws.webcontainer.osgi.webapp.WebApp.injectAndPostConstruct(WebApp.java:1407)
	at com.ibm.ws.webcontainer.osgi.servlet.ServletWrapper.createTarget(ServletWrapper.java:65)
	at com.ibm.ws.webcontainer.servlet.ServletWrapper$1.run(ServletWrapper.java:1545)
	at java.base/java.security.AccessController.doPrivileged(AccessController.java:571)
	at com.ibm.ws.webcontainer.servlet.ServletWrapper.loadServlet(ServletWrapper.java:1513)
	at com.ibm.ws.webcontainer.servlet.ServletWrapper.handleRequest(ServletWrapper.java:592)
	at com.ibm.ws.webcontainer.servlet.ServletWrapper.handleRequest(ServletWrapper.java:445)
	at com.ibm.ws.webcontainer.filter.WebAppFilterManager.invokeFilters(WebAppFilterManager.java:1361)
	at com.ibm.ws.webcontainer.webapp.WebApp.handleRequest(WebApp.java:5076)
	at com.ibm.ws.webcontainer.osgi.DynamicVirtualHost$2.handleRequest(DynamicVirtualHost.java:328)
	at com.ibm.ws.webcontainer.WebContainer.handleRequest(WebContainer.java:1038)
	at com.ibm.ws.webcontainer.osgi.DynamicVirtualHost$2.run(DynamicVirtualHost.java:293)
	at com.ibm.ws.http.dispatcher.internal.channel.HttpDispatcherLink$TaskWrapper.run(HttpDispatcherLink.java:1260)
	at com.ibm.ws.http.dispatcher.internal.channel.HttpDispatcherLink.wrapHandlerAndExecute(HttpDispatcherLink.java:476)
	at com.ibm.ws.http.dispatcher.internal.channel.HttpDispatcherLink.ready(HttpDispatcherLink.java:435)
	at com.ibm.ws.http.channel.internal.inbound.HttpInboundLink.handleDiscrimination(HttpInboundLink.java:569)
	at com.ibm.ws.http.channel.internal.inbound.HttpInboundLink.handleNewRequest(HttpInboundLink.java:503)
	at com.ibm.ws.http.channel.internal.inbound.HttpInboundLink.processRequest(HttpInboundLink.java:363)
	at com.ibm.ws.http.channel.internal.inbound.HttpInboundLink.ready(HttpInboundLink.java:330)
	at com.ibm.ws.tcpchannel.internal.NewConnectionInitialReadCallback.sendToDiscriminators(NewConnectionInitialReadCallback.java:169)
	at com.ibm.ws.tcpchannel.internal.NewConnectionInitialReadCallback.complete(NewConnectionInitialReadCallback.java:77)
	at com.ibm.ws.tcpchannel.internal.WorkQueueManager.requestComplete(WorkQueueManager.java:516)
	at com.ibm.ws.tcpchannel.internal.WorkQueueManager.attemptIO(WorkQueueManager.java:586)
	at com.ibm.ws.tcpchannel.internal.WorkQueueManager.workerRun(WorkQueueManager.java:970)
	at com.ibm.ws.tcpchannel.internal.WorkQueueManager$Worker.run(WorkQueueManager.java:1059)
	at com.ibm.ws.threading.internal.ExecutorServiceImpl$RunnableWrapper.run(ExecutorServiceImpl.java:280)
	at java.base/java.util.concurrent.ThreadPoolExecutor.runWorker(ThreadPoolExecutor.java:1144)
	at java.base/java.util.concurrent.ThreadPoolExecutor$Worker.run(ThreadPoolExecutor.java:642)
	at java.base/java.lang.Thread.run(Thread.java:1583)
Caused by: com.ibm.wsspi.injectionengine.InjectionException: CWNEN1003E: The server was unable to find the jdbc/user_accounts binding with the javax.sql.DataSource type for the java:comp/env/oumnou.lp.HelloServlet/dataSource reference.
	at com.ibm.ws.injectionengine.osgi.internal.IndirectJndiLookupObjectFactory.getObjectInstance(IndirectJndiLookupObjectFactory.java:205)
	at com.ibm.ws.injectionengine.osgi.internal.IndirectJndiLookupObjectFactory.getObjectInstance(IndirectJndiLookupObjectFactory.java:102)
	at com.ibm.wsspi.injectionengine.InjectionBinding.getInjectionObjectInstance(InjectionBinding.java:1560)
	at com.ibm.wsspi.injectionengine.InjectionBinding.getInjectionObject(InjectionBinding.java:1436)
	... 35 more

Dump of callerThis
Object type = com.ibm.ws.cdi.impl.managedobject.CDIManagedObject
  tc = class com.ibm.websphere.ras.TraceComponent@2d787df6
    strings[0] = "TraceComponent[com.ibm.ws.cdi.impl.managedobject.CDIManagedObject,class com.ibm.ws.cdi.impl.managedobject.CDIManagedObject,[JCDI],com.ibm.ws.cdi.internal.resources.CDI,null]"
  managedObject = class oumnou.lp.HelloServlet@445354f
    serialVersionUID = 1
    dataSource = null
    serialVersionUID = 8466325577512134784
    METHOD_DELETE = "DELETE"
    METHOD_HEAD = "HEAD"
    METHOD_GET = "GET"
    METHOD_OPTIONS = "OPTIONS"
    METHOD_POST = "POST"
    METHOD_PUT = "PUT"
    METHOD_TRACE = "TRACE"
    HEADER_IFMODSINCE = "If-Modified-Since"
    HEADER_LASTMOD = "Last-Modified"
    LEGACY_DO_HEAD = "jakarta.servlet.http.legacyDoHead"
    LSTRING_FILE = "jakarta.servlet.http.LocalStrings"
    lStrings = class java.util.PropertyResourceBundle@71c2de45
      encoding = "/* Could not access encoding */"
      lookup = "/* Could not access lookup */"
      INITIAL_CACHE_SIZE = "/* Could not access INITIAL_CACHE_SIZE */"
      NONEXISTENT_BUNDLE = "/* Could not access NONEXISTENT_BUNDLE */"
      cacheList = "/* Could not access cacheList */"
      referenceQueue = "/* Could not access referenceQueue */"
      parent = "/* Could not access parent */"
      locale = "/* Could not access locale */"
      name = "/* Could not access name */"
      expired = "/* Could not access expired */"
      cacheKey = "/* Could not access cacheKey */"
      keySet = "/* Could not access keySet */"
      UNKNOWN_FORMAT = "/* Could not access UNKNOWN_FORMAT */"
      TRACE_ON = "/* Could not access TRACE_ON */"
      $assertionsDisabled = "/* Could not access $assertionsDisabled */"
    legacyHeadHandling = false
    serialVersionUID = -8592279577370996712
    LSTRING_FILE = "jakarta.servlet.LocalStrings"
    lStrings = class java.util.PropertyResourceBundle@4961f746
      encoding = "/* Could not access encoding */"
      lookup = "/* Could not access lookup */"
      INITIAL_CACHE_SIZE = "/* Could not access INITIAL_CACHE_SIZE */"
      NONEXISTENT_BUNDLE = "/* Could not access NONEXISTENT_BUNDLE */"
      cacheList = "/* Could not access cacheList */"
      referenceQueue = "/* Could not access referenceQueue */"
      parent = "/* Could not access parent */"
      locale = "/* Could not access locale */"
      name = "/* Could not access name */"
      expired = "/* Could not access expired */"
      cacheKey = "/* Could not access cacheKey */"
      keySet = "/* Could not access keySet */"
      UNKNOWN_FORMAT = "/* Could not access UNKNOWN_FORMAT */"
      TRACE_ON = "/* Could not access TRACE_ON */"
      $assertionsDisabled = "/* Could not access $assertionsDisabled */"
    config = null
  creationalContext = class org.jboss.weld.contexts.CreationalContextImpl@2a71dd0c
    serialVersionUID = 7375854583908262422
    SERIALIZATION_PROXY = class org.jboss.weld.contexts.CreationalContextImpl$SerializationProxy@45cf58ce
      serialVersionUID = 5261112077771498097
    incompleteInstances = null
    contextual = null
    dependentInstances = class java.util.Collections$SynchronizedRandomAccessList@749ba14c
      serialVersionUID = "/* Could not access serialVersionUID */"
      serialVersionUID = "/* Could not access serialVersionUID */"
      list = "/* Could not access list */"
      serialVersionUID = "/* Could not access serialVersionUID */"
      c = "/* Could not access c */"
      mutex = "/* Could not access mutex */"
    parentDependentInstances = class java.util.Collections$SynchronizedRandomAccessList@2851fcf3
      serialVersionUID = "/* Could not access serialVersionUID */"
      serialVersionUID = "/* Could not access serialVersionUID */"
      list = "/* Could not access list */"
      serialVersionUID = "/* Could not access serialVersionUID */"
      c = "/* Could not access c */"
      mutex = "/* Could not access mutex */"
    parentCreationalContext = null
    destroyed = null
    resourceReferences = null
    constructorInterceptionSuppressed = false
    aroundConstructCallbacks = null
    aroundConstructInterceptionContext = null
  injectionTarget = class org.jboss.weld.injection.producer.BeanInjectionTarget@1b123507
    bean = null
    beanManager = class org.jboss.weld.manager.BeanManagerImpl@6b821c1
      serialVersionUID = 3021562879133838561
      CREATIONAL_CONTEXT = "creationalContext"
      services = class org.jboss.weld.bootstrap.api.helpers.SimpleServiceRegistry@6b1998f4
      contexts = class java.util.concurrent.ConcurrentHashMap@2c671ef1
      clientProxyProvider = class org.jboss.weld.bean.proxy.ClientProxyProvider@20e35176
      enterpriseBeans = class java.util.concurrent.ConcurrentHashMap@8fc095a
      enabled = class org.jboss.weld.bootstrap.enablement.ModuleEnablement@2f85fe89
      beanResolver = class org.jboss.weld.resolution.TypeSafeBeanResolver@3b01fd1e
      decoratorResolver = class org.jboss.weld.resolution.TypeSafeDecoratorResolver@15373e9
      interceptorResolver = class org.jboss.weld.resolution.TypeSafeInterceptorResolver@698d1c40
      nameBasedResolver = class org.jboss.weld.resolution.NameBasedResolver@69fcd64e
      weldELResolver = class org.jboss.weld.module.web.el.WeldELResolver@5d213f62
      accessibleLenientObserverNotifier = class org.jboss.weld.module.jta.TransactionalObserverNotifier@4777c314
      globalLenientObserverNotifier = class org.jboss.weld.module.jta.TransactionalObserverNotifier@4619a8a6
      globalStrictObserverNotifier = class org.jboss.weld.module.jta.TransactionalObserverNotifier@49d8588d
      enabledBeans = class java.util.concurrent.CopyOnWriteArrayList@1d56a4fb
      sharedBeans = class java.util.concurrent.CopyOnWriteArrayList@6440ab26
      specializedBeans = class java.util.concurrent.CopyOnWriteArrayList@6f176390
      decorators = class java.util.concurrent.CopyOnWriteArrayList@648042cf
      interceptors = class java.util.concurrent.CopyOnWriteArrayList@4c5953d8
      namespaces = class java.util.concurrent.CopyOnWriteArrayList@2d21d8ee
      observers = class java.util.concurrent.CopyOnWriteArrayList@79fe3539
      beanSet = null
      managers = class java.util.HashSet@1f8e86f3
      accessibleManagers = class java.util.HashSet@19cfd149
      id = "project#project.war"
      contextId = "project"
      interceptorModelRegistry = class java.util.concurrent.ConcurrentHashMap@3a0a8c36
      interceptorMetadataReader = class org.jboss.weld.interceptor.reader.InterceptorMetadataReader@325531b3
      containerLifecycleEvents = class org.jboss.weld.bootstrap.events.ContainerLifecycleEvents@59878014
      registry = class org.jboss.weld.bootstrap.SpecializationAndEnablementRegistry@3e2547f4
      currentInjectionPoint = class org.jboss.weld.injection.CurrentInjectionPoint@50a0173a
      clientProxyOptimization = false
      validationFailureCallbacks = class java.util.concurrent.CopyOnWriteArrayList@4b637c34
      requestInitializedEvent = class org.jboss.weld.util.LazyValueHolder$1@2e01c26c
      requestBeforeDestroyedEvent = class org.jboss.weld.util.LazyValueHolder$1@3a0f3abf
      requestDestroyedEvent = class org.jboss.weld.util.LazyValueHolder$1@6ac6e303
    type = class org.jboss.weld.annotated.slim.backed.BackedAnnotatedType@3faf12d4
      javaClass = class java.lang.Class@5f7f4e9c
      constructors = class org.jboss.weld.annotated.slim.backed.BackedAnnotatedType$BackedAnnotatedConstructors@3a94a0b3
      methods = class org.jboss.weld.annotated.slim.backed.BackedAnnotatedType$BackedAnnotatedMethods@1aa6172f
      fields = class org.jboss.weld.annotated.slim.backed.BackedAnnotatedType$BackedAnnotatedFields@593f0c06
      sharedObjectCache = class org.jboss.weld.resources.SharedObjectCache@43c22d9
      reflectionCache = class org.jboss.weld.resources.HotspotReflectionCache@1b329bd5
      identifier = class org.jboss.weld.annotated.slim.AnnotatedTypeIdentifier@3107e8f3
      typeClosure = class org.jboss.weld.annotated.enhanced.TypeClosureLazyValueHolder@10f98de9
      baseType = class java.lang.Class@5f7f4e9c
    injectionPoints = class java.util.Collections$EmptySet@77ae6bf9
      serialVersionUID = "/* Could not access serialVersionUID */"
    instantiator = class org.jboss.weld.injection.producer.DefaultInstantiator@78de8ac9
      constructor = class org.jboss.weld.injection.ConstructorInjectionPoint@1fce970c
    injector = class org.jboss.weld.injection.producer.ResourceInjector@7bec4041
      resourceInjectionsHierarchy = class java.util.Collections$EmptyList@7a4bc8e9
      injectableFields = class org.jboss.weld.util.collections.ImmutableArrayList@39a9dc03
      initializerMethods = class org.jboss.weld.util.collections.ImmutableArrayList@10919bbb
    invoker = class org.jboss.weld.injection.producer.DefaultLifecycleCallbackInvoker@612933db
      accessiblePostConstructMethods = class java.util.Collections$EmptyList@7a4bc8e9
      accessiblePreDestroyMethods = class java.util.Collections$EmptyList@7a4bc8e9
  lifecycleManaged = true
  beanScope = null
  identity = "oumnou.lp.HelloServlet@445354f"
  websphereInjectionServices = class com.ibm.ws.cdi.impl.weld.injection.WebSphereInjectionServicesImpl@2120b87
    tc = class com.ibm.websphere.ras.TraceComponent@4f980958
      strings[0] = "TraceComponent[com.ibm.ws.cdi.impl.weld.injection.WebSphereInjectionServicesImpl,class com.ibm.ws.cdi.impl.weld.injection.WebSphereInjectionServicesImpl,[JCDI],com.ibm.ws.cdi.internal.resources.CDI,null]"
    ANNOTATIONS_KNOWN_TO_WELD = class java.util.HashSet@5db2c22b
      serialVersionUID = "/* Could not access serialVersionUID */"
      map = "/* Could not access map */"
      PRESENT = "/* Could not access PRESENT */"
    referenceContextMap = class java.util.concurrent.ConcurrentHashMap@549845ef
      serialVersionUID = "/* Could not access serialVersionUID */"
      MAXIMUM_CAPACITY = "/* Could not access MAXIMUM_CAPACITY */"
      DEFAULT_CAPACITY = "/* Could not access DEFAULT_CAPACITY */"
      MAX_ARRAY_SIZE = "/* Could not access MAX_ARRAY_SIZE */"
      DEFAULT_CONCURRENCY_LEVEL = "/* Could not access DEFAULT_CONCURRENCY_LEVEL */"
      LOAD_FACTOR = "/* Could not access LOAD_FACTOR */"
      TREEIFY_THRESHOLD = "/* Could not access TREEIFY_THRESHOLD */"
      UNTREEIFY_THRESHOLD = "/* Could not access UNTREEIFY_THRESHOLD */"
      MIN_TREEIFY_CAPACITY = "/* Could not access MIN_TREEIFY_CAPACITY */"
      MIN_TRANSFER_STRIDE = "/* Could not access MIN_TRANSFER_STRIDE */"
      RESIZE_STAMP_BITS = "/* Could not access RESIZE_STAMP_BITS */"
      MAX_RESIZERS = "/* Could not access MAX_RESIZERS */"
      RESIZE_STAMP_SHIFT = "/* Could not access RESIZE_STAMP_SHIFT */"
      MOVED = "/* Could not access MOVED */"
      TREEBIN = "/* Could not access TREEBIN */"
      RESERVED = "/* Could not access RESERVED */"
      HASH_BITS = "/* Could not access HASH_BITS */"
      NCPU = "/* Could not access NCPU */"
      serialPersistentFields = "/* Could not access serialPersistentFields */"
      table = "/* Could not access table */"
      nextTable = "/* Could not access nextTable */"
      baseCount = "/* Could not access baseCount */"
      sizeCtl = "/* Could not access sizeCtl */"
      transferIndex = "/* Could not access transferIndex */"
      cellsBusy = "/* Could not access cellsBusy */"
      counterCells = "/* Could not access counterCells */"
      keySet = "/* Could not access keySet */"
      values = "/* Could not access values */"
      entrySet = "/* Could not access entrySet */"
      U = "/* Could not access U */"
      SIZECTL = "/* Could not access SIZECTL */"
      TRANSFERINDEX = "/* Could not access TRANSFERINDEX */"
      BASECOUNT = "/* Could not access BASECOUNT */"
      CELLSBUSY = "/* Could not access CELLSBUSY */"
      CELLVALUE = "/* Could not access CELLVALUE */"
      ABASE = "/* Could not access ABASE */"
      ASHIFT = "/* Could not access ASHIFT */"
      keySet = "/* Could not access keySet */"
      values = "/* Could not access values */"
    referenceContexts = class java.util.Collections$SetFromMap@7d7418eb
      m = "/* Could not access m */"
      s = "/* Could not access s */"
      serialVersionUID = "/* Could not access serialVersionUID */"
    injectionTargetListeners = class java.util.concurrent.ConcurrentHashMap@371b36f0
      serialVersionUID = "/* Could not access serialVersionUID */"
      MAXIMUM_CAPACITY = "/* Could not access MAXIMUM_CAPACITY */"
      DEFAULT_CAPACITY = "/* Could not access DEFAULT_CAPACITY */"
      MAX_ARRAY_SIZE = "/* Could not access MAX_ARRAY_SIZE */"
      DEFAULT_CONCURRENCY_LEVEL = "/* Could not access DEFAULT_CONCURRENCY_LEVEL */"
      LOAD_FACTOR = "/* Could not access LOAD_FACTOR */"
      TREEIFY_THRESHOLD = "/* Could not access TREEIFY_THRESHOLD */"
      UNTREEIFY_THRESHOLD = "/* Could not access UNTREEIFY_THRESHOLD */"
      MIN_TREEIFY_CAPACITY = "/* Could not access MIN_TREEIFY_CAPACITY */"
      MIN_TRANSFER_STRIDE = "/* Could not access MIN_TRANSFER_STRIDE */"
      RESIZE_STAMP_BITS = "/* Could not access RESIZE_STAMP_BITS */"
      MAX_RESIZERS = "/* Could not access MAX_RESIZERS */"
      RESIZE_STAMP_SHIFT = "/* Could not access RESIZE_STAMP_SHIFT */"
      MOVED = "/* Could not access MOVED */"
      TREEBIN = "/* Could not access TREEBIN */"
      RESERVED = "/* Could not access RESERVED */"
      HASH_BITS = "/* Could not access HASH_BITS */"
      NCPU = "/* Could not access NCPU */"
      serialPersistentFields = "/* Could not access serialPersistentFields */"
      table = "/* Could not access table */"
      nextTable = "/* Could not access nextTable */"
      baseCount = "/* Could not access baseCount */"
      sizeCtl = "/* Could not access sizeCtl */"
      transferIndex = "/* Could not access transferIndex */"
      cellsBusy = "/* Could not access cellsBusy */"
      counterCells = "/* Could not access counterCells */"
      keySet = "/* Could not access keySet */"
      values = "/* Could not access values */"
      entrySet = "/* Could not access entrySet */"
      U = "/* Could not access U */"
      SIZECTL = "/* Could not access SIZECTL */"
      TRANSFERINDEX = "/* Could not access TRANSFERINDEX */"
      BASECOUNT = "/* Could not access BASECOUNT */"
      CELLSBUSY = "/* Could not access CELLSBUSY */"
      CELLVALUE = "/* Could not access CELLVALUE */"
      ABASE = "/* Could not access ABASE */"
      ASHIFT = "/* Could not access ASHIFT */"
      keySet = "/* Could not access keySet */"
      values = "/* Could not access values */"
    deployment = class com.ibm.ws.cdi.impl.weld.WebSphereCDIDeploymentImpl@25475da7
      tc = class com.ibm.websphere.ras.TraceComponent@3a3d8001
      id = "project"
      deploymentDBAs = class java.util.HashMap@33e6c3dd
      applicationBDAs = class java.util.HashSet@6e08260a
      extensionBDAs = class java.util.HashMap@ca218d
      orderedBDAs = class java.util.ArrayList@1ffffe56
      bootstrap = class org.jboss.weld.bootstrap.WeldBootstrap@1a822e5f
      classloader = class com.ibm.ws.classloading.internal.AppClassLoader@3508e2dd
      extensionClassLoaders = class java.util.HashSet@35157373
      cdiEnabled = true
      cdiStatusMap = class java.util.HashMap@6402fa15
      classBDAMap = class java.util.concurrent.ConcurrentHashMap@4efa58d
      application = class com.ibm.ws.cdi.internal.archive.liberty.ApplicationImpl@f948399
      serviceRegistry = class org.jboss.weld.bootstrap.api.helpers.SimpleServiceRegistry@1184f7f3
      extensions = class java.util.HashSet@62a57584
      injectionServices = class com.ibm.ws.cdi.impl.weld.injection.WebSphereInjectionServicesImpl@2120b87
      cdiRuntime = class com.ibm.ws.cdi.liberty.CDIRuntimeImpl@63954509
      cdi = class com.ibm.ws.cdi.impl.CDIImpl@1b1f6790
      serialVersionUID = 4603914438338371166
    serialVersionUID = 2515575801175940133
  currentInjectionTargets = class java.util.HashSet@1808d0eb
    serialVersionUID = "/* Could not access serialVersionUID */"
    map = "/* Could not access map */"
    PRESENT = "/* Could not access PRESENT */"
  currentInjectionContext = class com.ibm.ws.cdi.impl.managedobject.CDIManagedObject$1@1cbfaef
    this$0 = class com.ibm.ws.cdi.impl.managedobject.CDIManagedObject@538c045f
    serialVersionUID = -5767132127582061148
    $$$tc$$$ = class com.ibm.websphere.ras.TraceComponent@578644a1
      strings[0] = "TraceComponent[com.ibm.ws.cdi.impl.managedobject.CDIManagedObject$1,class com.ibm.ws.cdi.impl.managedobject.CDIManagedObject$1,[JCDI],com.ibm.ws.cdi.internal.resources.CDI,null]"
  serialVersionUID = 642874158156701263

Dump of objectArray[0]
Object type = [Lcom.ibm.wsspi.injectionengine.InjectionTarget;
  InjectionTarget[0] = class com.ibm.wsspi.injectionengine.InjectionTargetField@5897ddd0
    CLASS_NAME = "com.ibm.wsspi.injectionengine.InjectionTargetField"
    tc = class com.ibm.websphere.ras.TraceComponent@3a466a20
      strings[0] = "TraceComponent[com.ibm.wsspi.injectionengine.InjectionTargetField,class com.ibm.wsspi.injectionengine.InjectionTargetField,[Injection],com.ibm.wsspi.injectionengine.injection,null]"
    ivField = class java.lang.reflect.Field@5e3c591e
    CLASS_NAME = "com.ibm.wsspi.injectionengine.InjectionTarget"
    tc = class com.ibm.websphere.ras.TraceComponent@148a8752
      strings[0] = "TraceComponent[com.ibm.wsspi.injectionengine.InjectionTarget,class com.ibm.wsspi.injectionengine.InjectionTarget,[Injection],com.ibm.wsspi.injectionengine.injection,null]"
    ivInjectionBinding = class com.ibm.ws.injectionengine.processor.ResourceInjectionBinding@7a94b6f4
      CLASS_NAME = "com.ibm.ws.injectionengine.processor.ResourceInjectionBinding"
      tc = class com.ibm.websphere.ras.TraceComponent@101c7b95
      svResourceLookupMethod = class java.lang.reflect.Method@328c85f3
      ivEnvValue = null
      ivLink = null
      ivXMLType = class com.ibm.ws.injectionengine.processor.ResourceXMLType@548964f4
      ivLookup = "jdbc/user_accounts"
      ivLookupInXml = false
      ivBindingName = "jdbc/user_accounts"
      ivBindingValue = null
      ivResRefConfig = class com.ibm.ws.resource.internal.ResourceRefConfigImpl@5d4563b4
      ivApplication = "project"
      ivModule = "project.war"
      ivComponent = "project.war"
      ivMergeCompleted = false
      ENV_ENTRY_TYPES = class java.lang.Class[10]
      CLASS_NAME = "com.ibm.wsspi.injectionengine.InjectionBinding"
      tc = class com.ibm.websphere.ras.TraceComponent@1e580afa
      ivContext = null
      ivProcessorClass = class java.lang.Class@39664e77
      ivJndiName = "oumnou.lp.HelloServlet/dataSource"
      ivInjectionScope = null
      ivJavaNameSpaceName = "oumnou.lp.HelloServlet/dataSource"
      ivAnnotation = class jdk.proxy11.$Proxy55@7097411f
      ivInjectionClassType = class java.lang.Class@2450afa7
      ivInjectionClassTypeName = null
      ivInjectedObject = null
      ivBindingObject = class com.ibm.ws.injectionengine.osgi.internal.IndirectReference@6b9d47a
      ivObjectFactoryClassName = "com.ibm.ws.injectionengine.osgi.internal.IndirectJndiLookupObjectFactory"
      ivObjectFactoryClass = null
      ivObjectFactory = class com.ibm.ws.injectionengine.osgi.internal.IndirectJndiLookupObjectFactory@38845644
      ivInjectionObjectFactory = null
      ivInjectionTargets = null
      ivJ2eeName = class com.ibm.ws.container.service.metadata.internal.J2EENameImpl@18c9c2a8
      ivNameSpaceConfig = null
      ivResolveAttempted = true
      ivJavaColonCompEnvMap = class java.util.LinkedHashMap@952a15
      ivCheckAppConfig = false
    ivFromXML = false

Dump of objectArray[1]
Object type = com.ibm.ws.cdi.impl.managedobject.CDIManagedObject$1
  this$0 = class com.ibm.ws.cdi.impl.managedobject.CDIManagedObject@538c045f
    tc = class com.ibm.websphere.ras.TraceComponent@2d787df6
      strings[0] = "TraceComponent[com.ibm.ws.cdi.impl.managedobject.CDIManagedObject,class com.ibm.ws.cdi.impl.managedobject.CDIManagedObject,[JCDI],com.ibm.ws.cdi.internal.resources.CDI,null]"
    managedObject = class oumnou.lp.HelloServlet@445354f
      serialVersionUID = 1
      dataSource = null
      serialVersionUID = 8466325577512134784
      METHOD_DELETE = "DELETE"
      METHOD_HEAD = "HEAD"
      METHOD_GET = "GET"
      METHOD_OPTIONS = "OPTIONS"
      METHOD_POST = "POST"
      METHOD_PUT = "PUT"
      METHOD_TRACE = "TRACE"
      HEADER_IFMODSINCE = "If-Modified-Since"
      HEADER_LASTMOD = "Last-Modified"
      LEGACY_DO_HEAD = "jakarta.servlet.http.legacyDoHead"
      LSTRING_FILE = "jakarta.servlet.http.LocalStrings"
      lStrings = class java.util.PropertyResourceBundle@71c2de45
      legacyHeadHandling = false
      serialVersionUID = -8592279577370996712
      LSTRING_FILE = "jakarta.servlet.LocalStrings"
      lStrings = class java.util.PropertyResourceBundle@4961f746
      config = null
    creationalContext = class org.jboss.weld.contexts.CreationalContextImpl@2a71dd0c
      serialVersionUID = 7375854583908262422
      SERIALIZATION_PROXY = class org.jboss.weld.contexts.CreationalContextImpl$SerializationProxy@45cf58ce
      incompleteInstances = null
      contextual = null
      dependentInstances = class java.util.Collections$SynchronizedRandomAccessList@749ba14c
      parentDependentInstances = class java.util.Collections$SynchronizedRandomAccessList@2851fcf3
      parentCreationalContext = null
      destroyed = null
      resourceReferences = null
      constructorInterceptionSuppressed = false
      aroundConstructCallbacks = null
      aroundConstructInterceptionContext = null
    injectionTarget = class org.jboss.weld.injection.producer.BeanInjectionTarget@1b123507
      bean = null
      beanManager = class org.jboss.weld.manager.BeanManagerImpl@6b821c1
      type = class org.jboss.weld.annotated.slim.backed.BackedAnnotatedType@3faf12d4
      injectionPoints = class java.util.Collections$EmptySet@77ae6bf9
      instantiator = class org.jboss.weld.injection.producer.DefaultInstantiator@78de8ac9
      injector = class org.jboss.weld.injection.producer.ResourceInjector@7bec4041
      invoker = class org.jboss.weld.injection.producer.DefaultLifecycleCallbackInvoker@612933db
    lifecycleManaged = true
    beanScope = null
    identity = "oumnou.lp.HelloServlet@445354f"
    websphereInjectionServices = class com.ibm.ws.cdi.impl.weld.injection.WebSphereInjectionServicesImpl@2120b87
      tc = class com.ibm.websphere.ras.TraceComponent@4f980958
      ANNOTATIONS_KNOWN_TO_WELD = class java.util.HashSet@5db2c22b
      referenceContextMap = class java.util.concurrent.ConcurrentHashMap@549845ef
      referenceContexts = class java.util.Collections$SetFromMap@7d7418eb
      injectionTargetListeners = class java.util.concurrent.ConcurrentHashMap@371b36f0
      deployment = class com.ibm.ws.cdi.impl.weld.WebSphereCDIDeploymentImpl@25475da7
      serialVersionUID = 2515575801175940133
    currentInjectionTargets = class java.util.HashSet@1808d0eb
      serialVersionUID = "/* Could not access serialVersionUID */"
      map = "/* Could not access map */"
      PRESENT = "/* Could not access PRESENT */"
    currentInjectionContext = class com.ibm.ws.cdi.impl.managedobject.CDIManagedObject$1@1cbfaef
    serialVersionUID = 642874158156701263
  serialVersionUID = -5767132127582061148
  $$$tc$$$ = class com.ibm.websphere.ras.TraceComponent@578644a1
    strings[0] = "TraceComponent[com.ibm.ws.cdi.impl.managedobject.CDIManagedObject$1,class com.ibm.ws.cdi.impl.managedobject.CDIManagedObject$1,[JCDI],com.ibm.ws.cdi.internal.resources.CDI,null]"

