------Start of DE processing------ = [2/26/24, 11:59:58:903 WEST ]
Exception = java.security.PrivilegedActionException
Source = com.ibm.ws.cdi.impl.weld.injection.WebSphereInjectionServicesImpl
probeid = 118
Stack Dump = java.security.PrivilegedActionException: com.ibm.wsspi.injectionengine.InjectionException: CWNEN0030E: The server was unable to obtain an object instance for the java:comp/env/oumnou.lp.HelloServlet/dataSource reference.  The exception message was: CWNEN1003E: The server was unable to find the jdbc/user_accounts binding with the javax.sql.DataSource type for the java:comp/env/oumnou.lp.HelloServlet/dataSource reference.
	at java.base/java.security.AccessController.doPrivileged(AccessController.java:575)
	at com.ibm.ws.cdi.impl.weld.injection.WebSphereInjectionServicesImpl.callInject(WebSphereInjectionServicesImpl.java:132)
	at com.ibm.ws.cdi.impl.weld.injection.WebSphereInjectionServicesImpl.injectJavaEEResources(WebSphereInjectionServicesImpl.java:114)
	at com.ibm.ws.cdi.impl.weld.injection.WebSphereInjectionServicesImpl.aroundInject(WebSphereInjectionServicesImpl.java:319)
	at org.jboss.weld.injection.InjectionContextImpl.run(InjectionContextImpl.java:46)
	at org.jboss.weld.injection.producer.ResourceInjector.inject(ResourceInjector.java:71)
	at org.jboss.weld.injection.producer.BasicInjectionTarget.inject(BasicInjectionTarget.java:117)
	at com.ibm.ws.cdi.impl.managedobject.CDIManagedObject.cdiInjection(CDIManagedObject.java:204)
	at com.ibm.ws.cdi.impl.managedobject.CDIManagedObject.inject(CDIManagedObject.java:177)
	at com.ibm.ws.cdi.impl.managedobject.CDIManagedObject.inject(CDIManagedObject.java:155)
	at com.ibm.ws.webcontainer.osgi.webapp.WebApp.inject(WebApp.java:1278)
	at com.ibm.ws.webcontainer.osgi.webapp.WebApp.injectAndPostConstruct(WebApp.java:1419)
	at com.ibm.ws.webcontainer.osgi.webapp.WebApp.injectAndPostConstruct(WebApp.java:1407)
	at com.ibm.ws.webcontainer.osgi.servlet.ServletWrapper.createTarget(ServletWrapper.java:65)
	at com.ibm.ws.webcontainer.servlet.ServletWrapper$1.run(ServletWrapper.java:1545)
	at java.base/java.security.AccessController.doPrivileged(AccessController.java:571)
	at com.ibm.ws.webcontainer.servlet.ServletWrapper.loadServlet(ServletWrapper.java:1513)
	at com.ibm.ws.webcontainer.servlet.ServletWrapper.handleRequest(ServletWrapper.java:592)
	at com.ibm.ws.webcontainer.servlet.ServletWrapper.handleRequest(ServletWrapper.java:445)
	at com.ibm.ws.webcontainer.filter.WebAppFilterManager.invokeFilters(WebAppFilterManager.java:1361)
	at com.ibm.ws.webcontainer.webapp.WebApp.handleRequest(WebApp.java:5076)
	at com.ibm.ws.webcontainer.osgi.DynamicVirtualHost$2.handleRequest(DynamicVirtualHost.java:328)
	at com.ibm.ws.webcontainer.WebContainer.handleRequest(WebContainer.java:1038)
	at com.ibm.ws.webcontainer.osgi.DynamicVirtualHost$2.run(DynamicVirtualHost.java:293)
	at com.ibm.ws.http.dispatcher.internal.channel.HttpDispatcherLink$TaskWrapper.run(HttpDispatcherLink.java:1260)
	at com.ibm.ws.http.dispatcher.internal.channel.HttpDispatcherLink.wrapHandlerAndExecute(HttpDispatcherLink.java:476)
	at com.ibm.ws.http.dispatcher.internal.channel.HttpDispatcherLink.ready(HttpDispatcherLink.java:435)
	at com.ibm.ws.http.channel.internal.inbound.HttpInboundLink.handleDiscrimination(HttpInboundLink.java:569)
	at com.ibm.ws.http.channel.internal.inbound.HttpInboundLink.handleNewRequest(HttpInboundLink.java:503)
	at com.ibm.ws.http.channel.internal.inbound.HttpInboundLink.processRequest(HttpInboundLink.java:363)
	at com.ibm.ws.http.channel.internal.inbound.HttpInboundLink.ready(HttpInboundLink.java:330)
	at com.ibm.ws.tcpchannel.internal.NewConnectionInitialReadCallback.sendToDiscriminators(NewConnectionInitialReadCallback.java:169)
	at com.ibm.ws.tcpchannel.internal.NewConnectionInitialReadCallback.complete(NewConnectionInitialReadCallback.java:77)
	at com.ibm.ws.tcpchannel.internal.WorkQueueManager.requestComplete(WorkQueueManager.java:516)
	at com.ibm.ws.tcpchannel.internal.WorkQueueManager.attemptIO(WorkQueueManager.java:586)
	at com.ibm.ws.tcpchannel.internal.WorkQueueManager.workerRun(WorkQueueManager.java:970)
	at com.ibm.ws.tcpchannel.internal.WorkQueueManager$Worker.run(WorkQueueManager.java:1059)
	at com.ibm.ws.threading.internal.ExecutorServiceImpl$RunnableWrapper.run(ExecutorServiceImpl.java:280)
	at java.base/java.util.concurrent.ThreadPoolExecutor.runWorker(ThreadPoolExecutor.java:1144)
	at java.base/java.util.concurrent.ThreadPoolExecutor$Worker.run(ThreadPoolExecutor.java:642)
	at java.base/java.lang.Thread.run(Thread.java:1583)
Caused by: com.ibm.wsspi.injectionengine.InjectionException: CWNEN0030E: The server was unable to obtain an object instance for the java:comp/env/oumnou.lp.HelloServlet/dataSource reference.  The exception message was: CWNEN1003E: The server was unable to find the jdbc/user_accounts binding with the javax.sql.DataSource type for the java:comp/env/oumnou.lp.HelloServlet/dataSource reference.
	at com.ibm.wsspi.injectionengine.InjectionBinding.getInjectionObject(InjectionBinding.java:1462)
	at com.ibm.wsspi.injectionengine.InjectionBinding.getInjectableObject(InjectionBinding.java:1376)
	at com.ibm.wsspi.injectionengine.InjectionTarget.inject(InjectionTarget.java:106)
	at com.ibm.ws.cdi.impl.weld.injection.WebSphereInjectionServicesImpl.inject(WebSphereInjectionServicesImpl.java:200)
	at com.ibm.ws.cdi.impl.weld.injection.WebSphereInjectionServicesImpl.inject(WebSphereInjectionServicesImpl.java:152)
	at com.ibm.ws.cdi.impl.weld.injection.WebSphereInjectionServicesImpl.access$000(WebSphereInjectionServicesImpl.java:76)
	at com.ibm.ws.cdi.impl.weld.injection.WebSphereInjectionServicesImpl$1.run(WebSphereInjectionServicesImpl.java:136)
	at com.ibm.ws.cdi.impl.weld.injection.WebSphereInjectionServicesImpl$1.run(WebSphereInjectionServicesImpl.java:132)
	at java.base/java.security.AccessController.doPrivileged(AccessController.java:571)
	... 40 more
Caused by: com.ibm.wsspi.injectionengine.InjectionException: CWNEN1003E: The server was unable to find the jdbc/user_accounts binding with the javax.sql.DataSource type for the java:comp/env/oumnou.lp.HelloServlet/dataSource reference.
	at com.ibm.ws.injectionengine.osgi.internal.IndirectJndiLookupObjectFactory.getObjectInstance(IndirectJndiLookupObjectFactory.java:205)
	at com.ibm.ws.injectionengine.osgi.internal.IndirectJndiLookupObjectFactory.getObjectInstance(IndirectJndiLookupObjectFactory.java:102)
	at com.ibm.wsspi.injectionengine.InjectionBinding.getInjectionObjectInstance(InjectionBinding.java:1560)
	at com.ibm.wsspi.injectionengine.InjectionBinding.getInjectionObject(InjectionBinding.java:1436)
	... 48 more

Dump of callerThis
Object type = com.ibm.ws.cdi.impl.weld.injection.WebSphereInjectionServicesImpl
  tc = class com.ibm.websphere.ras.TraceComponent@4f980958
    strings[0] = "TraceComponent[com.ibm.ws.cdi.impl.weld.injection.WebSphereInjectionServicesImpl,class com.ibm.ws.cdi.impl.weld.injection.WebSphereInjectionServicesImpl,[JCDI],com.ibm.ws.cdi.internal.resources.CDI,null]"
  ANNOTATIONS_KNOWN_TO_WELD = class java.util.HashSet@5db2c22b
    serialVersionUID = "/* Could not access serialVersionUID */"
    map = "/* Could not access map */"
    PRESENT = "/* Could not access PRESENT */"
  referenceContextMap = class java.util.concurrent.ConcurrentHashMap@549845ef
    serialVersionUID = "/* Could not access serialVersionUID */"
    MAXIMUM_CAPACITY = "/* Could not access MAXIMUM_CAPACITY */"
    DEFAULT_CAPACITY = "/* Could not access DEFAULT_CAPACITY */"
    MAX_ARRAY_SIZE = "/* Could not access MAX_ARRAY_SIZE */"
    DEFAULT_CONCURRENCY_LEVEL = "/* Could not access DEFAULT_CONCURRENCY_LEVEL */"
    LOAD_FACTOR = "/* Could not access LOAD_FACTOR */"
    TREEIFY_THRESHOLD = "/* Could not access TREEIFY_THRESHOLD */"
    UNTREEIFY_THRESHOLD = "/* Could not access UNTREEIFY_THRESHOLD */"
    MIN_TREEIFY_CAPACITY = "/* Could not access MIN_TREEIFY_CAPACITY */"
    MIN_TRANSFER_STRIDE = "/* Could not access MIN_TRANSFER_STRIDE */"
    RESIZE_STAMP_BITS = "/* Could not access RESIZE_STAMP_BITS */"
    MAX_RESIZERS = "/* Could not access MAX_RESIZERS */"
    RESIZE_STAMP_SHIFT = "/* Could not access RESIZE_STAMP_SHIFT */"
    MOVED = "/* Could not access MOVED */"
    TREEBIN = "/* Could not access TREEBIN */"
    RESERVED = "/* Could not access RESERVED */"
    HASH_BITS = "/* Could not access HASH_BITS */"
    NCPU = "/* Could not access NCPU */"
    serialPersistentFields = "/* Could not access serialPersistentFields */"
    table = "/* Could not access table */"
    nextTable = "/* Could not access nextTable */"
    baseCount = "/* Could not access baseCount */"
    sizeCtl = "/* Could not access sizeCtl */"
    transferIndex = "/* Could not access transferIndex */"
    cellsBusy = "/* Could not access cellsBusy */"
    counterCells = "/* Could not access counterCells */"
    keySet = "/* Could not access keySet */"
    values = "/* Could not access values */"
    entrySet = "/* Could not access entrySet */"
    U = "/* Could not access U */"
    SIZECTL = "/* Could not access SIZECTL */"
    TRANSFERINDEX = "/* Could not access TRANSFERINDEX */"
    BASECOUNT = "/* Could not access BASECOUNT */"
    CELLSBUSY = "/* Could not access CELLSBUSY */"
    CELLVALUE = "/* Could not access CELLVALUE */"
    ABASE = "/* Could not access ABASE */"
    ASHIFT = "/* Could not access ASHIFT */"
    keySet = "/* Could not access keySet */"
    values = "/* Could not access values */"
  referenceContexts = class java.util.Collections$SetFromMap@7d7418eb
    m = "/* Could not access m */"
    s = "/* Could not access s */"
    serialVersionUID = "/* Could not access serialVersionUID */"
  injectionTargetListeners = class java.util.concurrent.ConcurrentHashMap@371b36f0
    serialVersionUID = "/* Could not access serialVersionUID */"
    MAXIMUM_CAPACITY = "/* Could not access MAXIMUM_CAPACITY */"
    DEFAULT_CAPACITY = "/* Could not access DEFAULT_CAPACITY */"
    MAX_ARRAY_SIZE = "/* Could not access MAX_ARRAY_SIZE */"
    DEFAULT_CONCURRENCY_LEVEL = "/* Could not access DEFAULT_CONCURRENCY_LEVEL */"
    LOAD_FACTOR = "/* Could not access LOAD_FACTOR */"
    TREEIFY_THRESHOLD = "/* Could not access TREEIFY_THRESHOLD */"
    UNTREEIFY_THRESHOLD = "/* Could not access UNTREEIFY_THRESHOLD */"
    MIN_TREEIFY_CAPACITY = "/* Could not access MIN_TREEIFY_CAPACITY */"
    MIN_TRANSFER_STRIDE = "/* Could not access MIN_TRANSFER_STRIDE */"
    RESIZE_STAMP_BITS = "/* Could not access RESIZE_STAMP_BITS */"
    MAX_RESIZERS = "/* Could not access MAX_RESIZERS */"
    RESIZE_STAMP_SHIFT = "/* Could not access RESIZE_STAMP_SHIFT */"
    MOVED = "/* Could not access MOVED */"
    TREEBIN = "/* Could not access TREEBIN */"
    RESERVED = "/* Could not access RESERVED */"
    HASH_BITS = "/* Could not access HASH_BITS */"
    NCPU = "/* Could not access NCPU */"
    serialPersistentFields = "/* Could not access serialPersistentFields */"
    table = "/* Could not access table */"
    nextTable = "/* Could not access nextTable */"
    baseCount = "/* Could not access baseCount */"
    sizeCtl = "/* Could not access sizeCtl */"
    transferIndex = "/* Could not access transferIndex */"
    cellsBusy = "/* Could not access cellsBusy */"
    counterCells = "/* Could not access counterCells */"
    keySet = "/* Could not access keySet */"
    values = "/* Could not access values */"
    entrySet = "/* Could not access entrySet */"
    U = "/* Could not access U */"
    SIZECTL = "/* Could not access SIZECTL */"
    TRANSFERINDEX = "/* Could not access TRANSFERINDEX */"
    BASECOUNT = "/* Could not access BASECOUNT */"
    CELLSBUSY = "/* Could not access CELLSBUSY */"
    CELLVALUE = "/* Could not access CELLVALUE */"
    ABASE = "/* Could not access ABASE */"
    ASHIFT = "/* Could not access ASHIFT */"
    keySet = "/* Could not access keySet */"
    values = "/* Could not access values */"
  deployment = class com.ibm.ws.cdi.impl.weld.WebSphereCDIDeploymentImpl@25475da7
    tc = class com.ibm.websphere.ras.TraceComponent@3a3d8001
      strings[0] = "TraceComponent[com.ibm.ws.cdi.impl.weld.WebSphereCDIDeploymentImpl,class com.ibm.ws.cdi.impl.weld.WebSphereCDIDeploymentImpl,[JCDI],com.ibm.ws.cdi.internal.resources.CDI,null]"
    id = "project"
    deploymentDBAs = class java.util.HashMap@33e6c3dd
      serialVersionUID = "/* Could not access serialVersionUID */"
      DEFAULT_INITIAL_CAPACITY = "/* Could not access DEFAULT_INITIAL_CAPACITY */"
      MAXIMUM_CAPACITY = "/* Could not access MAXIMUM_CAPACITY */"
      DEFAULT_LOAD_FACTOR = "/* Could not access DEFAULT_LOAD_FACTOR */"
      TREEIFY_THRESHOLD = "/* Could not access TREEIFY_THRESHOLD */"
      UNTREEIFY_THRESHOLD = "/* Could not access UNTREEIFY_THRESHOLD */"
      MIN_TREEIFY_CAPACITY = "/* Could not access MIN_TREEIFY_CAPACITY */"
      table = "/* Could not access table */"
      entrySet = "/* Could not access entrySet */"
      size = "/* Could not access size */"
      modCount = "/* Could not access modCount */"
      threshold = "/* Could not access threshold */"
      loadFactor = "/* Could not access loadFactor */"
      keySet = "/* Could not access keySet */"
      values = "/* Could not access values */"
    applicationBDAs = class java.util.HashSet@6e08260a
      serialVersionUID = "/* Could not access serialVersionUID */"
      map = "/* Could not access map */"
      PRESENT = "/* Could not access PRESENT */"
    extensionBDAs = class java.util.HashMap@ca218d
      serialVersionUID = "/* Could not access serialVersionUID */"
      DEFAULT_INITIAL_CAPACITY = "/* Could not access DEFAULT_INITIAL_CAPACITY */"
      MAXIMUM_CAPACITY = "/* Could not access MAXIMUM_CAPACITY */"
      DEFAULT_LOAD_FACTOR = "/* Could not access DEFAULT_LOAD_FACTOR */"
      TREEIFY_THRESHOLD = "/* Could not access TREEIFY_THRESHOLD */"
      UNTREEIFY_THRESHOLD = "/* Could not access UNTREEIFY_THRESHOLD */"
      MIN_TREEIFY_CAPACITY = "/* Could not access MIN_TREEIFY_CAPACITY */"
      table = "/* Could not access table */"
      entrySet = "/* Could not access entrySet */"
      size = "/* Could not access size */"
      modCount = "/* Could not access modCount */"
      threshold = "/* Could not access threshold */"
      loadFactor = "/* Could not access loadFactor */"
      keySet = "/* Could not access keySet */"
      values = "/* Could not access values */"
    orderedBDAs = class java.util.ArrayList@1ffffe56
      serialVersionUID = "/* Could not access serialVersionUID */"
      DEFAULT_CAPACITY = "/* Could not access DEFAULT_CAPACITY */"
      EMPTY_ELEMENTDATA = "/* Could not access EMPTY_ELEMENTDATA */"
      DEFAULTCAPACITY_EMPTY_ELEMENTDATA = "/* Could not access DEFAULTCAPACITY_EMPTY_ELEMENTDATA */"
      elementData = "/* Could not access elementData */"
      size = "/* Could not access size */"
      modCount = "/* Could not access modCount */"
    bootstrap = class org.jboss.weld.bootstrap.WeldBootstrap@1a822e5f
      weldStartup = null
      weldRuntime = class org.jboss.weld.bootstrap.WeldRuntime@5b654cbc
      beansXmlValidator = null
    classloader = class com.ibm.ws.classloading.internal.AppClassLoader@3508e2dd
      tc = class com.ibm.websphere.ras.TraceComponent@7b5a6eb5
      forbiddenClassNames = class java.util.Collections$UnmodifiableSet@3a276ce6
      FORBIDDEN_PROPERTIES = "forbidden.properties"
      NOTHING_FORBIDDEN_PROPERTY = "io.openliberty.classloading.nothing.forbidden"
      disableSharedClassesCache = false
      PARENT_FIRST_SEARCH_ORDER = class java.util.Collections$UnmodifiableRandomAccessList@11dd3449
      packagesDefined = class java.util.Collections$SetFromMap@73777d0f
      CLASS_LOADING_TRACE_PREFIX = "com.ibm.ws.class.load."
      DEFAULT_PACKAGE = "default.package"
      perPackageClassLoadingTraceComponents = class java.util.concurrent.ConcurrentHashMap@31091e1d
      config = class com.ibm.ws.classloading.internal.ClassLoaderConfigurationImpl@d264fdc
      privateLibraries = null
      delegateLoaders = class com.ibm.ws.classloading.internal.util.CompositeIterable@6172dd9f
      nativeLibraryFiles = class java.util.ArrayList@29254bbb
      transformers = class java.util.ArrayList@50255174
      systemTransformers = class java.util.concurrent.CopyOnWriteArrayList@3c485594
      apiAccess = class com.ibm.ws.classloading.internal.AppClassLoader@46dbcfd9
      generator = class com.ibm.ws.classloading.internal.ClassGeneratorManager@242b4549
      protectionDomains = class java.util.concurrent.ConcurrentHashMap@6f42ac03
      hook = null
      serialVersionUID = 5906478461061001036
      checkpointPhase = class io.openliberty.checkpoint.spi.CheckpointPhase@2f6e4f9
      tc = class com.ibm.websphere.ras.TraceComponent@2ef0472f
      smartClassPath = class com.ibm.ws.classloading.internal.ContainerClassLoader$SmartClassPathImpl@182b1a51
      nativeLibraryContainers = class java.util.ArrayList@1bd0e27c
      redefiner = class com.ibm.ws.classloading.internal.util.ClassRedefiner@18ac2ab1
      jarProtocol = "wsjar:"
      mapCreationQueue = class java.util.concurrent.Executors$AutoShutdownDelegatedExecutorService@2dc8d471
      serialVersionUID = 251246017270836472
      parent = class com.ibm.ws.classloading.internal.AppClassLoader@46dbcfd9
      classNameLockStore = class com.ibm.ws.kernel.boot.utils.KeyBasedLockStore@6104be83
      serialVersionUID = -3020377578845918238
      $$$tc$$$ = class com.ibm.websphere.ras.TraceComponent@59e10c0a
      pdcache = "/* Could not access pdcache */"
    extensionClassLoaders = class java.util.HashSet@35157373
      serialVersionUID = "/* Could not access serialVersionUID */"
      map = "/* Could not access map */"
      PRESENT = "/* Could not access PRESENT */"
    cdiEnabled = true
    cdiStatusMap = class java.util.HashMap@6402fa15
      serialVersionUID = "/* Could not access serialVersionUID */"
      DEFAULT_INITIAL_CAPACITY = "/* Could not access DEFAULT_INITIAL_CAPACITY */"
      MAXIMUM_CAPACITY = "/* Could not access MAXIMUM_CAPACITY */"
      DEFAULT_LOAD_FACTOR = "/* Could not access DEFAULT_LOAD_FACTOR */"
      TREEIFY_THRESHOLD = "/* Could not access TREEIFY_THRESHOLD */"
      UNTREEIFY_THRESHOLD = "/* Could not access UNTREEIFY_THRESHOLD */"
      MIN_TREEIFY_CAPACITY = "/* Could not access MIN_TREEIFY_CAPACITY */"
      table = "/* Could not access table */"
      entrySet = "/* Could not access entrySet */"
      size = "/* Could not access size */"
      modCount = "/* Could not access modCount */"
      threshold = "/* Could not access threshold */"
      loadFactor = "/* Could not access loadFactor */"
      keySet = "/* Could not access keySet */"
      values = "/* Could not access values */"
    classBDAMap = class java.util.concurrent.ConcurrentHashMap@4efa58d
      serialVersionUID = "/* Could not access serialVersionUID */"
      MAXIMUM_CAPACITY = "/* Could not access MAXIMUM_CAPACITY */"
      DEFAULT_CAPACITY = "/* Could not access DEFAULT_CAPACITY */"
      MAX_ARRAY_SIZE = "/* Could not access MAX_ARRAY_SIZE */"
      DEFAULT_CONCURRENCY_LEVEL = "/* Could not access DEFAULT_CONCURRENCY_LEVEL */"
      LOAD_FACTOR = "/* Could not access LOAD_FACTOR */"
      TREEIFY_THRESHOLD = "/* Could not access TREEIFY_THRESHOLD */"
      UNTREEIFY_THRESHOLD = "/* Could not access UNTREEIFY_THRESHOLD */"
      MIN_TREEIFY_CAPACITY = "/* Could not access MIN_TREEIFY_CAPACITY */"
      MIN_TRANSFER_STRIDE = "/* Could not access MIN_TRANSFER_STRIDE */"
      RESIZE_STAMP_BITS = "/* Could not access RESIZE_STAMP_BITS */"
      MAX_RESIZERS = "/* Could not access MAX_RESIZERS */"
      RESIZE_STAMP_SHIFT = "/* Could not access RESIZE_STAMP_SHIFT */"
      MOVED = "/* Could not access MOVED */"
      TREEBIN = "/* Could not access TREEBIN */"
      RESERVED = "/* Could not access RESERVED */"
      HASH_BITS = "/* Could not access HASH_BITS */"
      NCPU = "/* Could not access NCPU */"
      serialPersistentFields = "/* Could not access serialPersistentFields */"
      table = "/* Could not access table */"
      nextTable = "/* Could not access nextTable */"
      baseCount = "/* Could not access baseCount */"
      sizeCtl = "/* Could not access sizeCtl */"
      transferIndex = "/* Could not access transferIndex */"
      cellsBusy = "/* Could not access cellsBusy */"
      counterCells = "/* Could not access counterCells */"
      keySet = "/* Could not access keySet */"
      values = "/* Could not access values */"
      entrySet = "/* Could not access entrySet */"
      U = "/* Could not access U */"
      SIZECTL = "/* Could not access SIZECTL */"
      TRANSFERINDEX = "/* Could not access TRANSFERINDEX */"
      BASECOUNT = "/* Could not access BASECOUNT */"
      CELLSBUSY = "/* Could not access CELLSBUSY */"
      CELLVALUE = "/* Could not access CELLVALUE */"
      ABASE = "/* Could not access ABASE */"
      ASHIFT = "/* Could not access ASHIFT */"
      keySet = "/* Could not access keySet */"
      values = "/* Could not access values */"
    application = class com.ibm.ws.cdi.internal.archive.liberty.ApplicationImpl@f948399
      tc = class com.ibm.websphere.ras.TraceComponent@354131a0
      applicationInfo = class com.ibm.ws.container.service.app.deploy.internal.ApplicationInfoImpl@7815c064
      earApplicationInfo = null
      factory = class com.ibm.ws.cdi.internal.archive.liberty.RuntimeFactory@5a445571
      type = class com.ibm.ws.cdi.internal.interfaces.ApplicationType@32f13bf0
      moduleArchives = class java.util.HashMap$Values@30bcb721
      libraryArchives = class java.util.HashMap$Values@6b1f5aa
      tccl = class com.ibm.ws.classloading.internal.ThreadContextClassLoader@8fdc8b8
      serialVersionUID = -1774035872069118191
    serviceRegistry = class org.jboss.weld.bootstrap.api.helpers.SimpleServiceRegistry@1184f7f3
      services = class java.util.HashMap@1b5c2414
    extensions = class java.util.HashSet@62a57584
      serialVersionUID = "/* Could not access serialVersionUID */"
      map = "/* Could not access map */"
      PRESENT = "/* Could not access PRESENT */"
    injectionServices = class com.ibm.ws.cdi.impl.weld.injection.WebSphereInjectionServicesImpl@2120b87
    cdiRuntime = class com.ibm.ws.cdi.liberty.CDIRuntimeImpl@63954509
      tc = class com.ibm.websphere.ras.TraceComponent@4c178768
      metaDataSlotServiceSR = class com.ibm.wsspi.kernel.service.utils.AtomicServiceReference@1a5f25c6
      ejbEndpointServiceSR = class com.ibm.wsspi.kernel.service.utils.AtomicServiceReference@1fd93590
      classLoadingSRRef = class com.ibm.wsspi.kernel.service.utils.AtomicServiceReference@70b2ba1b
      ejbServices = class com.ibm.wsspi.kernel.service.utils.AtomicServiceReference@7977367f
      transactionService = class com.ibm.wsspi.kernel.service.utils.AtomicServiceReference@1a655d82
      securityServices = class com.ibm.wsspi.kernel.service.utils.AtomicServiceReference@4c469eeb
      extensionsSR = class com.ibm.wsspi.kernel.service.utils.ConcurrentServiceReferenceSet@29c1971a
      spiExtensionsSR = class com.ibm.wsspi.kernel.service.utils.ConcurrentServiceReferenceSet@69c58893
      containerFactorySRRef = class com.ibm.wsspi.kernel.service.utils.AtomicServiceReference@597c4164
      adaptableModuleFactorySRRef = class com.ibm.wsspi.kernel.service.utils.AtomicServiceReference@21b53d66
      injectionEngineServiceRef = class com.ibm.wsspi.kernel.service.utils.AtomicServiceReference@469070d
      scheduledExecutorServiceRef = class com.ibm.wsspi.kernel.service.utils.AtomicServiceReference@41ad8603
      executorServiceRef = class com.ibm.wsspi.kernel.service.utils.AtomicServiceReference@7a618833
      managedExecutorServiceRef = class com.ibm.wsspi.kernel.service.utils.AtomicServiceReference@72b7d414
      resourceRefConfigFactoryRef = class com.ibm.wsspi.kernel.service.utils.AtomicServiceReference@3e2af420
      deferredMetaDataFactoryRef = class com.ibm.wsspi.kernel.service.utils.AtomicServiceReference@131af078
      beansXmlParser = class io.openliberty.cdi40.internal.weld.CDI40BeansXmlParserImpl@654cd238
      bceFinder = class io.openliberty.cdi40.internal.weld.CDI40BceFinder@2917adf1
      cdiContainerEventManager = class io.openliberty.cdi40.internal.weld.CDI40ContainerEventManagerImpl@40f5c707
      weldDevelopmentMode = null
      cdiContainerConfig = class io.openliberty.cdi40.internal.weld.CDI40AggregatedConfigurationImpl@4287651
      extensionArchiveProviders = class java.util.ArrayList@776a9fe
      extensionArchiveFactories = class java.util.ArrayList@131af4c4
      applicationSlot = class com.ibm.ws.runtime.metadata.MetaDataSlotImpl@7db9c45f
      isClientProcess = false
      runtimeFactory = class com.ibm.ws.cdi.internal.archive.liberty.RuntimeFactory@5a445571
      proxyServices = class com.ibm.ws.cdi.proxy.ProxyServicesImpl@3ae4af47
      serialVersionUID = 7930911400118500928
      cdiContainer = class com.ibm.ws.cdi.impl.CDIContainerImpl@86fd8bc
      serialVersionUID = 7975911090376029176
      $$$tc$$$ = class com.ibm.websphere.ras.TraceComponent@6f82bf1d
    cdi = class com.ibm.ws.cdi.impl.CDIImpl@1b1f6790
      cdiService = class com.ibm.ws.cdi.liberty.CDIRuntimeImpl@63954509
      serialVersionUID = -7939958868102936626
      $$$tc$$$ = class com.ibm.websphere.ras.TraceComponent@86eddd5
      knownClassNames = class org.jboss.weld.util.collections.ImmutableTinySet$Tripleton@4f71b9ad
      instanceCache = class org.jboss.weld.util.cache.ReentrantMapBackedComputingCache@2f327434
      lock = class java.lang.Object@5a299447
      providerSetManually = true
      discoveredProviders = null
      configuredProvider = class com.ibm.ws.cdi.liberty.CDIRuntimeImpl@63954509
    serialVersionUID = 4603914438338371166
  serialVersionUID = 2515575801175940133

Dump of objectArray[0]
Object type = org.jboss.weld.injection.producer.ResourceInjector$1
  val$instance = class oumnou.lp.HelloServlet@445354f
    serialVersionUID = 1
    dataSource = null
    serialVersionUID = 8466325577512134784
    METHOD_DELETE = "DELETE"
    METHOD_HEAD = "HEAD"
    METHOD_GET = "GET"
    METHOD_OPTIONS = "OPTIONS"
    METHOD_POST = "POST"
    METHOD_PUT = "PUT"
    METHOD_TRACE = "TRACE"
    HEADER_IFMODSINCE = "If-Modified-Since"
    HEADER_LASTMOD = "Last-Modified"
    LEGACY_DO_HEAD = "jakarta.servlet.http.legacyDoHead"
    LSTRING_FILE = "jakarta.servlet.http.LocalStrings"
    lStrings = class java.util.PropertyResourceBundle@71c2de45
      encoding = "/* Could not access encoding */"
      lookup = "/* Could not access lookup */"
      INITIAL_CACHE_SIZE = "/* Could not access INITIAL_CACHE_SIZE */"
      NONEXISTENT_BUNDLE = "/* Could not access NONEXISTENT_BUNDLE */"
      cacheList = "/* Could not access cacheList */"
      referenceQueue = "/* Could not access referenceQueue */"
      parent = "/* Could not access parent */"
      locale = "/* Could not access locale */"
      name = "/* Could not access name */"
      expired = "/* Could not access expired */"
      cacheKey = "/* Could not access cacheKey */"
      keySet = "/* Could not access keySet */"
      UNKNOWN_FORMAT = "/* Could not access UNKNOWN_FORMAT */"
      TRACE_ON = "/* Could not access TRACE_ON */"
      $assertionsDisabled = "/* Could not access $assertionsDisabled */"
    legacyHeadHandling = false
    serialVersionUID = -8592279577370996712
    LSTRING_FILE = "jakarta.servlet.LocalStrings"
    lStrings = class java.util.PropertyResourceBundle@4961f746
      encoding = "/* Could not access encoding */"
      lookup = "/* Could not access lookup */"
      INITIAL_CACHE_SIZE = "/* Could not access INITIAL_CACHE_SIZE */"
      NONEXISTENT_BUNDLE = "/* Could not access NONEXISTENT_BUNDLE */"
      cacheList = "/* Could not access cacheList */"
      referenceQueue = "/* Could not access referenceQueue */"
      parent = "/* Could not access parent */"
      locale = "/* Could not access locale */"
      name = "/* Could not access name */"
      expired = "/* Could not access expired */"
      cacheKey = "/* Could not access cacheKey */"
      keySet = "/* Could not access keySet */"
      UNKNOWN_FORMAT = "/* Could not access UNKNOWN_FORMAT */"
      TRACE_ON = "/* Could not access TRACE_ON */"
      $assertionsDisabled = "/* Could not access $assertionsDisabled */"
    config = null
  val$ctx = class org.jboss.weld.contexts.CreationalContextImpl@2a71dd0c
    serialVersionUID = 7375854583908262422
    SERIALIZATION_PROXY = class org.jboss.weld.contexts.CreationalContextImpl$SerializationProxy@45cf58ce
      serialVersionUID = 5261112077771498097
    incompleteInstances = null
    contextual = null
    dependentInstances = class java.util.Collections$SynchronizedRandomAccessList@749ba14c
      serialVersionUID = "/* Could not access serialVersionUID */"
      serialVersionUID = "/* Could not access serialVersionUID */"
      list = "/* Could not access list */"
      serialVersionUID = "/* Could not access serialVersionUID */"
      c = "/* Could not access c */"
      mutex = "/* Could not access mutex */"
    parentDependentInstances = class java.util.Collections$SynchronizedRandomAccessList@2851fcf3
      serialVersionUID = "/* Could not access serialVersionUID */"
      serialVersionUID = "/* Could not access serialVersionUID */"
      list = "/* Could not access list */"
      serialVersionUID = "/* Could not access serialVersionUID */"
      c = "/* Could not access c */"
      mutex = "/* Could not access mutex */"
    parentCreationalContext = null
    destroyed = null
    resourceReferences = null
    constructorInterceptionSuppressed = false
    aroundConstructCallbacks = null
    aroundConstructInterceptionContext = null
  val$manager = class org.jboss.weld.manager.BeanManagerImpl@6b821c1
    serialVersionUID = 3021562879133838561
    CREATIONAL_CONTEXT = "creationalContext"
    services = class org.jboss.weld.bootstrap.api.helpers.SimpleServiceRegistry@6b1998f4
      services = class java.util.HashMap@4e2526e4
    contexts = class java.util.concurrent.ConcurrentHashMap@2c671ef1
      serialVersionUID = "/* Could not access serialVersionUID */"
      MAXIMUM_CAPACITY = "/* Could not access MAXIMUM_CAPACITY */"
      DEFAULT_CAPACITY = "/* Could not access DEFAULT_CAPACITY */"
      MAX_ARRAY_SIZE = "/* Could not access MAX_ARRAY_SIZE */"
      DEFAULT_CONCURRENCY_LEVEL = "/* Could not access DEFAULT_CONCURRENCY_LEVEL */"
      LOAD_FACTOR = "/* Could not access LOAD_FACTOR */"
      TREEIFY_THRESHOLD = "/* Could not access TREEIFY_THRESHOLD */"
      UNTREEIFY_THRESHOLD = "/* Could not access UNTREEIFY_THRESHOLD */"
      MIN_TREEIFY_CAPACITY = "/* Could not access MIN_TREEIFY_CAPACITY */"
      MIN_TRANSFER_STRIDE = "/* Could not access MIN_TRANSFER_STRIDE */"
      RESIZE_STAMP_BITS = "/* Could not access RESIZE_STAMP_BITS */"
      MAX_RESIZERS = "/* Could not access MAX_RESIZERS */"
      RESIZE_STAMP_SHIFT = "/* Could not access RESIZE_STAMP_SHIFT */"
      MOVED = "/* Could not access MOVED */"
      TREEBIN = "/* Could not access TREEBIN */"
      RESERVED = "/* Could not access RESERVED */"
      HASH_BITS = "/* Could not access HASH_BITS */"
      NCPU = "/* Could not access NCPU */"
      serialPersistentFields = "/* Could not access serialPersistentFields */"
      table = "/* Could not access table */"
      nextTable = "/* Could not access nextTable */"
      baseCount = "/* Could not access baseCount */"
      sizeCtl = "/* Could not access sizeCtl */"
      transferIndex = "/* Could not access transferIndex */"
      cellsBusy = "/* Could not access cellsBusy */"
      counterCells = "/* Could not access counterCells */"
      keySet = "/* Could not access keySet */"
      values = "/* Could not access values */"
      entrySet = "/* Could not access entrySet */"
      U = "/* Could not access U */"
      SIZECTL = "/* Could not access SIZECTL */"
      TRANSFERINDEX = "/* Could not access TRANSFERINDEX */"
      BASECOUNT = "/* Could not access BASECOUNT */"
      CELLSBUSY = "/* Could not access CELLSBUSY */"
      CELLVALUE = "/* Could not access CELLVALUE */"
      ABASE = "/* Could not access ABASE */"
      ASHIFT = "/* Could not access ASHIFT */"
      keySet = "/* Could not access keySet */"
      values = "/* Could not access values */"
    clientProxyProvider = class org.jboss.weld.bean.proxy.ClientProxyProvider@20e35176
      BEAN_NOT_PROXYABLE_MARKER = class java.lang.Object@5208cad1
      beanTypeClosureProxyPool = class org.jboss.weld.util.cache.ReentrantMapBackedComputingCache@6f934744
      requestedTypeClosureProxyPool = class org.jboss.weld.util.cache.ReentrantMapBackedComputingCache@256103b2
      contextId = "project"
      services = null
    enterpriseBeans = class java.util.concurrent.ConcurrentHashMap@8fc095a
      serialVersionUID = "/* Could not access serialVersionUID */"
      MAXIMUM_CAPACITY = "/* Could not access MAXIMUM_CAPACITY */"
      DEFAULT_CAPACITY = "/* Could not access DEFAULT_CAPACITY */"
      MAX_ARRAY_SIZE = "/* Could not access MAX_ARRAY_SIZE */"
      DEFAULT_CONCURRENCY_LEVEL = "/* Could not access DEFAULT_CONCURRENCY_LEVEL */"
      LOAD_FACTOR = "/* Could not access LOAD_FACTOR */"
      TREEIFY_THRESHOLD = "/* Could not access TREEIFY_THRESHOLD */"
      UNTREEIFY_THRESHOLD = "/* Could not access UNTREEIFY_THRESHOLD */"
      MIN_TREEIFY_CAPACITY = "/* Could not access MIN_TREEIFY_CAPACITY */"
      MIN_TRANSFER_STRIDE = "/* Could not access MIN_TRANSFER_STRIDE */"
      RESIZE_STAMP_BITS = "/* Could not access RESIZE_STAMP_BITS */"
      MAX_RESIZERS = "/* Could not access MAX_RESIZERS */"
      RESIZE_STAMP_SHIFT = "/* Could not access RESIZE_STAMP_SHIFT */"
      MOVED = "/* Could not access MOVED */"
      TREEBIN = "/* Could not access TREEBIN */"
      RESERVED = "/* Could not access RESERVED */"
      HASH_BITS = "/* Could not access HASH_BITS */"
      NCPU = "/* Could not access NCPU */"
      serialPersistentFields = "/* Could not access serialPersistentFields */"
      table = "/* Could not access table */"
      nextTable = "/* Could not access nextTable */"
      baseCount = "/* Could not access baseCount */"
      sizeCtl = "/* Could not access sizeCtl */"
      transferIndex = "/* Could not access transferIndex */"
      cellsBusy = "/* Could not access cellsBusy */"
      counterCells = "/* Could not access counterCells */"
      keySet = "/* Could not access keySet */"
      values = "/* Could not access values */"
      entrySet = "/* Could not access entrySet */"
      U = "/* Could not access U */"
      SIZECTL = "/* Could not access SIZECTL */"
      TRANSFERINDEX = "/* Could not access TRANSFERINDEX */"
      BASECOUNT = "/* Could not access BASECOUNT */"
      CELLSBUSY = "/* Could not access CELLSBUSY */"
      CELLVALUE = "/* Could not access CELLVALUE */"
      ABASE = "/* Could not access ABASE */"
      ASHIFT = "/* Could not access ASHIFT */"
      keySet = "/* Could not access keySet */"
      values = "/* Could not access values */"
    enabled = class org.jboss.weld.bootstrap.enablement.ModuleEnablement@2f85fe89
      EMPTY_ENABLEMENT = class org.jboss.weld.bootstrap.enablement.ModuleEnablement@2914e469
      interceptors = class org.jboss.weld.util.collections.ImmutableArrayList@37804b3e
      decorators = class java.util.Collections$EmptyList@7a4bc8e9
      interceptorMap = class java.util.Collections$UnmodifiableMap@2e75af1b
      decoratorMap = class java.util.Collections$EmptyMap@5567be03
      globalAlternatives = class java.util.Collections$EmptyMap@5567be03
      localAlternativeClasses = class java.util.Collections$EmptySet@77ae6bf9
      localAlternativeStereotypes = class java.util.Collections$EmptySet@77ae6bf9
      decoratorComparator = class org.jboss.weld.bootstrap.enablement.ModuleEnablement$EnablementComparator@59cb2712
      interceptorComparator = class org.jboss.weld.bootstrap.enablement.ModuleEnablement$EnablementComparator@451b33d3
    beanResolver = class org.jboss.weld.resolution.TypeSafeBeanResolver@3b01fd1e
      beanManager = class org.jboss.weld.manager.BeanManagerImpl@6b821c1
      disambiguatedBeans = class org.jboss.weld.util.cache.ReentrantMapBackedComputingCache@4a02626f
      store = class org.jboss.weld.metadata.cache.MetaAnnotationStore@6753940e
      beansByType = class org.jboss.weld.resolution.AbstractTypeSafeBeanResolver$1@cce091f
      resolved = class org.jboss.weld.util.cache.ReentrantMapBackedComputingCache@460798b2
      allBeans = class org.jboss.weld.util.collections.Iterables$$Lambda/0x000001af1d6f9498@1fcf8b07
      resolverFunction = class org.jboss.weld.resolution.TypeSafeResolver$ResolvableToBeanCollection@64479f14
    decoratorResolver = class org.jboss.weld.resolution.TypeSafeDecoratorResolver@15373e9
      rules = class org.jboss.weld.resolution.DelegateInjectionPointAssignabilityRules@366b98fa
      beanManager = class org.jboss.weld.manager.BeanManagerImpl@6b821c1
      disambiguatedBeans = class org.jboss.weld.util.cache.ReentrantMapBackedComputingCache@2eff740a
      store = class org.jboss.weld.metadata.cache.MetaAnnotationStore@6753940e
      beansByType = class org.jboss.weld.resolution.AbstractTypeSafeBeanResolver$1@65df4fdf
      resolved = class org.jboss.weld.util.cache.ReentrantMapBackedComputingCache@6c0e4692
      allBeans = class org.jboss.weld.util.collections.Iterables$$Lambda/0x000001af1d6f9498@1dc9158
      resolverFunction = class org.jboss.weld.resolution.TypeSafeResolver$ResolvableToBeanCollection@5456fa4d
    interceptorResolver = class org.jboss.weld.resolution.TypeSafeInterceptorResolver@698d1c40
      manager = class org.jboss.weld.manager.BeanManagerImpl@6b821c1
      resolved = class org.jboss.weld.util.cache.ReentrantMapBackedComputingCache@22ea82b5
      allBeans = class org.jboss.weld.util.collections.Iterables$$Lambda/0x000001af1d6f9498@31965720
      resolverFunction = class org.jboss.weld.resolution.TypeSafeResolver$ResolvableToBeanCollection@24f7d251
    nameBasedResolver = class org.jboss.weld.resolution.NameBasedResolver@69fcd64e
      resolvedNames = class org.jboss.weld.util.cache.ReentrantMapBackedComputingCache@5996853e
    weldELResolver = class org.jboss.weld.module.web.el.WeldELResolver@5d213f62
      beanManager = class org.jboss.weld.manager.BeanManagerImpl@6b821c1
      rootNamespace = class org.jboss.weld.util.LazyValueHolder$1@5fc957b4
      TYPE = "type"
      RESOLVABLE_AT_DESIGN_TIME = "resolvableAtDesignTime"
    accessibleLenientObserverNotifier = class org.jboss.weld.module.jta.TransactionalObserverNotifier@4777c314
      FACTORY = class org.jboss.weld.module.jta.TransactionalObserverNotifier$1@1fa6f809
      transactionServices = class com.ibm.ws.cdi.impl.weld.TransactionServicesImpl@4be8e6af
      contextId = "project"
      NO_EXCEPTION_MARKER = class java.lang.RuntimeException@6a18356b
      resolver = class org.jboss.weld.resolution.TypeSafeObserverResolver@70ae566c
      sharedObjectCache = class org.jboss.weld.resources.SharedObjectCache@43c22d9
      strict = false
      currentEventMetadata = class org.jboss.weld.event.CurrentEventMetadata@307f1e36
      eventTypeCheckCache = null
      asyncEventExecutor = class com.ibm.ws.threading.internal.ExecutorServiceImpl@33f85e0b
      timerExecutor = class com.ibm.ws.threading.internal.ScheduledExecutorImpl@29c7e672
      securityServices = class io.openliberty.cdi40.internal.weld.DefaultCDI40SecurityService@65fdd483
      requestContextHolder = class org.jboss.weld.util.LazyValueHolder$1@1ff95173
    globalLenientObserverNotifier = class org.jboss.weld.module.jta.TransactionalObserverNotifier@4619a8a6
      FACTORY = class org.jboss.weld.module.jta.TransactionalObserverNotifier$1@1fa6f809
      transactionServices = class com.ibm.ws.cdi.impl.weld.TransactionServicesImpl@4be8e6af
      contextId = "project"
      NO_EXCEPTION_MARKER = class java.lang.RuntimeException@6a18356b
      resolver = class org.jboss.weld.resolution.TypeSafeObserverResolver@554c0396
      sharedObjectCache = class org.jboss.weld.resources.SharedObjectCache@43c22d9
      strict = false
      currentEventMetadata = class org.jboss.weld.event.CurrentEventMetadata@307f1e36
      eventTypeCheckCache = null
      asyncEventExecutor = class com.ibm.ws.threading.internal.ExecutorServiceImpl@33f85e0b
      timerExecutor = class com.ibm.ws.threading.internal.ScheduledExecutorImpl@29c7e672
      securityServices = class io.openliberty.cdi40.internal.weld.DefaultCDI40SecurityService@65fdd483
      requestContextHolder = class org.jboss.weld.util.LazyValueHolder$1@53181ee6
    globalStrictObserverNotifier = class org.jboss.weld.module.jta.TransactionalObserverNotifier@49d8588d
      FACTORY = class org.jboss.weld.module.jta.TransactionalObserverNotifier$1@1fa6f809
      transactionServices = class com.ibm.ws.cdi.impl.weld.TransactionServicesImpl@4be8e6af
      contextId = "project"
      NO_EXCEPTION_MARKER = class java.lang.RuntimeException@6a18356b
      resolver = class org.jboss.weld.resolution.TypeSafeObserverResolver@554c0396
      sharedObjectCache = class org.jboss.weld.resources.SharedObjectCache@43c22d9
      strict = true
      currentEventMetadata = class org.jboss.weld.event.CurrentEventMetadata@307f1e36
      eventTypeCheckCache = class org.jboss.weld.util.cache.ReentrantMapBackedComputingCache@107c0243
      asyncEventExecutor = class com.ibm.ws.threading.internal.ExecutorServiceImpl@33f85e0b
      timerExecutor = class com.ibm.ws.threading.internal.ScheduledExecutorImpl@29c7e672
      securityServices = class io.openliberty.cdi40.internal.weld.DefaultCDI40SecurityService@65fdd483
      requestContextHolder = class org.jboss.weld.util.LazyValueHolder$1@7c43ed50
    enabledBeans = class java.util.concurrent.CopyOnWriteArrayList@1d56a4fb
      serialVersionUID = "/* Could not access serialVersionUID */"
      lock = "/* Could not access lock */"
      array = "/* Could not access array */"
    sharedBeans = class java.util.concurrent.CopyOnWriteArrayList@6440ab26
      serialVersionUID = "/* Could not access serialVersionUID */"
      lock = "/* Could not access lock */"
      array = "/* Could not access array */"
    specializedBeans = class java.util.concurrent.CopyOnWriteArrayList@6f176390
      serialVersionUID = "/* Could not access serialVersionUID */"
      lock = "/* Could not access lock */"
      array = "/* Could not access array */"
    decorators = class java.util.concurrent.CopyOnWriteArrayList@648042cf
      serialVersionUID = "/* Could not access serialVersionUID */"
      lock = "/* Could not access lock */"
      array = "/* Could not access array */"
    interceptors = class java.util.concurrent.CopyOnWriteArrayList@4c5953d8
      serialVersionUID = "/* Could not access serialVersionUID */"
      lock = "/* Could not access lock */"
      array = "/* Could not access array */"
    namespaces = class java.util.concurrent.CopyOnWriteArrayList@2d21d8ee
      serialVersionUID = "/* Could not access serialVersionUID */"
      lock = "/* Could not access lock */"
      array = "/* Could not access array */"
    observers = class java.util.concurrent.CopyOnWriteArrayList@79fe3539
      serialVersionUID = "/* Could not access serialVersionUID */"
      lock = "/* Could not access lock */"
      array = "/* Could not access array */"
    beanSet = null
    managers = class java.util.HashSet@1f8e86f3
      serialVersionUID = "/* Could not access serialVersionUID */"
      map = "/* Could not access map */"
      PRESENT = "/* Could not access PRESENT */"
    accessibleManagers = class java.util.HashSet@19cfd149
      serialVersionUID = "/* Could not access serialVersionUID */"
      map = "/* Could not access map */"
      PRESENT = "/* Could not access PRESENT */"
    id = "project#project.war"
    contextId = "project"
    interceptorModelRegistry = class java.util.concurrent.ConcurrentHashMap@3a0a8c36
      serialVersionUID = "/* Could not access serialVersionUID */"
      MAXIMUM_CAPACITY = "/* Could not access MAXIMUM_CAPACITY */"
      DEFAULT_CAPACITY = "/* Could not access DEFAULT_CAPACITY */"
      MAX_ARRAY_SIZE = "/* Could not access MAX_ARRAY_SIZE */"
      DEFAULT_CONCURRENCY_LEVEL = "/* Could not access DEFAULT_CONCURRENCY_LEVEL */"
      LOAD_FACTOR = "/* Could not access LOAD_FACTOR */"
      TREEIFY_THRESHOLD = "/* Could not access TREEIFY_THRESHOLD */"
      UNTREEIFY_THRESHOLD = "/* Could not access UNTREEIFY_THRESHOLD */"
      MIN_TREEIFY_CAPACITY = "/* Could not access MIN_TREEIFY_CAPACITY */"
      MIN_TRANSFER_STRIDE = "/* Could not access MIN_TRANSFER_STRIDE */"
      RESIZE_STAMP_BITS = "/* Could not access RESIZE_STAMP_BITS */"
      MAX_RESIZERS = "/* Could not access MAX_RESIZERS */"
      RESIZE_STAMP_SHIFT = "/* Could not access RESIZE_STAMP_SHIFT */"
      MOVED = "/* Could not access MOVED */"
      TREEBIN = "/* Could not access TREEBIN */"
      RESERVED = "/* Could not access RESERVED */"
      HASH_BITS = "/* Could not access HASH_BITS */"
      NCPU = "/* Could not access NCPU */"
      serialPersistentFields = "/* Could not access serialPersistentFields */"
      table = "/* Could not access table */"
      nextTable = "/* Could not access nextTable */"
      baseCount = "/* Could not access baseCount */"
      sizeCtl = "/* Could not access sizeCtl */"
      transferIndex = "/* Could not access transferIndex */"
      cellsBusy = "/* Could not access cellsBusy */"
      counterCells = "/* Could not access counterCells */"
      keySet = "/* Could not access keySet */"
      values = "/* Could not access values */"
      entrySet = "/* Could not access entrySet */"
      U = "/* Could not access U */"
      SIZECTL = "/* Could not access SIZECTL */"
      TRANSFERINDEX = "/* Could not access TRANSFERINDEX */"
      BASECOUNT = "/* Could not access BASECOUNT */"
      CELLSBUSY = "/* Could not access CELLSBUSY */"
      CELLVALUE = "/* Could not access CELLVALUE */"
      ABASE = "/* Could not access ABASE */"
      ASHIFT = "/* Could not access ASHIFT */"
      keySet = "/* Could not access keySet */"
      values = "/* Could not access values */"
    interceptorMetadataReader = class org.jboss.weld.interceptor.reader.InterceptorMetadataReader@325531b3
      manager = class org.jboss.weld.manager.BeanManagerImpl@6b821c1
      plainInterceptorMetadataCache = class org.jboss.weld.util.cache.ReentrantMapBackedComputingCache@5b15ffb7
      cdiInterceptorMetadataCache = class org.jboss.weld.util.cache.ReentrantMapBackedComputingCache@d923b9e
      interceptorToInterceptorMetadataFunction = class org.jboss.weld.interceptor.reader.InterceptorMetadataReader$$Lambda/0x000001af1d6fb160@6aa0b0f7
    containerLifecycleEvents = class org.jboss.weld.bootstrap.events.ContainerLifecycleEvents@59878014
      everythingObserved = false
      processAnnotatedTypeObserved = false
      processBeanObserved = false
      processBeanAttributesObserved = false
      processInjectionPointObserved = false
      processInjectionTargetObserved = false
      processProducerObserved = false
      processObserverMethodObserved = false
      discovery = class org.jboss.weld.bootstrap.events.RequiredAnnotationDiscovery@73f93d97
      preloader = class org.jboss.weld.bootstrap.events.ContainerLifecycleEventPreloader@738a774d
    registry = class org.jboss.weld.bootstrap.SpecializationAndEnablementRegistry@3e2547f4
      specializedBeanResolvers = class org.jboss.weld.util.cache.ReentrantMapBackedComputingCache@2baffe58
      environmentByManager = class java.util.concurrent.ConcurrentHashMap@5da63eb2
      specializedBeans = class org.jboss.weld.util.cache.ReentrantMapBackedComputingCache@5e0a4d71
      specializedBeansMap = class java.util.concurrent.ConcurrentHashMap@44f569bb
    currentInjectionPoint = class org.jboss.weld.injection.CurrentInjectionPoint@50a0173a
      threadLocalStack = class org.jboss.weld.injection.ThreadLocalStack$1@3f5eaba7
      NULL_REFERENCE = class org.jboss.weld.injection.ThreadLocalStack$2@2572d42b
    clientProxyOptimization = false
    validationFailureCallbacks = class java.util.concurrent.CopyOnWriteArrayList@4b637c34
      serialVersionUID = "/* Could not access serialVersionUID */"
      lock = "/* Could not access lock */"
      array = "/* Could not access array */"
    requestInitializedEvent = class org.jboss.weld.util.LazyValueHolder$1@2e01c26c
      val$supplier = class org.jboss.weld.manager.BeanManagerImpl$$Lambda/0x000001af1d7024e0@7b6f0dc9
      value = null
    requestBeforeDestroyedEvent = class org.jboss.weld.util.LazyValueHolder$1@3a0f3abf
      val$supplier = class org.jboss.weld.manager.BeanManagerImpl$$Lambda/0x000001af1d702700@171153b
      value = null
    requestDestroyedEvent = class org.jboss.weld.util.LazyValueHolder$1@6ac6e303
      val$supplier = class org.jboss.weld.manager.BeanManagerImpl$$Lambda/0x000001af1d702920@6a2cbf68
      value = null
  this$0 = class org.jboss.weld.injection.producer.ResourceInjector@7bec4041
    resourceInjectionsHierarchy = class java.util.Collections$EmptyList@7a4bc8e9
      serialVersionUID = "/* Could not access serialVersionUID */"
      modCount = "/* Could not access modCount */"
    injectableFields = class org.jboss.weld.util.collections.ImmutableArrayList@39a9dc03
      serialVersionUID = 1
      elements = class java.lang.Object[3]
      modCount = "/* Could not access modCount */"
    initializerMethods = class org.jboss.weld.util.collections.ImmutableArrayList@10919bbb
      serialVersionUID = 1
      elements = class java.lang.Object[3]
      modCount = "/* Could not access modCount */"
  beanManager = class org.jboss.weld.manager.BeanManagerImpl@6b821c1
  injectionTarget = class org.jboss.weld.injection.producer.BeanInjectionTarget@1b123507
    bean = null
    beanManager = class org.jboss.weld.manager.BeanManagerImpl@6b821c1
    type = class org.jboss.weld.annotated.slim.backed.BackedAnnotatedType@3faf12d4
    injectionPoints = class java.util.Collections$EmptySet@77ae6bf9
      serialVersionUID = "/* Could not access serialVersionUID */"
    instantiator = class org.jboss.weld.injection.producer.DefaultInstantiator@78de8ac9
      constructor = class org.jboss.weld.injection.ConstructorInjectionPoint@1fce970c
    injector = class org.jboss.weld.injection.producer.ResourceInjector@7bec4041
    invoker = class org.jboss.weld.injection.producer.DefaultLifecycleCallbackInvoker@612933db
      accessiblePostConstructMethods = class java.util.Collections$EmptyList@7a4bc8e9
      accessiblePreDestroyMethods = class java.util.Collections$EmptyList@7a4bc8e9
  annotatedType = class org.jboss.weld.annotated.slim.backed.BackedAnnotatedType@3faf12d4
    javaClass = class java.lang.Class@5f7f4e9c
      ANNOTATION = "/* Could not access ANNOTATION */"
      ENUM = "/* Could not access ENUM */"
      SYNTHETIC = "/* Could not access SYNTHETIC */"
      cachedConstructor = "/* Could not access cachedConstructor */"
      name = "/* Could not access name */"
      module = "/* Could not access module */"
      packageName = "/* Could not access packageName */"
      componentType = "/* Could not access componentType */"
      allPermDomain = "/* Could not access allPermDomain */"
      reflectionData = "/* Could not access reflectionData */"
      classRedefinedCount = "/* Could not access classRedefinedCount */"
      genericInfo = "/* Could not access genericInfo */"
      EMPTY_CLASS_ARRAY = "/* Could not access EMPTY_CLASS_ARRAY */"
      serialVersionUID = "/* Could not access serialVersionUID */"
      serialPersistentFields = "/* Could not access serialPersistentFields */"
      reflectionFactory = "/* Could not access reflectionFactory */"
      enumConstants = "/* Could not access enumConstants */"
      enumConstantDirectory = "/* Could not access enumConstantDirectory */"
      annotationData = "/* Could not access annotationData */"
      annotationType = "/* Could not access annotationType */"
      classValueMap = "/* Could not access classValueMap */"
    constructors = class org.jboss.weld.annotated.slim.backed.BackedAnnotatedType$BackedAnnotatedConstructors@3a94a0b3
      this$0 = class org.jboss.weld.annotated.slim.backed.BackedAnnotatedType@3faf12d4
      this$0 = class org.jboss.weld.annotated.slim.backed.BackedAnnotatedType@3faf12d4
      value = null
    methods = class org.jboss.weld.annotated.slim.backed.BackedAnnotatedType$BackedAnnotatedMethods@1aa6172f
      this$0 = class org.jboss.weld.annotated.slim.backed.BackedAnnotatedType@3faf12d4
      this$0 = class org.jboss.weld.annotated.slim.backed.BackedAnnotatedType@3faf12d4
      value = null
    fields = class org.jboss.weld.annotated.slim.backed.BackedAnnotatedType$BackedAnnotatedFields@593f0c06
      this$0 = class org.jboss.weld.annotated.slim.backed.BackedAnnotatedType@3faf12d4
      this$0 = class org.jboss.weld.annotated.slim.backed.BackedAnnotatedType@3faf12d4
      value = null
    sharedObjectCache = class org.jboss.weld.resources.SharedObjectCache@43c22d9
      sharedSets = class org.jboss.weld.util.cache.ReentrantMapBackedComputingCache@6fe736d5
      sharedMaps = class org.jboss.weld.util.cache.ReentrantMapBackedComputingCache@c2d6f14
      typeClosureHolders = class org.jboss.weld.util.cache.ReentrantMapBackedComputingCache@e3245cb
    reflectionCache = class org.jboss.weld.resources.HotspotReflectionCache@1b329bd5
      annotationTypeLock = class java.lang.Class@a1153bc
      store = class org.jboss.weld.metadata.TypeStore@7620ac75
      ANNOTATIONS_FUNCTION = class org.jboss.weld.resources.DefaultReflectionCache$$Lambda/0x000001af1d6dad50@23c0d41
      DECLARED_ANNOTATIONS_FUNCTION = class org.jboss.weld.resources.DefaultReflectionCache$$Lambda/0x000001af1d6e0000@1e6e9853
      annotations = class org.jboss.weld.util.cache.ReentrantMapBackedComputingCache@71a6a461
      declaredAnnotations = class org.jboss.weld.util.cache.ReentrantMapBackedComputingCache@296ed24
      backedAnnotatedTypeAnnotations = class org.jboss.weld.util.cache.ReentrantMapBackedComputingCache@60a2be32
      annotationClasses = class org.jboss.weld.util.cache.ReentrantMapBackedComputingCache@ae41e75
    identifier = class org.jboss.weld.annotated.slim.AnnotatedTypeIdentifier@3107e8f3
      NULL_BDA_ID = "org.jboss.weld.annotated.slim.AnnotatedTypeIdentifier.null"
      SYNTHETIC_ANNOTATION_SUFFIX = "syntheticAnnotation"
      serialVersionUID = -264184070652700144
      contextId = "project"
      bdaId = "project#project.war"
      className = "oumnou.lp.HelloServlet"
      suffix = null
      modified = false
      hashCode = -1202701344
    typeClosure = class org.jboss.weld.annotated.enhanced.TypeClosureLazyValueHolder@10f98de9
      type = class java.lang.Class@5f7f4e9c
      value = class org.jboss.weld.util.collections.ImmutableHashSet@707759f5
    baseType = class java.lang.Class@5f7f4e9c
  target = class oumnou.lp.HelloServlet@445354f

