------Start of DE processing------ = [2/28/24, 9:54:00:505 WEST ]
Exception = org.jboss.weld.resources.spi.ResourceLoadingException
Source = com.ibm.ws.cdi.impl.weld.BeanDeploymentArchiveImpl
probeid = 987
Stack Dump = org.jboss.weld.resources.spi.ResourceLoadingException: Error while loading class oumnou.lp.HelloServlet
	at org.jboss.weld.resources.ClassTransformer.getBackedAnnotatedType(ClassTransformer.java:186)
	at org.jboss.weld.resources.ClassTransformer.getBackedAnnotatedType(ClassTransformer.java:194)
	at org.jboss.weld.manager.BeanManagerImpl.createAnnotatedType(BeanManagerImpl.java:1109)
	at com.ibm.ws.cdi.impl.weld.BeanDeploymentArchiveImpl.createJEEComponentInjectionTarget(BeanDeploymentArchiveImpl.java:986)
	at com.ibm.ws.cdi.impl.weld.BeanDeploymentArchiveImpl.createInjectionTargetsForJEEComponentClass(BeanDeploymentArchiveImpl.java:941)
	at com.ibm.ws.cdi.impl.weld.BeanDeploymentArchiveImpl.createInjectionTargetsForJEEComponentClasses(BeanDeploymentArchiveImpl.java:927)
	at com.ibm.ws.cdi.impl.weld.WebSphereCDIDeploymentImpl.validateJEEComponentClasses(WebSphereCDIDeploymentImpl.java:708)
	at com.ibm.ws.cdi.impl.CDIContainerImpl.startInitialization(CDIContainerImpl.java:176)
	at com.ibm.ws.cdi.liberty.CDIRuntimeImpl.applicationStarting(CDIRuntimeImpl.java:479)
	at com.ibm.ws.container.service.state.internal.ApplicationStateManager.fireStarting(ApplicationStateManager.java:53)
	at com.ibm.ws.container.service.state.internal.StateChangeServiceImpl.fireApplicationStarting(StateChangeServiceImpl.java:52)
	at com.ibm.ws.app.manager.module.internal.SimpleDeployedAppInfoBase.preDeployApp(SimpleDeployedAppInfoBase.java:550)
	at com.ibm.ws.app.manager.module.internal.SimpleDeployedAppInfoBase.installApp(SimpleDeployedAppInfoBase.java:511)
	at com.ibm.ws.app.manager.module.internal.DeployedAppInfoBase.deployApp(DeployedAppInfoBase.java:351)
	at com.ibm.ws.app.manager.war.internal.WARApplicationHandlerImpl.install(WARApplicationHandlerImpl.java:67)
	at com.ibm.ws.app.manager.internal.statemachine.StartAction.execute(StartAction.java:184)
	at com.ibm.ws.app.manager.internal.statemachine.ApplicationStateMachineImpl.enterState(ApplicationStateMachineImpl.java:1369)
	at com.ibm.ws.app.manager.internal.statemachine.ApplicationStateMachineImpl.performAction(ApplicationStateMachineImpl.java:1233)
	at com.ibm.ws.app.manager.internal.statemachine.ApplicationStateMachineImpl.run(ApplicationStateMachineImpl.java:920)
	at com.ibm.ws.threading.internal.ExecutorServiceImpl$RunnableWrapper.run(ExecutorServiceImpl.java:280)
	at java.base/java.util.concurrent.ThreadPoolExecutor.runWorker(ThreadPoolExecutor.java:1144)
	at java.base/java.util.concurrent.ThreadPoolExecutor$Worker.run(ThreadPoolExecutor.java:642)
	at java.base/java.lang.Thread.run(Thread.java:1583)
Caused by: java.lang.NoClassDefFoundError: Database
	at java.base/java.lang.Class.getDeclaredFields0(Native Method)
	at java.base/java.lang.Class.privateGetDeclaredFields(Class.java:3473)
	at java.base/java.lang.Class.getDeclaredFields(Class.java:2542)
	at org.jboss.weld.annotated.slim.backed.SecurityActions.getDeclaredFields(SecurityActions.java:49)
	at org.jboss.weld.annotated.slim.backed.BackedAnnotatedType$BackedAnnotatedFields.computeValue(BackedAnnotatedType.java:182)
	at org.jboss.weld.annotated.slim.backed.BackedAnnotatedType$BackedAnnotatedFields.computeValue(BackedAnnotatedType.java:176)
	at org.jboss.weld.util.LazyValueHolder.get(LazyValueHolder.java:46)
	at org.jboss.weld.annotated.slim.backed.BackedAnnotatedType$EagerlyInitializedLazyValueHolder.<init>(BackedAnnotatedType.java:159)
	at org.jboss.weld.annotated.slim.backed.BackedAnnotatedType$BackedAnnotatedFields.<init>(BackedAnnotatedType.java:176)
	at org.jboss.weld.annotated.slim.backed.BackedAnnotatedType.<init>(BackedAnnotatedType.java:65)
	at org.jboss.weld.annotated.slim.backed.BackedAnnotatedType.of(BackedAnnotatedType.java:47)
	at org.jboss.weld.resources.ClassTransformer$TransformClassToBackedAnnotatedType.apply(ClassTransformer.java:84)
	at org.jboss.weld.resources.ClassTransformer$TransformClassToBackedAnnotatedType.apply(ClassTransformer.java:79)
	at org.jboss.weld.util.cache.ReentrantMapBackedComputingCache.lambda$new$0(ReentrantMapBackedComputingCache.java:55)
	at org.jboss.weld.util.WeakLazyValueHolder$1.computeValue(WeakLazyValueHolder.java:35)
	at org.jboss.weld.util.WeakLazyValueHolder.get(WeakLazyValueHolder.java:53)
	at org.jboss.weld.util.cache.ReentrantMapBackedComputingCache.getValue(ReentrantMapBackedComputingCache.java:72)
	at org.jboss.weld.util.cache.ReentrantMapBackedComputingCache.getCastValue(ReentrantMapBackedComputingCache.java:78)
	at org.jboss.weld.resources.ClassTransformer.getBackedAnnotatedType(ClassTransformer.java:177)
	... 22 more
Caused by: java.lang.ClassNotFoundException: Database
	at com.ibm.ws.classloading.internal.AppClassLoader.findClassCommonLibraryClassLoaders(AppClassLoader.java:742)
	at com.ibm.ws.classloading.internal.AppClassLoader.findClass(AppClassLoader.java:327)
	at com.ibm.ws.classloading.internal.AppClassLoader.findOrDelegateLoadClass(AppClassLoader.java:714)
	at com.ibm.ws.classloading.internal.AppClassLoader.loadClass(AppClassLoader.java:586)
	at com.ibm.ws.classloading.internal.AppClassLoader.loadClass(AppClassLoader.java:553)
	at java.base/java.lang.ClassLoader.loadClass(ClassLoader.java:526)
	... 41 more

Dump of callerThis
Object type = com.ibm.ws.cdi.impl.weld.BeanDeploymentArchiveImpl
  archiveClassNames = class java.util.HashSet@6450572
    serialVersionUID = "/* Could not access serialVersionUID */"
    map = "/* Could not access map */"
    PRESENT = "/* Could not access PRESENT */"
  allClasses = class java.util.HashSet@277f9b81
    serialVersionUID = "/* Could not access serialVersionUID */"
    map = "/* Could not access map */"
    PRESENT = "/* Could not access PRESENT */"
  beanClasses = class java.util.TreeMap@7b3d2d08
    comparator = "/* Could not access comparator */"
    root = "/* Could not access root */"
    size = "/* Could not access size */"
    modCount = "/* Could not access modCount */"
    entrySet = "/* Could not access entrySet */"
    navigableKeySet = "/* Could not access navigableKeySet */"
    descendingMap = "/* Could not access descendingMap */"
    UNBOUNDED = "/* Could not access UNBOUNDED */"
    RED = "/* Could not access RED */"
    BLACK = "/* Could not access BLACK */"
    serialVersionUID = "/* Could not access serialVersionUID */"
    keySet = "/* Could not access keySet */"
    values = "/* Could not access values */"
  classloader = class com.ibm.ws.classloading.internal.AppClassLoader@327c8050
    tc = class com.ibm.websphere.ras.TraceComponent@7003067f
      strings[0] = "TraceComponent[com.ibm.ws.classloading.internal.AppClassLoader,class com.ibm.ws.classloading.internal.AppClassLoader,[ClassLoadingService],com.ibm.ws.classloading.internal.resources.ClassLoadingServiceMessages,null]"
    forbiddenClassNames = class java.util.Collections$UnmodifiableSet@4b325fc1
      serialVersionUID = "/* Could not access serialVersionUID */"
      serialVersionUID = "/* Could not access serialVersionUID */"
      c = "/* Could not access c */"
    FORBIDDEN_PROPERTIES = "forbidden.properties"
    NOTHING_FORBIDDEN_PROPERTY = "io.openliberty.classloading.nothing.forbidden"
    disableSharedClassesCache = false
    PARENT_FIRST_SEARCH_ORDER = class java.util.Collections$UnmodifiableRandomAccessList@2475c602
      serialVersionUID = "/* Could not access serialVersionUID */"
      serialVersionUID = "/* Could not access serialVersionUID */"
      list = "/* Could not access list */"
      serialVersionUID = "/* Could not access serialVersionUID */"
      c = "/* Could not access c */"
    packagesDefined = class java.util.Collections$SetFromMap@4e5e4e14
      m = "/* Could not access m */"
      s = "/* Could not access s */"
      serialVersionUID = "/* Could not access serialVersionUID */"
    CLASS_LOADING_TRACE_PREFIX = "com.ibm.ws.class.load."
    DEFAULT_PACKAGE = "default.package"
    perPackageClassLoadingTraceComponents = class java.util.concurrent.ConcurrentHashMap@174bdc49
      serialVersionUID = "/* Could not access serialVersionUID */"
      MAXIMUM_CAPACITY = "/* Could not access MAXIMUM_CAPACITY */"
      DEFAULT_CAPACITY = "/* Could not access DEFAULT_CAPACITY */"
      MAX_ARRAY_SIZE = "/* Could not access MAX_ARRAY_SIZE */"
      DEFAULT_CONCURRENCY_LEVEL = "/* Could not access DEFAULT_CONCURRENCY_LEVEL */"
      LOAD_FACTOR = "/* Could not access LOAD_FACTOR */"
      TREEIFY_THRESHOLD = "/* Could not access TREEIFY_THRESHOLD */"
      UNTREEIFY_THRESHOLD = "/* Could not access UNTREEIFY_THRESHOLD */"
      MIN_TREEIFY_CAPACITY = "/* Could not access MIN_TREEIFY_CAPACITY */"
      MIN_TRANSFER_STRIDE = "/* Could not access MIN_TRANSFER_STRIDE */"
      RESIZE_STAMP_BITS = "/* Could not access RESIZE_STAMP_BITS */"
      MAX_RESIZERS = "/* Could not access MAX_RESIZERS */"
      RESIZE_STAMP_SHIFT = "/* Could not access RESIZE_STAMP_SHIFT */"
      MOVED = "/* Could not access MOVED */"
      TREEBIN = "/* Could not access TREEBIN */"
      RESERVED = "/* Could not access RESERVED */"
      HASH_BITS = "/* Could not access HASH_BITS */"
      NCPU = "/* Could not access NCPU */"
      serialPersistentFields = "/* Could not access serialPersistentFields */"
      table = "/* Could not access table */"
      nextTable = "/* Could not access nextTable */"
      baseCount = "/* Could not access baseCount */"
      sizeCtl = "/* Could not access sizeCtl */"
      transferIndex = "/* Could not access transferIndex */"
      cellsBusy = "/* Could not access cellsBusy */"
      counterCells = "/* Could not access counterCells */"
      keySet = "/* Could not access keySet */"
      values = "/* Could not access values */"
      entrySet = "/* Could not access entrySet */"
      U = "/* Could not access U */"
      SIZECTL = "/* Could not access SIZECTL */"
      TRANSFERINDEX = "/* Could not access TRANSFERINDEX */"
      BASECOUNT = "/* Could not access BASECOUNT */"
      CELLSBUSY = "/* Could not access CELLSBUSY */"
      CELLVALUE = "/* Could not access CELLVALUE */"
      ABASE = "/* Could not access ABASE */"
      ASHIFT = "/* Could not access ASHIFT */"
      keySet = "/* Could not access keySet */"
      values = "/* Could not access values */"
    config = class com.ibm.ws.classloading.internal.ClassLoaderConfigurationImpl@57dc214e
      DEFAULT_PROTECTION_DOMAIN = class java.security.ProtectionDomain@7fd1f285
      delegateLast = false
      includeAppExtensions = true
      id = class com.ibm.ws.classloading.serializable.ClassLoaderIdentityImpl@d5e2a24
      parentId = null
      sharedLibraries = class java.util.ArrayList@476da562
      commonLibraries = class java.util.Collections$EmptyList@2f023722
      providers = class java.util.Collections$EmptyList@2f023722
      nativeLibraryContainers = class java.util.Collections$EmptyList@2f023722
      protectionDomain = class java.security.ProtectionDomain@5f37ad9d
      serialVersionUID = 9091690180200375339
      $$$tc$$$ = class com.ibm.websphere.ras.TraceComponent@27c1afaa
    privateLibraries = null
    delegateLoaders = class com.ibm.ws.classloading.internal.util.CompositeIterable@5d93a861
      iterables = class java.util.Arrays$ArrayList@492e29ab
      serialVersionUID = -1227195994638150837
      $$$tc$$$ = class com.ibm.websphere.ras.TraceComponent@91f03b
    nativeLibraryFiles = class java.util.ArrayList@61017329
      serialVersionUID = "/* Could not access serialVersionUID */"
      DEFAULT_CAPACITY = "/* Could not access DEFAULT_CAPACITY */"
      EMPTY_ELEMENTDATA = "/* Could not access EMPTY_ELEMENTDATA */"
      DEFAULTCAPACITY_EMPTY_ELEMENTDATA = "/* Could not access DEFAULTCAPACITY_EMPTY_ELEMENTDATA */"
      elementData = "/* Could not access elementData */"
      size = "/* Could not access size */"
      modCount = "/* Could not access modCount */"
    transformers = class java.util.ArrayList@286142d4
      serialVersionUID = "/* Could not access serialVersionUID */"
      DEFAULT_CAPACITY = "/* Could not access DEFAULT_CAPACITY */"
      EMPTY_ELEMENTDATA = "/* Could not access EMPTY_ELEMENTDATA */"
      DEFAULTCAPACITY_EMPTY_ELEMENTDATA = "/* Could not access DEFAULTCAPACITY_EMPTY_ELEMENTDATA */"
      elementData = "/* Could not access elementData */"
      size = "/* Could not access size */"
      modCount = "/* Could not access modCount */"
    systemTransformers = class java.util.concurrent.CopyOnWriteArrayList@1e81d0c7
      serialVersionUID = "/* Could not access serialVersionUID */"
      lock = "/* Could not access lock */"
      array = "/* Could not access array */"
    apiAccess = class com.ibm.ws.classloading.internal.GatewayClassLoader@69abe13d
      config = class com.ibm.ws.classloading.internal.GatewayConfigurationImpl@92844fa
      wiringMonitor = class com.ibm.ws.classloading.internal.GatewayClassLoader$1@37add9da
      bundle = class org.eclipse.osgi.internal.framework.EquinoxBundle@4a0329ba
      wiring = class org.eclipse.osgi.container.ModuleWiring@5514c1f7
      cl = null
      bLoader = class org.eclipse.osgi.internal.loader.BundleLoader@534c0e0b
      resourceProviders = class com.ibm.ws.classloading.internal.CompositeResourceProvider@18089f0c
      serialVersionUID = -5503641212193211983
      $$$tc$$$ = class com.ibm.websphere.ras.TraceComponent@7710a2cc
    generator = class com.ibm.ws.classloading.internal.ClassGeneratorManager@5e11b3d6
      tc = class com.ibm.websphere.ras.TraceComponent@53af53ff
      generatorRefs = class com.ibm.wsspi.kernel.service.utils.ConcurrentServiceReferenceSet@34a9b703
      serialVersionUID = 4152663586056483310
    protectionDomains = class java.util.concurrent.ConcurrentHashMap@34e30b06
      serialVersionUID = "/* Could not access serialVersionUID */"
      MAXIMUM_CAPACITY = "/* Could not access MAXIMUM_CAPACITY */"
      DEFAULT_CAPACITY = "/* Could not access DEFAULT_CAPACITY */"
      MAX_ARRAY_SIZE = "/* Could not access MAX_ARRAY_SIZE */"
      DEFAULT_CONCURRENCY_LEVEL = "/* Could not access DEFAULT_CONCURRENCY_LEVEL */"
      LOAD_FACTOR = "/* Could not access LOAD_FACTOR */"
      TREEIFY_THRESHOLD = "/* Could not access TREEIFY_THRESHOLD */"
      UNTREEIFY_THRESHOLD = "/* Could not access UNTREEIFY_THRESHOLD */"
      MIN_TREEIFY_CAPACITY = "/* Could not access MIN_TREEIFY_CAPACITY */"
      MIN_TRANSFER_STRIDE = "/* Could not access MIN_TRANSFER_STRIDE */"
      RESIZE_STAMP_BITS = "/* Could not access RESIZE_STAMP_BITS */"
      MAX_RESIZERS = "/* Could not access MAX_RESIZERS */"
      RESIZE_STAMP_SHIFT = "/* Could not access RESIZE_STAMP_SHIFT */"
      MOVED = "/* Could not access MOVED */"
      TREEBIN = "/* Could not access TREEBIN */"
      RESERVED = "/* Could not access RESERVED */"
      HASH_BITS = "/* Could not access HASH_BITS */"
      NCPU = "/* Could not access NCPU */"
      serialPersistentFields = "/* Could not access serialPersistentFields */"
      table = "/* Could not access table */"
      nextTable = "/* Could not access nextTable */"
      baseCount = "/* Could not access baseCount */"
      sizeCtl = "/* Could not access sizeCtl */"
      transferIndex = "/* Could not access transferIndex */"
      cellsBusy = "/* Could not access cellsBusy */"
      counterCells = "/* Could not access counterCells */"
      keySet = "/* Could not access keySet */"
      values = "/* Could not access values */"
      entrySet = "/* Could not access entrySet */"
      U = "/* Could not access U */"
      SIZECTL = "/* Could not access SIZECTL */"
      TRANSFERINDEX = "/* Could not access TRANSFERINDEX */"
      BASECOUNT = "/* Could not access BASECOUNT */"
      CELLSBUSY = "/* Could not access CELLSBUSY */"
      CELLVALUE = "/* Could not access CELLVALUE */"
      ABASE = "/* Could not access ABASE */"
      ASHIFT = "/* Could not access ASHIFT */"
      keySet = "/* Could not access keySet */"
      values = "/* Could not access values */"
    hook = null
    serialVersionUID = 5906478461061001036
    checkpointPhase = class io.openliberty.checkpoint.spi.CheckpointPhase@6a16545
      AFTER_APP_START = class io.openliberty.checkpoint.spi.CheckpointPhase@46efb63d
      BEFORE_APP_START = class io.openliberty.checkpoint.spi.CheckpointPhase@13b7a5ed
      INACTIVE = class io.openliberty.checkpoint.spi.CheckpointPhase@6a16545
      CHECKPOINT_PROPERTY = "io.openliberty.checkpoint"
      CHECKPOINT_ACTIVE_FILTER = "(!(io.openliberty.checkpoint=INACTIVE))"
      CHECKPOINT_RESTORED_PROPERTY = "io.openliberty.checkpoint.restored"
      CONDITION_PROCESS_RUNNING_ID = "io.openliberty.process.running"
      restored = true
      noMoreAddHooks = true
      singleThreadedHooks = class java.util.ArrayList@6f577318
      multiThreadedHooks = class java.util.ArrayList@7f6de419
      THE_PHASE = class io.openliberty.checkpoint.spi.CheckpointPhase@6a16545
      DEBUG = false
      $VALUES = class io.openliberty.checkpoint.spi.CheckpointPhase[3]
      name = "/* Could not access name */"
      ordinal = "/* Could not access ordinal */"
      hash = "/* Could not access hash */"
    tc = class com.ibm.websphere.ras.TraceComponent@74e92a06
      strings[0] = "TraceComponent[com.ibm.ws.classloading.internal.ContainerClassLoader,class com.ibm.ws.classloading.internal.ContainerClassLoader,[ClassLoadingService],com.ibm.ws.classloading.internal.resources.ClassLoadingServiceMessages,null]"
    smartClassPath = class com.ibm.ws.classloading.internal.ContainerClassLoader$SmartClassPathImpl@557df944
      rwLock = class java.util.concurrent.locks.ReentrantReadWriteLock@6af20614
      outstandingContainers = class java.util.concurrent.atomic.AtomicInteger@4c4e59e9
      usePackageMap = true
      maxLastNotFound = 250
      maxLastFound = 900
      maxLastReallyNotFound = 900
      propsInUse = false
      classPath = class java.util.concurrent.CopyOnWriteArrayList@73243ae
      MAX_LASTNOTFOUND = 250
      lastNotFound = class java.util.concurrent.CopyOnWriteArrayList@4de7839f
      MAX_LASTFOUND = 900
      lastFoundURL = class java.util.Collections$SynchronizedMap@375fee91
      MAX_LASTREALLYNOTFOUND = 900
      lastReallyNotFoundURL = class java.util.Collections$SynchronizedMap@9607882
      packageMap = class java.util.HashMap@1cda7533
      containers = class java.util.Collections$SetFromMap@6d50f64c
      serialVersionUID = 1586111247084489525
      $$$tc$$$ = class com.ibm.websphere.ras.TraceComponent@671e163
    nativeLibraryContainers = class java.util.ArrayList@796a63d6
      serialVersionUID = "/* Could not access serialVersionUID */"
      DEFAULT_CAPACITY = "/* Could not access DEFAULT_CAPACITY */"
      EMPTY_ELEMENTDATA = "/* Could not access EMPTY_ELEMENTDATA */"
      DEFAULTCAPACITY_EMPTY_ELEMENTDATA = "/* Could not access DEFAULTCAPACITY_EMPTY_ELEMENTDATA */"
      elementData = "/* Could not access elementData */"
      size = "/* Could not access size */"
      modCount = "/* Could not access modCount */"
    redefiner = class com.ibm.ws.classloading.internal.util.ClassRedefiner@5bbbf7bf
      tc = class com.ibm.websphere.ras.TraceComponent@5225c430
      LS = "
"
      inst = class jdk.proxy2.$Proxy4@5e4737f4
      serialVersionUID = 2420101865139508526
    jarProtocol = "wsjar:"
    mapCreationQueue = class java.util.concurrent.Executors$AutoShutdownDelegatedExecutorService@56bd2ac0
      cleanable = "/* Could not access cleanable */"
      e = "/* Could not access e */"
    serialVersionUID = 251246017270836472
    parent = class com.ibm.ws.classloading.internal.GatewayClassLoader@69abe13d
    classNameLockStore = class com.ibm.ws.kernel.boot.utils.KeyBasedLockStore@6c304e8a
      refQueue = class java.lang.ref.ReferenceQueue@2f9d6e4d
      lockMap = class java.util.concurrent.ConcurrentHashMap@6021f560
      lockCreator = class com.ibm.ws.kernel.boot.classloader.NameBasedClassLoaderLock$1@a299dbe
    serialVersionUID = -3020377578845918238
    $$$tc$$$ = class com.ibm.websphere.ras.TraceComponent@31210682
      strings[0] = "TraceComponent[com.ibm.ws.classloading.internal.LibertyLoader,class com.ibm.ws.classloading.internal.LibertyLoader,[ClassLoadingService],com.ibm.ws.classloading.internal.resources.ClassLoadingServiceMessages,null]"
    pdcache = "/* Could not access pdcache */"
  ejbClasses = class java.util.HashSet@4da7ab2b
    serialVersionUID = "/* Could not access serialVersionUID */"
    map = "/* Could not access map */"
    PRESENT = "/* Could not access PRESENT */"
  managedBeanClasses = class java.util.HashSet@63675978
    serialVersionUID = "/* Could not access serialVersionUID */"
    map = "/* Could not access map */"
    PRESENT = "/* Could not access PRESENT */"
  injectionClasses = class java.util.HashSet@389f7506
    serialVersionUID = "/* Could not access serialVersionUID */"
    map = "/* Could not access map */"
    PRESENT = "/* Could not access PRESENT */"
  jeeComponentClasses = class java.util.HashSet@2a585a70
    serialVersionUID = "/* Could not access serialVersionUID */"
    map = "/* Could not access map */"
    PRESENT = "/* Could not access PRESENT */"
  additionalClasses = class java.util.HashSet@5ad652e3
    serialVersionUID = "/* Could not access serialVersionUID */"
    map = "/* Could not access map */"
    PRESENT = "/* Could not access PRESENT */"
  additionalBeanDefiningAnnotations = class java.util.HashSet@3a36c58
    serialVersionUID = "/* Could not access serialVersionUID */"
    map = "/* Could not access map */"
    PRESENT = "/* Could not access PRESENT */"
  extensionClassNames = class java.util.HashSet@40d70e6f
    serialVersionUID = "/* Could not access serialVersionUID */"
    map = "/* Could not access map */"
    PRESENT = "/* Could not access PRESENT */"
  spiExtensionSuppliers = class java.util.HashSet@28b447df
    serialVersionUID = "/* Could not access serialVersionUID */"
    map = "/* Could not access map */"
    PRESENT = "/* Could not access PRESENT */"
  weldServiceRegistry = class org.jboss.weld.bootstrap.api.helpers.SimpleServiceRegistry@401d4960
    services = class java.util.HashMap@22ed8937
      serialVersionUID = "/* Could not access serialVersionUID */"
      DEFAULT_INITIAL_CAPACITY = "/* Could not access DEFAULT_INITIAL_CAPACITY */"
      MAXIMUM_CAPACITY = "/* Could not access MAXIMUM_CAPACITY */"
      DEFAULT_LOAD_FACTOR = "/* Could not access DEFAULT_LOAD_FACTOR */"
      TREEIFY_THRESHOLD = "/* Could not access TREEIFY_THRESHOLD */"
      UNTREEIFY_THRESHOLD = "/* Could not access UNTREEIFY_THRESHOLD */"
      MIN_TREEIFY_CAPACITY = "/* Could not access MIN_TREEIFY_CAPACITY */"
      table = "/* Could not access table */"
      entrySet = "/* Could not access entrySet */"
      size = "/* Could not access size */"
      modCount = "/* Could not access modCount */"
      threshold = "/* Could not access threshold */"
      loadFactor = "/* Could not access loadFactor */"
      keySet = "/* Could not access keySet */"
      values = "/* Could not access values */"
  id = "project#project.war"
  eeModuleDescriptor = class com.ibm.ws.cdi.impl.weld.WebSphereEEModuleDescriptor@58443c97
    serialVersionUID = -215597466475883722
    $$$tc$$$ = class com.ibm.websphere.ras.TraceComponent@1cc99d35
      strings[0] = "TraceComponent[com.ibm.ws.cdi.impl.weld.WebSphereEEModuleDescriptor,class com.ibm.ws.cdi.impl.weld.WebSphereEEModuleDescriptor,[JCDI],com.ibm.ws.cdi.internal.resources.CDI,null]"
    id = "project#project.war"
    moduleType = class org.jboss.weld.bootstrap.spi.EEModuleDescriptor$ModuleType@3c62a394
      EAR = class org.jboss.weld.bootstrap.spi.EEModuleDescriptor$ModuleType@56416706
      WEB = class org.jboss.weld.bootstrap.spi.EEModuleDescriptor$ModuleType@3c62a394
      EJB_JAR = class org.jboss.weld.bootstrap.spi.EEModuleDescriptor$ModuleType@55dbb92c
      APPLICATION_CLIENT = class org.jboss.weld.bootstrap.spi.EEModuleDescriptor$ModuleType@6d00a14d
      CONNECTOR = class org.jboss.weld.bootstrap.spi.EEModuleDescriptor$ModuleType@31bc912d
      $VALUES = class org.jboss.weld.bootstrap.spi.EEModuleDescriptor$ModuleType[5]
      name = "/* Could not access name */"
      ordinal = "/* Could not access ordinal */"
      hash = "/* Could not access hash */"
  accessibleBDAs = class java.util.HashSet@2098e586
    serialVersionUID = "/* Could not access serialVersionUID */"
    map = "/* Could not access map */"
    PRESENT = "/* Could not access PRESENT */"
  descendantBDAs = class java.util.HashSet@2a98d4f5
    serialVersionUID = "/* Could not access serialVersionUID */"
    map = "/* Could not access map */"
    PRESENT = "/* Could not access PRESENT */"
  cdiDeployment = class com.ibm.ws.cdi.impl.weld.WebSphereCDIDeploymentImpl@e4de8f
    tc = class com.ibm.websphere.ras.TraceComponent@7895d299
      strings[0] = "TraceComponent[com.ibm.ws.cdi.impl.weld.WebSphereCDIDeploymentImpl,class com.ibm.ws.cdi.impl.weld.WebSphereCDIDeploymentImpl,[JCDI],com.ibm.ws.cdi.internal.resources.CDI,null]"
    id = "project"
    deploymentDBAs = class java.util.HashMap@12ea313b
      serialVersionUID = "/* Could not access serialVersionUID */"
      DEFAULT_INITIAL_CAPACITY = "/* Could not access DEFAULT_INITIAL_CAPACITY */"
      MAXIMUM_CAPACITY = "/* Could not access MAXIMUM_CAPACITY */"
      DEFAULT_LOAD_FACTOR = "/* Could not access DEFAULT_LOAD_FACTOR */"
      TREEIFY_THRESHOLD = "/* Could not access TREEIFY_THRESHOLD */"
      UNTREEIFY_THRESHOLD = "/* Could not access UNTREEIFY_THRESHOLD */"
      MIN_TREEIFY_CAPACITY = "/* Could not access MIN_TREEIFY_CAPACITY */"
      table = "/* Could not access table */"
      entrySet = "/* Could not access entrySet */"
      size = "/* Could not access size */"
      modCount = "/* Could not access modCount */"
      threshold = "/* Could not access threshold */"
      loadFactor = "/* Could not access loadFactor */"
      keySet = "/* Could not access keySet */"
      values = "/* Could not access values */"
    applicationBDAs = class java.util.HashSet@aafa0bb
      serialVersionUID = "/* Could not access serialVersionUID */"
      map = "/* Could not access map */"
      PRESENT = "/* Could not access PRESENT */"
    extensionBDAs = class java.util.HashMap@77f746a3
      serialVersionUID = "/* Could not access serialVersionUID */"
      DEFAULT_INITIAL_CAPACITY = "/* Could not access DEFAULT_INITIAL_CAPACITY */"
      MAXIMUM_CAPACITY = "/* Could not access MAXIMUM_CAPACITY */"
      DEFAULT_LOAD_FACTOR = "/* Could not access DEFAULT_LOAD_FACTOR */"
      TREEIFY_THRESHOLD = "/* Could not access TREEIFY_THRESHOLD */"
      UNTREEIFY_THRESHOLD = "/* Could not access UNTREEIFY_THRESHOLD */"
      MIN_TREEIFY_CAPACITY = "/* Could not access MIN_TREEIFY_CAPACITY */"
      table = "/* Could not access table */"
      entrySet = "/* Could not access entrySet */"
      size = "/* Could not access size */"
      modCount = "/* Could not access modCount */"
      threshold = "/* Could not access threshold */"
      loadFactor = "/* Could not access loadFactor */"
      keySet = "/* Could not access keySet */"
      values = "/* Could not access values */"
    orderedBDAs = class java.util.ArrayList@dd565cf
      serialVersionUID = "/* Could not access serialVersionUID */"
      DEFAULT_CAPACITY = "/* Could not access DEFAULT_CAPACITY */"
      EMPTY_ELEMENTDATA = "/* Could not access EMPTY_ELEMENTDATA */"
      DEFAULTCAPACITY_EMPTY_ELEMENTDATA = "/* Could not access DEFAULTCAPACITY_EMPTY_ELEMENTDATA */"
      elementData = "/* Could not access elementData */"
      size = "/* Could not access size */"
      modCount = "/* Could not access modCount */"
    bootstrap = class org.jboss.weld.bootstrap.WeldBootstrap@4ef5eea7
      weldStartup = class org.jboss.weld.bootstrap.WeldStartup@56bd8d3
      weldRuntime = class org.jboss.weld.bootstrap.WeldRuntime@38e13a69
      beansXmlValidator = null
    classloader = class com.ibm.ws.classloading.internal.AppClassLoader@327c8050
    extensionClassLoaders = class java.util.HashSet@392835ba
      serialVersionUID = "/* Could not access serialVersionUID */"
      map = "/* Could not access map */"
      PRESENT = "/* Could not access PRESENT */"
    cdiEnabled = true
    cdiStatusMap = class java.util.HashMap@74a7ae62
      serialVersionUID = "/* Could not access serialVersionUID */"
      DEFAULT_INITIAL_CAPACITY = "/* Could not access DEFAULT_INITIAL_CAPACITY */"
      MAXIMUM_CAPACITY = "/* Could not access MAXIMUM_CAPACITY */"
      DEFAULT_LOAD_FACTOR = "/* Could not access DEFAULT_LOAD_FACTOR */"
      TREEIFY_THRESHOLD = "/* Could not access TREEIFY_THRESHOLD */"
      UNTREEIFY_THRESHOLD = "/* Could not access UNTREEIFY_THRESHOLD */"
      MIN_TREEIFY_CAPACITY = "/* Could not access MIN_TREEIFY_CAPACITY */"
      table = "/* Could not access table */"
      entrySet = "/* Could not access entrySet */"
      size = "/* Could not access size */"
      modCount = "/* Could not access modCount */"
      threshold = "/* Could not access threshold */"
      loadFactor = "/* Could not access loadFactor */"
      keySet = "/* Could not access keySet */"
      values = "/* Could not access values */"
    classBDAMap = class java.util.concurrent.ConcurrentHashMap@52fa4624
      serialVersionUID = "/* Could not access serialVersionUID */"
      MAXIMUM_CAPACITY = "/* Could not access MAXIMUM_CAPACITY */"
      DEFAULT_CAPACITY = "/* Could not access DEFAULT_CAPACITY */"
      MAX_ARRAY_SIZE = "/* Could not access MAX_ARRAY_SIZE */"
      DEFAULT_CONCURRENCY_LEVEL = "/* Could not access DEFAULT_CONCURRENCY_LEVEL */"
      LOAD_FACTOR = "/* Could not access LOAD_FACTOR */"
      TREEIFY_THRESHOLD = "/* Could not access TREEIFY_THRESHOLD */"
      UNTREEIFY_THRESHOLD = "/* Could not access UNTREEIFY_THRESHOLD */"
      MIN_TREEIFY_CAPACITY = "/* Could not access MIN_TREEIFY_CAPACITY */"
      MIN_TRANSFER_STRIDE = "/* Could not access MIN_TRANSFER_STRIDE */"
      RESIZE_STAMP_BITS = "/* Could not access RESIZE_STAMP_BITS */"
      MAX_RESIZERS = "/* Could not access MAX_RESIZERS */"
      RESIZE_STAMP_SHIFT = "/* Could not access RESIZE_STAMP_SHIFT */"
      MOVED = "/* Could not access MOVED */"
      TREEBIN = "/* Could not access TREEBIN */"
      RESERVED = "/* Could not access RESERVED */"
      HASH_BITS = "/* Could not access HASH_BITS */"
      NCPU = "/* Could not access NCPU */"
      serialPersistentFields = "/* Could not access serialPersistentFields */"
      table = "/* Could not access table */"
      nextTable = "/* Could not access nextTable */"
      baseCount = "/* Could not access baseCount */"
      sizeCtl = "/* Could not access sizeCtl */"
      transferIndex = "/* Could not access transferIndex */"
      cellsBusy = "/* Could not access cellsBusy */"
      counterCells = "/* Could not access counterCells */"
      keySet = "/* Could not access keySet */"
      values = "/* Could not access values */"
      entrySet = "/* Could not access entrySet */"
      U = "/* Could not access U */"
      SIZECTL = "/* Could not access SIZECTL */"
      TRANSFERINDEX = "/* Could not access TRANSFERINDEX */"
      BASECOUNT = "/* Could not access BASECOUNT */"
      CELLSBUSY = "/* Could not access CELLSBUSY */"
      CELLVALUE = "/* Could not access CELLVALUE */"
      ABASE = "/* Could not access ABASE */"
      ASHIFT = "/* Could not access ASHIFT */"
      keySet = "/* Could not access keySet */"
      values = "/* Could not access values */"
    application = class com.ibm.ws.cdi.internal.archive.liberty.ApplicationImpl@771a349d
    serviceRegistry = class org.jboss.weld.bootstrap.api.helpers.SimpleServiceRegistry@339b0a0a
      services = class java.util.HashMap@38ea0da0
    extensions = class java.util.HashSet@4b666c26
      serialVersionUID = "/* Could not access serialVersionUID */"
      map = "/* Could not access map */"
      PRESENT = "/* Could not access PRESENT */"
    injectionServices = class com.ibm.ws.cdi.impl.weld.injection.WebSphereInjectionServicesImpl@2fb0f96
      tc = class com.ibm.websphere.ras.TraceComponent@ecc6a73
      ANNOTATIONS_KNOWN_TO_WELD = class java.util.HashSet@3ea5c7da
      referenceContextMap = class java.util.concurrent.ConcurrentHashMap@2e78a13b
      referenceContexts = class java.util.Collections$SetFromMap@2d2fa320
      injectionTargetListeners = class java.util.concurrent.ConcurrentHashMap@32bfaf35
      deployment = class com.ibm.ws.cdi.impl.weld.WebSphereCDIDeploymentImpl@e4de8f
      serialVersionUID = 2515575801175940133
    cdiRuntime = class com.ibm.ws.cdi.liberty.CDIRuntimeImpl@5e092903
    cdi = class com.ibm.ws.cdi.impl.CDIImpl@230a28b
      cdiService = class com.ibm.ws.cdi.liberty.CDIRuntimeImpl@5e092903
      serialVersionUID = -7939958868102936626
      $$$tc$$$ = class com.ibm.websphere.ras.TraceComponent@550690f4
      knownClassNames = class org.jboss.weld.util.collections.ImmutableTinySet$Tripleton@3212a1d4
      instanceCache = class org.jboss.weld.util.cache.ReentrantMapBackedComputingCache@76394edd
      lock = class java.lang.Object@195c2f8f
      providerSetManually = true
      discoveredProviders = null
      configuredProvider = class com.ibm.ws.cdi.liberty.CDIRuntimeImpl@5e092903
    serialVersionUID = 4603914438338371166
  ejbDescriptors = class java.util.HashSet@793dea80
    serialVersionUID = "/* Could not access serialVersionUID */"
    map = "/* Could not access map */"
    PRESENT = "/* Could not access PRESENT */"
  ejbDescriptorMap = class java.util.HashMap@1e6e94f4
    serialVersionUID = "/* Could not access serialVersionUID */"
    DEFAULT_INITIAL_CAPACITY = "/* Could not access DEFAULT_INITIAL_CAPACITY */"
    MAXIMUM_CAPACITY = "/* Could not access MAXIMUM_CAPACITY */"
    DEFAULT_LOAD_FACTOR = "/* Could not access DEFAULT_LOAD_FACTOR */"
    TREEIFY_THRESHOLD = "/* Could not access TREEIFY_THRESHOLD */"
    UNTREEIFY_THRESHOLD = "/* Could not access UNTREEIFY_THRESHOLD */"
    MIN_TREEIFY_CAPACITY = "/* Could not access MIN_TREEIFY_CAPACITY */"
    table = "/* Could not access table */"
    entrySet = "/* Could not access entrySet */"
    size = "/* Could not access size */"
    modCount = "/* Could not access modCount */"
    threshold = "/* Could not access threshold */"
    loadFactor = "/* Could not access loadFactor */"
    keySet = "/* Could not access keySet */"
    values = "/* Could not access values */"
  scanned = true
  hasBeans = false
  endpointsScanned = true
  nonCDIInterceptors = class java.util.HashSet@42f4f525
    serialVersionUID = "/* Could not access serialVersionUID */"
    map = "/* Could not access map */"
    PRESENT = "/* Could not access PRESENT */"
  beansXml = null
  beanDiscoveryMode = class org.jboss.weld.bootstrap.spi.BeanDiscoveryMode@285710bb
    NONE = class org.jboss.weld.bootstrap.spi.BeanDiscoveryMode@466ee409
      NONE = class org.jboss.weld.bootstrap.spi.BeanDiscoveryMode@466ee409
      ANNOTATED = class org.jboss.weld.bootstrap.spi.BeanDiscoveryMode@285710bb
      ALL = class org.jboss.weld.bootstrap.spi.BeanDiscoveryMode@426ce574
      $VALUES = class org.jboss.weld.bootstrap.spi.BeanDiscoveryMode[3]
      name = "/* Could not access name */"
      ordinal = "/* Could not access ordinal */"
      hash = "/* Could not access hash */"
    ANNOTATED = class org.jboss.weld.bootstrap.spi.BeanDiscoveryMode@285710bb
    ALL = class org.jboss.weld.bootstrap.spi.BeanDiscoveryMode@426ce574
      NONE = class org.jboss.weld.bootstrap.spi.BeanDiscoveryMode@466ee409
      ANNOTATED = class org.jboss.weld.bootstrap.spi.BeanDiscoveryMode@285710bb
      ALL = class org.jboss.weld.bootstrap.spi.BeanDiscoveryMode@426ce574
      $VALUES = class org.jboss.weld.bootstrap.spi.BeanDiscoveryMode[3]
      name = "/* Could not access name */"
      ordinal = "/* Could not access ordinal */"
      hash = "/* Could not access hash */"
    $VALUES = class org.jboss.weld.bootstrap.spi.BeanDiscoveryMode[3]
      BeanDiscoveryMode[0] = class org.jboss.weld.bootstrap.spi.BeanDiscoveryMode@466ee409
      BeanDiscoveryMode[1] = class org.jboss.weld.bootstrap.spi.BeanDiscoveryMode@285710bb
      BeanDiscoveryMode[2] = class org.jboss.weld.bootstrap.spi.BeanDiscoveryMode@426ce574
    name = "/* Could not access name */"
    ordinal = "/* Could not access ordinal */"
    hash = "/* Could not access hash */"
  directBeanDefiningAnnotations = class java.util.HashSet@3453c955
    serialVersionUID = "/* Could not access serialVersionUID */"
    map = "/* Could not access map */"
    PRESENT = "/* Could not access PRESENT */"
  accessibleBeanDefiningAnnotations = class java.util.HashSet@3b31be9d
    serialVersionUID = "/* Could not access serialVersionUID */"
    map = "/* Could not access map */"
    PRESENT = "/* Could not access PRESENT */"
  cdiRuntime = class com.ibm.ws.cdi.liberty.CDIRuntimeImpl@5e092903
    tc = class com.ibm.websphere.ras.TraceComponent@5f04a471
      strings[0] = "TraceComponent[com.ibm.ws.cdi.liberty.CDIRuntimeImpl,class com.ibm.ws.cdi.liberty.CDIRuntimeImpl,[JCDI],com.ibm.ws.cdi.internal.resources.CDI,null]"
    metaDataSlotServiceSR = class com.ibm.wsspi.kernel.service.utils.AtomicServiceReference@52449ac1
      referenceName = "metaDataSlotService"
      tuple = class java.util.concurrent.atomic.AtomicReference@637b331b
      serialVersionUID = 2226592364007985000
      $$$tc$$$ = class com.ibm.websphere.ras.TraceComponent@20054418
    ejbEndpointServiceSR = class com.ibm.wsspi.kernel.service.utils.AtomicServiceReference@74d00b7c
      referenceName = "ejbEndpointService"
      tuple = class java.util.concurrent.atomic.AtomicReference@4b7e6aea
      serialVersionUID = 2226592364007985000
      $$$tc$$$ = class com.ibm.websphere.ras.TraceComponent@20054418
    classLoadingSRRef = class com.ibm.wsspi.kernel.service.utils.AtomicServiceReference@78e738e8
      referenceName = "classLoadingService"
      tuple = class java.util.concurrent.atomic.AtomicReference@4ac8648a
      serialVersionUID = 2226592364007985000
      $$$tc$$$ = class com.ibm.websphere.ras.TraceComponent@20054418
    ejbServices = class com.ibm.wsspi.kernel.service.utils.AtomicServiceReference@50f16dfb
      referenceName = "ejbServices"
      tuple = class java.util.concurrent.atomic.AtomicReference@4e526380
      serialVersionUID = 2226592364007985000
      $$$tc$$$ = class com.ibm.websphere.ras.TraceComponent@20054418
    transactionService = class com.ibm.wsspi.kernel.service.utils.AtomicServiceReference@261577b6
      referenceName = "transactionService"
      tuple = class java.util.concurrent.atomic.AtomicReference@bab76de
      serialVersionUID = 2226592364007985000
      $$$tc$$$ = class com.ibm.websphere.ras.TraceComponent@20054418
    securityServices = class com.ibm.wsspi.kernel.service.utils.AtomicServiceReference@52ea03e3
      referenceName = "securityServices"
      tuple = class java.util.concurrent.atomic.AtomicReference@52c79b4a
      serialVersionUID = 2226592364007985000
      $$$tc$$$ = class com.ibm.websphere.ras.TraceComponent@20054418
    extensionsSR = class com.ibm.wsspi.kernel.service.utils.ConcurrentServiceReferenceSet@130b412e
      referenceName = "extensionService"
      contextRef = class java.util.concurrent.atomic.AtomicReference@438cd9df
      elementMap = class java.util.LinkedHashMap@511af220
      elementSet = class java.util.concurrent.ConcurrentSkipListSet@1d7635b
      elementSetUnsorted = false
      serialVersionUID = 756240983881166148
      $$$tc$$$ = class com.ibm.websphere.ras.TraceComponent@2c2777f
    spiExtensionsSR = class com.ibm.wsspi.kernel.service.utils.ConcurrentServiceReferenceSet@48ce6801
      referenceName = "spiExtensionService"
      contextRef = class java.util.concurrent.atomic.AtomicReference@637abf3c
      elementMap = class java.util.LinkedHashMap@2df6b58b
      elementSet = class java.util.concurrent.ConcurrentSkipListSet@549e0e99
      elementSetUnsorted = false
      serialVersionUID = 756240983881166148
      $$$tc$$$ = class com.ibm.websphere.ras.TraceComponent@2c2777f
    containerFactorySRRef = class com.ibm.wsspi.kernel.service.utils.AtomicServiceReference@456b0e69
      referenceName = "containerFactory"
      tuple = class java.util.concurrent.atomic.AtomicReference@ed4e8ee
      serialVersionUID = 2226592364007985000
      $$$tc$$$ = class com.ibm.websphere.ras.TraceComponent@20054418
    adaptableModuleFactorySRRef = class com.ibm.wsspi.kernel.service.utils.AtomicServiceReference@471ce83c
      referenceName = "adaptableModuleFactory"
      tuple = class java.util.concurrent.atomic.AtomicReference@5df9ffb9
      serialVersionUID = 2226592364007985000
      $$$tc$$$ = class com.ibm.websphere.ras.TraceComponent@20054418
    injectionEngineServiceRef = class com.ibm.wsspi.kernel.service.utils.AtomicServiceReference@e57c3c0
      referenceName = "injectionEngine"
      tuple = class java.util.concurrent.atomic.AtomicReference@4132f6de
      serialVersionUID = 2226592364007985000
      $$$tc$$$ = class com.ibm.websphere.ras.TraceComponent@20054418
    scheduledExecutorServiceRef = class com.ibm.wsspi.kernel.service.utils.AtomicServiceReference@35e23c6b
      referenceName = "scheduledExecutorService"
      tuple = class java.util.concurrent.atomic.AtomicReference@49049911
      serialVersionUID = 2226592364007985000
      $$$tc$$$ = class com.ibm.websphere.ras.TraceComponent@20054418
    executorServiceRef = class com.ibm.wsspi.kernel.service.utils.AtomicServiceReference@28e774f8
      referenceName = "executorService"
      tuple = class java.util.concurrent.atomic.AtomicReference@155f060
      serialVersionUID = 2226592364007985000
      $$$tc$$$ = class com.ibm.websphere.ras.TraceComponent@20054418
    managedExecutorServiceRef = class com.ibm.wsspi.kernel.service.utils.AtomicServiceReference@89a34d0
      referenceName = "managedExecutorService"
      tuple = class java.util.concurrent.atomic.AtomicReference@2c474094
      serialVersionUID = 2226592364007985000
      $$$tc$$$ = class com.ibm.websphere.ras.TraceComponent@20054418
    resourceRefConfigFactoryRef = class com.ibm.wsspi.kernel.service.utils.AtomicServiceReference@38e3afc0
      referenceName = "resourceRefConfigFactory"
      tuple = class java.util.concurrent.atomic.AtomicReference@6df4f2f1
      serialVersionUID = 2226592364007985000
      $$$tc$$$ = class com.ibm.websphere.ras.TraceComponent@20054418
    deferredMetaDataFactoryRef = class com.ibm.wsspi.kernel.service.utils.AtomicServiceReference@1c46ddd3
      referenceName = "cdiDeferredMetaDataFactoryImpl"
      tuple = class java.util.concurrent.atomic.AtomicReference@23c4a355
      serialVersionUID = 2226592364007985000
      $$$tc$$$ = class com.ibm.websphere.ras.TraceComponent@20054418
    beansXmlParser = class io.openliberty.cdi40.internal.weld.CDI40BeansXmlParserImpl@f952a17
      tc = class com.ibm.websphere.ras.TraceComponent@3015babc
      cdiContainerConfig = class io.openliberty.cdi40.internal.weld.CDI40AggregatedConfigurationImpl@594a78df
      serialVersionUID = 1591115226053693575
    bceFinder = class io.openliberty.cdi40.internal.weld.CDI40BceFinder@56f0b381
      BCE_EXTENSION = "jakarta.enterprise.inject.build.compatible.spi.BuildCompatibleExtension"
      META_INF_SERVICES_BCE_EXTENSION = "META-INF/services/jakarta.enterprise.inject.build.compatible.spi.BuildCompatibleExtension"
      WEB_INF_CLASSES_META_INF_SERVICES_BCE_EXTENSION = "WEB-INF/classes/META-INF/services/jakarta.enterprise.inject.build.compatible.spi.BuildCompatibleExtension"
      serialVersionUID = 8570119591201212767
      $$$tc$$$ = class com.ibm.websphere.ras.TraceComponent@5f92b28d
    cdiContainerEventManager = class io.openliberty.cdi40.internal.weld.CDI40ContainerEventManagerImpl@73c89b30
      tc = class com.ibm.websphere.ras.TraceComponent@185fb6ec
      LIBERTY_EE_ENVIRONMENT = class io.openliberty.cdi40.internal.weld.CDI40ContainerEventManagerImpl$LibertyEEEnvironment@ce0b029
      serialVersionUID = -4728261810637111019
    weldDevelopmentMode = null
    cdiContainerConfig = class io.openliberty.cdi40.internal.weld.CDI40AggregatedConfigurationImpl@594a78df
      serialVersionUID = 2467610951074149464
      $$$tc$$$ = class com.ibm.websphere.ras.TraceComponent@7ad14c07
      tc = class com.ibm.websphere.ras.TraceComponent@4b3badec
      ENABLE_IMPLICIT_BEAN_ARCHIVES = "enableImplicitBeanArchives"
      EMPTY_BEANS_XML_CDI3_COMPATIBILITY = "emptyBeansXmlCDI3Compatibility"
      ENABLE_IMPLICIT_BEAN_ARCHIVES_DEFAULT = true
      EMPTY_BEANS_XML_CDI3_COMPATIBILITY_DEFAULT = false
      cdi12EnableImplicitBeanArchives = null
      cdiEnableImplicitBeanArchives = null
      cdiEmptyBeansXmlCDI3Compatibility = null
      enableImplicitBeanArchives = true
      emptyBeansXmlCDI3Compatibility = false
      serialVersionUID = 2383387866469920840
    extensionArchiveProviders = class java.util.ArrayList@7fa92473
      serialVersionUID = "/* Could not access serialVersionUID */"
      DEFAULT_CAPACITY = "/* Could not access DEFAULT_CAPACITY */"
      EMPTY_ELEMENTDATA = "/* Could not access EMPTY_ELEMENTDATA */"
      DEFAULTCAPACITY_EMPTY_ELEMENTDATA = "/* Could not access DEFAULTCAPACITY_EMPTY_ELEMENTDATA */"
      elementData = "/* Could not access elementData */"
      size = "/* Could not access size */"
      modCount = "/* Could not access modCount */"
    extensionArchiveFactories = class java.util.ArrayList@2c96fcbc
      serialVersionUID = "/* Could not access serialVersionUID */"
      DEFAULT_CAPACITY = "/* Could not access DEFAULT_CAPACITY */"
      EMPTY_ELEMENTDATA = "/* Could not access EMPTY_ELEMENTDATA */"
      DEFAULTCAPACITY_EMPTY_ELEMENTDATA = "/* Could not access DEFAULTCAPACITY_EMPTY_ELEMENTDATA */"
      elementData = "/* Could not access elementData */"
      size = "/* Could not access size */"
      modCount = "/* Could not access modCount */"
    applicationSlot = class com.ibm.ws.runtime.metadata.MetaDataSlotImpl@1bb0f305
      id = 0
      destroyed = false
      metadataIntf = class java.lang.Class@36a74d2b
      manager = class com.ibm.ws.container.service.metadata.internal.ApplicationMetaDataManager@52631f88
      bundle = class org.eclipse.osgi.internal.framework.EquinoxBundle@2c5477fd
    isClientProcess = false
    runtimeFactory = class com.ibm.ws.cdi.internal.archive.liberty.RuntimeFactory@1136fc2c
      services = class com.ibm.ws.cdi.liberty.CDIRuntimeImpl@5e092903
      applications = class java.util.concurrent.ConcurrentHashMap@325a9c76
      serialVersionUID = -4454616462077940377
      $$$tc$$$ = class com.ibm.websphere.ras.TraceComponent@ba355ed
    proxyServices = class com.ibm.ws.cdi.proxy.ProxyServicesImpl@278ac8c5
      SUPPRESS_ACCESS_CHECKS_PERMISSION = class java.lang.reflect.ReflectPermission@42cba77e
      DECLARED_MEMBERS_PERMISSION = class java.lang.RuntimePermission@74fe7344
      GET_CLASS_LOADER_PERMISSION = class java.lang.RuntimePermission@6c3cdabd
      WELD_PACKAGES = class org.eclipse.osgi.util.ManifestElement[1]
      CLASS_LOADER_FOR_SYSTEM_CLASSES = class org.eclipse.osgi.internal.loader.EquinoxClassLoader@640b7d94
      loaderMap = class com.ibm.ws.cdi.proxy.ProxyServicesImpl$1@579d4542
      serialVersionUID = -5246223089013259243
      $$$tc$$$ = class com.ibm.websphere.ras.TraceComponent@4ef5820
    serialVersionUID = 7930911400118500928
    cdiContainer = class com.ibm.ws.cdi.impl.CDIContainerImpl@4d58a504
      tc = class com.ibm.websphere.ras.TraceComponent@1a356545
      CLASSLOADER = class org.eclipse.osgi.internal.loader.EquinoxClassLoader@64190d90
      EXTENSION_API_CLASSES = "api.classes"
      EXTENSION_BEAN_DEFINING_ANNOTATIONS = "bean.defining.annotations"
      EXTENSION_APP_BDAS_VISIBLE = "application.bdas.visible"
      EXTENSION_CLASSES_ONLY_MODE = "extension.classes.only"
      EXTENSION_API_CLASSES_SEPARATOR = ";"
      runtimeExtensionMap = class java.util.HashMap@2c1a10cb
      probeExtensionArchive = null
      currentDeployment = class java.lang.ThreadLocal@77ece8db
      cdiRuntime = class com.ibm.ws.cdi.liberty.CDIRuntimeImpl@5e092903
      WELD_DISABLE_BEANSXML_VALIDATING = "org.jboss.weld.xml.disableValidating"
      serialVersionUID = 4644788022379001770
    serialVersionUID = 7975911090376029176
    $$$tc$$$ = class com.ibm.websphere.ras.TraceComponent@4c29c553
      strings[0] = "TraceComponent[com.ibm.ws.cdi.impl.AbstractCDIRuntime,class com.ibm.ws.cdi.impl.AbstractCDIRuntime,[JCDI],com.ibm.ws.cdi.internal.resources.CDI,null]"
  isExtension = false
  extensionCanSeeApplicationBDAs = false
  resourceLoader = class com.ibm.ws.cdi.impl.weld.ResourceLoaderImpl@78dbeb46
    tc = class com.ibm.websphere.ras.TraceComponent@79fc78c2
      strings[0] = "TraceComponent[com.ibm.ws.cdi.impl.weld.ResourceLoaderImpl,class com.ibm.ws.cdi.impl.weld.ResourceLoaderImpl,[JCDI],com.ibm.ws.cdi.internal.resources.CDI,null]"
    delegate = class com.ibm.ws.classloading.internal.AppClassLoader@327c8050
    serialVersionUID = -7296640400698987676
  injectionTargets = class java.util.HashMap@4ecb28b1
    serialVersionUID = "/* Could not access serialVersionUID */"
    DEFAULT_INITIAL_CAPACITY = "/* Could not access DEFAULT_INITIAL_CAPACITY */"
    MAXIMUM_CAPACITY = "/* Could not access MAXIMUM_CAPACITY */"
    DEFAULT_LOAD_FACTOR = "/* Could not access DEFAULT_LOAD_FACTOR */"
    TREEIFY_THRESHOLD = "/* Could not access TREEIFY_THRESHOLD */"
    UNTREEIFY_THRESHOLD = "/* Could not access UNTREEIFY_THRESHOLD */"
    MIN_TREEIFY_CAPACITY = "/* Could not access MIN_TREEIFY_CAPACITY */"
    table = "/* Could not access table */"
    entrySet = "/* Could not access entrySet */"
    size = "/* Could not access size */"
    modCount = "/* Could not access modCount */"
    threshold = "/* Could not access threshold */"
    loadFactor = "/* Could not access loadFactor */"
    keySet = "/* Could not access keySet */"
    values = "/* Could not access values */"
  staticInjectionPoints = class java.util.HashMap@6478495c
    serialVersionUID = "/* Could not access serialVersionUID */"
    DEFAULT_INITIAL_CAPACITY = "/* Could not access DEFAULT_INITIAL_CAPACITY */"
    MAXIMUM_CAPACITY = "/* Could not access MAXIMUM_CAPACITY */"
    DEFAULT_LOAD_FACTOR = "/* Could not access DEFAULT_LOAD_FACTOR */"
    TREEIFY_THRESHOLD = "/* Could not access TREEIFY_THRESHOLD */"
    UNTREEIFY_THRESHOLD = "/* Could not access UNTREEIFY_THRESHOLD */"
    MIN_TREEIFY_CAPACITY = "/* Could not access MIN_TREEIFY_CAPACITY */"
    table = "/* Could not access table */"
    entrySet = "/* Could not access entrySet */"
    size = "/* Could not access size */"
    modCount = "/* Could not access modCount */"
    threshold = "/* Could not access threshold */"
    loadFactor = "/* Could not access loadFactor */"
    keySet = "/* Could not access keySet */"
    values = "/* Could not access values */"
  archive = class com.ibm.ws.cdi.internal.archive.liberty.CDIArchiveImpl@528bd618
    CLASS_NAME = "CDIArchiveImpl"
    factory = class com.ibm.ws.cdi.internal.archive.liberty.RuntimeFactory@1136fc2c
    application = class com.ibm.ws.cdi.internal.archive.liberty.ApplicationImpl@771a349d
      tc = class com.ibm.websphere.ras.TraceComponent@6e8e573c
      applicationInfo = class com.ibm.ws.container.service.app.deploy.internal.ApplicationInfoImpl@6cabe877
      earApplicationInfo = null
      factory = class com.ibm.ws.cdi.internal.archive.liberty.RuntimeFactory@1136fc2c
      type = class com.ibm.ws.cdi.internal.interfaces.ApplicationType@6d1ed8c3
      moduleArchives = class java.util.HashMap$Values@a01aa03
      libraryArchives = class java.util.HashMap$Values@30d8a3b3
      tccl = class com.ibm.ws.classloading.internal.ThreadContextClassLoader@f7663f
      serialVersionUID = -1774035872069118191
    containerInfo = class com.ibm.ws.app.manager.module.internal.SimpleDeployedAppInfoBase$WebModuleContainerInfo@4aa25eae
      contextRoot = null
      defaultContextRoot = "project"
      serialVersionUID = 4617657913043497664
      $$$tc$$$ = class com.ibm.websphere.ras.TraceComponent@2e5054b8
      moduleHandler = class com.ibm.ws.app.manager.web.internal.WebModuleHandlerImpl@3b6284c2
      moduleMetaDataExtenders = class java.util.Collections$UnmodifiableRandomAccessList@5591552f
      nestedModuleMetaDataFactories = class java.util.Collections$UnmodifiableRandomAccessList@38b0929d
      nestedModules = null
      moduleName = "project"
      moduleDD = class com.ibm.ws.javaee.ddmodel.web.common.WebAppType@65a3b868
      moduleInfo = class com.ibm.ws.app.manager.module.internal.WebModuleInfoImpl@6bf0e671
      serialVersionUID = 5122721995888983779
      $$$tc$$$ = class com.ibm.websphere.ras.TraceComponent@2d9ffb55
      type = class com.ibm.ws.container.service.app.deploy.ContainerInfo$Type@3bb0d639
      name = "project.war"
      container = class com.ibm.ws.adaptable.module.internal.AdaptableContainerImpl@70f17573
      moduleClassLoaderFactory = class com.ibm.ws.app.manager.war.internal.WARDeployedAppInfo@3bed65cd
      altDDEntry = null
      classesContainerInfo = class java.util.ArrayList@78f8f5b
      serialVersionUID = 4636874131959542427
      $$$tc$$$ = class com.ibm.websphere.ras.TraceComponent@1f1c3276
    path = ""
    type = class com.ibm.ws.cdi.internal.interfaces.ArchiveType@7c7bc53b
      MANIFEST_CLASSPATH = class com.ibm.ws.cdi.internal.interfaces.ArchiveType@1790c5a7
      WEB_INF_LIB = class com.ibm.ws.cdi.internal.interfaces.ArchiveType@43bb7357
      EAR_LIB = class com.ibm.ws.cdi.internal.interfaces.ArchiveType@70458c10
      WEB_MODULE = class com.ibm.ws.cdi.internal.interfaces.ArchiveType@7c7bc53b
      EJB_MODULE = class com.ibm.ws.cdi.internal.interfaces.ArchiveType@9fcb975
      CLIENT_MODULE = class com.ibm.ws.cdi.internal.interfaces.ArchiveType@2082f3a8
      RAR_MODULE = class com.ibm.ws.cdi.internal.interfaces.ArchiveType@297071d0
      JAR_MODULE = class com.ibm.ws.cdi.internal.interfaces.ArchiveType@34f3511b
      SHARED_LIB = class com.ibm.ws.cdi.internal.interfaces.ArchiveType@1a8defee
      ON_DEMAND_LIB = class com.ibm.ws.cdi.internal.interfaces.ArchiveType@7822605b
      RUNTIME_EXTENSION = class com.ibm.ws.cdi.internal.interfaces.ArchiveType@698e2f05
      $VALUES = class com.ibm.ws.cdi.internal.interfaces.ArchiveType[11]
      name = "/* Could not access name */"
      ordinal = "/* Could not access ordinal */"
      hash = "/* Could not access hash */"
    classLoader = class com.ibm.ws.classloading.internal.AppClassLoader@327c8050
    moduleLibraryArchives = class java.util.HashMap$Values@5ecd57e9
      this$0 = "/* Could not access this$0 */"
    extendedModuleInfo = class com.ibm.ws.app.manager.module.internal.WebModuleInfoImpl@6bf0e671
      contextRoot = "/project"
      isDefaultContextRootUsed = true
      defaultContextRoot = "project"
      serialVersionUID = -6699247856069243844
      $$$tc$$$ = class com.ibm.websphere.ras.TraceComponent@39a015d3
      tc = class com.ibm.websphere.ras.TraceComponent@1079dd3d
      appInfo = class com.ibm.ws.container.service.app.deploy.internal.ApplicationInfoImpl@6cabe877
      moduleName = "project"
      path = "project.war"
      moduleContainer = class com.ibm.ws.adaptable.module.internal.AdaptableContainerImpl@70f17573
      altDDEntry = null
      moduleClassesContainers = class java.util.ArrayList@78f8f5b
      classLoaderFactory = class com.ibm.ws.app.manager.war.internal.WARDeployedAppInfo@3bed65cd
      containerInfoType = class com.ibm.ws.container.service.app.deploy.ContainerInfo$Type@3bb0d639
      classLoader = class com.ibm.ws.classloading.internal.AppClassLoader@327c8050
      moduleMetaData = class com.ibm.ws.webcontainer.osgi.metadata.WebModuleMetaDataImpl@755a5449
      nestedModuleMetaDataTypes = null
      nestedModuleMetaDataValues = null
      serialVersionUID = 3986734351620206554
    appCallbackHandlerName = null
    classNames = class java.util.TreeSet@4cb7c381
      m = "/* Could not access m */"
      PRESENT = "/* Could not access PRESENT */"
      serialVersionUID = "/* Could not access serialVersionUID */"
    jeeComponentClassNames = class java.util.ArrayList@72ed5613
      serialVersionUID = "/* Could not access serialVersionUID */"
      DEFAULT_CAPACITY = "/* Could not access DEFAULT_CAPACITY */"
      EMPTY_ELEMENTDATA = "/* Could not access EMPTY_ELEMENTDATA */"
      DEFAULTCAPACITY_EMPTY_ELEMENTDATA = "/* Could not access DEFAULTCAPACITY_EMPTY_ELEMENTDATA */"
      elementData = "/* Could not access elementData */"
      size = "/* Could not access size */"
      modCount = "/* Could not access modCount */"
    allBindings = null
    serialVersionUID = -6988440722100918472
    $$$tc$$$ = class com.ibm.websphere.ras.TraceComponent@32c17fbc
      strings[0] = "TraceComponent[com.ibm.ws.cdi.internal.archive.liberty.CDIArchiveImpl,class com.ibm.ws.cdi.internal.archive.liberty.CDIArchiveImpl,[JCDI],com.ibm.ws.cdi.internal.resources.CDI,null]"
    tc = class com.ibm.websphere.ras.TraceComponent@5a9d90d4
      strings[0] = "TraceComponent[com.ibm.ws.cdi.internal.archive.AbstractCDIArchive,class com.ibm.ws.cdi.internal.archive.AbstractCDIArchive,[JCDI],com.ibm.ws.cdi.internal.resources.CDI,null]"
    cdiRuntime = class com.ibm.ws.cdi.liberty.CDIRuntimeImpl@5e092903
    name = "project.war"
    annotationNames = class java.util.HashSet@60335d77
      serialVersionUID = "/* Could not access serialVersionUID */"
      map = "/* Could not access map */"
      PRESENT = "/* Could not access PRESENT */"
    referenceContext = class com.ibm.ws.injectionengine.osgi.internal.OSGiReferenceContextImpl@3dd25a43
      scopeData = class com.ibm.ws.injectionengine.osgi.internal.OSGiInjectionScopeData@15af78d1
      serialVersionUID = 521511923892134915
      $$$tc$$$ = class com.ibm.websphere.ras.TraceComponent@332b523f
      CLASS_NAME = "com.ibm.ws.injectionengine.ReferenceContextImpl"
      tc = class com.ibm.websphere.ras.TraceComponent@6475e6b5
      ivInjectionEngine = class com.ibm.ws.injectionengine.osgi.internal.OSGiInjectionEngineImpl@3d082d6f
      ivProviders = class java.util.ArrayList@29372483
      ivComponentJavaContext = null
      ivComponentNameSpace = null
      ivJavaColonCompEnvMap = class java.util.LinkedHashMap@58ca6bae
      ivEjbContext10 = class java.util.Properties@36cde996
      ivResourceRefConfigList = class com.ibm.ws.resource.internal.ResourceRefConfigListImpl@26ced0f0
      isAlreadyProcessed = true
      ivProcessFailure = null
      ivInjectionTargetMap = class java.util.concurrent.ConcurrentHashMap@1182ee8
      svInjTarMapCacheSize = 256
      ivDeclaredInjectionTargets = class java.util.HashMap@8d9f4ac
      ivProcessedInjectionClasses = class java.util.HashSet@27eab2e1
      svInjClassMapCacheSize = 512
      ivProcessedInjectionBindings = class java.util.ArrayList@67c5a79a
      ivAnyProcessDynamic = false
      ivCheckAppConfig = false
    serialVersionUID = -301712185318755928
  tc = class com.ibm.websphere.ras.TraceComponent@1beb45b1
    strings[0] = "TraceComponent[com.ibm.ws.cdi.impl.weld.BeanDeploymentArchiveImpl,class com.ibm.ws.cdi.impl.weld.BeanDeploymentArchiveImpl,[JCDI],com.ibm.ws.cdi.internal.resources.CDI,null]"
  serialVersionUID = -89140366656931497

Dump of objectArray[0]
Object type = java.lang.Class
  ANNOTATION = "/* Could not access ANNOTATION */"
  ENUM = "/* Could not access ENUM */"
  SYNTHETIC = "/* Could not access SYNTHETIC */"
  cachedConstructor = "/* Could not access cachedConstructor */"
  name = "/* Could not access name */"
  module = "/* Could not access module */"
  packageName = "/* Could not access packageName */"
  componentType = "/* Could not access componentType */"
  allPermDomain = "/* Could not access allPermDomain */"
  reflectionData = "/* Could not access reflectionData */"
  classRedefinedCount = "/* Could not access classRedefinedCount */"
  genericInfo = "/* Could not access genericInfo */"
  EMPTY_CLASS_ARRAY = "/* Could not access EMPTY_CLASS_ARRAY */"
  serialVersionUID = "/* Could not access serialVersionUID */"
  serialPersistentFields = "/* Could not access serialPersistentFields */"
  reflectionFactory = "/* Could not access reflectionFactory */"
  enumConstants = "/* Could not access enumConstants */"
  enumConstantDirectory = "/* Could not access enumConstantDirectory */"
  annotationData = "/* Could not access annotationData */"
  annotationType = "/* Could not access annotationType */"
  classValueMap = "/* Could not access classValueMap */"

