------Start of DE processing------ = [2/26/24, 11:02:32:428 WEST ]
Exception = com.ibm.wsspi.injectionengine.InjectionException
Source = com.ibm.ws.webcontainer.servlet.ServletWrapper.loadServlet
probeid = 228
Stack Dump = com.ibm.wsspi.injectionengine.InjectionException: com.ibm.wsspi.injectionengine.InjectionException: CWNEN0030E: The server was unable to obtain an object instance for the java:comp/env/oumnou.lp.HelloServlet/dataSource reference.  The exception message was: CWNEN1003E: The server was unable to find the jdbc/atelier2 binding with the javax.sql.DataSource type for the java:comp/env/oumnou.lp.HelloServlet/dataSource reference.
	at com.ibm.ws.webcontainer.osgi.webapp.WebApp.inject(WebApp.java:1283)
	at com.ibm.ws.webcontainer.osgi.webapp.WebApp.injectAndPostConstruct(WebApp.java:1419)
	at com.ibm.ws.webcontainer.osgi.webapp.WebApp.injectAndPostConstruct(WebApp.java:1407)
	at com.ibm.ws.webcontainer.osgi.servlet.ServletWrapper.createTarget(ServletWrapper.java:65)
	at com.ibm.ws.webcontainer.servlet.ServletWrapper$1.run(ServletWrapper.java:1545)
	at java.base/java.security.AccessController.doPrivileged(AccessController.java:571)
	at com.ibm.ws.webcontainer.servlet.ServletWrapper.loadServlet(ServletWrapper.java:1513)
	at com.ibm.ws.webcontainer.servlet.ServletWrapper.handleRequest(ServletWrapper.java:592)
	at com.ibm.ws.webcontainer.servlet.ServletWrapper.handleRequest(ServletWrapper.java:445)
	at com.ibm.ws.webcontainer.filter.WebAppFilterManager.invokeFilters(WebAppFilterManager.java:1361)
	at com.ibm.ws.webcontainer.webapp.WebApp.handleRequest(WebApp.java:5076)
	at com.ibm.ws.webcontainer.osgi.DynamicVirtualHost$2.handleRequest(DynamicVirtualHost.java:328)
	at com.ibm.ws.webcontainer.WebContainer.handleRequest(WebContainer.java:1038)
	at com.ibm.ws.webcontainer.osgi.DynamicVirtualHost$2.run(DynamicVirtualHost.java:293)
	at com.ibm.ws.http.dispatcher.internal.channel.HttpDispatcherLink$TaskWrapper.run(HttpDispatcherLink.java:1260)
	at com.ibm.ws.http.dispatcher.internal.channel.HttpDispatcherLink.wrapHandlerAndExecute(HttpDispatcherLink.java:476)
	at com.ibm.ws.http.dispatcher.internal.channel.HttpDispatcherLink.ready(HttpDispatcherLink.java:435)
	at com.ibm.ws.http.channel.internal.inbound.HttpInboundLink.handleDiscrimination(HttpInboundLink.java:569)
	at com.ibm.ws.http.channel.internal.inbound.HttpInboundLink.handleNewRequest(HttpInboundLink.java:503)
	at com.ibm.ws.http.channel.internal.inbound.HttpInboundLink.processRequest(HttpInboundLink.java:363)
	at com.ibm.ws.http.channel.internal.inbound.HttpInboundLink.ready(HttpInboundLink.java:330)
	at com.ibm.ws.tcpchannel.internal.NewConnectionInitialReadCallback.sendToDiscriminators(NewConnectionInitialReadCallback.java:169)
	at com.ibm.ws.tcpchannel.internal.NewConnectionInitialReadCallback.complete(NewConnectionInitialReadCallback.java:77)
	at com.ibm.ws.tcpchannel.internal.WorkQueueManager.requestComplete(WorkQueueManager.java:516)
	at com.ibm.ws.tcpchannel.internal.WorkQueueManager.attemptIO(WorkQueueManager.java:586)
	at com.ibm.ws.tcpchannel.internal.WorkQueueManager.workerRun(WorkQueueManager.java:970)
	at com.ibm.ws.tcpchannel.internal.WorkQueueManager$Worker.run(WorkQueueManager.java:1059)
	at com.ibm.ws.threading.internal.ExecutorServiceImpl$RunnableWrapper.run(ExecutorServiceImpl.java:280)
	at java.base/java.util.concurrent.ThreadPoolExecutor.runWorker(ThreadPoolExecutor.java:1144)
	at java.base/java.util.concurrent.ThreadPoolExecutor$Worker.run(ThreadPoolExecutor.java:642)
	at java.base/java.lang.Thread.run(Thread.java:1583)
Caused by: com.ibm.wsspi.injectionengine.InjectionException: CWNEN0030E: The server was unable to obtain an object instance for the java:comp/env/oumnou.lp.HelloServlet/dataSource reference.  The exception message was: CWNEN1003E: The server was unable to find the jdbc/atelier2 binding with the javax.sql.DataSource type for the java:comp/env/oumnou.lp.HelloServlet/dataSource reference.
	at com.ibm.wsspi.injectionengine.InjectionBinding.getInjectionObject(InjectionBinding.java:1462)
	at com.ibm.wsspi.injectionengine.InjectionBinding.getInjectableObject(InjectionBinding.java:1376)
	at com.ibm.wsspi.injectionengine.InjectionTarget.inject(InjectionTarget.java:106)
	at com.ibm.ws.cdi.impl.managedobject.CDIManagedObject.inject(CDIManagedObject.java:184)
	at com.ibm.ws.cdi.impl.managedobject.CDIManagedObject.inject(CDIManagedObject.java:155)
	at com.ibm.ws.webcontainer.osgi.webapp.WebApp.inject(WebApp.java:1278)
	... 30 more
Caused by: com.ibm.wsspi.injectionengine.InjectionException: CWNEN1003E: The server was unable to find the jdbc/atelier2 binding with the javax.sql.DataSource type for the java:comp/env/oumnou.lp.HelloServlet/dataSource reference.
	at com.ibm.ws.injectionengine.osgi.internal.IndirectJndiLookupObjectFactory.getObjectInstance(IndirectJndiLookupObjectFactory.java:205)
	at com.ibm.ws.injectionengine.osgi.internal.IndirectJndiLookupObjectFactory.getObjectInstance(IndirectJndiLookupObjectFactory.java:102)
	at com.ibm.wsspi.injectionengine.InjectionBinding.getInjectionObjectInstance(InjectionBinding.java:1560)
	at com.ibm.wsspi.injectionengine.InjectionBinding.getInjectionObject(InjectionBinding.java:1436)
	... 35 more

Dump of callerThis
Object type = com.ibm.ws.webcontainer.servlet.ServletWrapper$1
  val$className = "oumnou.lp.HelloServlet"
  val$servletClass = null
  val$loader = class com.ibm.ws.classloading.internal.ThreadContextClassLoader@59308f11
    tc = class com.ibm.websphere.ras.TraceComponent@502ade76
      strings[0] = "TraceComponent[com.ibm.ws.classloading.internal.ThreadContextClassLoader,class com.ibm.ws.classloading.internal.ThreadContextClassLoader,[ClassLoadingService],com.ibm.ws.classloading.internal.resources.ClassLoadingServiceMessages,null]"
    bundle = class java.util.concurrent.atomic.AtomicReference@44a5b842
      serialVersionUID = "/* Could not access serialVersionUID */"
      VALUE = "/* Could not access VALUE */"
      value = "/* Could not access value */"
    key = "WebModule:project#project.war"
    refCount = class java.util.concurrent.atomic.AtomicInteger@1fe062a8
      serialVersionUID = "/* Could not access serialVersionUID */"
      U = "/* Could not access U */"
      VALUE = "/* Could not access VALUE */"
      value = "/* Could not access value */"
      serialVersionUID = "/* Could not access serialVersionUID */"
    appLoader = class com.ibm.ws.classloading.internal.AppClassLoader@3831a71f
      tc = class com.ibm.websphere.ras.TraceComponent@7b5a6eb5
      forbiddenClassNames = class java.util.Collections$UnmodifiableSet@3a276ce6
      FORBIDDEN_PROPERTIES = "forbidden.properties"
      NOTHING_FORBIDDEN_PROPERTY = "io.openliberty.classloading.nothing.forbidden"
      disableSharedClassesCache = false
      PARENT_FIRST_SEARCH_ORDER = class java.util.Collections$UnmodifiableRandomAccessList@11dd3449
      packagesDefined = class java.util.Collections$SetFromMap@4d8bf125
      CLASS_LOADING_TRACE_PREFIX = "com.ibm.ws.class.load."
      DEFAULT_PACKAGE = "default.package"
      perPackageClassLoadingTraceComponents = class java.util.concurrent.ConcurrentHashMap@39f43279
      config = class com.ibm.ws.classloading.internal.ClassLoaderConfigurationImpl@6d3bc6da
      privateLibraries = null
      delegateLoaders = class com.ibm.ws.classloading.internal.util.CompositeIterable@5911d9c1
      nativeLibraryFiles = class java.util.ArrayList@4b81191f
      transformers = class java.util.ArrayList@537e8dec
      systemTransformers = class java.util.concurrent.CopyOnWriteArrayList@3c485594
      apiAccess = class com.ibm.ws.classloading.internal.AppClassLoader@46dbcfd9
      generator = class com.ibm.ws.classloading.internal.ClassGeneratorManager@242b4549
      protectionDomains = class java.util.concurrent.ConcurrentHashMap@60408c4f
      hook = null
      serialVersionUID = 5906478461061001036
      checkpointPhase = class io.openliberty.checkpoint.spi.CheckpointPhase@2f6e4f9
      tc = class com.ibm.websphere.ras.TraceComponent@2ef0472f
      smartClassPath = class com.ibm.ws.classloading.internal.ContainerClassLoader$SmartClassPathImpl@37c89e57
      nativeLibraryContainers = class java.util.ArrayList@74c22050
      redefiner = class com.ibm.ws.classloading.internal.util.ClassRedefiner@18ac2ab1
      jarProtocol = "wsjar:"
      mapCreationQueue = class java.util.concurrent.Executors$AutoShutdownDelegatedExecutorService@2dc8d471
      serialVersionUID = 251246017270836472
      parent = class com.ibm.ws.classloading.internal.AppClassLoader@46dbcfd9
      classNameLockStore = class com.ibm.ws.kernel.boot.utils.KeyBasedLockStore@53f4c2c9
      serialVersionUID = -3020377578845918238
      $$$tc$$$ = class com.ibm.websphere.ras.TraceComponent@59e10c0a
      pdcache = "/* Could not access pdcache */"
    clSvc = class com.ibm.ws.classloading.internal.ClassLoadingServiceImpl@407a1ec
      tc = class com.ibm.websphere.ras.TraceComponent@114b7465
      leakDetectionMap = class java.util.concurrent.ConcurrentHashMap@64cdf81b
      appClassLoaders = class java.util.Collections$SetFromMap@7c949877
      TCCL_LOCK_WAIT = 15000
      REFERENCE_GENERATORS = "generators"
      tcclLockStore = class com.ibm.ws.kernel.boot.utils.KeyBasedLockStore@768f6e2f
      bundleContext = class org.eclipse.osgi.internal.framework.BundleContextImpl@5f89f4a3
      aclStore = class com.ibm.ws.classloading.internal.util.CanonicalStore@5586f4c8
      tcclStore = class com.ibm.ws.classloading.internal.util.CanonicalStore@5e80d343
      digraph = class org.eclipse.equinox.internal.region.StandardRegionDigraph@68fafc4
      redefiner = class com.ibm.ws.classloading.internal.util.ClassRedefiner@18ac2ab1
      listener = class com.ibm.ws.classloading.internal.ClassLoadingServiceImpl$2@bfc472c
      classloaders = class java.util.Collections$SynchronizedMap@69bec22f
      resourceProviders = class com.ibm.ws.classloading.internal.CompositeResourceProvider@b1c529a
      rememberedBundles = class java.util.concurrent.ConcurrentHashMap@31fc0e90
      collectedBundles = class java.lang.ref.ReferenceQueue@4a7666e4
      generatorRefs = class com.ibm.wsspi.kernel.service.utils.ConcurrentServiceReferenceSet@2ff96396
      generatorManager = class com.ibm.ws.classloading.internal.ClassGeneratorManager@242b4549
      appExtLibs = class java.util.concurrent.CopyOnWriteArrayList@23da9da1
      globalConfig = class com.ibm.ws.classloading.configuration.GlobalClassloadingConfiguration@3c6a9c4f
      systemTransformers = class java.util.concurrent.CopyOnWriteArrayList@3c485594
      metaInfServicesProviders = class java.util.concurrent.ConcurrentHashMap@6db38ddc
      metaInfServicesRefs = class com.ibm.wsspi.kernel.service.utils.ConcurrentServiceReferenceMap@148b97c8
      protectionDomainMap = class java.util.HashMap@63cb276d
      metadataIdentifierService = class com.ibm.ws.container.service.metadata.internal.MetaDataServiceImpl@6c8e22f0
      globalSharedLibrary = class java.util.concurrent.atomic.AtomicReference@bab57bf
      serialVersionUID = 4413923811772628187
    serialVersionUID = 7417331337980111787
    tc = class com.ibm.websphere.ras.TraceComponent@1e02de4c
      strings[0] = "TraceComponent[com.ibm.ws.classloading.internal.UnifiedClassLoader,class com.ibm.ws.classloading.internal.UnifiedClassLoader,[ClassLoadingService],com.ibm.ws.classloading.internal.resources.ClassLoadingServiceMessages,null]"
    followOnClassLoaders = class java.util.ArrayList@45dc64e9
      serialVersionUID = "/* Could not access serialVersionUID */"
      DEFAULT_CAPACITY = "/* Could not access DEFAULT_CAPACITY */"
      EMPTY_ELEMENTDATA = "/* Could not access EMPTY_ELEMENTDATA */"
      DEFAULTCAPACITY_EMPTY_ELEMENTDATA = "/* Could not access DEFAULTCAPACITY_EMPTY_ELEMENTDATA */"
      elementData = "/* Could not access elementData */"
      size = "/* Could not access size */"
      modCount = "/* Could not access modCount */"
    serialVersionUID = 4255658571728280816
    parent = class com.ibm.ws.classloading.internal.GatewayClassLoader@28fbdba1
      config = class com.ibm.ws.classloading.internal.GatewayConfigurationImpl@1e0f5508
      wiringMonitor = class com.ibm.ws.classloading.internal.GatewayClassLoader$1@2ef886ca
      bundle = class org.eclipse.osgi.internal.framework.EquinoxBundle@69fcb030
      wiring = class org.eclipse.osgi.container.ModuleWiring@11128915
      cl = null
      bLoader = class org.eclipse.osgi.internal.loader.BundleLoader@2dcc06d2
      resourceProviders = class com.ibm.ws.classloading.internal.CompositeResourceProvider@b1c529a
      serialVersionUID = -5503641212193211983
      $$$tc$$$ = class com.ibm.websphere.ras.TraceComponent@1c9d1274
    classNameLockStore = class com.ibm.ws.kernel.boot.utils.KeyBasedLockStore@3d7b8530
      refQueue = class java.lang.ref.ReferenceQueue@70ccc319
      lockMap = class java.util.concurrent.ConcurrentHashMap@4c3f8613
      lockCreator = class com.ibm.ws.kernel.boot.classloader.NameBasedClassLoaderLock$1@7bb1c909
    serialVersionUID = -3020377578845918238
    $$$tc$$$ = class com.ibm.websphere.ras.TraceComponent@59e10c0a
      strings[0] = "TraceComponent[com.ibm.ws.classloading.internal.LibertyLoader,class com.ibm.ws.classloading.internal.LibertyLoader,[ClassLoadingService],com.ibm.ws.classloading.internal.resources.ClassLoadingServiceMessages,null]"
    pdcache = "/* Could not access pdcache */"
  val$servletName = "oumnou.lp.HelloServlet"
  this$0 = class com.ibm.ws.webcontainer.osgi.servlet.ServletWrapper@13263e21
    serialVersionUID = 1
    _mo = null
    serialVersionUID = -4479626085298397598
    notifyInvocationListeners = false
    UNINITIALIZED_STATE = -1
    AVAILABLE_STATE = 0
    UNAVAILABLE_STATE = 1
    UNAVAILABLE_PERMANENTLY_STATE = 2
    collabHelper = class com.ibm.ws.webcontainer.osgi.collaborator.CollaboratorHelperImpl@36b72366
      webAppInvCollabs = class java.util.Collections$UnmodifiableSet@6f2c0662
      securityDomainForApp = null
      logger = class com.ibm.ws.logging.internal.WsLogger@490cdad2
      staticDefaultSecurityCollaborator = class com.ibm.ws.webcontainer.collaborator.WebAppSecurityCollaborator@e4f25b4
      staticDefaultWebAppTransactionCollaborator = class com.ibm.ws.webcontainer.collaborator.WebAppTransactionCollaborator@49ff2704
      logger = class com.ibm.ws.logging.internal.WsLogger@46ef374f
      CLASS_NAME = "com.ibm.wsspi.webcontainer.collaborator.CollaboratorHelper"
      webApp = class com.ibm.ws.webcontainer40.osgi.webapp.WebApp40@5f0fd2eb
      securityCollaborator = class com.ibm.ws.webcontainer.collaborator.WebAppSecurityCollaborator@e4f25b4
      nameSpaceCollaborator = class com.ibm.ws.webcontainer.osgi.collaborator.WebAppNameSpaceCollaboratorImpl@c202942
      transactionCollaborator = class com.ibm.ws.transaction.services.WebAppTransactionCollaboratorImpl@70a6d396
      connectionCollaborator = class com.ibm.ws.webcontainer.collaborator.ConnectionHandleCollaborator@13c96b4b
      allCollabEnum = class java.util.RegularEnumSet@699abf0a
      servlet_23_or_greater = true
      DEFER_SERVLET_REQUEST_LISTENER_DESTROY_ON_ERROR = true
    nServicing = class java.util.concurrent.atomic.AtomicInteger@7d7b7d75
      serialVersionUID = "/* Could not access serialVersionUID */"
      U = "/* Could not access U */"
      VALUE = "/* Could not access VALUE */"
      value = "/* Could not access value */"
      serialVersionUID = "/* Could not access serialVersionUID */"
    lastAccessTime = 1708941742428
    state = -1
    logger = class com.ibm.ws.logging.internal.WsLogger@77e6b1ed
      ivCachedResourceBundleName = "com.ibm.ws.webcontainer.resources.Messages"
      ivCachedResourceBundle = class com.ibm.ws.webcontainer.resources.Messages@54be4702
      ivComponent = null
      ivOrganization = null
      ivProduct = null
      ivMinimumLocalizationLevelIntValue = 625
      ivTC = class com.ibm.websphere.ras.TraceComponent@7034ea29
      loggerRegistrationComponent = class java.lang.ThreadLocal@4951caa5
      emptyHandlers = "/* Could not access emptyHandlers */"
      offValue = "/* Could not access offValue */"
      SYSTEM_LOGGER_RB_NAME = "/* Could not access SYSTEM_LOGGER_RB_NAME */"
      SYSTEM_BUNDLE = "/* Could not access SYSTEM_BUNDLE */"
      NO_RESOURCE_BUNDLE = "/* Could not access NO_RESOURCE_BUNDLE */"
      config = "/* Could not access config */"
      manager = "/* Could not access manager */"
      name = "/* Could not access name */"
      loggerBundle = "/* Could not access loggerBundle */"
      anonymous = "/* Could not access anonymous */"
      catalogRef = "/* Could not access catalogRef */"
      catalogName = "/* Could not access catalogName */"
      catalogLocale = "/* Could not access catalogLocale */"
      treeLock = "/* Could not access treeLock */"
      parent = "/* Could not access parent */"
      kids = "/* Could not access kids */"
      callerModuleRef = "/* Could not access callerModuleRef */"
      isSystemLogger = "/* Could not access isSystemLogger */"
      GLOBAL_LOGGER_NAME = "global"
      global = class java.util.logging.Logger@5f930c9d
    CLASS_NAME = "com.ibm.ws.webcontainer.servlet.ServletWrapper"
    nls = class com.ibm.ejs.ras.TraceNLS@75a1e2e0
      resolver = class com.ibm.ws.logging.internal.TraceNLSResolver@23d769c7
      finder = null
      ivBundleName = "com.ibm.ws.webcontainer.resources.Messages"
      caller = class java.lang.Class@23ed4f12
    servletConfig = class com.ibm.ws.webcontainer.servlet.ServletConfig@7a824321
      logger = class com.ibm.ws.logging.internal.WsLogger@77e6b1ed
      CLASS_NAME = "com.ibm.ws.webcontainer.servlet.ServletConfig"
      nls = class com.ibm.ejs.ras.TraceNLS@21a4e552
      liberty_nls = class com.ibm.ejs.ras.TraceNLS@2128f2f3
      enabled = true
      servletName = "oumnou.lp.HelloServlet"
      className = "oumnou.lp.HelloServlet"
      mappings = class java.util.ArrayList@5721be71
      startUpWeight = -1
      DEFAULT_STARTUP = -1
      isCachingEnabled = true
      isStatisticsEnabled = true
      isInternal = false
      metaData = class com.ibm.ws.webcontainer.osgi.metadata.WebComponentMetaDataImpl@11e8ec4d
      singleThreadModelServlet = false
      isJsp = false
      webAppConfig = class com.ibm.ws.webcontainer.osgi.webapp.WebAppConfiguration@17600557
      servletWrapper = class com.ibm.ws.webcontainer.osgi.servlet.ServletWrapper@13263e21
      servletClass = null
      servlet = null
      addedToLoadOnStartup = true
      previousWeight = null
      multipartConfig = null
      multipartConfigBaseLocation = null
      runAsRole = null
      servletSecurityElement = null
      declareRolesAnnotation = null
      logger = class com.ibm.ws.logging.internal.WsLogger@77e6b1ed
      CLASS_NAME = "com.ibm.ws.webcontainer.servlet.TargetConfig"
      initParams = null
      fileName = null
      displayName = null
      name = "oumnou.lp.HelloServlet"
      description = null
      smallIcon = null
      largeIcon = null
      context = class com.ibm.ws.webcontainer40.facade.ServletContextFacade40@6ab0dbba
      className = null
      asyncSupported = false
      _id = "ServletGeneratedId1"
      _attributes = null
      serialVersionUID = 7511545662945734886
      $$$tc$$$ = class com.ibm.websphere.ras.TraceComponent@5aa66785
    context = class com.ibm.ws.webcontainer40.osgi.webapp.WebApp40@5f0fd2eb
      tc = class com.ibm.websphere.ras.TraceComponent@2878376b
      servlet40NLS = class com.ibm.ejs.ras.TraceNLS@5527bc1c
      CLASS_NAME = "com.ibm.ws.webcontainer40.osgi.webapp.WebApp40"
      defaultSessionTimeout = 30
      tc = class com.ibm.websphere.ras.TraceComponent@ce5fca6
      CLASS_NAME = "com.ibm.ws.webcontainer31.osgi.webapp.WebApp31"
      servlet31NLS = class com.ibm.ejs.ras.TraceNLS@f912049
      validListenerClasses = class java.lang.Class[7]
      wsocServHandler = null
      tc = class com.ibm.websphere.ras.TraceComponent@2b7b2d8a
      CLASS_NAME = "com.ibm.ws.webcontainer.osgi.webapp.WebApp"
      metaDataService = class com.ibm.ws.container.service.metadata.internal.MetaDataServiceImpl@6c8e22f0
      namespacePopulated = false
      referenceContext = class com.ibm.ws.injectionengine.osgi.internal.OSGiReferenceContextImpl@33b0427e
      j2eeNameFactory = class com.ibm.ws.container.service.metadata.internal.J2EENameFactoryImpl@46c71ddf
      moduleLoader = class com.ibm.ws.classloading.internal.AppClassLoader@3831a71f
      webAppConfig = class com.ibm.ws.webcontainer.osgi.webapp.WebAppConfiguration@17600557
      extensionProcessingDisabled = false
      managedObjectService = class com.ibm.ws.cdi.impl.managedobject.CDIManagedObjectService@4052ee26
      internalServletMetaData = interface com.ibm.wsspi.webcontainer.metadata.WebComponentMetaData[2]
      loginProcessor = null
      logoutProcessor = null
      collabHelper = class com.ibm.ws.webcontainer.osgi.collaborator.CollaboratorHelperImpl@36b72366
      envObject = class com.ibm.ws.util.WSThreadLocal@17ac5f3a
      orderedLibPaths = class java.util.Collections$UnmodifiableRandomAccessList@5b489ca2
      perm = class com.ibm.websphere.security.WebSphereRuntimePermission@62453272
      WELCOME_FILE_LIST = "com.ibm.ws.webcontainer.config.WelcomeFileList"
      DIR_BROWSING_MAPPING = "__dirBrowsing__1708940862885"
      FILTER_PROXY_MAPPING = "/__filterProxy__1708940862885"
      logger = class com.ibm.ws.logging.internal.WsLogger@183bbdf9
      CLASS_NAME = "com.ibm.ws.webcontainer.webapp.WebApp"
      loader = class com.ibm.ws.classloading.internal.ThreadContextClassLoader@59308f11
      facade = class com.ibm.ws.webcontainer40.facade.ServletContextFacade40@6ab0dbba
      features = class java.util.ArrayList@6d1b744b
      applicationName = "project"
      config = class com.ibm.ws.webcontainer.osgi.webapp.WebAppConfiguration@17600557
      securityEnabledForApp = false
      webExtensionProcessor = class com.ibm.ws.webcontainer.osgi.extension.WebExtensionProcessor@72a948c6
      production = true
      isServlet23 = true
      contextPath = "/project"
      internalServletList = class [Ljava.lang.String;[2]
      BY_NAME_ONLY = "/_1708941741924_/"
      filterManager = class com.ibm.ws.webcontainer.osgi.filter.WebAppFilterManagerImpl@4a2a1e1a
      documentRoot = null
      SERVLET_API_VERSION = "Servlet 2.5"
      disableServletAuditLogging = -1
      serverInfo = "IBM WebSphere Liberty/24.0.0.1"
      sessionCtx = class io.openliberty.webcontainer60.session.impl.HttpSessionContextImpl60@727d90e1
      eventSource = class com.ibm.ws.webcontainer.webapp.WebAppEventSource@5c3409d1
      nls = class com.ibm.ejs.ras.TraceNLS@6a4382d7
      liberty_nls = class com.ibm.ejs.ras.TraceNLS@3a9151aa
      error_nls = class com.ibm.ejs.ras.TraceNLS@20d1522c
      sessionListeners = class java.util.ArrayList@3eb5344f
      sessionIdListeners = class java.util.ArrayList@48964c74
      sessionAttrListeners = class java.util.ArrayList@78ba48cd
      addedSessionListeners = class java.util.ArrayList@525025c4
      addedSessionAttrListeners = class java.util.ArrayList@4550748d
      servletContextListeners = class java.util.ArrayList@3fdf65bf
      servletContextLAttrListeners = class java.util.ArrayList@1509bea9
      servletRequestListeners = class java.util.ArrayList@46a4c7c9
      servletRequestLAttrListeners = class java.util.ArrayList@96378c
      prependSlashToResource = false
      destroyed = false
      webAppNameSpaceCollab = class com.ibm.ws.webcontainer.osgi.collaborator.WebAppNameSpaceCollaboratorImpl@c202942
      txCollab = class com.ibm.ws.transaction.services.WebAppTransactionCollaboratorImpl@70a6d396
      sessionActivationListeners = class java.util.ArrayList@44a058bc
      sessionBindingListeners = class java.util.ArrayList@1c044a77
      scratchdir = null
      jspClassLoaderLimit = 0
      jspClassLoaderExclusionList = null
      jspClassLoadersMap = null
      jspClassLoaderLimitTrackIF = false
      defaultExtProc = null
      directoryBrowsingServlet = null
      cdiContexts = class java.util.concurrent.ConcurrentHashMap@b46fa5d
      moduleConfig = class com.ibm.ws.webcontainer.osgi.container.DeployedModule@35af5eb0
      extensionFactories = class java.util.ArrayList@3b3a9770
      initialized = true
      lock = class com.ibm.ws.webcontainer.webapp.WebApp$1@5fcc94e4
      afterServletContextCreated = false
      redirectContextRoot = false
      errorExceptionTypeFirst = false
      initFilterBeforeServletInit = false
      SET_400_SC_ON_TOO_MANY_PARENT_DIRS = false
      sortedServletConfigs = class java.util.ArrayList@63640952
      effectiveMajorVersion = 3
      effectiveMinorVersion = 1
      canAddServletContextListener = true
      withinContextInitOfProgAddListener = false
      lastProgAddListenerInitialized = "com.ibm.ws.jsp.runtime.ContextListener"
      webInfLibClassloader = null
      metaInfCache = class com.ibm.ws.webcontainer.webapp.WebApp$2@2cf19150
      hasSlashStarMapping = false
      useMetaInfCache = true
      SUN_CONFIGURE_LISTENER_CLASSNAME = "com.sun.faces.config.ConfigureListener"
      MYFACES_LIFECYCLE_LISTENER_CLASSNAME = "org.apache.myfaces.webapp.StartupServletContextListener"
      JSF_IMPL_ENABLED_PARAM = "com.ibm.ws.jsf.JSF_IMPL_ENABLED"
      JSF_IMPL_ENABLED_CUSTOM = "Custom"
      JSF_IMPL_ENABLED_NONE = "None"
      staticDocRoot = class com.ibm.ws.webcontainer.util.DocumentRootUtils@439f02a9
      jspDocRoot = class com.ibm.ws.webcontainer.util.DocumentRootUtils@784fc58a
      container = class com.ibm.ws.adaptable.module.internal.AdaptableContainerImpl@34208c24
      metaInfResourceFinder = class com.ibm.ws.webcontainer.util.MetaInfResourceFinder@3ba27d48
      postConstructMethods = class com.ibm.ws.webcontainer.webapp.WebApp$AnnotatedMethods@1b79007d
      preDestroyMethods = class com.ibm.ws.webcontainer.webapp.WebApp$AnnotatedMethods@20c8c3f1
      OBJ_EMPTY = class java.lang.Object[0]
      CLASS_EMPTY = class java.lang.Class[0]
      checkpointPhase = class io.openliberty.checkpoint.spi.CheckpointPhase@2f6e4f9
      DEFAULT_JSP_EXTENSIONS = class java.util.ArrayList@26ad31f7
      DEFER_SERVLET_REQUEST_LISTENER_DESTROY_ON_ERROR = true
      DO_ACCEPT_PARTIAL = true
      DO_NOT_ACCEPT_PARTIAL = false
      DO_ACCEPT_EXCLUDED = true
      DO_NOT_ACCEPT_EXCLUDED = false
      commands = class java.util.ArrayList@e4d4057
      requestMapper = class com.ibm.wsspi.webcontainer.util.URIMapper@5de4c30b
      parent = class com.ibm.ws.webcontainer.osgi.webapp.WebGroup@3b55540d
      name = "project"
      isAlive = true
      subElements = null
      attributes = class java.util.concurrent.ConcurrentHashMap@7438f819
      config = null
      serialVersionUID = -8271459000149267764
      $$$tc$$$ = class com.ibm.websphere.ras.TraceComponent@7625bdbf
    target = null
    cacheWrappers = null
    targetLoader = class com.ibm.ws.classloading.internal.ThreadContextClassLoader@59308f11
    evtSource = class com.ibm.ws.webcontainer.webapp.WebAppEventSource@5c3409d1
      _invocationListeners = class com.ibm.ws.webcontainer.util.EventListeners@10934131
      _servletListeners = class com.ibm.ws.webcontainer.util.EventListeners@6b1434b3
      _errorListeners = class com.ibm.ws.webcontainer.util.EventListeners@7a70e0e0
      _applicationListeners = class com.ibm.ws.webcontainer.util.EventListeners@493b2787
      _filterInvocationListeners = class com.ibm.ws.webcontainer.util.EventListeners@43ab6d58
      _filterListeners = class com.ibm.ws.webcontainer.util.EventListeners@9506832
      _filterErrorListeners = class com.ibm.ws.webcontainer.util.EventListeners@74daee18
    event = null
    unavailableMessage = null
    unavailableUntil = -1
    isSTM = false
    internalServlet = false
    webAppInvocationCollaborators = null
    platformHelper = class com.ibm.ws.webcontainer.PlatformHelper@64d3f5b2
    webAppNameSpaceCollab = class com.ibm.ws.webcontainer.osgi.collaborator.WebAppNameSpaceCollaboratorImpl@c202942
      cmdai = class com.ibm.ws.threadContext.ComponentMetaDataAccessorImpl@498fa176
    txCollab = class com.ibm.ws.transaction.services.WebAppTransactionCollaboratorImpl@70a6d396
      tc = class com.ibm.websphere.ras.TraceComponent@3c7c5268
      ltCurrentRef = class com.ibm.wsspi.kernel.service.utils.AtomicServiceReference@7a07e67b
      tranMgrRef = class com.ibm.wsspi.kernel.service.utils.AtomicServiceReference@32fa0b24
      userTranRef = class com.ibm.wsspi.kernel.service.utils.AtomicServiceReference@8b0a259
      uowCallbackRef = class com.ibm.wsspi.kernel.service.utils.AtomicServiceReference@59f71a5f
      serialVersionUID = -8319003162899973281
    connCollab = class com.ibm.ws.webcontainer.collaborator.ConnectionHandleCollaborator@13c96b4b
      tc = class com.ibm.websphere.ras.TraceComponent@196cd43b
      threadContext = class com.ibm.ws.threadContext.ThreadContextImpl@7b9cddc5
    suppressServletExceptionLogging = false
    throwExceptionEnum = class java.util.RegularEnumSet@684c62e5
      serialVersionUID = "/* Could not access serialVersionUID */"
      elements = "/* Could not access elements */"
      serialVersionUID = "/* Could not access serialVersionUID */"
      elementType = "/* Could not access elementType */"
      universe = "/* Could not access universe */"
    discernUnavailableServlet = false
    reInitServletonInitUnavailableException = true
    destroyServletonServiceUnavailableException = false
    servlet23 = true
    PARAMS_HEAD_TRACE = class java.lang.Class[2]
      Class[0] = class java.lang.Class@3d7a3458
      Class[1] = class java.lang.Class@5c942758
    defaultHeadMethodInUse = false
    defaultTraceMethodInUse = false
    checkedForDefaultMethods = null
    defaultTraceRequestBehavior = false
    defaultHeadRequestBehavior = false
    useOriginalRequestState = false
    warningStatusSet = false
    serialVersionUID = -8592279577370996712
    LSTRING_FILE = "jakarta.servlet.LocalStrings"
    lStrings = class java.util.PropertyResourceBundle@4961f746
      encoding = "/* Could not access encoding */"
      lookup = "/* Could not access lookup */"
      INITIAL_CACHE_SIZE = "/* Could not access INITIAL_CACHE_SIZE */"
      NONEXISTENT_BUNDLE = "/* Could not access NONEXISTENT_BUNDLE */"
      cacheList = "/* Could not access cacheList */"
      referenceQueue = "/* Could not access referenceQueue */"
      parent = "/* Could not access parent */"
      locale = "/* Could not access locale */"
      name = "/* Could not access name */"
      expired = "/* Could not access expired */"
      cacheKey = "/* Could not access cacheKey */"
      keySet = "/* Could not access keySet */"
      UNKNOWN_FORMAT = "/* Could not access UNKNOWN_FORMAT */"
      TRACE_ON = "/* Could not access TRACE_ON */"
      $assertionsDisabled = "/* Could not access $assertionsDisabled */"
    config = null

