------Start of DE processing------ = [2/26/24, 10:56:00:537 WEST ]
Exception = org.jboss.weld.resources.spi.ResourceLoadingException
Source = com.ibm.ws.cdi.impl.weld.BeanDeploymentArchiveImpl
probeid = 987
Stack Dump = org.jboss.weld.resources.spi.ResourceLoadingException: Error while loading class oumnou.lp.HelloServlet
	at org.jboss.weld.resources.ClassTransformer.getBackedAnnotatedType(ClassTransformer.java:186)
	at org.jboss.weld.resources.ClassTransformer.getBackedAnnotatedType(ClassTransformer.java:194)
	at org.jboss.weld.manager.BeanManagerImpl.createAnnotatedType(BeanManagerImpl.java:1109)
	at com.ibm.ws.cdi.impl.weld.BeanDeploymentArchiveImpl.createJEEComponentInjectionTarget(BeanDeploymentArchiveImpl.java:986)
	at com.ibm.ws.cdi.impl.weld.BeanDeploymentArchiveImpl.createInjectionTargetsForJEEComponentClass(BeanDeploymentArchiveImpl.java:941)
	at com.ibm.ws.cdi.impl.weld.BeanDeploymentArchiveImpl.createInjectionTargetsForJEEComponentClasses(BeanDeploymentArchiveImpl.java:927)
	at com.ibm.ws.cdi.impl.weld.WebSphereCDIDeploymentImpl.validateJEEComponentClasses(WebSphereCDIDeploymentImpl.java:708)
	at com.ibm.ws.cdi.impl.CDIContainerImpl.startInitialization(CDIContainerImpl.java:176)
	at com.ibm.ws.cdi.liberty.CDIRuntimeImpl.applicationStarting(CDIRuntimeImpl.java:479)
	at com.ibm.ws.container.service.state.internal.ApplicationStateManager.fireStarting(ApplicationStateManager.java:53)
	at com.ibm.ws.container.service.state.internal.StateChangeServiceImpl.fireApplicationStarting(StateChangeServiceImpl.java:52)
	at com.ibm.ws.app.manager.module.internal.SimpleDeployedAppInfoBase.preDeployApp(SimpleDeployedAppInfoBase.java:549)
	at com.ibm.ws.app.manager.module.internal.SimpleDeployedAppInfoBase.installApp(SimpleDeployedAppInfoBase.java:510)
	at com.ibm.ws.app.manager.module.internal.DeployedAppInfoBase.deployApp(DeployedAppInfoBase.java:351)
	at com.ibm.ws.app.manager.war.internal.WARApplicationHandlerImpl.install(WARApplicationHandlerImpl.java:67)
	at com.ibm.ws.app.manager.internal.statemachine.StartAction.execute(StartAction.java:184)
	at com.ibm.ws.app.manager.internal.statemachine.ApplicationStateMachineImpl.enterState(ApplicationStateMachineImpl.java:1369)
	at com.ibm.ws.app.manager.internal.statemachine.ApplicationStateMachineImpl.performAction(ApplicationStateMachineImpl.java:1233)
	at com.ibm.ws.app.manager.internal.statemachine.ApplicationStateMachineImpl.run(ApplicationStateMachineImpl.java:920)
	at com.ibm.ws.threading.internal.ExecutorServiceImpl$RunnableWrapper.run(ExecutorServiceImpl.java:280)
	at java.base/java.util.concurrent.ThreadPoolExecutor.runWorker(ThreadPoolExecutor.java:1144)
	at java.base/java.util.concurrent.ThreadPoolExecutor$Worker.run(ThreadPoolExecutor.java:642)
	at java.base/java.lang.Thread.run(Thread.java:1583)
Caused by: java.lang.NoClassDefFoundError: DataSource
	at java.base/java.lang.Class.getDeclaredFields0(Native Method)
	at java.base/java.lang.Class.privateGetDeclaredFields(Class.java:3473)
	at java.base/java.lang.Class.getDeclaredFields(Class.java:2542)
	at org.jboss.weld.annotated.slim.backed.SecurityActions.getDeclaredFields(SecurityActions.java:49)
	at org.jboss.weld.annotated.slim.backed.BackedAnnotatedType$BackedAnnotatedFields.computeValue(BackedAnnotatedType.java:182)
	at org.jboss.weld.annotated.slim.backed.BackedAnnotatedType$BackedAnnotatedFields.computeValue(BackedAnnotatedType.java:176)
	at org.jboss.weld.util.LazyValueHolder.get(LazyValueHolder.java:46)
	at org.jboss.weld.annotated.slim.backed.BackedAnnotatedType$EagerlyInitializedLazyValueHolder.<init>(BackedAnnotatedType.java:159)
	at org.jboss.weld.annotated.slim.backed.BackedAnnotatedType$BackedAnnotatedFields.<init>(BackedAnnotatedType.java:176)
	at org.jboss.weld.annotated.slim.backed.BackedAnnotatedType.<init>(BackedAnnotatedType.java:65)
	at org.jboss.weld.annotated.slim.backed.BackedAnnotatedType.of(BackedAnnotatedType.java:47)
	at org.jboss.weld.resources.ClassTransformer$TransformClassToBackedAnnotatedType.apply(ClassTransformer.java:84)
	at org.jboss.weld.resources.ClassTransformer$TransformClassToBackedAnnotatedType.apply(ClassTransformer.java:79)
	at org.jboss.weld.util.cache.ReentrantMapBackedComputingCache.lambda$new$0(ReentrantMapBackedComputingCache.java:55)
	at org.jboss.weld.util.WeakLazyValueHolder$1.computeValue(WeakLazyValueHolder.java:35)
	at org.jboss.weld.util.WeakLazyValueHolder.get(WeakLazyValueHolder.java:53)
	at org.jboss.weld.util.cache.ReentrantMapBackedComputingCache.getValue(ReentrantMapBackedComputingCache.java:72)
	at org.jboss.weld.util.cache.ReentrantMapBackedComputingCache.getCastValue(ReentrantMapBackedComputingCache.java:78)
	at org.jboss.weld.resources.ClassTransformer.getBackedAnnotatedType(ClassTransformer.java:177)
	... 22 more
Caused by: java.lang.ClassNotFoundException: DataSource
	at com.ibm.ws.classloading.internal.AppClassLoader.findClassCommonLibraryClassLoaders(AppClassLoader.java:742)
	at com.ibm.ws.classloading.internal.AppClassLoader.findClass(AppClassLoader.java:327)
	at com.ibm.ws.classloading.internal.AppClassLoader.findOrDelegateLoadClass(AppClassLoader.java:714)
	at com.ibm.ws.classloading.internal.AppClassLoader.loadClass(AppClassLoader.java:586)
	at com.ibm.ws.classloading.internal.AppClassLoader.loadClass(AppClassLoader.java:553)
	at java.base/java.lang.ClassLoader.loadClass(ClassLoader.java:526)
	... 41 more

Dump of callerThis
Object type = com.ibm.ws.cdi.impl.weld.BeanDeploymentArchiveImpl
  archiveClassNames = class java.util.HashSet@38ad6215
    serialVersionUID = "/* Could not access serialVersionUID */"
    map = "/* Could not access map */"
    PRESENT = "/* Could not access PRESENT */"
  allClasses = class java.util.HashSet@bd93f32
    serialVersionUID = "/* Could not access serialVersionUID */"
    map = "/* Could not access map */"
    PRESENT = "/* Could not access PRESENT */"
  beanClasses = class java.util.TreeMap@4ba719bd
    comparator = "/* Could not access comparator */"
    root = "/* Could not access root */"
    size = "/* Could not access size */"
    modCount = "/* Could not access modCount */"
    entrySet = "/* Could not access entrySet */"
    navigableKeySet = "/* Could not access navigableKeySet */"
    descendingMap = "/* Could not access descendingMap */"
    UNBOUNDED = "/* Could not access UNBOUNDED */"
    RED = "/* Could not access RED */"
    BLACK = "/* Could not access BLACK */"
    serialVersionUID = "/* Could not access serialVersionUID */"
    keySet = "/* Could not access keySet */"
    values = "/* Could not access values */"
  classloader = class com.ibm.ws.classloading.internal.AppClassLoader@5c0af99b
    tc = class com.ibm.websphere.ras.TraceComponent@7b5a6eb5
      strings[0] = "TraceComponent[com.ibm.ws.classloading.internal.AppClassLoader,class com.ibm.ws.classloading.internal.AppClassLoader,[ClassLoadingService],com.ibm.ws.classloading.internal.resources.ClassLoadingServiceMessages,null]"
    forbiddenClassNames = class java.util.Collections$UnmodifiableSet@3a276ce6
      serialVersionUID = "/* Could not access serialVersionUID */"
      serialVersionUID = "/* Could not access serialVersionUID */"
      c = "/* Could not access c */"
    FORBIDDEN_PROPERTIES = "forbidden.properties"
    NOTHING_FORBIDDEN_PROPERTY = "io.openliberty.classloading.nothing.forbidden"
    disableSharedClassesCache = false
    PARENT_FIRST_SEARCH_ORDER = class java.util.Collections$UnmodifiableRandomAccessList@11dd3449
      serialVersionUID = "/* Could not access serialVersionUID */"
      serialVersionUID = "/* Could not access serialVersionUID */"
      list = "/* Could not access list */"
      serialVersionUID = "/* Could not access serialVersionUID */"
      c = "/* Could not access c */"
    packagesDefined = class java.util.Collections$SetFromMap@53e356e9
      m = "/* Could not access m */"
      s = "/* Could not access s */"
      serialVersionUID = "/* Could not access serialVersionUID */"
    CLASS_LOADING_TRACE_PREFIX = "com.ibm.ws.class.load."
    DEFAULT_PACKAGE = "default.package"
    perPackageClassLoadingTraceComponents = class java.util.concurrent.ConcurrentHashMap@52a2502f
      serialVersionUID = "/* Could not access serialVersionUID */"
      MAXIMUM_CAPACITY = "/* Could not access MAXIMUM_CAPACITY */"
      DEFAULT_CAPACITY = "/* Could not access DEFAULT_CAPACITY */"
      MAX_ARRAY_SIZE = "/* Could not access MAX_ARRAY_SIZE */"
      DEFAULT_CONCURRENCY_LEVEL = "/* Could not access DEFAULT_CONCURRENCY_LEVEL */"
      LOAD_FACTOR = "/* Could not access LOAD_FACTOR */"
      TREEIFY_THRESHOLD = "/* Could not access TREEIFY_THRESHOLD */"
      UNTREEIFY_THRESHOLD = "/* Could not access UNTREEIFY_THRESHOLD */"
      MIN_TREEIFY_CAPACITY = "/* Could not access MIN_TREEIFY_CAPACITY */"
      MIN_TRANSFER_STRIDE = "/* Could not access MIN_TRANSFER_STRIDE */"
      RESIZE_STAMP_BITS = "/* Could not access RESIZE_STAMP_BITS */"
      MAX_RESIZERS = "/* Could not access MAX_RESIZERS */"
      RESIZE_STAMP_SHIFT = "/* Could not access RESIZE_STAMP_SHIFT */"
      MOVED = "/* Could not access MOVED */"
      TREEBIN = "/* Could not access TREEBIN */"
      RESERVED = "/* Could not access RESERVED */"
      HASH_BITS = "/* Could not access HASH_BITS */"
      NCPU = "/* Could not access NCPU */"
      serialPersistentFields = "/* Could not access serialPersistentFields */"
      table = "/* Could not access table */"
      nextTable = "/* Could not access nextTable */"
      baseCount = "/* Could not access baseCount */"
      sizeCtl = "/* Could not access sizeCtl */"
      transferIndex = "/* Could not access transferIndex */"
      cellsBusy = "/* Could not access cellsBusy */"
      counterCells = "/* Could not access counterCells */"
      keySet = "/* Could not access keySet */"
      values = "/* Could not access values */"
      entrySet = "/* Could not access entrySet */"
      U = "/* Could not access U */"
      SIZECTL = "/* Could not access SIZECTL */"
      TRANSFERINDEX = "/* Could not access TRANSFERINDEX */"
      BASECOUNT = "/* Could not access BASECOUNT */"
      CELLSBUSY = "/* Could not access CELLSBUSY */"
      CELLVALUE = "/* Could not access CELLVALUE */"
      ABASE = "/* Could not access ABASE */"
      ASHIFT = "/* Could not access ASHIFT */"
      keySet = "/* Could not access keySet */"
      values = "/* Could not access values */"
    config = class com.ibm.ws.classloading.internal.ClassLoaderConfigurationImpl@1519bd3e
      DEFAULT_PROTECTION_DOMAIN = class java.security.ProtectionDomain@3357dfdc
      delegateLast = false
      includeAppExtensions = true
      id = class com.ibm.ws.classloading.serializable.ClassLoaderIdentityImpl@4eb1f534
      parentId = class com.ibm.ws.classloading.serializable.ClassLoaderIdentityImpl@709065d2
      sharedLibraries = class java.util.ArrayList@77ef40f7
      commonLibraries = class java.util.Collections$EmptyList@7a4bc8e9
      providers = class java.util.Collections$EmptyList@7a4bc8e9
      nativeLibraryContainers = class java.util.Collections$EmptyList@7a4bc8e9
      protectionDomain = class java.security.ProtectionDomain@3b129ac1
      serialVersionUID = 9091690180200375339
      $$$tc$$$ = class com.ibm.websphere.ras.TraceComponent@182f3102
    privateLibraries = null
    delegateLoaders = class com.ibm.ws.classloading.internal.util.CompositeIterable@6d1ebca8
      iterables = class java.util.Arrays$ArrayList@78241582
      serialVersionUID = -1227195994638150837
      $$$tc$$$ = class com.ibm.websphere.ras.TraceComponent@71471e8f
    nativeLibraryFiles = class java.util.ArrayList@2483fbfc
      serialVersionUID = "/* Could not access serialVersionUID */"
      DEFAULT_CAPACITY = "/* Could not access DEFAULT_CAPACITY */"
      EMPTY_ELEMENTDATA = "/* Could not access EMPTY_ELEMENTDATA */"
      DEFAULTCAPACITY_EMPTY_ELEMENTDATA = "/* Could not access DEFAULTCAPACITY_EMPTY_ELEMENTDATA */"
      elementData = "/* Could not access elementData */"
      size = "/* Could not access size */"
      modCount = "/* Could not access modCount */"
    transformers = class java.util.ArrayList@6460e46b
      serialVersionUID = "/* Could not access serialVersionUID */"
      DEFAULT_CAPACITY = "/* Could not access DEFAULT_CAPACITY */"
      EMPTY_ELEMENTDATA = "/* Could not access EMPTY_ELEMENTDATA */"
      DEFAULTCAPACITY_EMPTY_ELEMENTDATA = "/* Could not access DEFAULTCAPACITY_EMPTY_ELEMENTDATA */"
      elementData = "/* Could not access elementData */"
      size = "/* Could not access size */"
      modCount = "/* Could not access modCount */"
    systemTransformers = class java.util.concurrent.CopyOnWriteArrayList@3c485594
      serialVersionUID = "/* Could not access serialVersionUID */"
      lock = "/* Could not access lock */"
      array = "/* Could not access array */"
    apiAccess = class com.ibm.ws.classloading.internal.AppClassLoader@46dbcfd9
      tc = class com.ibm.websphere.ras.TraceComponent@7b5a6eb5
      forbiddenClassNames = class java.util.Collections$UnmodifiableSet@3a276ce6
      FORBIDDEN_PROPERTIES = "forbidden.properties"
      NOTHING_FORBIDDEN_PROPERTY = "io.openliberty.classloading.nothing.forbidden"
      disableSharedClassesCache = false
      PARENT_FIRST_SEARCH_ORDER = class java.util.Collections$UnmodifiableRandomAccessList@11dd3449
      packagesDefined = class java.util.Collections$SetFromMap@7f3f0f40
      CLASS_LOADING_TRACE_PREFIX = "com.ibm.ws.class.load."
      DEFAULT_PACKAGE = "default.package"
      perPackageClassLoadingTraceComponents = class java.util.concurrent.ConcurrentHashMap@603e0977
      config = class com.ibm.ws.classloading.internal.ClassLoaderConfigurationImpl@16e287f4
      privateLibraries = null
      delegateLoaders = class com.ibm.ws.classloading.internal.util.CompositeIterable@6709b630
      nativeLibraryFiles = class java.util.ArrayList@60cbe09e
      transformers = class java.util.ArrayList@70ae2841
      systemTransformers = class java.util.concurrent.CopyOnWriteArrayList@3c485594
      apiAccess = class com.ibm.ws.classloading.internal.GatewayClassLoader@6ff04c11
      generator = class com.ibm.ws.classloading.internal.ClassGeneratorManager@242b4549
      protectionDomains = class java.util.concurrent.ConcurrentHashMap@72f1dc87
      hook = null
      serialVersionUID = 5906478461061001036
      checkpointPhase = class io.openliberty.checkpoint.spi.CheckpointPhase@2f6e4f9
      tc = class com.ibm.websphere.ras.TraceComponent@2ef0472f
      smartClassPath = class com.ibm.ws.classloading.internal.ContainerClassLoader$SmartClassPathImpl@58e34cdf
      nativeLibraryContainers = class java.util.ArrayList@6713984d
      redefiner = class com.ibm.ws.classloading.internal.util.ClassRedefiner@18ac2ab1
      jarProtocol = "wsjar:"
      mapCreationQueue = class java.util.concurrent.Executors$AutoShutdownDelegatedExecutorService@2dc8d471
      serialVersionUID = 251246017270836472
      parent = class com.ibm.ws.classloading.internal.GatewayClassLoader@6ff04c11
      classNameLockStore = class com.ibm.ws.kernel.boot.utils.KeyBasedLockStore@66fe58ce
      serialVersionUID = -3020377578845918238
      $$$tc$$$ = class com.ibm.websphere.ras.TraceComponent@59e10c0a
      pdcache = "/* Could not access pdcache */"
    generator = class com.ibm.ws.classloading.internal.ClassGeneratorManager@242b4549
      tc = class com.ibm.websphere.ras.TraceComponent@37495302
      generatorRefs = class com.ibm.wsspi.kernel.service.utils.ConcurrentServiceReferenceSet@2ff96396
      serialVersionUID = 4152663586056483310
    protectionDomains = class java.util.concurrent.ConcurrentHashMap@1fcc062b
      serialVersionUID = "/* Could not access serialVersionUID */"
      MAXIMUM_CAPACITY = "/* Could not access MAXIMUM_CAPACITY */"
      DEFAULT_CAPACITY = "/* Could not access DEFAULT_CAPACITY */"
      MAX_ARRAY_SIZE = "/* Could not access MAX_ARRAY_SIZE */"
      DEFAULT_CONCURRENCY_LEVEL = "/* Could not access DEFAULT_CONCURRENCY_LEVEL */"
      LOAD_FACTOR = "/* Could not access LOAD_FACTOR */"
      TREEIFY_THRESHOLD = "/* Could not access TREEIFY_THRESHOLD */"
      UNTREEIFY_THRESHOLD = "/* Could not access UNTREEIFY_THRESHOLD */"
      MIN_TREEIFY_CAPACITY = "/* Could not access MIN_TREEIFY_CAPACITY */"
      MIN_TRANSFER_STRIDE = "/* Could not access MIN_TRANSFER_STRIDE */"
      RESIZE_STAMP_BITS = "/* Could not access RESIZE_STAMP_BITS */"
      MAX_RESIZERS = "/* Could not access MAX_RESIZERS */"
      RESIZE_STAMP_SHIFT = "/* Could not access RESIZE_STAMP_SHIFT */"
      MOVED = "/* Could not access MOVED */"
      TREEBIN = "/* Could not access TREEBIN */"
      RESERVED = "/* Could not access RESERVED */"
      HASH_BITS = "/* Could not access HASH_BITS */"
      NCPU = "/* Could not access NCPU */"
      serialPersistentFields = "/* Could not access serialPersistentFields */"
      table = "/* Could not access table */"
      nextTable = "/* Could not access nextTable */"
      baseCount = "/* Could not access baseCount */"
      sizeCtl = "/* Could not access sizeCtl */"
      transferIndex = "/* Could not access transferIndex */"
      cellsBusy = "/* Could not access cellsBusy */"
      counterCells = "/* Could not access counterCells */"
      keySet = "/* Could not access keySet */"
      values = "/* Could not access values */"
      entrySet = "/* Could not access entrySet */"
      U = "/* Could not access U */"
      SIZECTL = "/* Could not access SIZECTL */"
      TRANSFERINDEX = "/* Could not access TRANSFERINDEX */"
      BASECOUNT = "/* Could not access BASECOUNT */"
      CELLSBUSY = "/* Could not access CELLSBUSY */"
      CELLVALUE = "/* Could not access CELLVALUE */"
      ABASE = "/* Could not access ABASE */"
      ASHIFT = "/* Could not access ASHIFT */"
      keySet = "/* Could not access keySet */"
      values = "/* Could not access values */"
    hook = null
    serialVersionUID = 5906478461061001036
    checkpointPhase = class io.openliberty.checkpoint.spi.CheckpointPhase@2f6e4f9
      AFTER_APP_START = class io.openliberty.checkpoint.spi.CheckpointPhase@5560813e
      BEFORE_APP_START = class io.openliberty.checkpoint.spi.CheckpointPhase@29871861
      INACTIVE = class io.openliberty.checkpoint.spi.CheckpointPhase@2f6e4f9
      CHECKPOINT_PROPERTY = "io.openliberty.checkpoint"
      CHECKPOINT_ACTIVE_FILTER = "(!(io.openliberty.checkpoint=INACTIVE))"
      CHECKPOINT_RESTORED_PROPERTY = "io.openliberty.checkpoint.restored"
      CONDITION_PROCESS_RUNNING_ID = "io.openliberty.process.running"
      restored = true
      noMoreAddHooks = true
      singleThreadedHooks = class java.util.ArrayList@11813526
      multiThreadedHooks = class java.util.ArrayList@d46367
      THE_PHASE = class io.openliberty.checkpoint.spi.CheckpointPhase@2f6e4f9
      DEBUG = false
      $VALUES = class io.openliberty.checkpoint.spi.CheckpointPhase[3]
      name = "/* Could not access name */"
      ordinal = "/* Could not access ordinal */"
      hash = "/* Could not access hash */"
    tc = class com.ibm.websphere.ras.TraceComponent@2ef0472f
      strings[0] = "TraceComponent[com.ibm.ws.classloading.internal.ContainerClassLoader,class com.ibm.ws.classloading.internal.ContainerClassLoader,[ClassLoadingService],com.ibm.ws.classloading.internal.resources.ClassLoadingServiceMessages,null]"
    smartClassPath = class com.ibm.ws.classloading.internal.ContainerClassLoader$SmartClassPathImpl@7c89e8e3
      rwLock = class java.util.concurrent.locks.ReentrantReadWriteLock@3e07a6a1
      outstandingContainers = class java.util.concurrent.atomic.AtomicInteger@45ceb593
      usePackageMap = true
      maxLastNotFound = 250
      maxLastFound = 900
      maxLastReallyNotFound = 900
      propsInUse = false
      classPath = class java.util.concurrent.CopyOnWriteArrayList@417f29f3
      MAX_LASTNOTFOUND = 250
      lastNotFound = class java.util.concurrent.CopyOnWriteArrayList@465f6d92
      MAX_LASTFOUND = 900
      lastFoundURL = class java.util.Collections$SynchronizedMap@456ee956
      MAX_LASTREALLYNOTFOUND = 900
      lastReallyNotFoundURL = class java.util.Collections$SynchronizedMap@753cbe45
      packageMap = class java.util.HashMap@4db421a0
      containers = class java.util.Collections$SetFromMap@70bae679
      serialVersionUID = 1586111247084489525
      $$$tc$$$ = class com.ibm.websphere.ras.TraceComponent@2880083a
    nativeLibraryContainers = class java.util.ArrayList@38b4407
      serialVersionUID = "/* Could not access serialVersionUID */"
      DEFAULT_CAPACITY = "/* Could not access DEFAULT_CAPACITY */"
      EMPTY_ELEMENTDATA = "/* Could not access EMPTY_ELEMENTDATA */"
      DEFAULTCAPACITY_EMPTY_ELEMENTDATA = "/* Could not access DEFAULTCAPACITY_EMPTY_ELEMENTDATA */"
      elementData = "/* Could not access elementData */"
      size = "/* Could not access size */"
      modCount = "/* Could not access modCount */"
    redefiner = class com.ibm.ws.classloading.internal.util.ClassRedefiner@18ac2ab1
      tc = class com.ibm.websphere.ras.TraceComponent@adb6955
      LS = "
"
      inst = class jdk.proxy2.$Proxy4@177e694
      serialVersionUID = 2420101865139508526
    jarProtocol = "wsjar:"
    mapCreationQueue = class java.util.concurrent.Executors$AutoShutdownDelegatedExecutorService@2dc8d471
      cleanable = "/* Could not access cleanable */"
      e = "/* Could not access e */"
    serialVersionUID = 251246017270836472
    parent = class com.ibm.ws.classloading.internal.AppClassLoader@46dbcfd9
    classNameLockStore = class com.ibm.ws.kernel.boot.utils.KeyBasedLockStore@1e35ffdb
      refQueue = class java.lang.ref.ReferenceQueue@1989f7ab
      lockMap = class java.util.concurrent.ConcurrentHashMap@3fa8fe66
      lockCreator = class com.ibm.ws.kernel.boot.classloader.NameBasedClassLoaderLock$1@7bb1c909
    serialVersionUID = -3020377578845918238
    $$$tc$$$ = class com.ibm.websphere.ras.TraceComponent@59e10c0a
      strings[0] = "TraceComponent[com.ibm.ws.classloading.internal.LibertyLoader,class com.ibm.ws.classloading.internal.LibertyLoader,[ClassLoadingService],com.ibm.ws.classloading.internal.resources.ClassLoadingServiceMessages,null]"
    pdcache = "/* Could not access pdcache */"
  ejbClasses = class java.util.HashSet@1aee8339
    serialVersionUID = "/* Could not access serialVersionUID */"
    map = "/* Could not access map */"
    PRESENT = "/* Could not access PRESENT */"
  managedBeanClasses = class java.util.HashSet@4900e7bb
    serialVersionUID = "/* Could not access serialVersionUID */"
    map = "/* Could not access map */"
    PRESENT = "/* Could not access PRESENT */"
  injectionClasses = class java.util.HashSet@be27106
    serialVersionUID = "/* Could not access serialVersionUID */"
    map = "/* Could not access map */"
    PRESENT = "/* Could not access PRESENT */"
  jeeComponentClasses = class java.util.HashSet@787beb36
    serialVersionUID = "/* Could not access serialVersionUID */"
    map = "/* Could not access map */"
    PRESENT = "/* Could not access PRESENT */"
  additionalClasses = class java.util.HashSet@1662484b
    serialVersionUID = "/* Could not access serialVersionUID */"
    map = "/* Could not access map */"
    PRESENT = "/* Could not access PRESENT */"
  additionalBeanDefiningAnnotations = class java.util.HashSet@58914803
    serialVersionUID = "/* Could not access serialVersionUID */"
    map = "/* Could not access map */"
    PRESENT = "/* Could not access PRESENT */"
  extensionClassNames = class java.util.HashSet@40e37856
    serialVersionUID = "/* Could not access serialVersionUID */"
    map = "/* Could not access map */"
    PRESENT = "/* Could not access PRESENT */"
  spiExtensionSuppliers = class java.util.HashSet@67e61927
    serialVersionUID = "/* Could not access serialVersionUID */"
    map = "/* Could not access map */"
    PRESENT = "/* Could not access PRESENT */"
  weldServiceRegistry = class org.jboss.weld.bootstrap.api.helpers.SimpleServiceRegistry@63c23580
    services = class java.util.HashMap@67e5bc94
      serialVersionUID = "/* Could not access serialVersionUID */"
      DEFAULT_INITIAL_CAPACITY = "/* Could not access DEFAULT_INITIAL_CAPACITY */"
      MAXIMUM_CAPACITY = "/* Could not access MAXIMUM_CAPACITY */"
      DEFAULT_LOAD_FACTOR = "/* Could not access DEFAULT_LOAD_FACTOR */"
      TREEIFY_THRESHOLD = "/* Could not access TREEIFY_THRESHOLD */"
      UNTREEIFY_THRESHOLD = "/* Could not access UNTREEIFY_THRESHOLD */"
      MIN_TREEIFY_CAPACITY = "/* Could not access MIN_TREEIFY_CAPACITY */"
      table = "/* Could not access table */"
      entrySet = "/* Could not access entrySet */"
      size = "/* Could not access size */"
      modCount = "/* Could not access modCount */"
      threshold = "/* Could not access threshold */"
      loadFactor = "/* Could not access loadFactor */"
      keySet = "/* Could not access keySet */"
      values = "/* Could not access values */"
  id = "project#project.war"
  eeModuleDescriptor = class com.ibm.ws.cdi.impl.weld.WebSphereEEModuleDescriptor@3141a8ab
    serialVersionUID = -215597466475883722
    $$$tc$$$ = class com.ibm.websphere.ras.TraceComponent@6a930d55
      strings[0] = "TraceComponent[com.ibm.ws.cdi.impl.weld.WebSphereEEModuleDescriptor,class com.ibm.ws.cdi.impl.weld.WebSphereEEModuleDescriptor,[JCDI],com.ibm.ws.cdi.internal.resources.CDI,null]"
    id = "project#project.war"
    moduleType = class org.jboss.weld.bootstrap.spi.EEModuleDescriptor$ModuleType@4c17b1a1
      EAR = class org.jboss.weld.bootstrap.spi.EEModuleDescriptor$ModuleType@6b718359
      WEB = class org.jboss.weld.bootstrap.spi.EEModuleDescriptor$ModuleType@4c17b1a1
      EJB_JAR = class org.jboss.weld.bootstrap.spi.EEModuleDescriptor$ModuleType@184afd42
      APPLICATION_CLIENT = class org.jboss.weld.bootstrap.spi.EEModuleDescriptor$ModuleType@1ebcf78d
      CONNECTOR = class org.jboss.weld.bootstrap.spi.EEModuleDescriptor$ModuleType@46ec79dd
      $VALUES = class org.jboss.weld.bootstrap.spi.EEModuleDescriptor$ModuleType[5]
      name = "/* Could not access name */"
      ordinal = "/* Could not access ordinal */"
      hash = "/* Could not access hash */"
  accessibleBDAs = class java.util.HashSet@6abb571d
    serialVersionUID = "/* Could not access serialVersionUID */"
    map = "/* Could not access map */"
    PRESENT = "/* Could not access PRESENT */"
  descendantBDAs = class java.util.HashSet@3d43544c
    serialVersionUID = "/* Could not access serialVersionUID */"
    map = "/* Could not access map */"
    PRESENT = "/* Could not access PRESENT */"
  cdiDeployment = class com.ibm.ws.cdi.impl.weld.WebSphereCDIDeploymentImpl@4fdf1851
    tc = class com.ibm.websphere.ras.TraceComponent@3a3d8001
      strings[0] = "TraceComponent[com.ibm.ws.cdi.impl.weld.WebSphereCDIDeploymentImpl,class com.ibm.ws.cdi.impl.weld.WebSphereCDIDeploymentImpl,[JCDI],com.ibm.ws.cdi.internal.resources.CDI,null]"
    id = "project"
    deploymentDBAs = class java.util.HashMap@14ae496c
      serialVersionUID = "/* Could not access serialVersionUID */"
      DEFAULT_INITIAL_CAPACITY = "/* Could not access DEFAULT_INITIAL_CAPACITY */"
      MAXIMUM_CAPACITY = "/* Could not access MAXIMUM_CAPACITY */"
      DEFAULT_LOAD_FACTOR = "/* Could not access DEFAULT_LOAD_FACTOR */"
      TREEIFY_THRESHOLD = "/* Could not access TREEIFY_THRESHOLD */"
      UNTREEIFY_THRESHOLD = "/* Could not access UNTREEIFY_THRESHOLD */"
      MIN_TREEIFY_CAPACITY = "/* Could not access MIN_TREEIFY_CAPACITY */"
      table = "/* Could not access table */"
      entrySet = "/* Could not access entrySet */"
      size = "/* Could not access size */"
      modCount = "/* Could not access modCount */"
      threshold = "/* Could not access threshold */"
      loadFactor = "/* Could not access loadFactor */"
      keySet = "/* Could not access keySet */"
      values = "/* Could not access values */"
    applicationBDAs = class java.util.HashSet@3826bd82
      serialVersionUID = "/* Could not access serialVersionUID */"
      map = "/* Could not access map */"
      PRESENT = "/* Could not access PRESENT */"
    extensionBDAs = class java.util.HashMap@38b186f0
      serialVersionUID = "/* Could not access serialVersionUID */"
      DEFAULT_INITIAL_CAPACITY = "/* Could not access DEFAULT_INITIAL_CAPACITY */"
      MAXIMUM_CAPACITY = "/* Could not access MAXIMUM_CAPACITY */"
      DEFAULT_LOAD_FACTOR = "/* Could not access DEFAULT_LOAD_FACTOR */"
      TREEIFY_THRESHOLD = "/* Could not access TREEIFY_THRESHOLD */"
      UNTREEIFY_THRESHOLD = "/* Could not access UNTREEIFY_THRESHOLD */"
      MIN_TREEIFY_CAPACITY = "/* Could not access MIN_TREEIFY_CAPACITY */"
      table = "/* Could not access table */"
      entrySet = "/* Could not access entrySet */"
      size = "/* Could not access size */"
      modCount = "/* Could not access modCount */"
      threshold = "/* Could not access threshold */"
      loadFactor = "/* Could not access loadFactor */"
      keySet = "/* Could not access keySet */"
      values = "/* Could not access values */"
    orderedBDAs = class java.util.ArrayList@2e831a70
      serialVersionUID = "/* Could not access serialVersionUID */"
      DEFAULT_CAPACITY = "/* Could not access DEFAULT_CAPACITY */"
      EMPTY_ELEMENTDATA = "/* Could not access EMPTY_ELEMENTDATA */"
      DEFAULTCAPACITY_EMPTY_ELEMENTDATA = "/* Could not access DEFAULTCAPACITY_EMPTY_ELEMENTDATA */"
      elementData = "/* Could not access elementData */"
      size = "/* Could not access size */"
      modCount = "/* Could not access modCount */"
    bootstrap = class org.jboss.weld.bootstrap.WeldBootstrap@4880d3e5
      weldStartup = class org.jboss.weld.bootstrap.WeldStartup@12c74aa6
      weldRuntime = class org.jboss.weld.bootstrap.WeldRuntime@33563a90
      beansXmlValidator = null
    classloader = class com.ibm.ws.classloading.internal.AppClassLoader@5c0af99b
    extensionClassLoaders = class java.util.HashSet@45c7adda
      serialVersionUID = "/* Could not access serialVersionUID */"
      map = "/* Could not access map */"
      PRESENT = "/* Could not access PRESENT */"
    cdiEnabled = true
    cdiStatusMap = class java.util.HashMap@71f52594
      serialVersionUID = "/* Could not access serialVersionUID */"
      DEFAULT_INITIAL_CAPACITY = "/* Could not access DEFAULT_INITIAL_CAPACITY */"
      MAXIMUM_CAPACITY = "/* Could not access MAXIMUM_CAPACITY */"
      DEFAULT_LOAD_FACTOR = "/* Could not access DEFAULT_LOAD_FACTOR */"
      TREEIFY_THRESHOLD = "/* Could not access TREEIFY_THRESHOLD */"
      UNTREEIFY_THRESHOLD = "/* Could not access UNTREEIFY_THRESHOLD */"
      MIN_TREEIFY_CAPACITY = "/* Could not access MIN_TREEIFY_CAPACITY */"
      table = "/* Could not access table */"
      entrySet = "/* Could not access entrySet */"
      size = "/* Could not access size */"
      modCount = "/* Could not access modCount */"
      threshold = "/* Could not access threshold */"
      loadFactor = "/* Could not access loadFactor */"
      keySet = "/* Could not access keySet */"
      values = "/* Could not access values */"
    classBDAMap = class java.util.concurrent.ConcurrentHashMap@4793f140
      serialVersionUID = "/* Could not access serialVersionUID */"
      MAXIMUM_CAPACITY = "/* Could not access MAXIMUM_CAPACITY */"
      DEFAULT_CAPACITY = "/* Could not access DEFAULT_CAPACITY */"
      MAX_ARRAY_SIZE = "/* Could not access MAX_ARRAY_SIZE */"
      DEFAULT_CONCURRENCY_LEVEL = "/* Could not access DEFAULT_CONCURRENCY_LEVEL */"
      LOAD_FACTOR = "/* Could not access LOAD_FACTOR */"
      TREEIFY_THRESHOLD = "/* Could not access TREEIFY_THRESHOLD */"
      UNTREEIFY_THRESHOLD = "/* Could not access UNTREEIFY_THRESHOLD */"
      MIN_TREEIFY_CAPACITY = "/* Could not access MIN_TREEIFY_CAPACITY */"
      MIN_TRANSFER_STRIDE = "/* Could not access MIN_TRANSFER_STRIDE */"
      RESIZE_STAMP_BITS = "/* Could not access RESIZE_STAMP_BITS */"
      MAX_RESIZERS = "/* Could not access MAX_RESIZERS */"
      RESIZE_STAMP_SHIFT = "/* Could not access RESIZE_STAMP_SHIFT */"
      MOVED = "/* Could not access MOVED */"
      TREEBIN = "/* Could not access TREEBIN */"
      RESERVED = "/* Could not access RESERVED */"
      HASH_BITS = "/* Could not access HASH_BITS */"
      NCPU = "/* Could not access NCPU */"
      serialPersistentFields = "/* Could not access serialPersistentFields */"
      table = "/* Could not access table */"
      nextTable = "/* Could not access nextTable */"
      baseCount = "/* Could not access baseCount */"
      sizeCtl = "/* Could not access sizeCtl */"
      transferIndex = "/* Could not access transferIndex */"
      cellsBusy = "/* Could not access cellsBusy */"
      counterCells = "/* Could not access counterCells */"
      keySet = "/* Could not access keySet */"
      values = "/* Could not access values */"
      entrySet = "/* Could not access entrySet */"
      U = "/* Could not access U */"
      SIZECTL = "/* Could not access SIZECTL */"
      TRANSFERINDEX = "/* Could not access TRANSFERINDEX */"
      BASECOUNT = "/* Could not access BASECOUNT */"
      CELLSBUSY = "/* Could not access CELLSBUSY */"
      CELLVALUE = "/* Could not access CELLVALUE */"
      ABASE = "/* Could not access ABASE */"
      ASHIFT = "/* Could not access ASHIFT */"
      keySet = "/* Could not access keySet */"
      values = "/* Could not access values */"
    application = class com.ibm.ws.cdi.internal.archive.liberty.ApplicationImpl@108f53b1
    serviceRegistry = class org.jboss.weld.bootstrap.api.helpers.SimpleServiceRegistry@9420dac
      services = class java.util.HashMap@52f2d5f7
    extensions = class java.util.HashSet@7193d823
      serialVersionUID = "/* Could not access serialVersionUID */"
      map = "/* Could not access map */"
      PRESENT = "/* Could not access PRESENT */"
    injectionServices = class com.ibm.ws.cdi.impl.weld.injection.WebSphereInjectionServicesImpl@29128a00
      tc = class com.ibm.websphere.ras.TraceComponent@4f980958
      ANNOTATIONS_KNOWN_TO_WELD = class java.util.HashSet@5db2c22b
      referenceContextMap = class java.util.concurrent.ConcurrentHashMap@7ede5da1
      referenceContexts = class java.util.Collections$SetFromMap@7b8a2ad3
      injectionTargetListeners = class java.util.concurrent.ConcurrentHashMap@2967bd3d
      deployment = class com.ibm.ws.cdi.impl.weld.WebSphereCDIDeploymentImpl@4fdf1851
      serialVersionUID = 2515575801175940133
    cdiRuntime = class com.ibm.ws.cdi.liberty.CDIRuntimeImpl@63954509
    cdi = class com.ibm.ws.cdi.impl.CDIImpl@71536793
      cdiService = class com.ibm.ws.cdi.liberty.CDIRuntimeImpl@63954509
      serialVersionUID = -7939958868102936626
      $$$tc$$$ = class com.ibm.websphere.ras.TraceComponent@86eddd5
      knownClassNames = class org.jboss.weld.util.collections.ImmutableTinySet$Tripleton@24e063ff
      instanceCache = class org.jboss.weld.util.cache.ReentrantMapBackedComputingCache@1f75f228
      lock = class java.lang.Object@5a299447
      providerSetManually = true
      discoveredProviders = null
      configuredProvider = class com.ibm.ws.cdi.liberty.CDIRuntimeImpl@63954509
    serialVersionUID = 4603914438338371166
  ejbDescriptors = class java.util.HashSet@7367e5f1
    serialVersionUID = "/* Could not access serialVersionUID */"
    map = "/* Could not access map */"
    PRESENT = "/* Could not access PRESENT */"
  ejbDescriptorMap = class java.util.HashMap@43d4473f
    serialVersionUID = "/* Could not access serialVersionUID */"
    DEFAULT_INITIAL_CAPACITY = "/* Could not access DEFAULT_INITIAL_CAPACITY */"
    MAXIMUM_CAPACITY = "/* Could not access MAXIMUM_CAPACITY */"
    DEFAULT_LOAD_FACTOR = "/* Could not access DEFAULT_LOAD_FACTOR */"
    TREEIFY_THRESHOLD = "/* Could not access TREEIFY_THRESHOLD */"
    UNTREEIFY_THRESHOLD = "/* Could not access UNTREEIFY_THRESHOLD */"
    MIN_TREEIFY_CAPACITY = "/* Could not access MIN_TREEIFY_CAPACITY */"
    table = "/* Could not access table */"
    entrySet = "/* Could not access entrySet */"
    size = "/* Could not access size */"
    modCount = "/* Could not access modCount */"
    threshold = "/* Could not access threshold */"
    loadFactor = "/* Could not access loadFactor */"
    keySet = "/* Could not access keySet */"
    values = "/* Could not access values */"
  scanned = true
  hasBeans = false
  endpointsScanned = true
  nonCDIInterceptors = class java.util.HashSet@1fbc2495
    serialVersionUID = "/* Could not access serialVersionUID */"
    map = "/* Could not access map */"
    PRESENT = "/* Could not access PRESENT */"
  beansXml = null
  beanDiscoveryMode = class org.jboss.weld.bootstrap.spi.BeanDiscoveryMode@7eb065e2
    NONE = class org.jboss.weld.bootstrap.spi.BeanDiscoveryMode@47473b66
      NONE = class org.jboss.weld.bootstrap.spi.BeanDiscoveryMode@47473b66
      ANNOTATED = class org.jboss.weld.bootstrap.spi.BeanDiscoveryMode@7eb065e2
      ALL = class org.jboss.weld.bootstrap.spi.BeanDiscoveryMode@3ec7689d
      $VALUES = class org.jboss.weld.bootstrap.spi.BeanDiscoveryMode[3]
      name = "/* Could not access name */"
      ordinal = "/* Could not access ordinal */"
      hash = "/* Could not access hash */"
    ANNOTATED = class org.jboss.weld.bootstrap.spi.BeanDiscoveryMode@7eb065e2
    ALL = class org.jboss.weld.bootstrap.spi.BeanDiscoveryMode@3ec7689d
      NONE = class org.jboss.weld.bootstrap.spi.BeanDiscoveryMode@47473b66
      ANNOTATED = class org.jboss.weld.bootstrap.spi.BeanDiscoveryMode@7eb065e2
      ALL = class org.jboss.weld.bootstrap.spi.BeanDiscoveryMode@3ec7689d
      $VALUES = class org.jboss.weld.bootstrap.spi.BeanDiscoveryMode[3]
      name = "/* Could not access name */"
      ordinal = "/* Could not access ordinal */"
      hash = "/* Could not access hash */"
    $VALUES = class org.jboss.weld.bootstrap.spi.BeanDiscoveryMode[3]
      BeanDiscoveryMode[0] = class org.jboss.weld.bootstrap.spi.BeanDiscoveryMode@47473b66
      BeanDiscoveryMode[1] = class org.jboss.weld.bootstrap.spi.BeanDiscoveryMode@7eb065e2
      BeanDiscoveryMode[2] = class org.jboss.weld.bootstrap.spi.BeanDiscoveryMode@3ec7689d
    name = "/* Could not access name */"
    ordinal = "/* Could not access ordinal */"
    hash = "/* Could not access hash */"
  directBeanDefiningAnnotations = class java.util.HashSet@e835b7b
    serialVersionUID = "/* Could not access serialVersionUID */"
    map = "/* Could not access map */"
    PRESENT = "/* Could not access PRESENT */"
  accessibleBeanDefiningAnnotations = class java.util.HashSet@1d7342be
    serialVersionUID = "/* Could not access serialVersionUID */"
    map = "/* Could not access map */"
    PRESENT = "/* Could not access PRESENT */"
  cdiRuntime = class com.ibm.ws.cdi.liberty.CDIRuntimeImpl@63954509
    tc = class com.ibm.websphere.ras.TraceComponent@4c178768
      strings[0] = "TraceComponent[com.ibm.ws.cdi.liberty.CDIRuntimeImpl,class com.ibm.ws.cdi.liberty.CDIRuntimeImpl,[JCDI],com.ibm.ws.cdi.internal.resources.CDI,null]"
    metaDataSlotServiceSR = class com.ibm.wsspi.kernel.service.utils.AtomicServiceReference@1a5f25c6
      referenceName = "metaDataSlotService"
      tuple = class java.util.concurrent.atomic.AtomicReference@2d1d6511
      serialVersionUID = 2226592364007985000
      $$$tc$$$ = class com.ibm.websphere.ras.TraceComponent@65afbec3
    ejbEndpointServiceSR = class com.ibm.wsspi.kernel.service.utils.AtomicServiceReference@1fd93590
      referenceName = "ejbEndpointService"
      tuple = class java.util.concurrent.atomic.AtomicReference@6924d0da
      serialVersionUID = 2226592364007985000
      $$$tc$$$ = class com.ibm.websphere.ras.TraceComponent@65afbec3
    classLoadingSRRef = class com.ibm.wsspi.kernel.service.utils.AtomicServiceReference@70b2ba1b
      referenceName = "classLoadingService"
      tuple = class java.util.concurrent.atomic.AtomicReference@48dfc684
      serialVersionUID = 2226592364007985000
      $$$tc$$$ = class com.ibm.websphere.ras.TraceComponent@65afbec3
    ejbServices = class com.ibm.wsspi.kernel.service.utils.AtomicServiceReference@7977367f
      referenceName = "ejbServices"
      tuple = class java.util.concurrent.atomic.AtomicReference@1a97a572
      serialVersionUID = 2226592364007985000
      $$$tc$$$ = class com.ibm.websphere.ras.TraceComponent@65afbec3
    transactionService = class com.ibm.wsspi.kernel.service.utils.AtomicServiceReference@1a655d82
      referenceName = "transactionService"
      tuple = class java.util.concurrent.atomic.AtomicReference@51bac3a5
      serialVersionUID = 2226592364007985000
      $$$tc$$$ = class com.ibm.websphere.ras.TraceComponent@65afbec3
    securityServices = class com.ibm.wsspi.kernel.service.utils.AtomicServiceReference@4c469eeb
      referenceName = "securityServices"
      tuple = class java.util.concurrent.atomic.AtomicReference@45bacf90
      serialVersionUID = 2226592364007985000
      $$$tc$$$ = class com.ibm.websphere.ras.TraceComponent@65afbec3
    extensionsSR = class com.ibm.wsspi.kernel.service.utils.ConcurrentServiceReferenceSet@29c1971a
      referenceName = "extensionService"
      contextRef = class java.util.concurrent.atomic.AtomicReference@7a2f26b0
      elementMap = class java.util.LinkedHashMap@f6ce058
      elementSet = class java.util.concurrent.ConcurrentSkipListSet@2b7ac412
      elementSetUnsorted = false
      serialVersionUID = 756240983881166148
      $$$tc$$$ = class com.ibm.websphere.ras.TraceComponent@57eee12c
    spiExtensionsSR = class com.ibm.wsspi.kernel.service.utils.ConcurrentServiceReferenceSet@69c58893
      referenceName = "spiExtensionService"
      contextRef = class java.util.concurrent.atomic.AtomicReference@36487fc2
      elementMap = class java.util.LinkedHashMap@588f97b0
      elementSet = class java.util.concurrent.ConcurrentSkipListSet@6aadd54e
      elementSetUnsorted = false
      serialVersionUID = 756240983881166148
      $$$tc$$$ = class com.ibm.websphere.ras.TraceComponent@57eee12c
    containerFactorySRRef = class com.ibm.wsspi.kernel.service.utils.AtomicServiceReference@597c4164
      referenceName = "containerFactory"
      tuple = class java.util.concurrent.atomic.AtomicReference@620f81a0
      serialVersionUID = 2226592364007985000
      $$$tc$$$ = class com.ibm.websphere.ras.TraceComponent@65afbec3
    adaptableModuleFactorySRRef = class com.ibm.wsspi.kernel.service.utils.AtomicServiceReference@21b53d66
      referenceName = "adaptableModuleFactory"
      tuple = class java.util.concurrent.atomic.AtomicReference@7b92b76c
      serialVersionUID = 2226592364007985000
      $$$tc$$$ = class com.ibm.websphere.ras.TraceComponent@65afbec3
    injectionEngineServiceRef = class com.ibm.wsspi.kernel.service.utils.AtomicServiceReference@469070d
      referenceName = "injectionEngine"
      tuple = class java.util.concurrent.atomic.AtomicReference@2ca1b23c
      serialVersionUID = 2226592364007985000
      $$$tc$$$ = class com.ibm.websphere.ras.TraceComponent@65afbec3
    scheduledExecutorServiceRef = class com.ibm.wsspi.kernel.service.utils.AtomicServiceReference@41ad8603
      referenceName = "scheduledExecutorService"
      tuple = class java.util.concurrent.atomic.AtomicReference@61124b4e
      serialVersionUID = 2226592364007985000
      $$$tc$$$ = class com.ibm.websphere.ras.TraceComponent@65afbec3
    executorServiceRef = class com.ibm.wsspi.kernel.service.utils.AtomicServiceReference@7a618833
      referenceName = "executorService"
      tuple = class java.util.concurrent.atomic.AtomicReference@6f0c192
      serialVersionUID = 2226592364007985000
      $$$tc$$$ = class com.ibm.websphere.ras.TraceComponent@65afbec3
    managedExecutorServiceRef = class com.ibm.wsspi.kernel.service.utils.AtomicServiceReference@72b7d414
      referenceName = "managedExecutorService"
      tuple = class java.util.concurrent.atomic.AtomicReference@41f86651
      serialVersionUID = 2226592364007985000
      $$$tc$$$ = class com.ibm.websphere.ras.TraceComponent@65afbec3
    resourceRefConfigFactoryRef = class com.ibm.wsspi.kernel.service.utils.AtomicServiceReference@3e2af420
      referenceName = "resourceRefConfigFactory"
      tuple = class java.util.concurrent.atomic.AtomicReference@5850974b
      serialVersionUID = 2226592364007985000
      $$$tc$$$ = class com.ibm.websphere.ras.TraceComponent@65afbec3
    deferredMetaDataFactoryRef = class com.ibm.wsspi.kernel.service.utils.AtomicServiceReference@131af078
      referenceName = "cdiDeferredMetaDataFactoryImpl"
      tuple = class java.util.concurrent.atomic.AtomicReference@2c60ca7f
      serialVersionUID = 2226592364007985000
      $$$tc$$$ = class com.ibm.websphere.ras.TraceComponent@65afbec3
    beansXmlParser = class io.openliberty.cdi40.internal.weld.CDI40BeansXmlParserImpl@654cd238
      tc = class com.ibm.websphere.ras.TraceComponent@6bc3b31a
      cdiContainerConfig = class io.openliberty.cdi40.internal.weld.CDI40AggregatedConfigurationImpl@4287651
      serialVersionUID = 1591115226053693575
    bceFinder = class io.openliberty.cdi40.internal.weld.CDI40BceFinder@2917adf1
      BCE_EXTENSION = "jakarta.enterprise.inject.build.compatible.spi.BuildCompatibleExtension"
      META_INF_SERVICES_BCE_EXTENSION = "META-INF/services/jakarta.enterprise.inject.build.compatible.spi.BuildCompatibleExtension"
      WEB_INF_CLASSES_META_INF_SERVICES_BCE_EXTENSION = "WEB-INF/classes/META-INF/services/jakarta.enterprise.inject.build.compatible.spi.BuildCompatibleExtension"
      serialVersionUID = 8570119591201212767
      $$$tc$$$ = class com.ibm.websphere.ras.TraceComponent@7a0cbe12
    cdiContainerEventManager = class io.openliberty.cdi40.internal.weld.CDI40ContainerEventManagerImpl@40f5c707
      tc = class com.ibm.websphere.ras.TraceComponent@32a816f6
      LIBERTY_EE_ENVIRONMENT = class io.openliberty.cdi40.internal.weld.CDI40ContainerEventManagerImpl$LibertyEEEnvironment@29495bb1
      serialVersionUID = -4728261810637111019
    weldDevelopmentMode = null
    cdiContainerConfig = class io.openliberty.cdi40.internal.weld.CDI40AggregatedConfigurationImpl@4287651
      serialVersionUID = 2467610951074149464
      $$$tc$$$ = class com.ibm.websphere.ras.TraceComponent@2ec9f968
      tc = class com.ibm.websphere.ras.TraceComponent@1ff11f6
      ENABLE_IMPLICIT_BEAN_ARCHIVES = "enableImplicitBeanArchives"
      EMPTY_BEANS_XML_CDI3_COMPATIBILITY = "emptyBeansXmlCDI3Compatibility"
      ENABLE_IMPLICIT_BEAN_ARCHIVES_DEFAULT = true
      EMPTY_BEANS_XML_CDI3_COMPATIBILITY_DEFAULT = false
      cdi12EnableImplicitBeanArchives = null
      cdiEnableImplicitBeanArchives = null
      cdiEmptyBeansXmlCDI3Compatibility = null
      enableImplicitBeanArchives = true
      emptyBeansXmlCDI3Compatibility = false
      serialVersionUID = 2383387866469920840
    extensionArchiveProviders = class java.util.ArrayList@776a9fe
      serialVersionUID = "/* Could not access serialVersionUID */"
      DEFAULT_CAPACITY = "/* Could not access DEFAULT_CAPACITY */"
      EMPTY_ELEMENTDATA = "/* Could not access EMPTY_ELEMENTDATA */"
      DEFAULTCAPACITY_EMPTY_ELEMENTDATA = "/* Could not access DEFAULTCAPACITY_EMPTY_ELEMENTDATA */"
      elementData = "/* Could not access elementData */"
      size = "/* Could not access size */"
      modCount = "/* Could not access modCount */"
    extensionArchiveFactories = class java.util.ArrayList@131af4c4
      serialVersionUID = "/* Could not access serialVersionUID */"
      DEFAULT_CAPACITY = "/* Could not access DEFAULT_CAPACITY */"
      EMPTY_ELEMENTDATA = "/* Could not access EMPTY_ELEMENTDATA */"
      DEFAULTCAPACITY_EMPTY_ELEMENTDATA = "/* Could not access DEFAULTCAPACITY_EMPTY_ELEMENTDATA */"
      elementData = "/* Could not access elementData */"
      size = "/* Could not access size */"
      modCount = "/* Could not access modCount */"
    applicationSlot = class com.ibm.ws.runtime.metadata.MetaDataSlotImpl@7db9c45f
      id = 0
      destroyed = false
      metadataIntf = class java.lang.Class@5d1da8b7
      manager = class com.ibm.ws.container.service.metadata.internal.ApplicationMetaDataManager@7b800654
      bundle = class org.eclipse.osgi.internal.framework.EquinoxBundle@5e235d96
    isClientProcess = false
    runtimeFactory = class com.ibm.ws.cdi.internal.archive.liberty.RuntimeFactory@5a445571
    proxyServices = class com.ibm.ws.cdi.proxy.ProxyServicesImpl@3ae4af47
      SUPPRESS_ACCESS_CHECKS_PERMISSION = class java.lang.reflect.ReflectPermission@11ec5ac5
      DECLARED_MEMBERS_PERMISSION = class java.lang.RuntimePermission@579f8004
      GET_CLASS_LOADER_PERMISSION = class java.lang.RuntimePermission@69e28f25
      WELD_PACKAGES = class org.eclipse.osgi.util.ManifestElement[1]
      CLASS_LOADER_FOR_SYSTEM_CLASSES = class org.eclipse.osgi.internal.loader.EquinoxClassLoader@15a3c5ea
      loaderMap = class com.ibm.ws.cdi.proxy.ProxyServicesImpl$1@1863e374
      serialVersionUID = -5246223089013259243
      $$$tc$$$ = class com.ibm.websphere.ras.TraceComponent@494f36b3
    serialVersionUID = 7930911400118500928
    cdiContainer = class com.ibm.ws.cdi.impl.CDIContainerImpl@86fd8bc
      tc = class com.ibm.websphere.ras.TraceComponent@3e56b48f
      CLASSLOADER = class org.eclipse.osgi.internal.loader.EquinoxClassLoader@6d3d6e73
      EXTENSION_API_CLASSES = "api.classes"
      EXTENSION_BEAN_DEFINING_ANNOTATIONS = "bean.defining.annotations"
      EXTENSION_APP_BDAS_VISIBLE = "application.bdas.visible"
      EXTENSION_CLASSES_ONLY_MODE = "extension.classes.only"
      EXTENSION_API_CLASSES_SEPARATOR = ";"
      runtimeExtensionMap = class java.util.HashMap@79d96936
      probeExtensionArchive = null
      currentDeployment = class java.lang.ThreadLocal@36b4c4d7
      cdiRuntime = class com.ibm.ws.cdi.liberty.CDIRuntimeImpl@63954509
      WELD_DISABLE_BEANSXML_VALIDATING = "org.jboss.weld.xml.disableValidating"
      serialVersionUID = 4644788022379001770
    serialVersionUID = 7975911090376029176
    $$$tc$$$ = class com.ibm.websphere.ras.TraceComponent@6f82bf1d
      strings[0] = "TraceComponent[com.ibm.ws.cdi.impl.AbstractCDIRuntime,class com.ibm.ws.cdi.impl.AbstractCDIRuntime,[JCDI],com.ibm.ws.cdi.internal.resources.CDI,null]"
  isExtension = false
  extensionCanSeeApplicationBDAs = false
  resourceLoader = class com.ibm.ws.cdi.impl.weld.ResourceLoaderImpl@2cca46aa
    tc = class com.ibm.websphere.ras.TraceComponent@54ad8cef
      strings[0] = "TraceComponent[com.ibm.ws.cdi.impl.weld.ResourceLoaderImpl,class com.ibm.ws.cdi.impl.weld.ResourceLoaderImpl,[JCDI],com.ibm.ws.cdi.internal.resources.CDI,null]"
    delegate = class com.ibm.ws.classloading.internal.AppClassLoader@5c0af99b
    serialVersionUID = -7296640400698987676
  injectionTargets = class java.util.HashMap@1ef7b3ec
    serialVersionUID = "/* Could not access serialVersionUID */"
    DEFAULT_INITIAL_CAPACITY = "/* Could not access DEFAULT_INITIAL_CAPACITY */"
    MAXIMUM_CAPACITY = "/* Could not access MAXIMUM_CAPACITY */"
    DEFAULT_LOAD_FACTOR = "/* Could not access DEFAULT_LOAD_FACTOR */"
    TREEIFY_THRESHOLD = "/* Could not access TREEIFY_THRESHOLD */"
    UNTREEIFY_THRESHOLD = "/* Could not access UNTREEIFY_THRESHOLD */"
    MIN_TREEIFY_CAPACITY = "/* Could not access MIN_TREEIFY_CAPACITY */"
    table = "/* Could not access table */"
    entrySet = "/* Could not access entrySet */"
    size = "/* Could not access size */"
    modCount = "/* Could not access modCount */"
    threshold = "/* Could not access threshold */"
    loadFactor = "/* Could not access loadFactor */"
    keySet = "/* Could not access keySet */"
    values = "/* Could not access values */"
  staticInjectionPoints = class java.util.HashMap@abb6bca
    serialVersionUID = "/* Could not access serialVersionUID */"
    DEFAULT_INITIAL_CAPACITY = "/* Could not access DEFAULT_INITIAL_CAPACITY */"
    MAXIMUM_CAPACITY = "/* Could not access MAXIMUM_CAPACITY */"
    DEFAULT_LOAD_FACTOR = "/* Could not access DEFAULT_LOAD_FACTOR */"
    TREEIFY_THRESHOLD = "/* Could not access TREEIFY_THRESHOLD */"
    UNTREEIFY_THRESHOLD = "/* Could not access UNTREEIFY_THRESHOLD */"
    MIN_TREEIFY_CAPACITY = "/* Could not access MIN_TREEIFY_CAPACITY */"
    table = "/* Could not access table */"
    entrySet = "/* Could not access entrySet */"
    size = "/* Could not access size */"
    modCount = "/* Could not access modCount */"
    threshold = "/* Could not access threshold */"
    loadFactor = "/* Could not access loadFactor */"
    keySet = "/* Could not access keySet */"
    values = "/* Could not access values */"
  archive = class com.ibm.ws.cdi.internal.archive.liberty.CDIArchiveImpl@ddabe91
    CLASS_NAME = "CDIArchiveImpl"
    factory = class com.ibm.ws.cdi.internal.archive.liberty.RuntimeFactory@5a445571
      services = class com.ibm.ws.cdi.liberty.CDIRuntimeImpl@63954509
      applications = class java.util.concurrent.ConcurrentHashMap@4ef9013f
      serialVersionUID = -4454616462077940377
      $$$tc$$$ = class com.ibm.websphere.ras.TraceComponent@657a1432
    application = class com.ibm.ws.cdi.internal.archive.liberty.ApplicationImpl@108f53b1
      tc = class com.ibm.websphere.ras.TraceComponent@354131a0
      applicationInfo = class com.ibm.ws.container.service.app.deploy.internal.ApplicationInfoImpl@1cc060d1
      earApplicationInfo = null
      factory = class com.ibm.ws.cdi.internal.archive.liberty.RuntimeFactory@5a445571
      type = class com.ibm.ws.cdi.internal.interfaces.ApplicationType@32f13bf0
      moduleArchives = class java.util.HashMap$Values@11ba846d
      libraryArchives = class java.util.HashMap$Values@767cd4b
      tccl = class com.ibm.ws.classloading.internal.ThreadContextClassLoader@4533ed2e
      serialVersionUID = -1774035872069118191
    containerInfo = class com.ibm.ws.app.manager.module.internal.SimpleDeployedAppInfoBase$WebModuleContainerInfo@4004fc9d
      contextRoot = null
      defaultContextRoot = "project"
      serialVersionUID = 4617657913043497664
      $$$tc$$$ = class com.ibm.websphere.ras.TraceComponent@369b0d08
      moduleHandler = class com.ibm.ws.app.manager.web.internal.WebModuleHandlerImpl@6e30fb15
      moduleMetaDataExtenders = class java.util.Collections$UnmodifiableRandomAccessList@44c688b2
      nestedModuleMetaDataFactories = class java.util.Collections$UnmodifiableRandomAccessList@505c4b42
      nestedModules = null
      moduleName = "project"
      moduleDD = class com.ibm.ws.javaee.ddmodel.web.common.WebAppType@4ec0d268
      moduleInfo = class com.ibm.ws.app.manager.module.internal.WebModuleInfoImpl@1ff52307
      serialVersionUID = 5122721995888983779
      $$$tc$$$ = class com.ibm.websphere.ras.TraceComponent@d1e5e6b
      type = class com.ibm.ws.container.service.app.deploy.ContainerInfo$Type@274160f6
      name = "project.war"
      container = class com.ibm.ws.adaptable.module.internal.AdaptableContainerImpl@4d93b4ae
      moduleClassLoaderFactory = class com.ibm.ws.app.manager.war.internal.WARDeployedAppInfo@5732ffb4
      altDDEntry = null
      classesContainerInfo = class java.util.ArrayList@6506b84b
      serialVersionUID = 4636874131959542427
      $$$tc$$$ = class com.ibm.websphere.ras.TraceComponent@1e2f6183
    path = ""
    type = class com.ibm.ws.cdi.internal.interfaces.ArchiveType@7e733dfd
      MANIFEST_CLASSPATH = class com.ibm.ws.cdi.internal.interfaces.ArchiveType@237abdfc
      WEB_INF_LIB = class com.ibm.ws.cdi.internal.interfaces.ArchiveType@37d6b975
      EAR_LIB = class com.ibm.ws.cdi.internal.interfaces.ArchiveType@5d7e31ae
      WEB_MODULE = class com.ibm.ws.cdi.internal.interfaces.ArchiveType@7e733dfd
      EJB_MODULE = class com.ibm.ws.cdi.internal.interfaces.ArchiveType@70191cd6
      CLIENT_MODULE = class com.ibm.ws.cdi.internal.interfaces.ArchiveType@522c80dc
      RAR_MODULE = class com.ibm.ws.cdi.internal.interfaces.ArchiveType@5cc8f90a
      JAR_MODULE = class com.ibm.ws.cdi.internal.interfaces.ArchiveType@10cd36c8
      SHARED_LIB = class com.ibm.ws.cdi.internal.interfaces.ArchiveType@74ff5363
      ON_DEMAND_LIB = class com.ibm.ws.cdi.internal.interfaces.ArchiveType@4cfb0155
      RUNTIME_EXTENSION = class com.ibm.ws.cdi.internal.interfaces.ArchiveType@3a18c06b
      $VALUES = class com.ibm.ws.cdi.internal.interfaces.ArchiveType[11]
      name = "/* Could not access name */"
      ordinal = "/* Could not access ordinal */"
      hash = "/* Could not access hash */"
    classLoader = class com.ibm.ws.classloading.internal.AppClassLoader@5c0af99b
    moduleLibraryArchives = class java.util.HashMap$Values@2d17c28f
      this$0 = "/* Could not access this$0 */"
    extendedModuleInfo = class com.ibm.ws.app.manager.module.internal.WebModuleInfoImpl@1ff52307
      contextRoot = "/project"
      isDefaultContextRootUsed = true
      defaultContextRoot = "project"
      serialVersionUID = -6699247856069243844
      $$$tc$$$ = class com.ibm.websphere.ras.TraceComponent@1f22c31
      tc = class com.ibm.websphere.ras.TraceComponent@724c03cc
      appInfo = class com.ibm.ws.container.service.app.deploy.internal.ApplicationInfoImpl@1cc060d1
      moduleName = "project"
      path = "project.war"
      moduleContainer = class com.ibm.ws.adaptable.module.internal.AdaptableContainerImpl@4d93b4ae
      altDDEntry = null
      moduleClassesContainers = class java.util.ArrayList@6506b84b
      classLoaderFactory = class com.ibm.ws.app.manager.war.internal.WARDeployedAppInfo@5732ffb4
      containerInfoType = class com.ibm.ws.container.service.app.deploy.ContainerInfo$Type@274160f6
      classLoader = class com.ibm.ws.classloading.internal.AppClassLoader@5c0af99b
      moduleMetaData = class com.ibm.ws.webcontainer.osgi.metadata.WebModuleMetaDataImpl@7fabcf40
      nestedModuleMetaDataTypes = null
      nestedModuleMetaDataValues = null
      serialVersionUID = 3986734351620206554
    appCallbackHandlerName = null
    classNames = class java.util.TreeSet@78e2b789
      m = "/* Could not access m */"
      PRESENT = "/* Could not access PRESENT */"
      serialVersionUID = "/* Could not access serialVersionUID */"
    jeeComponentClassNames = class java.util.ArrayList@f58a39
      serialVersionUID = "/* Could not access serialVersionUID */"
      DEFAULT_CAPACITY = "/* Could not access DEFAULT_CAPACITY */"
      EMPTY_ELEMENTDATA = "/* Could not access EMPTY_ELEMENTDATA */"
      DEFAULTCAPACITY_EMPTY_ELEMENTDATA = "/* Could not access DEFAULTCAPACITY_EMPTY_ELEMENTDATA */"
      elementData = "/* Could not access elementData */"
      size = "/* Could not access size */"
      modCount = "/* Could not access modCount */"
    allBindings = null
    serialVersionUID = -6988440722100918472
    $$$tc$$$ = class com.ibm.websphere.ras.TraceComponent@6f86167f
      strings[0] = "TraceComponent[com.ibm.ws.cdi.internal.archive.liberty.CDIArchiveImpl,class com.ibm.ws.cdi.internal.archive.liberty.CDIArchiveImpl,[JCDI],com.ibm.ws.cdi.internal.resources.CDI,null]"
    tc = class com.ibm.websphere.ras.TraceComponent@177565f0
      strings[0] = "TraceComponent[com.ibm.ws.cdi.internal.archive.AbstractCDIArchive,class com.ibm.ws.cdi.internal.archive.AbstractCDIArchive,[JCDI],com.ibm.ws.cdi.internal.resources.CDI,null]"
    cdiRuntime = class com.ibm.ws.cdi.liberty.CDIRuntimeImpl@63954509
    name = "project.war"
    annotationNames = class java.util.HashSet@799df729
      serialVersionUID = "/* Could not access serialVersionUID */"
      map = "/* Could not access map */"
      PRESENT = "/* Could not access PRESENT */"
    referenceContext = class com.ibm.ws.injectionengine.osgi.internal.OSGiReferenceContextImpl@3ed363b7
      scopeData = class com.ibm.ws.injectionengine.osgi.internal.OSGiInjectionScopeData@4466818b
      serialVersionUID = 521511923892134915
      $$$tc$$$ = class com.ibm.websphere.ras.TraceComponent@21ffd53
      CLASS_NAME = "com.ibm.ws.injectionengine.ReferenceContextImpl"
      tc = class com.ibm.websphere.ras.TraceComponent@4e7c1c7d
      ivInjectionEngine = class com.ibm.ws.injectionengine.osgi.internal.OSGiInjectionEngineImpl@39c18741
      ivProviders = class java.util.ArrayList@5d40a63c
      ivComponentJavaContext = null
      ivComponentNameSpace = null
      ivJavaColonCompEnvMap = class java.util.LinkedHashMap@7431160
      ivEjbContext10 = class java.util.Properties@320d7546
      ivResourceRefConfigList = class com.ibm.ws.resource.internal.ResourceRefConfigListImpl@6aa4447d
      isAlreadyProcessed = true
      ivProcessFailure = null
      ivInjectionTargetMap = class java.util.concurrent.ConcurrentHashMap@4f7651f1
      svInjTarMapCacheSize = 256
      ivDeclaredInjectionTargets = class java.util.HashMap@5ec7931c
      ivProcessedInjectionClasses = class java.util.HashSet@2ae8ff2
      svInjClassMapCacheSize = 512
      ivProcessedInjectionBindings = class java.util.ArrayList@7faaaf8f
      ivAnyProcessDynamic = false
      ivCheckAppConfig = false
    serialVersionUID = -301712185318755928
  tc = class com.ibm.websphere.ras.TraceComponent@471208a
    strings[0] = "TraceComponent[com.ibm.ws.cdi.impl.weld.BeanDeploymentArchiveImpl,class com.ibm.ws.cdi.impl.weld.BeanDeploymentArchiveImpl,[JCDI],com.ibm.ws.cdi.internal.resources.CDI,null]"
  serialVersionUID = -89140366656931497

Dump of objectArray[0]
Object type = java.lang.Class
  ANNOTATION = "/* Could not access ANNOTATION */"
  ENUM = "/* Could not access ENUM */"
  SYNTHETIC = "/* Could not access SYNTHETIC */"
  cachedConstructor = "/* Could not access cachedConstructor */"
  name = "/* Could not access name */"
  module = "/* Could not access module */"
  packageName = "/* Could not access packageName */"
  componentType = "/* Could not access componentType */"
  allPermDomain = "/* Could not access allPermDomain */"
  reflectionData = "/* Could not access reflectionData */"
  classRedefinedCount = "/* Could not access classRedefinedCount */"
  genericInfo = "/* Could not access genericInfo */"
  EMPTY_CLASS_ARRAY = "/* Could not access EMPTY_CLASS_ARRAY */"
  serialVersionUID = "/* Could not access serialVersionUID */"
  serialPersistentFields = "/* Could not access serialPersistentFields */"
  reflectionFactory = "/* Could not access reflectionFactory */"
  enumConstants = "/* Could not access enumConstants */"
  enumConstantDirectory = "/* Could not access enumConstantDirectory */"
  annotationData = "/* Could not access annotationData */"
  annotationType = "/* Could not access annotationType */"
  classValueMap = "/* Could not access classValueMap */"

